Unit:              4_b472ad8bbb173930bc7f1f4902dc22b4
Removed elements:  [8, 12, 18, 19]
Representative grid:
1 1 1 1 1
1 1 0 0 1
1 0 1 1 1
1 1 0 1 1
1 1 1 1 1
Run successful:    True
Constraint energy: 1122.9702453017208
Internal energy:   454.64301618631

Template details:
Case: 2
Parameters:
Origin:            (0,0)
Dimensions:        5x5 elements
Internal elements: [7, 8, 9, 12, 13, 14, 17, 18, 19]
Analysis steps:    4
Run successful:    False
Constraint energy: 0
Internal energy:   0
Ogden material parameters:
Name:  Mold Star 15
Mu:    [-6.50266e-06, 0.216863, 0.00137158]
Alpha: [-21.322, 1.1797, 4.88396]
Time created:      Fri May 22 12:14:58 2020
