Unit:              7_6a11ad4a65249b22185b3c0ba98597cf
Removed elements:  [7, 8, 9, 13, 14, 17, 19]
Representative grid:
1 1 1 1 1
1 0 1 0 1
1 1 0 0 1
1 0 0 0 1
1 1 1 1 1
Run successful:    True
Constraint energy:
X        : -2.8341251940426987e-06 J
Y        : 0.025582790852717877 J
Magnitude: 0.037706309277197675 J
Internal energy:
X        : -6.9535331558436155 J
Y        : 7.001463674008846 J
Magnitude: 1.4237119889294263 J

Template details:
Case: 1
Parameters:
Origin:                (0,0)
Dimensions:            5x5 elements
Size:                  20x20 mm
Boundary thickness:    1 elements
Internal element IDs:  [7, 8, 9, 12, 13, 14, 17, 18, 19]
Applied displacement:  10.0 mm
Applied pressure:      0.025 MPa
Neighbours added:      False
Analysis steps:        5
Run successful:        True
Constraint energy:
X        : -5.20968294284496e-09 J
Y        : 43.70704040440105 J
Magnitude: 103.15007934690621 J
Internal energy:
X        : -1.4273650347611244e-09 J
Y        : 14.59674346446991 J
Magnitude: 1498.163818359375 J

Ogden material parameters:
Name:  Mold Star 15
Mu:    [-6.50266e-06, 0.216863, 0.00137158]
Alpha: [-21.322, 1.1797, 4.88396]

Time created:          Tue Jun 23 17:31:11 2020
