Unit:             37_['F', 'fF[F]Fff']_['f', 'FfF[-F]F']
Removed elements: [25, 26, 29, 30, 31, 36, 37, 38, 40, 41, 42, 47, 48, 49, 50, 51, 52, 60, 61, 62, 70, 71, 72, 73, 74, 75, 80, 81, 82, 84, 85, 86, 91, 92, 93, 96, 97]
Grammar:
F -> fF[F]Fff
f -> FfF[-F]F
Axiom:                [F]++[F]++[F]++[F]
Number Of Iterations: 4
Resulting Word:       [FfF[-F]FfF[F]Fff[fF[F]Fff]fF[F]FffFfF[-F]FFfF[-F]FfF[F]FffFfF[-F]FfF[F]Fff[-fF[F]Fff]fF[F]FffFfF[-F]FfF[F]Fff[fF[F]Fff]fF[F]FffFfF[-F]FFfF[-F]F[-FfF[-F]FfF[F]Fff[fF[F]Fff]fF[F]FffFfF[-F]FFfF[-F]F]FfF[-F]FfF[F]Fff[fF[F]Fff]fF[F]FffFfF[-F]FFfF[-F]FfF[F]FffFfF[-F]FfF[F]Fff[-fF[F]Fff]fF[F]FffFfF[-F]FfF[F]Fff[fF[F]Fff]fF[F]FffFfF[-F]FFfF[-F]F[FfF[-F]FfF[F]Fff[fF[F]Fff]fF[F]FffFfF[-F]FFfF[-F]F]FfF[-F]FfF[F]Fff[fF[F]Fff]fF[F]FffFfF[-F]FFfF[-F]FfF[F]FffFfF[-F]FfF[F]Fff[-fF[F]Fff]fF[F]FfffF[F]FffFfF[-F]FfF[F]Fff[-fF[F]Fff]fF[F]Fff[fF[F]FffFfF[-F]FfF[F]Fff[-fF[F]Fff]fF[F]FffFfF[-F]FfF[F]Fff[fF[F]Fff]fF[F]FffFfF[-F]FFfF[-F]F[FfF[-F]FfF[F]Fff[fF[F]Fff]fF[F]FffFfF[-F]FFfF[-F]F]FfF[-F]FfF[F]Fff[fF[F]Fff]fF[F]FffFfF[-F]FFfF[-F]FfF[F]FffFfF[-F]FfF[F]Fff[-fF[F]Fff]fF[F]FfffF[F]FffFfF[-F]FfF[F]Fff[-fF[F]Fff]fF[F]Fff]fF[F]FffFfF[-F]FfF[F]Fff[-fF[F]Fff]fF[F]FffFfF[-F]FfF[F]Fff[fF[F]Fff]fF[F]FffFfF[-F]FFfF[-F]F[FfF[-F]FfF[F]Fff[fF[F]Fff]fF[F]FffFfF[-F]FFfF[-F]F]FfF[-F]FfF[F]Fff[fF[F]Fff]fF[F]FffFfF[-F]FFfF[-F]FfF[F]FffFfF[-F]FfF[F]Fff[-fF[F]Fff]fF[F]FfffF[F]FffFfF[-F]FfF[F]Fff[-fF[F]Fff]fF[F]FffFfF[-F]FfF[F]Fff[fF[F]Fff]fF[F]FffFfF[-F]FFfF[-F]FfF[F]FffFfF[-F]FfF[F]Fff[-fF[F]Fff]fF[F]FffFfF[-F]FfF[F]Fff[fF[F]Fff]fF[F]FffFfF[-F]FFfF[-F]F[-FfF[-F]FfF[F]Fff[fF[F]Fff]fF[F]FffFfF[-F]FFfF[-F]F]FfF[-F]FfF[F]Fff[fF[F]Fff]fF[F]FffFfF[-F]FFfF[-F]FFfF[-F]FfF[F]Fff[fF[F]Fff]fF[F]FffFfF[-F]FFfF[-F]FfF[F]FffFfF[-F]FfF[F]Fff[-fF[F]Fff]fF[F]FffFfF[-F]FfF[F]Fff[fF[F]Fff]fF[F]FffFfF[-F]FFfF[-F]F[-FfF[-F]FfF[F]Fff[fF[F]Fff]fF[F]FffFfF[-F]FFfF[-F]F]FfF[-F]FfF[F]Fff[fF[F]Fff]fF[F]FffFfF[-F]FFfF[-F]F]++[FfF[-F]FfF[F]Fff[fF[F]Fff]fF[F]FffFfF[-F]FFfF[-F]FfF[F]FffFfF[-F]FfF[F]Fff[-fF[F]Fff]fF[F]FffFfF[-F]FfF[F]Fff[fF[F]Fff]fF[F]FffFfF[-F]FFfF[-F]F[-FfF[-F]FfF[F]Fff[fF[F]Fff]fF[F]FffFfF[-F]FFfF[-F]F]FfF[-F]FfF[F]Fff[fF[F]Fff]fF[F]FffFfF[-F]FFfF[-F]FfF[F]FffFfF[-F]FfF[F]Fff[-fF[F]Fff]fF[F]FffFfF[-F]FfF[F]Fff[fF[F]Fff]fF[F]FffFfF[-F]FFfF[-F]F[FfF[-F]FfF[F]Fff[fF[F]Fff]fF[F]FffFfF[-F]FFfF[-F]F]FfF[-F]FfF[F]Fff[fF[F]Fff]fF[F]FffFfF[-F]FFfF[-F]FfF[F]FffFfF[-F]FfF[F]Fff[-fF[F]Fff]fF[F]FfffF[F]FffFfF[-F]FfF[F]Fff[-fF[F]Fff]fF[F]Fff[fF[F]FffFfF[-F]FfF[F]Fff[-fF[F]Fff]fF[F]FffFfF[-F]FfF[F]Fff[fF[F]Fff]fF[F]FffFfF[-F]FFfF[-F]F[FfF[-F]FfF[F]Fff[fF[F]Fff]fF[F]FffFfF[-F]FFfF[-F]F]FfF[-F]FfF[F]Fff[fF[F]Fff]fF[F]FffFfF[-F]FFfF[-F]FfF[F]FffFfF[-F]FfF[F]Fff[-fF[F]Fff]fF[F]FfffF[F]FffFfF[-F]FfF[F]Fff[-fF[F]Fff]fF[F]Fff]fF[F]FffFfF[-F]FfF[F]Fff[-fF[F]Fff]fF[F]FffFfF[-F]FfF[F]Fff[fF[F]Fff]fF[F]FffFfF[-F]FFfF[-F]F[FfF[-F]FfF[F]Fff[fF[F]Fff]fF[F]FffFfF[-F]FFfF[-F]F]FfF[-F]FfF[F]Fff[fF[F]Fff]fF[F]FffFfF[-F]FFfF[-F]FfF[F]FffFfF[-F]FfF[F]Fff[-fF[F]Fff]fF[F]FfffF[F]FffFfF[-F]FfF[F]Fff[-fF[F]Fff]fF[F]FffFfF[-F]FfF[F]Fff[fF[F]Fff]fF[F]FffFfF[-F]FFfF[-F]FfF[F]FffFfF[-F]FfF[F]Fff[-fF[F]Fff]fF[F]FffFfF[-F]FfF[F]Fff[fF[F]Fff]fF[F]FffFfF[-F]FFfF[-F]F[-FfF[-F]FfF[F]Fff[fF[F]Fff]fF[F]FffFfF[-F]FFfF[-F]F]FfF[-F]FfF[F]Fff[fF[F]Fff]fF[F]FffFfF[-F]FFfF[-F]FFfF[-F]FfF[F]Fff[fF[F]Fff]fF[F]FffFfF[-F]FFfF[-F]FfF[F]FffFfF[-F]FfF[F]Fff[-fF[F]Fff]fF[F]FffFfF[-F]FfF[F]Fff[fF[F]Fff]fF[F]FffFfF[-F]FFfF[-F]F[-FfF[-F]FfF[F]Fff[fF[F]Fff]fF[F]FffFfF[-F]FFfF[-F]F]FfF[-F]FfF[F]Fff[fF[F]Fff]fF[F]FffFfF[-F]FFfF[-F]F]++[FfF[-F]FfF[F]Fff[fF[F]Fff]fF[F]FffFfF[-F]FFfF[-F]FfF[F]FffFfF[-F]FfF[F]Fff[-fF[F]Fff]fF[F]FffFfF[-F]FfF[F]Fff[fF[F]Fff]fF[F]FffFfF[-F]FFfF[-F]F[-FfF[-F]FfF[F]Fff[fF[F]Fff]fF[F]FffFfF[-F]FFfF[-F]F]FfF[-F]FfF[F]Fff[fF[F]Fff]fF[F]FffFfF[-F]FFfF[-F]FfF[F]FffFfF[-F]FfF[F]Fff[-fF[F]Fff]fF[F]FffFfF[-F]FfF[F]Fff[fF[F]Fff]fF[F]FffFfF[-F]FFfF[-F]F[FfF[-F]FfF[F]Fff[fF[F]Fff]fF[F]FffFfF[-F]FFfF[-F]F]FfF[-F]FfF[F]Fff[fF[F]Fff]fF[F]FffFfF[-F]FFfF[-F]FfF[F]FffFfF[-F]FfF[F]Fff[-fF[F]Fff]fF[F]FfffF[F]FffFfF[-F]FfF[F]Fff[-fF[F]Fff]fF[F]Fff[fF[F]FffFfF[-F]FfF[F]Fff[-fF[F]Fff]fF[F]FffFfF[-F]FfF[F]Fff[fF[F]Fff]fF[F]FffFfF[-F]FFfF[-F]F[FfF[-F]FfF[F]Fff[fF[F]Fff]fF[F]FffFfF[-F]FFfF[-F]F]FfF[-F]FfF[F]Fff[fF[F]Fff]fF[F]FffFfF[-F]FFfF[-F]FfF[F]FffFfF[-F]FfF[F]Fff[-fF[F]Fff]fF[F]FfffF[F]FffFfF[-F]FfF[F]Fff[-fF[F]Fff]fF[F]Fff]fF[F]FffFfF[-F]FfF[F]Fff[-fF[F]Fff]fF[F]FffFfF[-F]FfF[F]Fff[fF[F]Fff]fF[F]FffFfF[-F]FFfF[-F]F[FfF[-F]FfF[F]Fff[fF[F]Fff]fF[F]FffFfF[-F]FFfF[-F]F]FfF[-F]FfF[F]Fff[fF[F]Fff]fF[F]FffFfF[-F]FFfF[-F]FfF[F]FffFfF[-F]FfF[F]Fff[-fF[F]Fff]fF[F]FfffF[F]FffFfF[-F]FfF[F]Fff[-fF[F]Fff]fF[F]FffFfF[-F]FfF[F]Fff[fF[F]Fff]fF[F]FffFfF[-F]FFfF[-F]FfF[F]FffFfF[-F]FfF[F]Fff[-fF[F]Fff]fF[F]FffFfF[-F]FfF[F]Fff[fF[F]Fff]fF[F]FffFfF[-F]FFfF[-F]F[-FfF[-F]FfF[F]Fff[fF[F]Fff]fF[F]FffFfF[-F]FFfF[-F]F]FfF[-F]FfF[F]Fff[fF[F]Fff]fF[F]FffFfF[-F]FFfF[-F]FFfF[-F]FfF[F]Fff[fF[F]Fff]fF[F]FffFfF[-F]FFfF[-F]FfF[F]FffFfF[-F]FfF[F]Fff[-fF[F]Fff]fF[F]FffFfF[-F]FfF[F]Fff[fF[F]Fff]fF[F]FffFfF[-F]FFfF[-F]F[-FfF[-F]FfF[F]Fff[fF[F]Fff]fF[F]FffFfF[-F]FFfF[-F]F]FfF[-F]FfF[F]Fff[fF[F]Fff]fF[F]FffFfF[-F]FFfF[-F]F]++[FfF[-F]FfF[F]Fff[fF[F]Fff]fF[F]FffFfF[-F]FFfF[-F]FfF[F]FffFfF[-F]FfF[F]Fff[-fF[F]Fff]fF[F]FffFfF[-F]FfF[F]Fff[fF[F]Fff]fF[F]FffFfF[-F]FFfF[-F]F[-FfF[-F]FfF[F]Fff[fF[F]Fff]fF[F]FffFfF[-F]FFfF[-F]F]FfF[-F]FfF[F]Fff[fF[F]Fff]fF[F]FffFfF[-F]FFfF[-F]FfF[F]FffFfF[-F]FfF[F]Fff[-fF[F]Fff]fF[F]FffFfF[-F]FfF[F]Fff[fF[F]Fff]fF[F]FffFfF[-F]FFfF[-F]F[FfF[-F]FfF[F]Fff[fF[F]Fff]fF[F]FffFfF[-F]FFfF[-F]F]FfF[-F]FfF[F]Fff[fF[F]Fff]fF[F]FffFfF[-F]FFfF[-F]FfF[F]FffFfF[-F]FfF[F]Fff[-fF[F]Fff]fF[F]FfffF[F]FffFfF[-F]FfF[F]Fff[-fF[F]Fff]fF[F]Fff[fF[F]FffFfF[-F]FfF[F]Fff[-fF[F]Fff]fF[F]FffFfF[-F]FfF[F]Fff[fF[F]Fff]fF[F]FffFfF[-F]FFfF[-F]F[FfF[-F]FfF[F]Fff[fF[F]Fff]fF[F]FffFfF[-F]FFfF[-F]F]FfF[-F]FfF[F]Fff[fF[F]Fff]fF[F]FffFfF[-F]FFfF[-F]FfF[F]FffFfF[-F]FfF[F]Fff[-fF[F]Fff]fF[F]FfffF[F]FffFfF[-F]FfF[F]Fff[-fF[F]Fff]fF[F]Fff]fF[F]FffFfF[-F]FfF[F]Fff[-fF[F]Fff]fF[F]FffFfF[-F]FfF[F]Fff[fF[F]Fff]fF[F]FffFfF[-F]FFfF[-F]F[FfF[-F]FfF[F]Fff[fF[F]Fff]fF[F]FffFfF[-F]FFfF[-F]F]FfF[-F]FfF[F]Fff[fF[F]Fff]fF[F]FffFfF[-F]FFfF[-F]FfF[F]FffFfF[-F]FfF[F]Fff[-fF[F]Fff]fF[F]FfffF[F]FffFfF[-F]FfF[F]Fff[-fF[F]Fff]fF[F]FffFfF[-F]FfF[F]Fff[fF[F]Fff]fF[F]FffFfF[-F]FFfF[-F]FfF[F]FffFfF[-F]FfF[F]Fff[-fF[F]Fff]fF[F]FffFfF[-F]FfF[F]Fff[fF[F]Fff]fF[F]FffFfF[-F]FFfF[-F]F[-FfF[-F]FfF[F]Fff[fF[F]Fff]fF[F]FffFfF[-F]FFfF[-F]F]FfF[-F]FfF[F]Fff[fF[F]Fff]fF[F]FffFfF[-F]FFfF[-F]FFfF[-F]FfF[F]Fff[fF[F]Fff]fF[F]FffFfF[-F]FFfF[-F]FfF[F]FffFfF[-F]FfF[F]Fff[-fF[F]Fff]fF[F]FffFfF[-F]FfF[F]Fff[fF[F]Fff]fF[F]FffFfF[-F]FFfF[-F]F[-FfF[-F]FfF[F]Fff[fF[F]Fff]fF[F]FffFfF[-F]FFfF[-F]F]FfF[-F]FfF[F]Fff[fF[F]Fff]fF[F]FffFfF[-F]FFfF[-F]F]

L-System Vocabulary:
F: Create an element at the current position and increment the position
f: Increment the position
+: Rotate the current direction by 45 degrees counterclockwise
-: Rotate the current direction by 45 degrees clockwise
[: Push the current position
]: Pop to the previously pushed position
(: Push and reflect the current position
): Pop and unreflect to the previously pushed and reflected position

Representative grid:
1 1 1 1 1 1 1 1 1 1 1
1 1 1 1 1 1 1 1 1 1 1
1 1 0 0 0 1 1 0 0 1 1
1 1 0 0 0 1 0 0 0 1 1
1 1 1 0 0 0 0 0 0 1 1
1 1 1 1 0 0 0 1 1 1 1
1 1 0 0 0 0 0 0 1 1 1
1 1 0 0 0 1 0 0 0 1 1
1 1 0 0 1 1 0 0 0 1 1
1 1 1 1 1 1 1 1 1 1 1
1 1 1 1 1 1 1 1 1 1 1
Run successful:   True
Constraint energy:
X        : 0.004214860375799922 J
Y        : -2.775876666212041e-08 J
Magnitude: 0.01291752828068898 J
Internal energy:
X        : -1.0442644678987563 J
Y        : 1.466544924187474 J
Magnitude: 0.6303374440230982 J

Template details:
Case: 2
Parameters:
Origin:               (0,0)
Dimensions:           11x11 elements
Size:                 22x22 mm
Boundary thickness:   2 elements
Internal element IDs: [25, 26, 27, 28, 29, 30, 31, 36, 37, 38, 39, 40, 41, 42, 47, 48, 49, 50, 51, 52, 53, 58, 59, 60, 61, 62, 63, 64, 69, 70, 71, 72, 73, 74, 75, 80, 81, 82, 83, 84, 85, 86, 91, 92, 93, 94, 95, 96, 97]
Applied displacement: 11.0 mm
Applied pressure:     0.02 MPa
Neighbours added:     False
Analysis steps:       5
Run successful:       True
Constraint energy:
X        : 0.01571587814460866 J
Y        : -2.4599211445609697e-09 J
Magnitude: 0.030663872042957258 J
Internal energy:
X        : 8.644031181931496 J
Y        : -8.641405701637268 J
Magnitude: 2.3472061417996883 J

Ogden material parameters:
Name:  Mold Star 15
Mu:    [-6.50266e-06, 0.216863, 0.00137158]
Alpha: [-21.322, 1.1797, 4.88396]

Time created: Fri Jul 31 19:11:06 2020
