Unit:              5_470b1add31d0e27a125b5047a7c9a88f
Removed elements:  [7, 12, 14, 18, 19]
Representative grid:
1 1 1 1 1
1 1 0 0 1
1 0 1 0 1
1 0 1 1 1
1 1 1 1 1
Run successful:    True
Constraint energy: 0.1368809706133817 J
Internal energy:   2.566659305244684 J

Template details:
Case: 1
Parameters:
Origin:            (0,0)
Dimensions:        5x5 elements
Internal elements: [7, 8, 9, 12, 13, 14, 17, 18, 19]
Analysis steps:    4
Run successful:    True
Constraint energy: 103.40724487461749 J
Internal energy:   1505.6417999267578 J

Ogden material parameters:
Name:  Mold Star 15
Mu:    [-6.50266e-06, 0.216863, 0.00137158]
Alpha: [-21.322, 1.1797, 4.88396]

Time created:      Sun Jun 14 13:55:54 2020
