Unit:              2_d2cd829158fed731b2527f45ad79ab38
Removed elements:  [9, 12]
Representative grid:
1 1 1 1 1
1 1 1 1 1
1 0 1 1 1
1 1 1 0 1
1 1 1 1 1
Run successful:    True
Constraint energy: 10.687957518975363 J
Internal energy:   62.59122613305226 J

Template details:
Case: 1
Parameters:
Origin:            (20,20)
Dimensions:        5x5 elements
Internal elements: [7, 8, 9, 12, 13, 14, 17, 18, 19]
Analysis steps:    4
Run successful:    True
Constraint energy: 103.40724487461749 J
Internal energy:   1505.6417999267578 J

Ogden material parameters:
Name:  Mold Star 15
Mu:    [-6.50266e-06, 0.216863, 0.00137158]
Alpha: [-21.322, 1.1797, 4.88396]

Time created:      Mon Jun 22 14:52:03 2020
