Unit:              1_c20ad4d76fe97759aa27a0c99bff6710
Removed elements:  [12]
Representative grid:
1 1 1 1 1
1 1 1 1 1
1 0 1 1 1
1 1 1 1 1
1 1 1 1 1
Run successful:    True
Constraint energy:
X        : 0.02056594741820415 J
Y        : 10.134376795195175 J
Magnitude: 23.803741870620307 J
Internal energy:
X        : -7.5123667269945145 J
Y        : 8.21750445663929 J
Magnitude: 290.2728979587555 J

Template details:
Case: 1
Parameters:
Origin:                (0,0)
Dimensions:            5x5 elements
Size:                  20x20 mm
Boundary thickness:    1 elements
Internal element IDs:  [7, 8, 9, 12, 13, 14, 17, 18, 19]
Applied displacement:  10.0 mm
Applied pressure:      0.025 MPa
Neighbours added:      False
Analysis steps:        5
Run successful:        True
Constraint energy:
X        : -5.20968294284496e-09 J
Y        : 43.70704040440105 J
Magnitude: 103.15007934690621 J
Internal energy:
X        : -1.4273650347611244e-09 J
Y        : 14.59674346446991 J
Magnitude: 1498.163818359375 J

Ogden material parameters:
Name:  Mold Star 15
Mu:    [-6.50266e-06, 0.216863, 0.00137158]
Alpha: [-21.322, 1.1797, 4.88396]

Time created:          Tue Jun 23 18:02:58 2020
