                            M               M
                            W               W
                          MMMMM           MMMMM
                          WWWWW           WWWWW
                        MMMMMMMMM       MMMMMMMMM
                        WWWWWWWWW       WWWWWWWWW
                      MMMMMMMMMMMMM   MMMMMMMMMMMMM
                      WWWWWWWWWWWWW   WWWWWWWWWWWWW
                    MMMMMMMMMMMMMMMMMMMMMMMMMMMMMMMMM
                    WWWWWWWWWWWWWWWWWWWWWWWWWWWWWWWWW
                    MMMMMMMM MMMMMMMMMMMMMMM MMMMMMMM
                    WWWWWWWW WWWWWWWWWWWWWWW WWWWWWWW
                    MMMMMM     MMMMMMMMMMM     MMMMMM
                    WWWWWW     WWWWWWWWWWW     WWWWWW
                    MMMM         MMMMMMM         MMMM
                    WWWW         WWWWWWW         WWWW
                    MM             MMM             MM
                    WW             WWW             WW
                    M               M               M
                    W               W               W
                    MM             MMM             MM
                    WW             WWW             WW
                    MMMM         MMMMMMM         MMMM
                    WWWW         WWWWWWW         WWWW
                    MMMMMM     MMMMMMMMMMM     MMMMMM
                    WWWWWW     WWWWWWWWWWW     WWWWWW
                    MMMMMMMM MMMMMMMMMMMMMMM MMMMMMMM
                    WWWWWWWW WWWWWWWWWWWWWWW WWWWWWWW
                    MMMMMMMMMMMMMMMMMMMMMMMMMMMMMMMMM
                    WWWWWWWWWWWWWWWWWWWWWWWWWWWWWWWWW
                      MMMMMMMMMMMMM   MMMMMMMMMMMMM
                      WWWWWWWWWWWWW   WWWWWWWWWWWWW
                        MMMMMMMMM       MMMMMMMMM
                        WWWWWWWWW       WWWWWWWWW
                          MMMMM           MMMMM
                          WWWWW           WWWWW
                            M               M
                            W               W

             version: Marc 2019, build 664220 (2019/07/01)

             machine type: WINDOWS

             integer*8 version: integers are 64-bits

             date: Fri Jul 31 16:33:54 2020


             (c) COPYRIGHT 2019 MSC Software Corporation, all rights reserved

                    Marc - W i n d o w s       

                     i n p u t   d a t a


                p a g e          1

                             10        20        30        40        50        60        70        80        90       100       110       120       130       140       150       160
                     ----------------------------------------------------------------------------------------------------------------------------------------------------------------
                     title               job_1
                     $....MARC input file produced by Marc Mentat 2019 (64bit)
                     $...................................
                     $....input file using extended precision
    card         5   extended
                     $...................................
                     sizing                                 0        97       144         0
                     alloc                       25
                     elements                    11
    card        10   version                     14         2         0         0
                     table                        0         0         2         1         1         0         0         1
                     processor                    1         1         1         0
                     ----------------------------------------------------------------------------------------------------------------------------------------------------------------
                             10        20        30        40        50        60        70        80        90       100       110       120       130       140       150       160
                     ----------------------------------------------------------------------------------------------------------------------------------------------------------------
                     ----------------------------------------------------------------------------------------------------------------------------------------------------------------
1
             general memory increasing from      25 MByte to     106 MByte


             memory increased to        28003864 words during 
             pre-reading of sets



             allocated          2 words of memory due to tables


   MSC Customer Entitlement ID
        56B8415D-4C799572



                    *************************************************
                    *************************************************

                     program sizing and options requested as follows



                     element type requested*************************        11
                     number of elements in mesh*********************        97
                     number of nodes in mesh************************       144
                     large displacement analysis flagged************
                     load correction flagged or set*****************
                     values stored at all integration points********
                     tape no.for input of coordinates + connectivity         5
                     boundary conditions applied on current geometry
                     no.of different materials    1 max.no of slopes         5
                     number of points on shell section *************        11
                     new style input format will be used************
                     requested number of element threads************         1
                     requested number of solver threads*************         1
                     number of tables used *************************         1
                     extended precision input is used ************** 
                     Marc input version ****************************        14
                     maximum number of boundary conditions *********         4
                     suppress echo of list items *******************
                     suppress echo of bc summary *******************
                     suppress echo of nurbs data *******************
                     additive formulation flagged for herrmann elements


                     end of parameters and sizing
                    *************************************************
                    *************************************************





                              key to stress, strain and displacement output



                                        element type        11


                              4-node isoparametric quadrilateral plane strain        

                              stresses and strains in global directions               
                                1=xx                                                  
                                2=yy                                                  
                                3=zz                                                  
                                4=xy                                                  
                                                                                      
                              displacements in global directions                      
                                1=u global x direction                                
                                2=v global y direction                                

             allocated      24492 words of memory due to nodal vectors


             allocated         74 words of memory due to tables


             allocated        882 words of memory due to tables


             allocated       1940 words of memory due to boundary conditions


             allocated         16 words of memory due to geometric points


             allocated         46 words of memory due to geometric curves


             allocated         26 words of memory due to geometric surfaces


             allocated        576 words of memory due to shell, user or contact transformations



             workspace needed for input and stiffness assembly:           11912


             internal core allocation parameters
             degrees of freedom per node (ndeg)  2
             max. number of coordinates per node  2
             max. nodes per element (nnodmx)  4
             max. invariants per int. points (neqst)  1
             max.stress components per int. point (nstrmx)   4
             strains per integration point (ngens)  4


             flag for element storage (ielsto)  0
             element data in core

             memory usage per element group
                group   # elements     nelsto      MByte            words
                  1           97        1150           0            111550
                ----------------------------------------------------------
                total         97                       0            111550


                              internal element variables



                              internal element number         1  library code type   11
                              number of nodes=  4
                              stresses stored per integration point =  4
                              direct continuum components stored =  3
                              shear continuum components stored =  1
                              shell/beam flag = 0
                              curvilinear  coord. flag = 0
                              int.points for elem. stiffness  4
                              number of local inertia directions  2
                              int.point for print if all points not flagged  5
                              int. points for dist. surface loads (pressure)  2
                              library code type =    11
                              large disp. row counts     4    4    0    7



                              residual load correction is invoked



             $...................                                                                                                                                            

             solver                                                                                                                                                          
             ----------


             multifrontal direct sparse solver invoked

             optimize                    11                                                                                                                                  
             ----------



             metis nested dissection algorithm

             connectivity                                                                                                                                                    
             ----------

             geometry id =                   1
             material id =                   1
             contact body id =               1

                meshr1,  iprnt
                      5      1
                elem no., type,        nodes

             coordinates                                                                                                                                                     
             ----------

             ncrd1 ,meshr1,iprnt
                    2         5         1
                   node      coordinates

             define              node                set                 bc_fd_xy1_nodes                                                                                     
             ----------

             from node          1 to node         12 by          1

             define              node                set                 bc_fd_xy2_nodes                                                                                     
             ----------

             from node        133 to node        144 by          1

             define              node                set                 bc_fd_yx1_nodes                                                                                     
             ----------

             a list of nodes given below 
                     1        13        25        37        49        61        73        85        97       109       121       133

             define              node                set                 bc_fd_yx2_nodes                                                                                     
             ----------

             a list of nodes given below 
                    12        24        36        48        60        72        84        96       108       120       132       144

             ogden               structural                                                                                                                                  
             ----------

             ogden material   material id =               1

             material name is:       MoldStar15                                                                                                                                                      


                 structural  property                         value       table id


             bulk modulus                                0.00000E+00              0
             mass density                                0.00000E+00              0
             coefficient of thermal expansion            0.00000E+00              0
             number of terms in series                             3
              term      mu        alpha
                 1 -6.5027E-06 -2.1322E+01
                 2  2.1686E-01  1.1797E+00
                 3  1.3716E-03  4.8840E+00



             mat color                                                                                                                                                       
             ----------


             material id is:                  1
                material type      =          1
                material RGB color =        230         0         0

             table               ramp_input                                                                                                                                  
             ----------


             table identifier                  1
             table name is           ramp_input                      
             unit number                       5
             number of independent var.        1
             an equation is used to describe function 
             abscissa                  
             time                       
             equation : v1                                                                              
                                                                                                         

             geometry                                                                                                                                                        
             ----------


             geometry name is:       geom1


             geometry id =                 1
             geometry RGB color =        230         0         0

             geometric parameter       value
                       1             1.00000E+00
                       2             0.00000E+00
                       3             0.00000E+00
                       4             0.00000E+00
                       5             0.00000E+00
                       6             0.00000E+00
                       7             0.00000E+00
                       8             0.00000E+00

             fixed disp                                                                                                                                                      
             ----------


             read data from unit    5

             name of boundary condition bc_fd_xy1

             Displacements are applied incrementally relative to current position

             Prescribed Displacement for dof  1 =      0.00000E+00  table id is        0

             applied to node ids       

             bc_fd_xy1_nodes

             name of boundary condition bc_fd_xy2

             Displacements are applied incrementally relative to current position

             Prescribed Displacement for dof  1 =      1.10000E+01  table id is        1

             applied to node ids       

             bc_fd_xy2_nodes

             name of boundary condition bc_fd_yx1

             Displacements are applied incrementally relative to current position

             Prescribed Displacement for dof  2 =      0.00000E+00  table id is        0

             applied to node ids       

             bc_fd_yx1_nodes

             name of boundary condition bc_fd_yx2

             Displacements are applied incrementally relative to current position

             Prescribed Displacement for dof  2 =      0.00000E+00  table id is        0

             applied to node ids       

             bc_fd_yx2_nodes

             loadcase            job_1                                                                                                                                       
             ----------


             activate boundary condition bc_fd_xy1

             activate boundary condition bc_fd_xy2

             activate boundary condition bc_fd_yx1

             activate boundary condition bc_fd_yx2

             contact                      5         0                                                                                                                        
             ----------

             finite sliding node-to-segment contact algorithm will be used

             number of bodies                  =         1

             Coulomb friction with piecewise linear regularization selected (type 6)

             no increment splitting during analysis

             separation based upon nodal forces:
               separation threshold is treated as a force

             suppress contact surface print out

             relative displacement below which sticking is simulated
             will be automatically determined

             friction force tolerance          =  5.00000E-02
             distance below which a node is     
             considered touching a surface     =  default
             separation threshold              =  default
             contact bias factor               =  9.50000E-01



             $....contact body 1: cbody1                                                                                                                                     

             body number                       =    1
             body name                         = cbody1
             number of sets of data            =    0

                       body positioning data          
             1st coordinate of center of rotation       0.00000E+00
             2nd coordinate of center of rotation       0.00000E+00
             initial angle rotated around axis          0.00000E+00

             1st component of directional cosine        0.00000E+00
             2nd component of directional cosine        0.00000E+00
             3rd component of directional cosine        1.00000E+00

             1st component of approach velocity         0.00000E+00
             2nd component of approach velocity         0.00000E+00
             angular approach velocity                  0.00000E+00

             1st component of velocity                  0.00000E+00     table id           0
             2nd component of velocity                  0.00000E+00     table id           0
             angular velocity                           0.00000E+00     table id           0

             1st component of surface growth factor     0.00000E+00     table id           0
             2nd component of surface growth factor     0.00000E+00     table id           0

             friction coefficient                       0.00000E+00     table id           0


             $....full default contact is allowed                                                                                                                            

             contact table                                                                                                                                                   
             ----------


             contact table remains unchanged

             no print                                                                                                                                                        
             ----------


             post                                                                                                                                                            
             ----------

             number of element variables on post file:    4

             binary post file will be used

             initial output frequency of post file:       1

             Marc 2017 style post file (default)

             post variable     1 is post code   17 =                                                 
             post variable     2 is post code   48 =                                                 
             post variable     3 is post code  301 =                                                 
             post variable     9 is post code  411 at layer      1 =                                                 
             maximum record length on binary post file=            144
             approximate no. of words per increment on file=           5448


             parameters                                                                                                                                                      
             ----------


             parameters set as follows 

             predictor used for stress-strain calculation    1.00000E+00
             penalty factor for boundary conditions          1.00000E+09
             penalty for incompressibility - r-p flow        1.00000E+02
             penalty for incompressibility - fluid flow      1.00000E+06
             beta parameter for Newmark operator             2.50000E-01
             gamma parameter for Newmark operator            5.00000E-01
             gamma1 parameter for Single-Step-Houbolt        1.50000E+00
             gamma parameter for Single-Step-Houbolt        -5.00000E-01
             sharp angle for sticking/separating - 2D        8.62500E+00
             sharp angle for sticking/separating - 3D        2.00000E+01
             initial strain rate for r-p flow                1.00000E-04
             lowest strain rate cut-off for r-p flow         1.00000E-06
             fraction of dilatational stress neglected       1.00000E+00
             factor for drilling d.o.f for shells            1.00000E-04
             factor for displacement after rezoning          1.00000E+00

             universal gas constant                          8.31400E+00
             absolute temperature offset                     2.73150E+02
             thermal properties evaluation weight            5.00000E-01
             surface projection factor in ssh dynamics       0.00000E+00
             Stefan Boltzmann constant                       5.67051E-08
             Planck's second radiation constant              1.43877E-02
             Speed of light in vacuum                        2.99790E+08
             Permeability of vacuum                          1.25664E-06
             Permittivity of vacuum                          8.85419E-12
             maximum iterative displacement component        1.00000E+30
             initial stiffness to simulate sticking          0.00000E+00
             minimum angle between the normal vectors of 
             contacting segments                             1.20000E+02
             radiation reflection cut-off                    1.00000E-03
             angle for averaging adjacent beams (s2s)        1.60000E+02
             stabilizer stiffness for model sections         0.00000E+00

             maximum change in temperature per iteration     1.00000E+02
             maximum rbe3 conditioning number                0.10000E+07
             gasket initial stress stiffness factor          4.00000E-01

             end option                                                                                                                                                      
             ----------

             wall time =          24.00

             wall time =          24.00


             direct symmetric multi-frontal sparse solver is invoked for region   1


             number of element groups used:         1

                group     # elements     element type     material                             formulation

                   1          97            11                1                                    UM
 
               formulation:
                     U:   updated Lagrange
                     M:   multiplicative decomposition
 


             maximum connectivity in stiffness matrix is          5 at node         14



             maximum half-bandwidth is         14  between nodes          1  and         14

             number of profile entries excluding fill-in is             590

             * * * * * * * * * * *

             default contact tolerance calculated by the program is           1.00000E-01

             contact tolerance used (it is not specified in input)            1.00000E-01

             the following contact tolerances are program suggested values if you want to specify the contact tolerance
             on a body pair basis (use value for self or rigid contact or minimum value for deformable-deformable contact)

              body_id suggested contact_tolerance     element_id  outside_nodes  outside_patches body_name
                    1                 1.00000E-01         1 edge            100              116 cbody1

             relative displacement below which sticking is simulated :  5.00000E-03

      
     ******************************
     Values used during contact : contact tolerance                       
          Default Value =   1.0000000E-01
     ******************************
      Body ID       1 Defor        
     ------------------------------
     1 Defor            default    
     ******************************
      

             * * * * * * * * * * *



             total workspace needed with in-core matrix storage =           22504
               part of solver workspace is allocated separately

             allocated        960 words of memory due to kinematic boundary conditions







             load increments for each degree of freedom
             summed over the whole model

             from distributed loads
             dist. loads on deformed configuration - totals below for dist. loads
             increments for point loads
             0.000000E+00   0.000000E+00


             point loads
             0.000000E+00   0.000000E+00

     body        1: cbody1
         number of nodes in contact     =             0


             increment zero is a null step


             total strain energy         is    0.00000E+00
               within which:
               elastic strain energy     is    0.00000E+00
             total ext-force work        is    0.00000E+00
               within which:
               work by appl. force/disp. is    0.00000E+00
               work by  contact forces   is    0.00000E+00
               work by frictional forces is    0.00000E+00


             memory usage:                       MByte       words  % of total

              within general memory:           
               element stiffness matrices:           0        7728         0.0
               solver: first part                    0       10592         0.0
               overallocation initial allocation   107    27981364        79.5
               other:                                0        4180         0.0
              allocated separately:
               nodal vectors:                        0       25580         0.1
               defined sets:                         0         426         0.0
               contact:                              0       25746         0.1
               transformations:                      0         576         0.0
               kinematic boundary conditions:        0        2900         0.0
               tables:                               0         958         0.0
               points, curves and surfaces:          0         144         0.0
               mem_none:                             0       27448         0.1
               element storage:                      0      115888         0.3
               material properties:                  0        4600         0.0
               executable and common blocks:        27     7000000        19.9
               miscellaneous                         0         212         0.0
               ---------------------------------------------------------------
               total:                              134    35208342

               general memory allocated:           107    28003864
               general memory used:                  0       22500

               peak memory usage:                  159    41557520

             e n d   o f   i n c r e m e n t       0

             binary post data at increment       0.  subincrement    0.  on file 16
             wall time =          24.00


             $...................                                                                                                                                            

             $....start of loadcase lcase1                                                                                                                                   

             title               lcase1                                                                                                                                      
             ----------


             loadcase            lcase1                                                                                                                                      
             ----------


             activate boundary condition bc_fd_xy1

             activate boundary condition bc_fd_xy2

             activate boundary condition bc_fd_yx1

             activate boundary condition bc_fd_yx2

             $....allowed contact remains unchanged                                                                                                                          

             contact table                                                                                                                                                   
             ----------


             contact table remains unchanged

             control             structural                                                                                                                                  
             ----------


             control information for region   1

             maximum number of increments      99999
             maximum number of recycles           10
             minimum number of recycles            0

             control of residual convergence:
               relative tolerance:              1.00000E-01
               cut-off value     :              0.00000E+00
               absolute tolerance:              0.00000E+00
               relative moment tolerance:       0.00000E+00
               moment cut-off value     :       0.00000E+00
               absolute moment tolerance:       0.00000E+00



             full newton-raphson technique chosen

             convergence testing is automatically switched between
             residual and displacement testing if reactions or displacements 
             become too small 

             control messages will be written to log file

             parameters                                                                                                                                                      
             ----------


             parameters set as follows 

             predictor used for stress-strain calculation    1.00000E+00
             penalty factor for boundary conditions          1.00000E+09
             penalty for incompressibility - r-p flow        1.00000E+02
             penalty for incompressibility - fluid flow      1.00000E+06
             beta parameter for Newmark operator             2.50000E-01
             gamma parameter for Newmark operator            5.00000E-01
             gamma1 parameter for Single-Step-Houbolt        1.50000E+00
             gamma parameter for Single-Step-Houbolt        -5.00000E-01
             sharp angle for sticking/separating - 2D        8.62500E+00
             sharp angle for sticking/separating - 3D        2.00000E+01
             initial strain rate for r-p flow                1.00000E-04
             lowest strain rate cut-off for r-p flow         1.00000E-06
             fraction of dilatational stress neglected       1.00000E+00
             factor for drilling d.o.f for shells            1.00000E-04
             factor for displacement after rezoning          1.00000E+00

             universal gas constant                          8.31400E+00
             absolute temperature offset                     2.73150E+02
             thermal properties evaluation weight            5.00000E-01
             surface projection factor in ssh dynamics       0.00000E+00
             Stefan Boltzmann constant                       5.67051E-08
             Planck's second radiation constant              1.43877E-02
             Speed of light in vacuum                        2.99790E+08
             Permeability of vacuum                          1.25664E-06
             Permittivity of vacuum                          8.85419E-12
             maximum iterative displacement component        1.00000E+30
             initial stiffness to simulate sticking          0.00000E+00
             minimum angle between the normal vectors of 
             contacting segments                             1.20000E+02
             radiation reflection cut-off                    1.00000E-03
             angle for averaging adjacent beams (s2s)        1.60000E+02
             stabilizer stiffness for model sections         0.00000E+00

             maximum change in temperature per iteration     1.00000E+02
             maximum rbe3 conditioning number                0.10000E+07
             gasket initial stress stiffness factor          4.00000E-01

             auto load                                                                                                                                                       
             ----------


             iotnum,incasm
                      5         0


             maximum number of time step cutback           10
             maximum number of forced remeshing             1
             cutback step for next forced remeshing         0

             time step                                                                                                                                                       
             ----------

             time increment =     2.00000E-01

             continue                                                                                                                                                        
             ----------



             equal load incs specified for       5 increments




             s t a r t   o f   i n c r e m e n t       1


          space needed for incremental backup:       67718



             maximum connectivity in stiffness matrix is          5 at node         14



             maximum half-bandwidth is         14  between nodes          1  and         14

             number of profile entries excluding fill-in is             590



             total workspace needed with in-core matrix storage =           22504
               part of solver workspace is allocated separately






             load increments for each degree of freedom
             summed over the whole model

             from distributed loads
             dist. loads on deformed configuration - totals below for dist. loads
             increments for point loads
             0.000000E+00   0.000000E+00


             point loads
             0.000000E+00   0.000000E+00

             start of assembly     cycle number is     0
             wall time =          24.00




             solver workspace for phase1 (matrix input)    (64bit words) =            1626 (      0.01 MByte)
             Metis nested dissection ordering used
             solver workspace for phase2 (nodal ordering)  (64bit words) =            8402 (      0.06 MByte)
             solver workspace for phase3 (symbolic factor) (64bit words) =            8281 (      0.06 MByte)
             solver workspace for phase4 (factorization)   (64bit words) =           11998 (      0.09 MByte) (MINIMUM)
             solver workspace for phase4 (factorization)   (64bit words) =           17064 (      0.13 MByte) (MAXIMUM)
             solver workspace available and used           (64bit words) =         1000000 (      7.63 MByte)


             start of matrix solution
             wall time =          24.00



             singularity ratio    3.0054E-04


             end of matrix solution
             wall time =          24.00


     body        1: cbody1
         number of nodes in contact     =             0

             maximum residual force  at node        54 degree of freedom  1 is equal to    3.034E-03
             maximum reaction force  at node        10 degree of freedom  1 is equal to    2.850E-02
             residual convergence ratio    1.065E-01

             failure to converge to tolerance

             increment will be recycled






             load increments for each degree of freedom
             summed over the whole model

             from distributed loads
             dist. loads on deformed configuration - totals below for dist. loads
             increments for point loads
             0.000000E+00   0.000000E+00


             point loads
             0.000000E+00   0.000000E+00

             start of assembly     cycle number is     1
             wall time =          24.00




             solver workspace for phase1 (matrix input)    (64bit words) =            1626 (      0.01 MByte)
             Metis nested dissection ordering used
             solver workspace for phase2 (nodal ordering)  (64bit words) =            5410 (      0.04 MByte)
             solver workspace for phase3 (symbolic factor) (64bit words) =            6735 (      0.05 MByte)
             solver workspace for phase4 (factorization)   (64bit words) =           12340 (      0.09 MByte) (MINIMUM)
             solver workspace for phase4 (factorization)   (64bit words) =           17459 (      0.13 MByte) (MAXIMUM)
             solver workspace available and used           (64bit words) =         1000000 (      7.63 MByte)


             start of matrix solution
             wall time =          25.00



             singularity ratio    1.9401E-04


             end of matrix solution
             wall time =          25.00


     body        1: cbody1
         number of nodes in contact     =             0

             maximum residual force  at node        56 degree of freedom  2 is equal to    3.738E-04
             maximum reaction force  at node        25 degree of freedom  2 is equal to    2.975E-02
             residual convergence ratio    1.256E-02


             total transient time = 2.00000E-01



   WINDOWS version
   Marc 2019
   output for increment       1. "          lcase1"


             total strain energy         is    1.81326E-01
               within which:
               elastic strain energy     is    1.81326E-01
             total ext-force work        is    1.79038E-01
               within which:
               work by appl. force/disp. is    1.79038E-01
               work by  contact forces   is    0.00000E+00
               work by frictional forces is    0.00000E+00



                    g l o b a l  c o n t a c t  b o d y  d a t a

     body number        1 name: cbody1
     1st coord. of center of rotation                  0.000E+00
     2nd coord. of center of rotation                  0.000E+00
     total angle rotated                               0.000E+00
     1st component of velocity                         0.000E+00
     2nd component of velocity                         0.000E+00
     angular velocity                                  0.000E+00
     1st component of total load                       0.000E+00
     2nd component of total load                       0.000E+00
     moment w.r.t. center of rotation                  0.000E+00
     total strain energy                               0.181E+00
     total kinetic energy                              0.000E+00
     total damping energy                              0.000E+00



                    c o n t a c t  b o d y  i n t e r a c t i o n  r e s u l t s


             memory usage:                       MByte       words  % of total

              within general memory:           
               element stiffness matrices:           0        7728         0.0
               solver: first part                    0       10592         0.0
               overallocation initial allocation   107    27981364        74.9
               other:                                0        4180         0.0
              allocated separately:
               incremental backup:                   1      135436         0.4
               solver 8                              8     1996748         5.3
               nodal vectors:                        0       25580         0.1
               defined sets:                         0         426         0.0
               contact:                              0       25746         0.1
               transformations:                      0         576         0.0
               kinematic boundary conditions:        0        2900         0.0
               tables:                               0         958         0.0
               points, curves and surfaces:          0         144         0.0
               mem_none:                             0       33044         0.1
               element storage:                      0      115888         0.3
               material properties:                  0        4600         0.0
               executable and common blocks:        27     7000000        18.7
               miscellaneous                         0         212         0.0
               ---------------------------------------------------------------
               total:                              142    37346122

               general memory allocated:           107    28003864
               general memory used:                  0       22500

               peak memory usage:                  159    41557520

             e n d   o f   i n c r e m e n t       1

             binary post data at increment       1.  subincrement    0.  on file 16
             wall time =          25.00




             s t a r t   o f   i n c r e m e n t       2






             load increments for each degree of freedom
             summed over the whole model

             from distributed loads
             dist. loads on deformed configuration - totals below for dist. loads
             increments for point loads
             0.000000E+00   0.000000E+00


             point loads
             0.000000E+00   0.000000E+00

             start of assembly     cycle number is     0
             wall time =          25.00




             solver workspace for phase1 (matrix input)    (64bit words) =            1626 (      0.01 MByte)
             Metis nested dissection ordering used
             solver workspace for phase2 (nodal ordering)  (64bit words) =            5410 (      0.04 MByte)
             solver workspace for phase3 (symbolic factor) (64bit words) =            6735 (      0.05 MByte)
             solver workspace for phase4 (factorization)   (64bit words) =           12340 (      0.09 MByte) (MINIMUM)
             solver workspace for phase4 (factorization)   (64bit words) =           17459 (      0.13 MByte) (MAXIMUM)
             solver workspace available and used           (64bit words) =         1000000 (      7.63 MByte)


             start of matrix solution
             wall time =          25.00



             singularity ratio    2.0389E-04


             end of matrix solution
             wall time =          25.00


     body        1: cbody1
         number of nodes in contact     =             0

             maximum residual force  at node        89 degree of freedom  1 is equal to    8.121E-03
             maximum reaction force  at node        25 degree of freedom  2 is equal to    6.038E-02
             residual convergence ratio    1.345E-01

             failure to converge to tolerance

             increment will be recycled






             load increments for each degree of freedom
             summed over the whole model

             from distributed loads
             dist. loads on deformed configuration - totals below for dist. loads
             increments for point loads
             0.000000E+00   0.000000E+00


             point loads
             0.000000E+00   0.000000E+00

             start of assembly     cycle number is     1
             wall time =          25.00




             solver workspace for phase1 (matrix input)    (64bit words) =            1626 (      0.01 MByte)
             Metis nested dissection ordering used
             solver workspace for phase2 (nodal ordering)  (64bit words) =            5410 (      0.04 MByte)
             solver workspace for phase3 (symbolic factor) (64bit words) =            6735 (      0.05 MByte)
             solver workspace for phase4 (factorization)   (64bit words) =           12340 (      0.09 MByte) (MINIMUM)
             solver workspace for phase4 (factorization)   (64bit words) =           17459 (      0.13 MByte) (MAXIMUM)
             solver workspace available and used           (64bit words) =         1000000 (      7.63 MByte)


             start of matrix solution
             wall time =          25.00



             singularity ratio    1.8920E-04


             end of matrix solution
             wall time =          25.00


     body        1: cbody1
         number of nodes in contact     =             0

             maximum residual force  at node        56 degree of freedom  2 is equal to    1.317E-03
             maximum reaction force  at node        96 degree of freedom  2 is equal to    6.261E-02
             residual convergence ratio    2.104E-02


             total transient time = 4.00000E-01



   WINDOWS version
   Marc 2019
   output for increment       2. "          lcase1"


             total strain energy         is    7.04729E-01
               within which:
               elastic strain energy     is    7.04729E-01
             total ext-force work        is    6.99584E-01
               within which:
               work by appl. force/disp. is    6.99584E-01
               work by  contact forces   is    0.00000E+00
               work by frictional forces is    0.00000E+00



                    g l o b a l  c o n t a c t  b o d y  d a t a

     body number        1 name: cbody1
     1st coord. of center of rotation                  0.000E+00
     2nd coord. of center of rotation                  0.000E+00
     total angle rotated                               0.000E+00
     1st component of velocity                         0.000E+00
     2nd component of velocity                         0.000E+00
     angular velocity                                  0.000E+00
     1st component of total load                       0.000E+00
     2nd component of total load                       0.000E+00
     moment w.r.t. center of rotation                  0.000E+00
     total strain energy                               0.705E+00
     total kinetic energy                              0.000E+00
     total damping energy                              0.000E+00



                    c o n t a c t  b o d y  i n t e r a c t i o n  r e s u l t s


             memory usage:                       MByte       words  % of total

              within general memory:           
               element stiffness matrices:           0        7728         0.0
               solver: first part                    0       10592         0.0
               overallocation initial allocation   107    27981364        74.9
               other:                                0        4180         0.0
              allocated separately:
               incremental backup:                   1      135436         0.4
               solver 8                              8     1996748         5.3
               nodal vectors:                        0       25580         0.1
               defined sets:                         0         426         0.0
               contact:                              0       25746         0.1
               transformations:                      0         576         0.0
               kinematic boundary conditions:        0        2900         0.0
               tables:                               0         958         0.0
               points, curves and surfaces:          0         144         0.0
               mem_none:                             0       33044         0.1
               element storage:                      0      115888         0.3
               material properties:                  0        4600         0.0
               executable and common blocks:        27     7000000        18.7
               miscellaneous                         0         212         0.0
               ---------------------------------------------------------------
               total:                              142    37346122

               general memory allocated:           107    28003864
               general memory used:                  0       22500

               peak memory usage:                  159    41557520

             e n d   o f   i n c r e m e n t       2

             binary post data at increment       2.  subincrement    0.  on file 16
             wall time =          25.00




             s t a r t   o f   i n c r e m e n t       3






             load increments for each degree of freedom
             summed over the whole model

             from distributed loads
             dist. loads on deformed configuration - totals below for dist. loads
             increments for point loads
             0.000000E+00   0.000000E+00


             point loads
             0.000000E+00   0.000000E+00

             start of assembly     cycle number is     0
             wall time =          25.00




             solver workspace for phase1 (matrix input)    (64bit words) =            1626 (      0.01 MByte)
             Metis nested dissection ordering used
             solver workspace for phase2 (nodal ordering)  (64bit words) =            5410 (      0.04 MByte)
             solver workspace for phase3 (symbolic factor) (64bit words) =            6735 (      0.05 MByte)
             solver workspace for phase4 (factorization)   (64bit words) =           12340 (      0.09 MByte) (MINIMUM)
             solver workspace for phase4 (factorization)   (64bit words) =           17459 (      0.13 MByte) (MAXIMUM)
             solver workspace available and used           (64bit words) =         1000000 (      7.63 MByte)


             start of matrix solution
             wall time =          25.00



             singularity ratio    2.2961E-04


             end of matrix solution
             wall time =          25.00


     body        1: cbody1
         number of nodes in contact     =             0

             maximum residual force  at node       100 degree of freedom  2 is equal to    9.430E-03
             maximum reaction force  at node        49 degree of freedom  2 is equal to    9.800E-02
             residual convergence ratio    9.623E-02


             total transient time = 6.00000E-01



   WINDOWS version
   Marc 2019
   output for increment       3. "          lcase1"


             total strain energy         is    1.55239E+00
               within which:
               elastic strain energy     is    1.55239E+00
             total ext-force work        is    1.54095E+00
               within which:
               work by appl. force/disp. is    1.54095E+00
               work by  contact forces   is    0.00000E+00
               work by frictional forces is    0.00000E+00



                    g l o b a l  c o n t a c t  b o d y  d a t a

     body number        1 name: cbody1
     1st coord. of center of rotation                  0.000E+00
     2nd coord. of center of rotation                  0.000E+00
     total angle rotated                               0.000E+00
     1st component of velocity                         0.000E+00
     2nd component of velocity                         0.000E+00
     angular velocity                                  0.000E+00
     1st component of total load                       0.000E+00
     2nd component of total load                       0.000E+00
     moment w.r.t. center of rotation                  0.000E+00
     total strain energy                               0.155E+01
     total kinetic energy                              0.000E+00
     total damping energy                              0.000E+00



                    c o n t a c t  b o d y  i n t e r a c t i o n  r e s u l t s


             memory usage:                       MByte       words  % of total

              within general memory:           
               element stiffness matrices:           0        7728         0.0
               solver: first part                    0       10592         0.0
               overallocation initial allocation   107    27981364        74.9
               other:                                0        4180         0.0
              allocated separately:
               incremental backup:                   1      135436         0.4
               solver 8                              8     1996748         5.3
               nodal vectors:                        0       25580         0.1
               defined sets:                         0         426         0.0
               contact:                              0       25746         0.1
               transformations:                      0         576         0.0
               kinematic boundary conditions:        0        2900         0.0
               tables:                               0         958         0.0
               points, curves and surfaces:          0         144         0.0
               mem_none:                             0       33044         0.1
               element storage:                      0      115888         0.3
               material properties:                  0        4600         0.0
               executable and common blocks:        27     7000000        18.7
               miscellaneous                         0         212         0.0
               ---------------------------------------------------------------
               total:                              142    37346122

               general memory allocated:           107    28003864
               general memory used:                  0       22500

               peak memory usage:                  159    41557520

             e n d   o f   i n c r e m e n t       3

             binary post data at increment       3.  subincrement    0.  on file 16
             wall time =          25.00




             s t a r t   o f   i n c r e m e n t       4






             load increments for each degree of freedom
             summed over the whole model

             from distributed loads
             dist. loads on deformed configuration - totals below for dist. loads
             increments for point loads
             0.000000E+00   0.000000E+00


             point loads
             0.000000E+00   0.000000E+00

             start of assembly     cycle number is     0
             wall time =          25.00




             solver workspace for phase1 (matrix input)    (64bit words) =            1626 (      0.01 MByte)
             Metis nested dissection ordering used
             solver workspace for phase2 (nodal ordering)  (64bit words) =            5410 (      0.04 MByte)
             solver workspace for phase3 (symbolic factor) (64bit words) =            6735 (      0.05 MByte)
             solver workspace for phase4 (factorization)   (64bit words) =           12340 (      0.09 MByte) (MINIMUM)
             solver workspace for phase4 (factorization)   (64bit words) =           17459 (      0.13 MByte) (MAXIMUM)
             solver workspace available and used           (64bit words) =         1000000 (      7.63 MByte)


             start of matrix solution
             wall time =          25.00



             singularity ratio    2.4115E-04


             end of matrix solution
             wall time =          25.00


     body        1: cbody1
         number of nodes in contact     =             0

             maximum residual force  at node       117 degree of freedom  2 is equal to    3.972E-03
             maximum reaction force  at node        49 degree of freedom  2 is equal to    1.356E-01
             residual convergence ratio    2.929E-02


             total transient time = 8.00000E-01



   WINDOWS version
   Marc 2019
   output for increment       4. "          lcase1"


             total strain energy         is    2.71013E+00
               within which:
               elastic strain energy     is    2.71013E+00
             total ext-force work        is    2.70419E+00
               within which:
               work by appl. force/disp. is    2.70419E+00
               work by  contact forces   is    0.00000E+00
               work by frictional forces is    0.00000E+00



                    g l o b a l  c o n t a c t  b o d y  d a t a

     body number        1 name: cbody1
     1st coord. of center of rotation                  0.000E+00
     2nd coord. of center of rotation                  0.000E+00
     total angle rotated                               0.000E+00
     1st component of velocity                         0.000E+00
     2nd component of velocity                         0.000E+00
     angular velocity                                  0.000E+00
     1st component of total load                       0.000E+00
     2nd component of total load                       0.000E+00
     moment w.r.t. center of rotation                  0.000E+00
     total strain energy                               0.271E+01
     total kinetic energy                              0.000E+00
     total damping energy                              0.000E+00



                    c o n t a c t  b o d y  i n t e r a c t i o n  r e s u l t s


             memory usage:                       MByte       words  % of total

              within general memory:           
               element stiffness matrices:           0        7728         0.0
               solver: first part                    0       10592         0.0
               overallocation initial allocation   107    27981364        74.9
               other:                                0        4180         0.0
              allocated separately:
               incremental backup:                   1      135436         0.4
               solver 8                              8     1996748         5.3
               nodal vectors:                        0       25580         0.1
               defined sets:                         0         426         0.0
               contact:                              0       25746         0.1
               transformations:                      0         576         0.0
               kinematic boundary conditions:        0        2900         0.0
               tables:                               0         958         0.0
               points, curves and surfaces:          0         144         0.0
               mem_none:                             0       33044         0.1
               element storage:                      0      115888         0.3
               material properties:                  0        4600         0.0
               executable and common blocks:        27     7000000        18.7
               miscellaneous                         0         212         0.0
               ---------------------------------------------------------------
               total:                              142    37346122

               general memory allocated:           107    28003864
               general memory used:                  0       22500

               peak memory usage:                  159    41557520

             e n d   o f   i n c r e m e n t       4

             binary post data at increment       4.  subincrement    0.  on file 16
             wall time =          25.00




             s t a r t   o f   i n c r e m e n t       5

             allocated       2040 words of memory due to shell, user or contact transformations


             allocated       1308 words of memory due to tyings



             maximum connectivity in stiffness matrix is          6 at node         46



             maximum half-bandwidth is         14  between nodes          1  and         14

             number of profile entries excluding fill-in is             596



             total workspace needed with in-core matrix storage =           22600
               part of solver workspace is allocated separately






             load increments for each degree of freedom
             summed over the whole model

             from distributed loads
             dist. loads on deformed configuration - totals below for dist. loads
             increments for point loads
             0.000000E+00   0.000000E+00


             point loads
             0.000000E+00   0.000000E+00

             start of assembly     cycle number is     0
             wall time =          25.00




             solver workspace for phase1 (matrix input)    (64bit words) =            1638 (      0.01 MByte)
             Metis nested dissection ordering used
             solver workspace for phase2 (nodal ordering)  (64bit words) =            5404 (      0.04 MByte)
             solver workspace for phase3 (symbolic factor) (64bit words) =            6689 (      0.05 MByte)
             solver workspace for phase4 (factorization)   (64bit words) =           12172 (      0.09 MByte) (MINIMUM)
             solver workspace for phase4 (factorization)   (64bit words) =           17403 (      0.13 MByte) (MAXIMUM)
             solver workspace available and used           (64bit words) =         1000000 (      7.63 MByte)


             start of matrix solution
             wall time =          25.00



             singularity ratio    2.4822E-04


             end of matrix solution
             wall time =          25.00


     body        1: cbody1
         number of nodes in contact     =             0

             maximum residual force  at node       117 degree of freedom  2 is equal to    3.184E-02
             maximum reaction force  at node        49 degree of freedom  2 is equal to    1.737E-01
             residual convergence ratio    1.833E-01

             failure to converge to tolerance

             increment will be recycled


             maximum connectivity in stiffness matrix is          6 at node         46



             maximum half-bandwidth is         14  between nodes          1  and         14

             number of profile entries excluding fill-in is             602



             total workspace needed with in-core matrix storage =           22696
               part of solver workspace is allocated separately






             load increments for each degree of freedom
             summed over the whole model

             from distributed loads
             dist. loads on deformed configuration - totals below for dist. loads
             increments for point loads
             0.000000E+00   0.000000E+00


             point loads
             0.000000E+00   0.000000E+00

             start of assembly     cycle number is     1
             wall time =          25.00




             solver workspace for phase1 (matrix input)    (64bit words) =            1650 (      0.01 MByte)
             Metis nested dissection ordering used
             solver workspace for phase2 (nodal ordering)  (64bit words) =            5398 (      0.04 MByte)
             solver workspace for phase3 (symbolic factor) (64bit words) =            6867 (      0.05 MByte)
             solver workspace for phase4 (factorization)   (64bit words) =           12420 (      0.09 MByte) (MINIMUM)
             solver workspace for phase4 (factorization)   (64bit words) =           17869 (      0.14 MByte) (MAXIMUM)
             solver workspace available and used           (64bit words) =         1000000 (      7.63 MByte)


             start of matrix solution
             wall time =          25.00



             singularity ratio    2.8932E-04


             end of matrix solution
             wall time =          25.00


     body        1: cbody1
         number of nodes in contact     =             0

             maximum residual force  at node        43 degree of freedom  1 is equal to    3.640E-04
             maximum reaction force  at node        49 degree of freedom  2 is equal to    1.694E-01
             residual convergence ratio    2.149E-03


             total transient time = 1.00000E+00



   WINDOWS version
   Marc 2019
   output for increment       5. "          lcase1"


             total strain energy         is    4.25155E+00
               within which:
               elastic strain energy     is    4.25155E+00
             total ext-force work        is    4.24094E+00
               within which:
               work by appl. force/disp. is    4.23985E+00
               work by  contact forces   is    1.08332E-03
               work by frictional forces is    0.00000E+00



                    g l o b a l  c o n t a c t  b o d y  d a t a

     body number        1 name: cbody1
     1st coord. of center of rotation                  0.000E+00
     2nd coord. of center of rotation                  0.000E+00
     total angle rotated                               0.000E+00
     1st component of velocity                         0.000E+00
     2nd component of velocity                         0.000E+00
     angular velocity                                  0.000E+00
     1st component of total load                      -0.173E-17
     2nd component of total load                       0.347E-17
     moment w.r.t. center of rotation                  0.681E-03
     total strain energy                               0.425E+01
     total kinetic energy                              0.000E+00
     total damping energy                              0.000E+00



                    c o n t a c t  b o d y  i n t e r a c t i o n  r e s u l t s


             memory usage:                       MByte       words  % of total

              within general memory:           
               element stiffness matrices:           0        7728         0.0
               solver: first part                    0       10784         0.0
               overallocation initial allocation   107    27981172        74.9
               other:                                0        4180         0.0
              allocated separately:
               incremental backup:                   1      135436         0.4
               solver 8                              8     1996748         5.3
               nodal vectors:                        0       25580         0.1
               defined sets:                         0         426         0.0
               contact:                              0       25746         0.1
               tyings:                               0        1644         0.0
               transformations:                      0        2616         0.0
               kinematic boundary conditions:        0        2900         0.0
               tables:                               0         958         0.0
               points, curves and surfaces:          0         144         0.0
               mem_none:                             0       33280         0.1
               element storage:                      0      115888         0.3
               material properties:                  0        4600         0.0
               executable and common blocks:        27     7000000        18.7
               miscellaneous                         0         212         0.0
               ---------------------------------------------------------------
               total:                              142    37350042

               general memory allocated:           107    28003864
               general memory used:                  0       22692

               peak memory usage:                  159    41557520

             e n d   o f   i n c r e m e n t       5

             binary post data at increment       5.  subincrement    0.  on file 16
             wall time =          25.00


             $....end of loadcase lcase1                                                                                                                                     

             $...................                                                                                                                                            


                              *** end of input deck - job ends


             memory usage:                       MByte       words  % of total

              within general memory:           
               element stiffness matrices:           0        7728         0.0
               solver: first part                    0       10784         0.0
               overallocation initial allocation   107    27981172        74.9
               other:                                0        4180         0.0
              allocated separately:
               incremental backup:                   1      135436         0.4
               solver 8                              8     1996748         5.3
               nodal vectors:                        0       25580         0.1
               defined sets:                         0         426         0.0
               contact:                              0       25746         0.1
               tyings:                               0        1644         0.0
               transformations:                      0        2616         0.0
               kinematic boundary conditions:        0        2900         0.0
               tables:                               0         958         0.0
               points, curves and surfaces:          0         144         0.0
               mem_none:                             0       33280         0.1
               element storage:                      0      115888         0.3
               material properties:                  0        4600         0.0
               executable and common blocks:        27     7000000        18.7
               miscellaneous                         0         212         0.0
               ---------------------------------------------------------------
               total:                              142    37350042

               general memory allocated:           107    28003864
               general memory used:                  0       22692

               peak memory usage:                  159    41557520


             timing information:                             wall time      cpu time

               total time for input:                              0.09          0.08
               total time for stiffness matrix assembly:          0.06          0.03
               total time for mass matrix assembly:               0.00          0.00
               total time for stress recovery:                    0.04          0.03
               total time for matrix solution:                    0.11          0.11
               total time for contact:                            0.01          0.03
               total time for output:                             0.12          0.12
               total time for miscellaneous:                     24.69          0.62
               ---------------------------------------------------------------------
               total time:                                       25.11          1.03


             **************************************************************************


             
             This is a successful completion to a Marc simulation,
             indicating that no additional incremental data was
             found and that the analysis is complete.
             




             **************************************************************************





                                        Marc 2019

                                        Exit number 3004

