Unit:              3_232561845d352a35c6388d7d8982383d
Removed elements:  [8, 14, 17]
Representative grid:
1 1 1 1 1
1 0 1 1 1
1 1 1 0 1
1 1 0 1 1
1 1 1 1 1
Run successful:    True
Constraint energy: 0.2124041559230602 J
Internal energy:   23.24481266818475 J

Template details:
Case: 1
Parameters:
Origin:            (0,0)
Dimensions:        5x5 elements
Internal elements: [7, 8, 9, 12, 13, 14, 17, 18, 19]
Analysis steps:    4
Run successful:    True
Constraint energy: 6.462952804663593 J
Internal energy:   1505.6417999267578 J

Ogden material parameters:
Name:  Mold Star 15
Mu:    [-6.50266e-06, 0.216863, 0.00137158]
Alpha: [-21.322, 1.1797, 4.88396]

Time created:      Mon Jun  8 17:32:26 2020
