Unit:              3_21373df06c36c895ccf29cb313cc4cb6
Removed elements:  [7, 13, 19]
Representative grid:
1 1 1 1 1
1 1 1 0 1
1 1 0 1 1
1 0 1 1 1
1 1 1 1 1
Run successful:    True
Constraint energy:
X        : 0.02110387238053287 J
Y        : 2.5833333903809854 J
Magnitude: 6.008045621502284 J
Internal energy:
X        : -6.982525072991848 J
Y        : 7.839517787098885 J
Magnitude: 46.93748416006565 J

Template details:
Case: 1
Parameters:
Origin:                (0,0)
Dimensions:            5x5 elements
Size:                  20x20 mm
Boundary thickness:    1 elements
Internal element IDs:  [7, 8, 9, 12, 13, 14, 17, 18, 19]
Applied displacement:  10.0 mm
Applied pressure:      0.025 MPa
Neighbours added:      False
Analysis steps:        5
Run successful:        True
Constraint energy:
X        : -5.20968294284496e-09 J
Y        : 43.70704040440105 J
Magnitude: 103.15007934690621 J
Internal energy:
X        : -1.4273650347611244e-09 J
Y        : 14.59674346446991 J
Magnitude: 1498.163818359375 J

Ogden material parameters:
Name:  Mold Star 15
Mu:    [-6.50266e-06, 0.216863, 0.00137158]
Alpha: [-21.322, 1.1797, 4.88396]

Time created:          Tue Jun 23 17:49:32 2020
