                            M               M
                            W               W
                          MMMMM           MMMMM
                          WWWWW           WWWWW
                        MMMMMMMMM       MMMMMMMMM
                        WWWWWWWWW       WWWWWWWWW
                      MMMMMMMMMMMMM   MMMMMMMMMMMMM
                      WWWWWWWWWWWWW   WWWWWWWWWWWWW
                    MMMMMMMMMMMMMMMMMMMMMMMMMMMMMMMMM
                    WWWWWWWWWWWWWWWWWWWWWWWWWWWWWWWWW
                    MMMMMMMM MMMMMMMMMMMMMMM MMMMMMMM
                    WWWWWWWW WWWWWWWWWWWWWWW WWWWWWWW
                    MMMMMM     MMMMMMMMMMM     MMMMMM
                    WWWWWW     WWWWWWWWWWW     WWWWWW
                    MMMM         MMMMMMM         MMMM
                    WWWW         WWWWWWW         WWWW
                    MM             MMM             MM
                    WW             WWW             WW
                    M               M               M
                    W               W               W
                    MM             MMM             MM
                    WW             WWW             WW
                    MMMM         MMMMMMM         MMMM
                    WWWW         WWWWWWW         WWWW
                    MMMMMM     MMMMMMMMMMM     MMMMMM
                    WWWWWW     WWWWWWWWWWW     WWWWWW
                    MMMMMMMM MMMMMMMMMMMMMMM MMMMMMMM
                    WWWWWWWW WWWWWWWWWWWWWWW WWWWWWWW
                    MMMMMMMMMMMMMMMMMMMMMMMMMMMMMMMMM
                    WWWWWWWWWWWWWWWWWWWWWWWWWWWWWWWWW
                      MMMMMMMMMMMMM   MMMMMMMMMMMMM
                      WWWWWWWWWWWWW   WWWWWWWWWWWWW
                        MMMMMMMMM       MMMMMMMMM
                        WWWWWWWWW       WWWWWWWWW
                          MMMMM           MMMMM
                          WWWWW           WWWWW
                            M               M
                            W               W

             version: Marc 2019, build 664220 (2019/07/01)

             machine type: WINDOWS

             integer*8 version: integers are 64-bits

             date: Fri Mar 20 17:13:10 2020


             (c) COPYRIGHT 2019 MSC Software Corporation, all rights reserved

                    Marc - W i n d o w s       

                     i n p u t   d a t a


                p a g e          1

                             10        20        30        40        50        60        70        80        90       100       110       120       130       140       150       160
                     ----------------------------------------------------------------------------------------------------------------------------------------------------------------
                     title               job_14
                     $....MARC input file produced by Marc Mentat 2019 (64bit)
                     $...................................
                     $....input file using extended precision
    card         5   extended
                     $...................................
                     sizing                                 0        24        36         0
                     alloc                       25
                     elements                    11
    card        10   version                     14         2         0         0
                     table                        0         0         2         1         1         0         0         1
                     processor                    1         1         1         0
                     ----------------------------------------------------------------------------------------------------------------------------------------------------------------
                             10        20        30        40        50        60        70        80        90       100       110       120       130       140       150       160
                     ----------------------------------------------------------------------------------------------------------------------------------------------------------------
                     ----------------------------------------------------------------------------------------------------------------------------------------------------------------
1
             general memory increasing from      25 MByte to     106 MByte


             memory increased to        28003864 words during 
             pre-reading of sets



             allocated          2 words of memory due to tables


   MSC Customer Entitlement ID
        56B8415D-4C3E8C3B



                    *************************************************
                    *************************************************

                     program sizing and options requested as follows



                     element type requested*************************        11
                     number of elements in mesh*********************        24
                     number of nodes in mesh************************        36
                     large displacement analysis flagged************
                     load correction flagged or set*****************
                     values stored at all integration points********
                     tape no.for input of coordinates + connectivity         5
                     boundary conditions applied on current geometry
                     no.of different materials    1 max.no of slopes         5
                     number of points on shell section *************        11
                     new style input format will be used************
                     requested number of element threads************         1
                     requested number of solver threads*************         1
                     number of tables used *************************         1
                     extended precision input is used ************** 
                     Marc input version ****************************        14
                     maximum number of boundary conditions *********         2
                     suppress echo of list items *******************
                     suppress echo of bc summary *******************
                     suppress echo of nurbs data *******************
                     additive formulation flagged for herrmann elements


                     end of parameters and sizing
                    *************************************************
                    *************************************************





                              key to stress, strain and displacement output



                                        element type        11


                              4-node isoparametric quadrilateral plane strain        

                              stresses and strains in global directions               
                                1=xx                                                  
                                2=yy                                                  
                                3=zz                                                  
                                4=xy                                                  
                                                                                      
                              displacements in global directions                      
                                1=u global x direction                                
                                2=v global y direction                                

             allocated       4188 words of memory due to nodal vectors


             allocated         74 words of memory due to tables


             allocated        882 words of memory due to tables


             allocated        972 words of memory due to boundary conditions


             allocated         16 words of memory due to geometric points


             allocated         46 words of memory due to geometric curves


             allocated         26 words of memory due to geometric surfaces


             allocated        144 words of memory due to shell, user or contact transformations



             workspace needed for input and stiffness assembly:            8806


             internal core allocation parameters
             degrees of freedom per node (ndeg)  2
             max. number of coordinates per node  2
             max. nodes per element (nnodmx)  4
             max. invariants per int. points (neqst)  1
             max.stress components per int. point (nstrmx)   4
             strains per integration point (ngens)  4


             flag for element storage (ielsto)  0
             element data in core

             memory usage per element group
                group   # elements     nelsto      MByte            words
                  1           24         974           0             23376
                ----------------------------------------------------------
                total         24                       0             23376


                              internal element variables



                              internal element number         1  library code type   11
                              number of nodes=  4
                              stresses stored per integration point =  4
                              direct continuum components stored =  3
                              shear continuum components stored =  1
                              shell/beam flag = 0
                              curvilinear  coord. flag = 0
                              int.points for elem. stiffness  4
                              number of local inertia directions  2
                              int.point for print if all points not flagged  5
                              int. points for dist. surface loads (pressure)  2
                              library code type =    11
                              large disp. row counts     4    4    0    7



                              residual load correction is invoked



             $...................                                                                                                                                            

             solver                                                                                                                                                          
             ----------


             multifrontal direct sparse solver invoked

             optimize                    11                                                                                                                                  
             ----------



             metis nested dissection algorithm

             connectivity                                                                                                                                                    
             ----------

             geometry id =                   1
             material id =                   1

                meshr1,  iprnt
                      5      1
                elem no., type,        nodes

             coordinates                                                                                                                                                     
             ----------

             ncrd1 ,meshr1,iprnt
                    2         5         1
                   node      coordinates

             define              node                set                 fix_dis_nodes                                                                                       
             ----------

             a list of nodes given below 
                     1         2         3         4         5         6         7        13        19        25        31

             define              edgemt              set                 sin_load_edges                                                                                      
             ----------

                     5: 1        10: 1        15: 1        20: 1        21: 2        22: 2        23: 2        24: 2
                     echo suppressed for         2 items
                     total number of items read:        10

             mooney              structural                                                                                                                                  
             ----------

             Mooney material  material id              1

             material name is:       rubber                                                                                                                                                          


                 structural  property                         value       table id


             *** warning - no bulk modulus is defined. marc calculates it as 5000 times initial shear modulus
             c10                                         2.03000E+01              0
             c01                                         5.80000E+00              0
             c11                                         0.00000E+00              0
             c20                                         0.00000E+00              0
             c30                                         0.00000E+00              0
             bulk modulus                                2.61000E+05              0
             mass density                                0.00000E+00              0
             coefficient of thermal expansion            0.00000E+00              0



             mat color                                                                                                                                                       
             ----------


             material id is:                  1
                material type      =          1
                material RGB color =        230         0         0

             table               sin_input                                                                                                                                   
             ----------


             table identifier                  1
             table name is           sin_input                       
             unit number                       5
             number of independent var.        1
             an equation is used to describe function 
             abscissa                  
             time                       
             equation : sin(2*pi*v1)                                                                    
                                                                                                         

             geometry                                                                                                                                                        
             ----------


             geometry name is:       geom1


             geometry id =                 1
             geometry RGB color =        230         0         0

             geometric parameter       value
                       1             1.00000E+00
                       2             0.00000E+00
                       3             0.00000E+00
                       4             0.00000E+00
                       5             0.00000E+00
                       6             0.00000E+00
                       7             0.00000E+00
                       8             0.00000E+00

             fixed disp                                                                                                                                                      
             ----------


             read data from unit    5

             name of boundary condition fix_dis

             Displacements are applied incrementally relative to current position

             Prescribed Displacement for dof  1 =      0.00000E+00  table id is        0

             Prescribed Displacement for dof  2 =      0.00000E+00  table id is        0

             applied to node ids       

             fix_dis_nodes

             dist loads                                                                                                                                                      
             ----------


             read data from unit    5

             name of boundary condition sin_load

             Load Type     1

             Prescribed Distributed Pressure =      2.00000E+01  table id is        1

             Prescribed Distributed Pressure =      0.00000E+00  table id is        0

             Prescribed Distributed Pressure =      0.00000E+00  table id is        0

             applied to elem mn-edge   

             sin_load_edges

             loadcase            job_14                                                                                                                                      
             ----------


             activate boundary condition fix_dis

             activate boundary condition sin_load

             no print                                                                                                                                                        
             ----------


             post                                                                                                                                                            
             ----------

             number of element variables on post file:    2

             binary post file will be used

             initial output frequency of post file:       1

             Marc 2017 style post file (default)

             post variable     1 is post code   17 =                                                 
             post variable     2 is post code   48 =                                                 
             maximum record length on binary post file=             36
             approximate no. of words per increment on file=            208


             parameters                                                                                                                                                      
             ----------


             parameters set as follows 

             predictor used for stress-strain calculation    1.00000E+00
             penalty factor for boundary conditions          1.00000E+09
             penalty for incompressibility - r-p flow        1.00000E+02
             penalty for incompressibility - fluid flow      1.00000E+06
             beta parameter for Newmark operator             2.50000E-01
             gamma parameter for Newmark operator            5.00000E-01
             gamma1 parameter for Single-Step-Houbolt        1.50000E+00
             gamma parameter for Single-Step-Houbolt        -5.00000E-01
             sharp angle for sticking/separating - 2D        8.62500E+00
             sharp angle for sticking/separating - 3D        2.00000E+01
             initial strain rate for r-p flow                1.00000E-04
             lowest strain rate cut-off for r-p flow         1.00000E-06
             fraction of dilatational stress neglected       1.00000E+00
             factor for drilling d.o.f for shells            1.00000E-04
             factor for displacement after rezoning          1.00000E+00

             universal gas constant                          8.31400E+00
             absolute temperature offset                     2.73150E+02
             thermal properties evaluation weight            5.00000E-01
             surface projection factor in ssh dynamics       0.00000E+00
             Stefan Boltzmann constant                       5.67051E-08
             Planck's second radiation constant              1.43877E-02
             Speed of light in vacuum                        2.99790E+08
             Permeability of vacuum                          1.25664E-06
             Permittivity of vacuum                          8.85419E-12
             maximum iterative displacement component        1.00000E+30
             initial stiffness to simulate sticking          0.00000E+00
             minimum angle between the normal vectors of 
             contacting segments                             1.20000E+02
             radiation reflection cut-off                    1.00000E-03
             angle for averaging adjacent beams (s2s)        1.60000E+02
             stabilizer stiffness for model sections         0.00000E+00

             maximum change in temperature per iteration     1.00000E+02
             maximum rbe3 conditioning number                0.10000E+07
             gasket initial stress stiffness factor          4.00000E-01

             end option                                                                                                                                                      
             ----------

             wall time =          23.00

             error -- can not delete or open file:C:\Users\Naude Conradie\Desktop\Repository\Masters-Project\Models\MarcMentat\element_14_job_14.t16                                                                                                                                                              
             Make sure the file is not protected or used.
             Marc Exit Number 4001
