17 Apr 2020 - 10:48:31 - Exit Number Logger - INFO: Exit number 3004 found for model 7_8_12_13_14_17_18_19
17 Apr 2020 - 11:58:42 - Exit Number Logger - INFO: Exit number 3004 found for model 8_9_12_13_14_18_19
17 Apr 2020 - 12:01:35 - Exit Number Logger - INFO: Exit number 3004 found for model 8_9_12_13_14_17_18
17 Apr 2020 - 12:03:23 - Exit Number Logger - INFO: Exit number 3004 found for model 8
17 Apr 2020 - 12:04:57 - Exit Number Logger - INFO: Exit number 3004 found for model 8_9_12_13_18_19
17 Apr 2020 - 12:06:53 - Exit Number Logger - INFO: Exit number 3004 found for model 8_12_17
17 Apr 2020 - 12:38:45 - Exit Number Logger - INFO: Exit number 3004 found for model 7_8_9_12_17_18_19
17 Apr 2020 - 12:58:34 - Exit Number Logger - INFO: Exit number 3004 found for model 8_12_13_14_17_18_19
17 Apr 2020 - 13:28:06 - Exit Number Logger - INFO: Exit number 3004 found for model c9f0f895fb98ab9159f51fd0297e236d
17 Apr 2020 - 14:00:54 - Exit Number Logger - INFO: Exit number 3004 found for model 66221e34943ce22971bc7e4e5b838b3c
17 Apr 2020 - 14:03:04 - Exit Number Logger - INFO: Exit number 3004 found for model f8791c232dacf8406625d79848e3763a
17 Apr 2020 - 16:55:41 - Exit Number Logger - INFO: Exit number 3004 found for model 2855b5e28b770cdbd153419340c287d4
17 Apr 2020 - 16:58:53 - Exit Number Logger - INFO: Exit number 3004 found for model dec5ea31141427ce46fb65a6347f5096
17 Apr 2020 - 17:00:49 - Exit Number Logger - INFO: Exit number 3004 found for model 470b1add31d0e27a125b5047a7c9a88f
17 Apr 2020 - 17:02:51 - Exit Number Logger - INFO: Exit number 3004 found for model 5614db1a051b77d5146605132400e567
20 Apr 2020 - 09:54:41 - Exit Number Logger - INFO: Exit number 3004 found for model 1b8cc21c4c6b620e35c2e03bcbe49a54
21 Apr 2020 - 11:10:04 - Exit Number Logger - INFO: Exit number 3004 found for model fe6f476074c6ce25a2bada1a4d2d650f
21 Apr 2020 - 11:41:34 - Exit Number Logger - INFO: Exit number 3004 found for model d0465a1093e4aea95d8055b1140fdf9c
21 Apr 2020 - 12:31:18 - Exit Number Logger - INFO: Exit number 3004 found for model bae3fd5e68efbca4d967beea572d35ed
21 Apr 2020 - 12:33:15 - Exit Number Logger - INFO: Exit number 3004 found for model caf863a9c931d4c0f7f399b088ccda1f
21 Apr 2020 - 12:35:06 - Exit Number Logger - INFO: Exit number 3004 found for model c51ce410c124a10e0db5e4b97fc2af39
21 Apr 2020 - 13:19:25 - Exit Number Logger - INFO: Exit number 3004 found for model 4121ab03c09f703beb534ab74aa3c079
21 Apr 2020 - 13:35:05 - Exit Number Logger - INFO: Exit number 3004 found for model c61fb7fccb275c9cd6d8bc07961124d9
21 Apr 2020 - 13:42:03 - Exit Number Logger - INFO: Exit number 3004 found for model 808129a86d6803b0548a75514da9f368
21 Apr 2020 - 14:07:31 - Exit Number Logger - INFO: Exit number 3004 found for model 155e324ca4097a011622c70efc694e27
22 Apr 2020 - 08:41:07 - Exit Number Logger - INFO: Exit number 3004 found for model fdcfdfa8e85ce4b5f632ae0447b9d92e
22 Apr 2020 - 08:43:18 - Exit Number Logger - INFO: Exit number 3004 found for model ea9f942ffe8d1005764e26691bf7c4dd
22 Apr 2020 - 08:54:33 - Exit Number Logger - INFO: Exit number 3004 found for model 70efdf2ec9b086079795c442636b55fb
22 Apr 2020 - 11:34:02 - Exit Number Logger - INFO: Exit number 3004 found for model 151ab01ac758b350434946388ac8fd97
22 Apr 2020 - 11:34:30 - Exit Number Logger - INFO: Exit number 13 found for model 1728eef676a0a57c83e8931d059cece3
22 Apr 2020 - 11:34:30 - Exit Number Logger - ERROR: Model run unsuccessfully with exit number 13
22 Apr 2020 - 11:41:08 - Exit Number Logger - INFO: Exit number 3004 found for model 642fe7771d9fd15b473447cd498088a3
22 Apr 2020 - 11:41:48 - Exit Number Logger - INFO: Exit number 3004 found for model eb3190a85d85857f05565e213c1e7735
22 Apr 2020 - 11:47:49 - Exit Number Logger - INFO: Exit number 3004 found for model d74f47c0d492ded0e432954b1836a44f
22 Apr 2020 - 11:48:13 - Exit Number Logger - INFO: Exit number 3004 found for model b79b1d019a127d8a50bf878983b4879d
22 Apr 2020 - 11:48:43 - Exit Number Logger - INFO: Exit number 3004 found for model cfea4d081974298d8d10a0e9013aea7c
22 Apr 2020 - 11:51:18 - Exit Number Logger - INFO: Exit number 3004 found for model 27dcaaf344aff679ccf60f1ade62aeb4
22 Apr 2020 - 11:51:55 - Exit Number Logger - INFO: Exit number 3004 found for model 3474b06ad9adfb3d8387ce2f04e39767
22 Apr 2020 - 11:52:24 - Exit Number Logger - INFO: Exit number 3004 found for model 8c45860a62ec30b798e69ac67bf5a2bd
22 Apr 2020 - 14:16:08 - Exit Number Logger - INFO: Exit number 3004 found for model 14f8aa52c67003ac56fe0b1f79562b03
22 Apr 2020 - 14:28:38 - Exit Number Logger - INFO: Exit number 3004 found for model 21373df06c36c895ccf29cb313cc4cb6
22 Apr 2020 - 14:29:06 - Exit Number Logger - INFO: Exit number 3004 found for model 13416fefe75f1787f0bec8cdd089d006
22 Apr 2020 - 14:29:34 - Exit Number Logger - INFO: Exit number 3004 found for model fa6d1979be39d1a5264d062df418047d
22 Apr 2020 - 14:30:03 - Exit Number Logger - INFO: Exit number 3004 found for model dcc09ea8f4edccabafc683c9b0bc53ab
22 Apr 2020 - 14:30:31 - Exit Number Logger - INFO: Exit number 3004 found for model 26c842e3730bbd671218aed60bbd25a0
22 Apr 2020 - 17:40:37 - Exit Number Logger - INFO: Exit number 3004 found for model "grid_2855b5e28b770cdbd153419340c287d4.mud"
22 Apr 2020 - 17:41:05 - Exit Number Logger - INFO: Exit number 3004 found for model "grid_a7f1094c043ba2476f9e8f9982ff2514.mud"
22 Apr 2020 - 17:41:43 - Exit Number Logger - INFO: Exit number 3004 found for model "grid_bd9302238eb73e81084b2259543eb178.mud"
22 Apr 2020 - 17:42:13 - Exit Number Logger - INFO: Exit number 3004 found for model "grid_6dab401a8ac47618508c3d07417e9291.mud"
22 Apr 2020 - 17:42:41 - Exit Number Logger - INFO: Exit number 3004 found for model "grid_b504272c1ab7ce66918f0f3ed6b0e190.mud"
23 Apr 2020 - 15:16:19 - Exit Number Logger - INFO: Exit number 3004 found for model "grid_8f14e45fceea167a5a36dedd4bea2543.mud"
23 Apr 2020 - 15:17:08 - Exit Number Logger - INFO: Exit number 3004 found for model "grid_510f17f873b7aebb3c313e7d9ad0a933.mud"
23 Apr 2020 - 15:17:43 - Exit Number Logger - INFO: Exit number 3004 found for model "grid_ea9f942ffe8d1005764e26691bf7c4dd.mud"
23 Apr 2020 - 15:18:29 - Exit Number Logger - INFO: Exit number 3004 found for model "grid_d3f7e7c85c92498caddc320d27bcbc8b.mud"
23 Apr 2020 - 15:19:02 - Exit Number Logger - INFO: Exit number 3004 found for model "grid_372a29befc1d0142850b923761a456b7.mud"
24 Apr 2020 - 09:47:34 - Exit Number Logger - INFO: Exit number 3004 found for model "grid_aab3238922bcc25a6f606eb525ffdc56.mud"
24 Apr 2020 - 09:48:06 - Exit Number Logger - INFO: Exit number 3004 found for model "grid_e7504f99d03c754e1daae8d4e6147069.mud"
24 Apr 2020 - 09:48:34 - Exit Number Logger - INFO: Exit number 3004 found for model "grid_459274f054d63c0c8a5a65f9ec2b5bc0.mud"
24 Apr 2020 - 09:49:03 - Exit Number Logger - INFO: Exit number 3004 found for model "grid_05ac375305cdf49d65335c72d52b5a3e.mud"
24 Apr 2020 - 09:49:31 - Exit Number Logger - INFO: Exit number 3004 found for model "grid_c51ce410c124a10e0db5e4b97fc2af39.mud"
24 Apr 2020 - 12:49:10 - Exit Number Logger - INFO: Exit number 3004 found for model "grid_2a853a7cdfd80d15c74683cfa4136769.mud"
28 Apr 2020 - 09:14:40 - Exit Number Logger - INFO: Exit number 3004 found for model "grid_c42f8f19a511fa33ca8e54aaee68238d.mud"
28 Apr 2020 - 09:19:47 - Exit Number Logger - INFO: Exit number 3004 found for model "grid_bd9302238eb73e81084b2259543eb178.mud"
28 Apr 2020 - 09:34:27 - Exit Number Logger - INFO: Exit number 3004 found for model "grid_fe91e11e5da7bd11bbb7b01e8a45e6ef.mud"
28 Apr 2020 - 09:50:18 - Exit Number Logger - INFO: Exit number 3004 found for model "grid_f4b994dca1519f9a2e6169dc37ccf8b8.mud"
28 Apr 2020 - 16:55:57 - Exit Number Logger - INFO: Exit number 3004 found for model "grid_1c850e066a43a882eb958523c4913ee0.mud"
28 Apr 2020 - 16:59:48 - Exit Number Logger - INFO: Exit number 3004 found for model "grid_065b6fa5859b35ec3866a6aec0241d54.mud"
30 Apr 2020 - 11:28:18 - Exit Number Logger - INFO: Exit number 3004 found for model "grid_837ea347a41a4688c70e4448ef6d2779.mud"
30 Apr 2020 - 11:28:18 - Exit Number Logger - INFO: Exit number 3004 found for model "grid_837ea347a41a4688c70e4448ef6d2779.mud"
30 Apr 2020 - 11:28:18 - Exit Number Logger - INFO: Exit number 3004 found for model "grid_837ea347a41a4688c70e4448ef6d2779.mud"
30 Apr 2020 - 11:28:18 - Exit Number Logger - INFO: Exit number 3004 found for model "grid_837ea347a41a4688c70e4448ef6d2779.mud"
30 Apr 2020 - 11:30:39 - Exit Number Logger - INFO: Exit number 3004 found for model "grid_bd9302238eb73e81084b2259543eb178.mud"
30 Apr 2020 - 11:30:39 - Exit Number Logger - INFO: Exit number 3004 found for model "grid_bd9302238eb73e81084b2259543eb178.mud"
30 Apr 2020 - 11:30:39 - Exit Number Logger - INFO: Exit number 3004 found for model "grid_bd9302238eb73e81084b2259543eb178.mud"
30 Apr 2020 - 11:30:39 - Exit Number Logger - INFO: Exit number 3004 found for model "grid_bd9302238eb73e81084b2259543eb178.mud"
30 Apr 2020 - 11:30:39 - Exit Number Logger - INFO: Exit number 3004 found for model "grid_bd9302238eb73e81084b2259543eb178.mud"
30 Apr 2020 - 11:37:39 - Exit Number Logger - INFO: Exit number 3004 found for model "grid_fec440984ed75a559d63a099faf596b3.mud"
30 Apr 2020 - 11:37:39 - Exit Number Logger - INFO: Exit number 3004 found for model "grid_fec440984ed75a559d63a099faf596b3.mud"
30 Apr 2020 - 11:37:39 - Exit Number Logger - INFO: Exit number 3004 found for model "grid_fec440984ed75a559d63a099faf596b3.mud"
30 Apr 2020 - 11:37:39 - Exit Number Logger - INFO: Exit number 3004 found for model "grid_fec440984ed75a559d63a099faf596b3.mud"
30 Apr 2020 - 11:37:39 - Exit Number Logger - INFO: Exit number 3004 found for model "grid_fec440984ed75a559d63a099faf596b3.mud"
30 Apr 2020 - 11:37:39 - Exit Number Logger - INFO: Exit number 3004 found for model "grid_fec440984ed75a559d63a099faf596b3.mud"
30 Apr 2020 - 12:49:03 - Exit Number Logger - INFO: Exit number 3004 found for model "grid_510f17f873b7aebb3c313e7d9ad0a933.mud"
30 Apr 2020 - 12:49:03 - Exit Number Logger - INFO: Exit number 3004 found for model "grid_510f17f873b7aebb3c313e7d9ad0a933.mud"
30 Apr 2020 - 12:49:03 - Exit Number Logger - INFO: Exit number 3004 found for model "grid_510f17f873b7aebb3c313e7d9ad0a933.mud"
30 Apr 2020 - 12:49:03 - Exit Number Logger - INFO: Exit number 3004 found for model "grid_510f17f873b7aebb3c313e7d9ad0a933.mud"
30 Apr 2020 - 12:49:03 - Exit Number Logger - INFO: Exit number 3004 found for model "grid_510f17f873b7aebb3c313e7d9ad0a933.mud"
30 Apr 2020 - 12:49:03 - Exit Number Logger - INFO: Exit number 3004 found for model "grid_510f17f873b7aebb3c313e7d9ad0a933.mud"
30 Apr 2020 - 12:49:03 - Exit Number Logger - INFO: Exit number 3004 found for model "grid_510f17f873b7aebb3c313e7d9ad0a933.mud"
30 Apr 2020 - 12:49:03 - Exit Number Logger - INFO: Exit number 3004 found for model "grid_510f17f873b7aebb3c313e7d9ad0a933.mud"
30 Apr 2020 - 12:49:03 - Exit Number Logger - INFO: Exit number 3004 found for model "grid_510f17f873b7aebb3c313e7d9ad0a933.mud"
30 Apr 2020 - 13:24:40 - Exit Number Logger - INFO: Exit number 3004 found for model "grid_45c48cce2e2d7fbdea1afc51c7c6ad26.mud"
30 Apr 2020 - 13:24:40 - Exit Number Logger - INFO: Exit number 3004 found for model "grid_45c48cce2e2d7fbdea1afc51c7c6ad26.mud"
30 Apr 2020 - 13:24:40 - Exit Number Logger - INFO: Exit number 3004 found for model "grid_45c48cce2e2d7fbdea1afc51c7c6ad26.mud"
30 Apr 2020 - 13:24:40 - Exit Number Logger - INFO: Exit number 3004 found for model "grid_45c48cce2e2d7fbdea1afc51c7c6ad26.mud"
30 Apr 2020 - 13:24:40 - Exit Number Logger - INFO: Exit number 3004 found for model "grid_45c48cce2e2d7fbdea1afc51c7c6ad26.mud"
30 Apr 2020 - 13:24:40 - Exit Number Logger - INFO: Exit number 3004 found for model "grid_45c48cce2e2d7fbdea1afc51c7c6ad26.mud"
30 Apr 2020 - 13:24:40 - Exit Number Logger - INFO: Exit number 3004 found for model "grid_45c48cce2e2d7fbdea1afc51c7c6ad26.mud"
30 Apr 2020 - 13:24:40 - Exit Number Logger - INFO: Exit number 3004 found for model "grid_45c48cce2e2d7fbdea1afc51c7c6ad26.mud"
30 Apr 2020 - 13:24:40 - Exit Number Logger - INFO: Exit number 3004 found for model "grid_45c48cce2e2d7fbdea1afc51c7c6ad26.mud"
30 Apr 2020 - 13:24:40 - Exit Number Logger - INFO: Exit number 3004 found for model "grid_45c48cce2e2d7fbdea1afc51c7c6ad26.mud"
30 Apr 2020 - 13:24:40 - Exit Number Logger - INFO: Exit number 3004 found for model "grid_45c48cce2e2d7fbdea1afc51c7c6ad26.mud"
30 Apr 2020 - 13:24:40 - Exit Number Logger - INFO: Exit number 3004 found for model "grid_45c48cce2e2d7fbdea1afc51c7c6ad26.mud"
30 Apr 2020 - 17:09:25 - Exit Number Logger - INFO: Exit number 3004 found for model "grid_ed1c883d04e4c31c06550906636e2a8e.mud"
30 Apr 2020 - 17:09:25 - Exit Number Logger - INFO: Exit number 3004 found for model "grid_ed1c883d04e4c31c06550906636e2a8e.mud"
30 Apr 2020 - 17:09:25 - Exit Number Logger - INFO: Exit number 3004 found for model "grid_ed1c883d04e4c31c06550906636e2a8e.mud"
30 Apr 2020 - 17:09:25 - Exit Number Logger - INFO: Exit number 3004 found for model "grid_ed1c883d04e4c31c06550906636e2a8e.mud"
30 Apr 2020 - 17:09:25 - Exit Number Logger - INFO: Exit number 3004 found for model "grid_ed1c883d04e4c31c06550906636e2a8e.mud"
30 Apr 2020 - 17:11:27 - Exit Number Logger - INFO: Exit number 3004 found for model "grid_6767d1bbf85d5c01ffaa9d30663c849a.mud"
30 Apr 2020 - 17:11:27 - Exit Number Logger - INFO: Exit number 3004 found for model "grid_6767d1bbf85d5c01ffaa9d30663c849a.mud"
30 Apr 2020 - 17:11:27 - Exit Number Logger - INFO: Exit number 3004 found for model "grid_6767d1bbf85d5c01ffaa9d30663c849a.mud"
30 Apr 2020 - 17:11:27 - Exit Number Logger - INFO: Exit number 3004 found for model "grid_6767d1bbf85d5c01ffaa9d30663c849a.mud"
30 Apr 2020 - 17:11:27 - Exit Number Logger - INFO: Exit number 3004 found for model "grid_6767d1bbf85d5c01ffaa9d30663c849a.mud"
30 Apr 2020 - 17:11:27 - Exit Number Logger - INFO: Exit number 3004 found for model "grid_6767d1bbf85d5c01ffaa9d30663c849a.mud"
01 May 2020 - 11:11:17 - Exit Number Logger - INFO: Exit number 3004 found for model "grid_45c0d6996cb45b385b8fc5f467d289e4.mud"
01 May 2020 - 11:11:17 - Exit Number Logger - INFO: Exit number 3004 found for model "grid_45c0d6996cb45b385b8fc5f467d289e4.mud"
01 May 2020 - 11:39:01 - Exit Number Logger - INFO: Exit number 3004 found for model "grid_2a9c12a5eff05d8ee0c0652f2253f450.mud"
01 May 2020 - 11:39:01 - Exit Number Logger - INFO: Exit number 3004 found for model "grid_2a9c12a5eff05d8ee0c0652f2253f450.mud"
01 May 2020 - 11:46:22 - Exit Number Logger - INFO: Exit number 3004 found for model "grid_1cf1a70fc9639a47a6f228abf6049eff.mud"
01 May 2020 - 11:46:22 - Exit Number Logger - INFO: Exit number 3004 found for model "grid_1cf1a70fc9639a47a6f228abf6049eff.mud"
01 May 2020 - 12:21:40 - Exit Number Logger - INFO: Exit number 3004 found for model "grid_38f4955fc6d3fd060854076f2d7255f9.mud"
01 May 2020 - 12:21:40 - Exit Number Logger - INFO: Exit number 3004 found for model "grid_38f4955fc6d3fd060854076f2d7255f9.mud"
01 May 2020 - 12:46:55 - Exit Number Logger - INFO: Exit number 3004 found for model "grid_91c38b8454cc1712b2237837c67cd5d4.mud"
01 May 2020 - 12:46:55 - Exit Number Logger - INFO: Exit number 3004 found for model "grid_91c38b8454cc1712b2237837c67cd5d4.mud"
01 May 2020 - 12:55:56 - Exit Number Logger - INFO: Exit number 3004 found for model "grid_8f14e45fceea167a5a36dedd4bea2543.mud"
01 May 2020 - 12:55:56 - Exit Number Logger - INFO: Exit number 3004 found for model "grid_8f14e45fceea167a5a36dedd4bea2543.mud"
04 May 2020 - 09:53:34 - Exit Number Logger - INFO: Exit number 3004 found for model "grid_6e32a6aee53f5c7cc862bac59a72c815.mud"
04 May 2020 - 09:56:01 - Exit Number Logger - INFO: Exit number 3004 found for model "grid_00cb111923828a96358c0be37226ae60.mud"
04 May 2020 - 10:12:24 - Exit Number Logger - INFO: Exit number 3004 found for model "grid_112ec2019a41e71ef78f2339a8484eae.mud"
04 May 2020 - 12:31:49 - Exit Number Logger - INFO: Exit number 3004 found for model "grid_d3a2cbbf9c4ef5768ec492819e3b4f88.mud"
04 May 2020 - 12:32:31 - Exit Number Logger - INFO: Exit number 3004 found for model "grid_67b1802919b86212d952ccf6e600ac69.mud"
04 May 2020 - 12:33:08 - Exit Number Logger - INFO: Exit number 3004 found for model "grid_ca0083b8eda881149412fa6f1411d4c4.mud"
04 May 2020 - 12:46:50 - Exit Number Logger - INFO: Exit number 3004 found for model "grid_c4e016f07719bd15d222ba465b447302.mud"
04 May 2020 - 12:47:18 - Exit Number Logger - INFO: Exit number 3004 found for model "grid_a8abdf6ea7b48c94c59ebbc89c0e1151.mud"
04 May 2020 - 12:48:01 - Exit Number Logger - INFO: Exit number 3004 found for model "grid_14f8aa52c67003ac56fe0b1f79562b03.mud"
04 May 2020 - 12:50:09 - Exit Number Logger - INFO: Exit number 3004 found for model "grid_8f14e45fceea167a5a36dedd4bea2543.mud"
04 May 2020 - 12:50:39 - Exit Number Logger - INFO: Exit number 3004 found for model "grid_8342b3110246cb426b62780bedeeb0cf.mud"
04 May 2020 - 12:51:08 - Exit Number Logger - INFO: Exit number 3004 found for model "grid_c13285cb4ea2186357c21a5619beb2f4.mud"
04 May 2020 - 12:56:53 - Exit Number Logger - INFO: Exit number 3004 found for model "grid_9cdc7ff30f937e298724802f8efe52aa.mud"
04 May 2020 - 12:57:32 - Exit Number Logger - INFO: Exit number 3004 found for model "grid_0712db5b83eb2f28ae18a94d225e30ba.mud"
04 May 2020 - 12:58:02 - Exit Number Logger - INFO: Exit number 3004 found for model "grid_510f17f873b7aebb3c313e7d9ad0a933.mud"
04 May 2020 - 13:09:28 - Exit Number Logger - INFO: Exit number 3004 found for model "grid_4fb6a1cab68ba66a8df0402a20555984.mud"
04 May 2020 - 13:09:57 - Exit Number Logger - INFO: Exit number 3004 found for model "grid_afeed8aac73686e8773e624562a4aed3.mud"
04 May 2020 - 13:10:26 - Exit Number Logger - INFO: Exit number 3004 found for model "grid_aab3238922bcc25a6f606eb525ffdc56.mud"
04 May 2020 - 15:29:54 - Exit Number Logger - INFO: Exit number 3004 found for model "grid_c9f0f895fb98ab9159f51fd0297e236d.mud"
04 May 2020 - 15:30:29 - Exit Number Logger - INFO: Exit number 3004 found for model "grid_063d147b69f38fb7c106a2a8b3257acb.mud"
04 May 2020 - 15:31:19 - Exit Number Logger - INFO: Exit number 3004 found for model "grid_6f4922f45568161a8cdf4ad2299f6d23.mud"
04 May 2020 - 15:34:00 - Exit Number Logger - INFO: Exit number 3004 found for model "grid_e37407c23cb2fa9c55e270085a6e2aa8.mud"
04 May 2020 - 15:34:42 - Exit Number Logger - INFO: Exit number 3004 found for model "grid_ea9f942ffe8d1005764e26691bf7c4dd.mud"
04 May 2020 - 15:35:14 - Exit Number Logger - INFO: Exit number 3004 found for model "grid_fec440984ed75a559d63a099faf596b3.mud"
04 May 2020 - 16:45:16 - Exit Number Logger - INFO: Exit number 3004 found for model "grid_0537fc001b51918c04d9880334004836.mud"
04 May 2020 - 16:47:38 - Exit Number Logger - INFO: Exit number 3004 found for model "grid_22b81d2becabb5ff9f55ebb44b1100ab.mud"
04 May 2020 - 16:48:19 - Exit Number Logger - INFO: Exit number 3004 found for model "grid_6f4922f45568161a8cdf4ad2299f6d23.mud"
04 May 2020 - 16:48:54 - Exit Number Logger - INFO: Exit number 3004 found for model "grid_0712db5b83eb2f28ae18a94d225e30ba.mud"
