Marc Mentat (C)Copyright 1994-2019, MSC Software Corporation, all rights reserved
Command > *open_model "c:\users\naude conradie\desktop\repository\masters-project\models\marcmentat\element_7_8_9_12_13_14_17_18_19.mud"
File has been written by Mentat 2019.
Model file c:\users\naude conradie\desktop\repository\masters-project\models\marcmentat\element_7_8_9_12_13_14_17_18_19.mud opened for reading.
Model c:\users\naude conradie\desktop\repository\masters-project\models\marcmentat\element_7_8_9_12_13_14_17_18_19 opened.
Command > *fill_view
WARNING: Connection to the license server has been lost.
WARNING: Cannot connect to the license server. (1)
WARNING: Cannot connect to the license server. (2)
WARNING: Cannot connect to the license server. (3)
WARNING: Cannot connect to the license server. (4)
WARNING: Cannot connect to the license server. (5)
WARNING: Cannot connect to the license server. (6)
WARNING: Cannot connect to the license server. (7)
WARNING: Cannot connect to the license server. (8)
WARNING: Cannot connect to the license server. (9)
WARNING: Cannot connect to the license server. (10)
WARNING: Cannot connect to the license server. (11)
WARNING: Cannot connect to the license server. (12)
WARNING: Cannot connect to the license server. (13)
WARNING: Cannot connect to the license server. (14)
WARNING: Cannot connect to the license server. (15)
WARNING: Cannot connect to the license server. (16)
WARNING: Cannot connect to the license server. (17)
WARNING: Cannot connect to the license server. (18)
WARNING: Cannot connect to the license server. (19)
WARNING: Cannot connect to the license server. (20)
WARNING: Cannot connect to the license server. (21)
WARNING: Cannot connect to the license server. (22)
WARNING: Cannot connect to the license server. (23)
WARNING: Cannot connect to the license server. (24)
WARNING: Cannot connect to the license server. (25)
WARNING: Cannot connect to the license server. (26)
WARNING: Cannot connect to the license server. (27)
WARNING: Cannot connect to the license server. (28)
WARNING: Cannot connect to the license server. (29)
WARNING: Cannot connect to the license server. (30)
WARNING: Cannot connect to the license server. (31)
WARNING: Cannot connect to the license server. (32)
WARNING: Cannot connect to the license server. (33)
WARNING: Cannot connect to the license server. (34)
WARNING: Cannot connect to the license server. (35)
WARNING: Cannot connect to the license server. (36)
WARNING: Cannot connect to the license server. (37)
WARNING: Cannot connect to the license server. (38)
WARNING: Cannot connect to the license server. (39)
WARNING: Cannot connect to the license server. (40)
WARNING: Cannot connect to the license server. (41)
WARNING: Cannot connect to the license server. (42)
WARNING: Cannot connect to the license server. (43)
WARNING: Cannot connect to the license server. (44)
WARNING: Cannot connect to the license server. (45)
WARNING: Cannot connect to the license server. (46)
WARNING: Cannot connect to the license server. (47)
WARNING: Cannot connect to the license server. (48)
WARNING: Cannot connect to the license server. (49)
WARNING: Cannot connect to the license server. (50)
WARNING: Cannot connect to the license server. (51)
WARNING: Cannot connect to the license server. (52)
WARNING: Cannot connect to the license server. (53)
WARNING: Cannot connect to the license server. (54)
WARNING: Cannot connect to the license server. (55)
WARNING: Cannot connect to the license server. (56)
WARNING: Cannot connect to the license server. (57)
WARNING: Cannot connect to the license server. (58)
WARNING: Cannot connect to the license server. (59)
WARNING: Cannot connect to the license server. (60)
WARNING: Cannot connect to the license server. (61)
WARNING: Cannot connect to the license server. (62)
WARNING: Cannot connect to the license server. (63)
WARNING: Cannot connect to the license server. (64)
WARNING: Cannot connect to the license server. (65)
WARNING: Cannot connect to the license server. (66)
WARNING: Cannot connect to the license server. (67)
WARNING: Cannot connect to the license server. (68)
WARNING: Cannot connect to the license server. (69)
WARNING: Cannot connect to the license server. (70)
WARNING: Cannot connect to the license server. (71)
WARNING: Cannot connect to the license server. (72)
WARNING: Cannot connect to the license server. (73)
WARNING: Cannot connect to the license server. (74)
WARNING: Cannot connect to the license server. (75)
WARNING: Cannot connect to the license server. (76)
WARNING: Cannot connect to the license server. (77)
WARNING: Cannot connect to the license server. (78)
WARNING: Cannot connect to the license server. (79)
WARNING: Cannot connect to the license server. (80)
WARNING: Cannot connect to the license server. (81)
WARNING: Cannot connect to the license server. (82)
WARNING: Cannot connect to the license server. (83)
WARNING: Cannot connect to the license server. (84)
WARNING: Cannot connect to the license server. (85)
WARNING: Cannot connect to the license server. (86)
WARNING: Cannot connect to the license server. (87)
WARNING: Cannot connect to the license server. (88)
WARNING: Cannot connect to the license server. (89)
WARNING: Cannot connect to the license server. (90)
WARNING: Cannot connect to the license server. (91)
WARNING: Cannot connect to the license server. (92)
WARNING: Cannot connect to the license server. (93)
WARNING: Cannot connect to the license server. (94)
WARNING: Cannot connect to the license server. (95)
WARNING: Cannot connect to the license server. (96)
WARNING: Cannot connect to the license server. (97)
WARNING: Cannot connect to the license server. (98)
WARNING: Cannot connect to the license server. (99)
WARNING: Cannot connect to the license server. (100)
WARNING: Cannot connect to the license server. (101)
WARNING: Cannot connect to the license server. (102)
WARNING: Cannot connect to the license server. (103)
WARNING: Cannot connect to the license server. (104)
WARNING: Cannot connect to the license server. (105)
WARNING: Cannot connect to the license server. (106)
WARNING: Cannot connect to the license server. (107)
WARNING: Cannot connect to the license server. (108)
WARNING: Cannot connect to the license server. (109)
WARNING: Cannot connect to the license server. (110)
WARNING: Cannot connect to the license server. (111)
WARNING: Cannot connect to the license server. (112)
WARNING: Cannot connect to the license server. (113)
WARNING: Cannot connect to the license server. (114)
WARNING: Cannot connect to the license server. (115)
WARNING: Cannot connect to the license server. (116)
WARNING: Cannot connect to the license server. (117)
WARNING: Cannot connect to the license server. (118)
WARNING: Cannot connect to the license server. (119)
WARNING: Cannot connect to the license server. (120)
WARNING: Cannot connect to the license server. (121)
WARNING: Cannot connect to the license server. (122)
WARNING: Cannot connect to the license server. (123)
WARNING: Cannot connect to the license server. (124)
WARNING: Cannot connect to the license server. (125)
WARNING: Cannot connect to the license server. (126)
WARNING: Cannot connect to the license server. (127)
WARNING: Cannot connect to the license server. (128)
WARNING: Cannot connect to the license server. (129)
WARNING: Cannot connect to the license server. (130)
WARNING: Cannot connect to the license server. (131)
WARNING: Cannot connect to the license server. (132)
WARNING: Cannot connect to the license server. (133)
WARNING: Cannot connect to the license server. (134)
WARNING: Cannot connect to the license server. (135)
WARNING: Cannot connect to the license server. (136)
WARNING: Cannot connect to the license server. (137)
WARNING: Cannot connect to the license server. (138)
WARNING: Cannot connect to the license server. (139)
WARNING: Cannot connect to the license server. (140)
WARNING: Cannot connect to the license server. (141)
WARNING: Cannot connect to the license server. (142)
WARNING: Cannot connect to the license server. (143)
WARNING: Cannot connect to the license server. (144)
WARNING: Cannot connect to the license server. (145)
WARNING: Cannot connect to the license server. (146)
WARNING: Cannot connect to the license server. (147)
WARNING: Cannot connect to the license server. (148)
WARNING: Cannot connect to the license server. (149)
WARNING: Cannot connect to the license server. (150)
WARNING: Cannot connect to the license server. (151)
WARNING: Cannot connect to the license server. (152)
WARNING: Cannot connect to the license server. (153)
WARNING: Cannot connect to the license server. (154)
WARNING: Cannot connect to the license server. (155)
WARNING: Cannot connect to the license server. (156)
WARNING: Cannot connect to the license server. (157)
WARNING: Cannot connect to the license server. (158)
WARNING: Cannot connect to the license server. (159)
WARNING: Cannot connect to the license server. (160)
WARNING: Cannot connect to the license server. (161)
WARNING: Cannot connect to the license server. (162)
WARNING: Cannot connect to the license server. (163)
WARNING: Cannot connect to the license server. (164)
WARNING: Cannot connect to the license server. (165)
WARNING: Cannot connect to the license server. (166)
WARNING: Cannot connect to the license server. (167)
WARNING: Cannot connect to the license server. (168)
WARNING: Cannot connect to the license server. (169)
WARNING: Cannot connect to the license server. (170)
WARNING: Cannot connect to the license server. (171)
WARNING: Cannot connect to the license server. (172)
WARNING: Cannot connect to the license server. (173)
WARNING: Cannot connect to the license server. (174)
WARNING: Cannot connect to the license server. (175)
WARNING: Cannot connect to the license server. (176)
WARNING: Cannot connect to the license server. (177)
WARNING: Cannot connect to the license server. (178)
WARNING: Cannot connect to the license server. (179)
WARNING: Cannot connect to the license server. (180)
WARNING: Cannot connect to the license server. (181)
WARNING: Cannot connect to the license server. (182)
WARNING: Cannot connect to the license server. (183)
WARNING: Cannot connect to the license server. (184)
WARNING: Cannot connect to the license server. (185)
WARNING: Cannot connect to the license server. (186)
WARNING: Cannot connect to the license server. (187)
WARNING: Cannot connect to the license server. (188)
WARNING: Cannot connect to the license server. (189)
WARNING: Cannot connect to the license server. (190)
WARNING: Cannot connect to the license server. (191)
WARNING: Cannot connect to the license server. (192)
WARNING: Cannot connect to the license server. (193)
WARNING: Cannot connect to the license server. (194)
WARNING: Cannot connect to the license server. (195)
WARNING: Cannot connect to the license server. (196)
WARNING: Cannot connect to the license server. (197)
WARNING: Cannot connect to the license server. (198)
WARNING: Cannot connect to the license server. (199)
WARNING: Cannot connect to the license server. (200)
WARNING: Cannot connect to the license server. (201)
WARNING: Cannot connect to the license server. (202)
WARNING: Cannot connect to the license server. (203)
WARNING: Cannot connect to the license server. (204)
WARNING: Cannot connect to the license server. (205)
WARNING: Cannot connect to the license server. (206)
WARNING: Cannot connect to the license server. (207)
WARNING: Cannot connect to the license server. (208)
WARNING: Cannot connect to the license server. (209)
WARNING: Cannot connect to the license server. (210)
WARNING: Cannot connect to the license server. (211)
WARNING: Cannot connect to the license server. (212)
WARNING: Cannot connect to the license server. (213)
WARNING: Cannot connect to the license server. (214)
