17 Apr 2020 - 10:48:02 - Model Logger - INFO: Existing model "grid_5x5.mud" opened
17 Apr 2020 - 10:48:02 - Model Logger - INFO: 9 internal elements found
17 Apr 2020 - 10:48:03 - Model Logger - INFO: Removed the following elements randomly from the grid:
17 Apr 2020 - 10:48:03 - Model Logger - INFO: 7,8,12,14,17,18,19
17 Apr 2020 - 10:48:03 - Model Logger - WARNING: 1 free element cluster found!
17 Apr 2020 - 10:48:03 - Model Logger - INFO: Removed the following free elements from the grid:
17 Apr 2020 - 10:48:03 - Model Logger - INFO: 13
17 Apr 2020 - 10:48:03 - Model Logger - INFO: Model "grid_7_8_12_13_14_17_18_19.mud" saved
17 Apr 2020 - 10:48:08 - Model Logger - INFO: Job run in 5.144562s
17 Apr 2020 - 10:48:31 - Model Logger - INFO: Model run successfully
17 Apr 2020 - 10:48:31 - Model Logger - INFO: Results generated in approximately 23.045996s
17 Apr 2020 - 10:48:32 - Model Logger - INFO: Results analysed and stored
17 Apr 2020 - 11:04:43 - Model Logger - INFO: 5x5 element grid created
17 Apr 2020 - 11:04:45 - Model Logger - INFO: Model "grid_5x5.mud" saved
17 Apr 2020 - 11:04:45 - Model Logger - INFO: 9 internal elements found
17 Apr 2020 - 11:04:45 - Model Logger - INFO: Removed the following elements randomly from the grid:
17 Apr 2020 - 11:04:45 - Model Logger - INFO: 7,8,9
17 Apr 2020 - 11:04:45 - Model Logger - INFO: No free element clusters found
17 Apr 2020 - 11:04:45 - Model Logger - INFO: Model "grid_7_8_9.mud" saved
17 Apr 2020 - 11:04:50 - Model Logger - INFO: Job run in 5.239975s
17 Apr 2020 - 11:19:07 - Model Logger - INFO: 5x5 element grid created
17 Apr 2020 - 11:19:09 - Model Logger - INFO: Model "grid_5x5.mud" saved
17 Apr 2020 - 11:19:09 - Model Logger - INFO: 9 internal elements found
17 Apr 2020 - 11:19:09 - Model Logger - INFO: Removed the following elements randomly from the grid:
17 Apr 2020 - 11:19:09 - Model Logger - INFO: 9,12,13
17 Apr 2020 - 11:19:09 - Model Logger - INFO: No free element clusters found
17 Apr 2020 - 11:19:09 - Model Logger - INFO: Model "grid_9_12_13.mud" saved
17 Apr 2020 - 11:19:14 - Model Logger - INFO: Job run in 5.416953s
17 Apr 2020 - 11:46:00 - Model Logger - INFO: 5x5 element grid created
17 Apr 2020 - 11:46:02 - Model Logger - INFO: Model "grid_5x5.mud" saved
17 Apr 2020 - 11:46:02 - Model Logger - INFO: 9 internal elements found
17 Apr 2020 - 11:46:02 - Model Logger - INFO: Removed the following elements randomly from the grid:
17 Apr 2020 - 11:46:02 - Model Logger - INFO: 9,18
17 Apr 2020 - 11:46:02 - Model Logger - INFO: No free element clusters found
17 Apr 2020 - 11:46:02 - Model Logger - INFO: Model "grid_9_18.mud" saved
17 Apr 2020 - 11:46:07 - Model Logger - INFO: Job run in 5.258062s
17 Apr 2020 - 11:51:26 - Model Logger - INFO: 5x5 element grid created
17 Apr 2020 - 11:51:28 - Model Logger - INFO: Model "grid_5x5.mud" saved
17 Apr 2020 - 11:57:55 - Model Logger - INFO: 5x5 element grid created
17 Apr 2020 - 11:57:57 - Model Logger - INFO: Model "grid_5x5.mud" saved
17 Apr 2020 - 11:58:14 - Model Logger - INFO: Existing model "grid_5x5.mud" opened
17 Apr 2020 - 11:58:14 - Model Logger - INFO: 9 internal elements found
17 Apr 2020 - 11:58:15 - Model Logger - INFO: Removed the following elements randomly from the grid:
17 Apr 2020 - 11:58:15 - Model Logger - INFO: 8,9,12,13,14,18,19
17 Apr 2020 - 11:58:15 - Model Logger - INFO: No free element clusters found
17 Apr 2020 - 11:58:15 - Model Logger - INFO: Model "grid_8_9_12_13_14_18_19.mud" saved
17 Apr 2020 - 11:58:20 - Model Logger - INFO: Job run in 5.107061s
17 Apr 2020 - 11:58:42 - Model Logger - INFO: Model run successfully
17 Apr 2020 - 11:58:42 - Model Logger - INFO: Results generated in approximately 22.061501s
17 Apr 2020 - 11:58:43 - Model Logger - INFO: Results analysed and stored
17 Apr 2020 - 12:01:07 - Model Logger - INFO: Existing model "grid_5x5.mud" opened
17 Apr 2020 - 12:01:07 - Model Logger - INFO: 9 internal elements found
17 Apr 2020 - 12:01:07 - Model Logger - INFO: Removed the following elements randomly from the grid:
17 Apr 2020 - 12:01:07 - Model Logger - INFO: 8,9,12,13,14,17,18
17 Apr 2020 - 12:01:07 - Model Logger - INFO: No free element clusters found
17 Apr 2020 - 12:01:08 - Model Logger - INFO: Model "grid_8_9_12_13_14_17_18.mud" saved
17 Apr 2020 - 12:01:13 - Model Logger - INFO: Job run in 5.108049s
17 Apr 2020 - 12:01:35 - Model Logger - INFO: Model run successfully
17 Apr 2020 - 12:01:35 - Model Logger - INFO: Results generated in approximately 22.050620s
17 Apr 2020 - 12:02:56 - Model Logger - INFO: Existing model "grid_5x5.mud" opened
17 Apr 2020 - 12:02:56 - Model Logger - INFO: 9 internal elements found
17 Apr 2020 - 12:02:56 - Model Logger - INFO: Removed the following elements randomly from the grid:
17 Apr 2020 - 12:02:56 - Model Logger - INFO: 8
17 Apr 2020 - 12:02:56 - Model Logger - INFO: No free element clusters found
17 Apr 2020 - 12:02:56 - Model Logger - INFO: Model "grid_8.mud" saved
17 Apr 2020 - 12:03:01 - Model Logger - INFO: Job run in 5.104093s
17 Apr 2020 - 12:03:23 - Model Logger - INFO: Model run successfully
17 Apr 2020 - 12:03:23 - Model Logger - INFO: Results generated in approximately 22.049699s
17 Apr 2020 - 12:03:24 - Model Logger - INFO: Results analysed and stored
17 Apr 2020 - 12:04:30 - Model Logger - INFO: Existing model "grid_5x5.mud" opened
17 Apr 2020 - 12:04:30 - Model Logger - INFO: 9 internal elements found
17 Apr 2020 - 12:04:30 - Model Logger - INFO: Removed the following elements randomly from the grid:
17 Apr 2020 - 12:04:30 - Model Logger - INFO: 8,9,12,13,18,19
17 Apr 2020 - 12:04:30 - Model Logger - INFO: No free element clusters found
17 Apr 2020 - 12:04:30 - Model Logger - INFO: Model "grid_8_9_12_13_18_19.mud" saved
17 Apr 2020 - 12:04:36 - Model Logger - INFO: Job run in 5.110069s
17 Apr 2020 - 12:04:57 - Model Logger - INFO: Model run successfully
17 Apr 2020 - 12:04:57 - Model Logger - INFO: Results generated in approximately 21.044049s
17 Apr 2020 - 12:04:57 - Model Logger - INFO: Results analysed and stored
17 Apr 2020 - 12:06:26 - Model Logger - INFO: Existing model "grid_5x5.mud" opened
17 Apr 2020 - 12:06:26 - Model Logger - INFO: 9 internal elements found
17 Apr 2020 - 12:06:26 - Model Logger - INFO: Removed the following elements randomly from the grid:
17 Apr 2020 - 12:06:26 - Model Logger - INFO: 8,12,17
17 Apr 2020 - 12:06:26 - Model Logger - INFO: No free element clusters found
17 Apr 2020 - 12:06:26 - Model Logger - INFO: Model "grid_8_12_17.mud" saved
17 Apr 2020 - 12:06:31 - Model Logger - INFO: Job run in 5.105061s
17 Apr 2020 - 12:06:53 - Model Logger - INFO: Model run successfully
17 Apr 2020 - 12:06:53 - Model Logger - INFO: Results generated in approximately 22.052534s
17 Apr 2020 - 12:06:54 - Model Logger - INFO: Results analysed and stored
17 Apr 2020 - 12:38:14 - Model Logger - INFO: 5x5 element grid created
17 Apr 2020 - 12:38:16 - Model Logger - INFO: Model "grid_5x5.mud" saved
17 Apr 2020 - 12:38:16 - Model Logger - INFO: 9 internal elements found
17 Apr 2020 - 12:38:16 - Model Logger - INFO: Removed the following elements randomly from the grid:
17 Apr 2020 - 12:38:16 - Model Logger - INFO: 7,8,9,12,17,18,19
17 Apr 2020 - 12:38:16 - Model Logger - INFO: No free element clusters found
17 Apr 2020 - 12:38:16 - Model Logger - INFO: Model "grid_7_8_9_12_17_18_19.mud" saved
17 Apr 2020 - 12:38:22 - Model Logger - INFO: Job run in 5.320948s
17 Apr 2020 - 12:38:45 - Model Logger - INFO: Model run successfully
17 Apr 2020 - 12:38:45 - Model Logger - INFO: Results generated in approximately 23.071084s
17 Apr 2020 - 12:38:46 - Model Logger - INFO: Results analysed and stored
17 Apr 2020 - 12:58:05 - Model Logger - INFO: Existing model "grid_5x5.mud" opened
17 Apr 2020 - 12:58:05 - Model Logger - INFO: 9 internal elements found
17 Apr 2020 - 12:58:06 - Model Logger - INFO: Removed the following elements from the grid:
17 Apr 2020 - 12:58:06 - Model Logger - INFO: 8,12,13,14,17,18,19
17 Apr 2020 - 12:58:06 - Model Logger - INFO: No free element clusters found
17 Apr 2020 - 12:58:06 - Model Logger - INFO: Model "grid_8_12_13_14_17_18_19.mud" saved
17 Apr 2020 - 12:58:11 - Model Logger - INFO: Job run in 5.114065s
17 Apr 2020 - 12:58:34 - Model Logger - INFO: Model run successfully
17 Apr 2020 - 12:58:34 - Model Logger - INFO: Results generated in approximately 23.060207s
17 Apr 2020 - 12:58:35 - Model Logger - INFO: Results analysed and stored
17 Apr 2020 - 13:26:08 - Model Logger - INFO: Existing model "grid_5x5.mud" opened
17 Apr 2020 - 13:26:08 - Model Logger - INFO: 9 internal elements found
17 Apr 2020 - 13:26:08 - Model Logger - INFO: Removed the following elements from the grid:
17 Apr 2020 - 13:26:08 - Model Logger - INFO: 7,8,13,19
17 Apr 2020 - 13:26:08 - Model Logger - INFO: No free element clusters found
17 Apr 2020 - 13:27:35 - Model Logger - INFO: Existing model "grid_5x5.mud" opened
17 Apr 2020 - 13:27:35 - Model Logger - INFO: 9 internal elements found
17 Apr 2020 - 13:27:35 - Model Logger - INFO: Removed the following elements from the grid:
17 Apr 2020 - 13:27:35 - Model Logger - INFO: 8
17 Apr 2020 - 13:27:35 - Model Logger - INFO: No free element clusters found
17 Apr 2020 - 13:27:36 - Model Logger - INFO: Model "grid_c9f0f895fb98ab9159f51fd0297e236d.mud" saved
17 Apr 2020 - 13:27:41 - Model Logger - INFO: Job run in 5.185069s
17 Apr 2020 - 13:28:06 - Model Logger - INFO: Model run successfully
17 Apr 2020 - 13:28:06 - Model Logger - INFO: Results generated in approximately 25.069982s
17 Apr 2020 - 13:28:07 - Model Logger - INFO: Results analysed and stored
17 Apr 2020 - 14:00:26 - Model Logger - INFO: Existing model "grid_5x5.mud" opened
17 Apr 2020 - 14:00:26 - Model Logger - INFO: 9 internal elements found
17 Apr 2020 - 14:00:26 - Model Logger - INFO: Removed the following elements from the grid:
17 Apr 2020 - 14:00:26 - Model Logger - INFO: 7,14,18
17 Apr 2020 - 14:00:26 - Model Logger - INFO: No free element clusters found
17 Apr 2020 - 14:00:26 - Model Logger - INFO: Model "grid_66221e34943ce22971bc7e4e5b838b3c.mud" saved
17 Apr 2020 - 14:00:32 - Model Logger - INFO: Job run in 5.128058s
17 Apr 2020 - 14:00:54 - Model Logger - INFO: Model run successfully
17 Apr 2020 - 14:00:54 - Model Logger - INFO: Results generated in approximately 22.058678s
17 Apr 2020 - 14:00:55 - Model Logger - INFO: Results analysed and stored
17 Apr 2020 - 14:02:37 - Model Logger - INFO: Existing model "grid_5x5.mud" opened
17 Apr 2020 - 14:02:37 - Model Logger - INFO: 9 internal elements found
17 Apr 2020 - 14:02:37 - Model Logger - INFO: Removed the following elements from the grid:
17 Apr 2020 - 14:02:37 - Model Logger - INFO: 7,8,9,14,18
17 Apr 2020 - 14:02:37 - Model Logger - INFO: No free element clusters found
17 Apr 2020 - 14:02:37 - Model Logger - INFO: Model "grid_f8791c232dacf8406625d79848e3763a.mud" saved
17 Apr 2020 - 14:02:42 - Model Logger - INFO: Job run in 5.102070s
17 Apr 2020 - 14:03:04 - Model Logger - INFO: Model run successfully
17 Apr 2020 - 14:03:04 - Model Logger - INFO: Results generated in approximately 22.058794s
17 Apr 2020 - 14:03:05 - Model Logger - INFO: Results analysed and stored
17 Apr 2020 - 16:55:08 - Model Logger - INFO: Existing model "grid_5x5.mud" opened
17 Apr 2020 - 16:55:08 - Model Logger - INFO: 9 internal elements found
17 Apr 2020 - 16:55:08 - Model Logger - INFO: Removed the following elements from the grid:
17 Apr 2020 - 16:55:08 - Model Logger - INFO: 7,9
17 Apr 2020 - 16:55:08 - Model Logger - INFO: No free element clusters found
17 Apr 2020 - 16:55:09 - Model Logger - INFO: Model "grid_2855b5e28b770cdbd153419340c287d4.mud" saved
17 Apr 2020 - 16:55:14 - Model Logger - INFO: Job run in 5.131179s
17 Apr 2020 - 16:55:41 - Model Logger - INFO: Model run successfully
17 Apr 2020 - 16:55:41 - Model Logger - INFO: Results generated in approximately 27.055707s
17 Apr 2020 - 16:55:41 - Model Logger - INFO: Results analysed and stored
17 Apr 2020 - 16:58:23 - Model Logger - INFO: Existing model "grid_5x5.mud" opened
17 Apr 2020 - 16:58:23 - Model Logger - INFO: 9 internal elements found
17 Apr 2020 - 16:58:23 - Model Logger - INFO: Removed the following elements from the grid:
17 Apr 2020 - 16:58:23 - Model Logger - INFO: 12,19
17 Apr 2020 - 16:58:23 - Model Logger - INFO: No free element clusters found
17 Apr 2020 - 16:58:23 - Model Logger - INFO: Model "grid_dec5ea31141427ce46fb65a6347f5096.mud" saved
17 Apr 2020 - 16:58:28 - Model Logger - INFO: Job run in 5.129059s
17 Apr 2020 - 16:58:53 - Model Logger - INFO: Model run successfully
17 Apr 2020 - 16:58:53 - Model Logger - INFO: Results generated in approximately 25.052870s
17 Apr 2020 - 16:58:54 - Model Logger - INFO: Results analysed and stored
17 Apr 2020 - 17:00:22 - Model Logger - INFO: Existing model "grid_5x5.mud" opened
17 Apr 2020 - 17:00:22 - Model Logger - INFO: 9 internal elements found
17 Apr 2020 - 17:00:22 - Model Logger - INFO: Removed the following elements from the grid:
17 Apr 2020 - 17:00:22 - Model Logger - INFO: 7,12,14,18,19
17 Apr 2020 - 17:00:22 - Model Logger - INFO: No free element clusters found
17 Apr 2020 - 17:00:22 - Model Logger - INFO: Model "grid_470b1add31d0e27a125b5047a7c9a88f.mud" saved
17 Apr 2020 - 17:00:27 - Model Logger - INFO: Job run in 5.102907s
17 Apr 2020 - 17:00:49 - Model Logger - INFO: Model run successfully
17 Apr 2020 - 17:00:49 - Model Logger - INFO: Results generated in approximately 22.051460s
17 Apr 2020 - 17:00:50 - Model Logger - INFO: Results analysed and stored
17 Apr 2020 - 17:02:24 - Model Logger - INFO: Existing model "grid_5x5.mud" opened
17 Apr 2020 - 17:02:24 - Model Logger - INFO: 9 internal elements found
17 Apr 2020 - 17:02:24 - Model Logger - INFO: Removed the following elements from the grid:
17 Apr 2020 - 17:02:24 - Model Logger - INFO: 7,8,9,14,17,19
17 Apr 2020 - 17:02:24 - Model Logger - INFO: No free element clusters found
17 Apr 2020 - 17:02:24 - Model Logger - INFO: Model "grid_5614db1a051b77d5146605132400e567.mud" saved
17 Apr 2020 - 17:02:29 - Model Logger - INFO: Job run in 5.107049s
17 Apr 2020 - 17:02:51 - Model Logger - INFO: Model run successfully
17 Apr 2020 - 17:02:52 - Model Logger - INFO: Results generated in approximately 22.073715s
17 Apr 2020 - 17:02:52 - Model Logger - INFO: Results analysed and stored
20 Apr 2020 - 09:54:05 - Model Logger - INFO: Existing model "grid_5x5.mud" opened
20 Apr 2020 - 09:54:05 - Model Logger - INFO: 9 internal elements found
20 Apr 2020 - 09:54:05 - Model Logger - INFO: Removed the following elements from the grid:
20 Apr 2020 - 09:54:05 - Model Logger - INFO: 9,12,13,14,17,18
20 Apr 2020 - 09:54:05 - Model Logger - INFO: No free element clusters found
20 Apr 2020 - 09:54:06 - Model Logger - INFO: Model "grid_1b8cc21c4c6b620e35c2e03bcbe49a54.mud" saved
20 Apr 2020 - 09:54:11 - Model Logger - INFO: Job run in 5.634773s
20 Apr 2020 - 09:54:41 - Model Logger - INFO: Model run successfully
20 Apr 2020 - 09:54:41 - Model Logger - INFO: Results generated in approximately 30.107800s
20 Apr 2020 - 09:54:42 - Model Logger - INFO: Results analysed and stored
21 Apr 2020 - 11:09:21 - Model Logger - INFO: Existing model "grid_5x5.mud" opened
21 Apr 2020 - 11:09:21 - Model Logger - INFO: 9 internal elements found
21 Apr 2020 - 11:09:21 - Model Logger - INFO: Removed the following elements from the grid:
21 Apr 2020 - 11:09:21 - Model Logger - INFO: 17,18
21 Apr 2020 - 11:09:21 - Model Logger - INFO: No free element clusters found
21 Apr 2020 - 11:09:21 - Model Logger - INFO: Model "grid_fe6f476074c6ce25a2bada1a4d2d650f.mud" saved
21 Apr 2020 - 11:09:26 - Model Logger - INFO: Job run in 5.446149s
21 Apr 2020 - 11:10:05 - Model Logger - INFO: Model run successfully
21 Apr 2020 - 11:10:05 - Model Logger - INFO: Results generated in approximately 38.099599s
21 Apr 2020 - 11:10:06 - Model Logger - INFO: Results analysed and stored
21 Apr 2020 - 11:24:21 - Model Logger - INFO: 5x5 element grid created
21 Apr 2020 - 11:24:23 - Model Logger - INFO: Model "grid_5x5.mud" saved
21 Apr 2020 - 11:24:23 - Model Logger - INFO: 9 internal elements found
21 Apr 2020 - 11:24:23 - Model Logger - INFO: Removed the following elements from the grid:
21 Apr 2020 - 11:24:23 - Model Logger - INFO: 12,18
21 Apr 2020 - 11:24:23 - Model Logger - INFO: No free element clusters found
21 Apr 2020 - 11:26:20 - Model Logger - INFO: Existing model "grid_5x5.mud" opened
21 Apr 2020 - 11:26:20 - Model Logger - INFO: 9 internal elements found
21 Apr 2020 - 11:26:20 - Model Logger - INFO: Removed the following elements from the grid:
21 Apr 2020 - 11:26:20 - Model Logger - INFO: 7,9,14,19
21 Apr 2020 - 11:26:20 - Model Logger - INFO: No free element clusters found
21 Apr 2020 - 11:26:21 - Model Logger - INFO: Model "grid_f0c7f057638ada00a0320bcf3fca7c68.mud" saved
21 Apr 2020 - 11:26:26 - Model Logger - INFO: Job run in 5.109255s
21 Apr 2020 - 11:33:51 - Model Logger - INFO: Existing model "grid_5x5.mud" opened
21 Apr 2020 - 11:33:51 - Model Logger - INFO: 9 internal elements found
21 Apr 2020 - 11:33:51 - Model Logger - INFO: Removed the following elements from the grid:
21 Apr 2020 - 11:33:51 - Model Logger - INFO: 7,8,12,13,14,17
21 Apr 2020 - 11:33:51 - Model Logger - INFO: No free element clusters found
21 Apr 2020 - 11:33:51 - Model Logger - INFO: Model "grid_774166d908c9ed0af025487809dd7f88.mud" saved
21 Apr 2020 - 11:33:57 - Model Logger - INFO: Job run in 5.114321s
21 Apr 2020 - 11:40:54 - Model Logger - INFO: Existing model "grid_5x5.mud" opened
21 Apr 2020 - 11:40:54 - Model Logger - INFO: 9 internal elements found
21 Apr 2020 - 11:40:54 - Model Logger - INFO: Removed the following elements from the grid:
21 Apr 2020 - 11:40:54 - Model Logger - INFO: 7,9,17,19
21 Apr 2020 - 11:40:54 - Model Logger - INFO: No free element clusters found
21 Apr 2020 - 11:40:54 - Model Logger - INFO: Model "grid_d0465a1093e4aea95d8055b1140fdf9c.mud" saved
21 Apr 2020 - 11:40:59 - Model Logger - INFO: Job run in 5.125579s
21 Apr 2020 - 11:41:34 - Model Logger - INFO: Model run successfully
21 Apr 2020 - 11:41:34 - Model Logger - INFO: Results generated in approximately 35.079477s
21 Apr 2020 - 11:41:35 - Model Logger - INFO: Results analysed and stored
21 Apr 2020 - 12:30:45 - Model Logger - INFO: Existing model "grid_5x5.mud" opened
21 Apr 2020 - 12:30:45 - Model Logger - INFO: 9 internal elements found
21 Apr 2020 - 12:30:45 - Model Logger - INFO: Removed the following elements from the grid:
21 Apr 2020 - 12:30:45 - Model Logger - INFO: 7,12,17
21 Apr 2020 - 12:30:45 - Model Logger - INFO: No free element clusters found
21 Apr 2020 - 12:30:45 - Model Logger - INFO: Model "grid_bae3fd5e68efbca4d967beea572d35ed.mud" saved
21 Apr 2020 - 12:30:50 - Model Logger - INFO: Job run in 5.110582s
21 Apr 2020 - 12:31:18 - Model Logger - INFO: Model run successfully
21 Apr 2020 - 12:31:18 - Model Logger - INFO: Results generated in approximately 28.075192s
21 Apr 2020 - 12:31:19 - Model Logger - INFO: Results analysed and stored
21 Apr 2020 - 12:32:45 - Model Logger - INFO: Existing model "grid_5x5.mud" opened
21 Apr 2020 - 12:32:45 - Model Logger - INFO: 9 internal elements found
21 Apr 2020 - 12:32:45 - Model Logger - INFO: Removed the following elements from the grid:
21 Apr 2020 - 12:32:45 - Model Logger - INFO: 7,9,12,13,14,17,18,19
21 Apr 2020 - 12:32:45 - Model Logger - INFO: No free element clusters found
21 Apr 2020 - 12:32:45 - Model Logger - INFO: Model "grid_caf863a9c931d4c0f7f399b088ccda1f.mud" saved
21 Apr 2020 - 12:32:50 - Model Logger - INFO: Job run in 5.152185s
21 Apr 2020 - 12:33:15 - Model Logger - INFO: Model run successfully
21 Apr 2020 - 12:33:15 - Model Logger - INFO: Results generated in approximately 25.047803s
21 Apr 2020 - 12:34:24 - Model Logger - INFO: Existing model "grid_5x5.mud" opened
21 Apr 2020 - 12:34:24 - Model Logger - INFO: 9 internal elements found
21 Apr 2020 - 12:34:24 - Model Logger - INFO: Removed the following elements from the grid:
21 Apr 2020 - 12:34:24 - Model Logger - INFO: 13
21 Apr 2020 - 12:34:24 - Model Logger - INFO: No free element clusters found
21 Apr 2020 - 12:34:25 - Model Logger - INFO: Model "grid_c51ce410c124a10e0db5e4b97fc2af39.mud" saved
21 Apr 2020 - 12:34:30 - Model Logger - INFO: Job run in 5.132781s
21 Apr 2020 - 12:35:06 - Model Logger - INFO: Model run successfully
21 Apr 2020 - 12:35:06 - Model Logger - INFO: Results generated in approximately 36.070786s
21 Apr 2020 - 12:35:07 - Model Logger - INFO: Results analysed and stored
