26 Sep 2020 - 18:09:10 - Unit Logger - INFO: Job run in 5.141s
26 Sep 2020 - 18:09:10 - Unit Logger - INFO: Unit run successfully
26 Sep 2020 - 18:09:10 - Unit Logger - INFO: Results generated in approximately 0.007s
26 Sep 2020 - 18:09:18 - Unit Logger - INFO: Job run in 5.119s
26 Sep 2020 - 18:09:18 - Unit Logger - INFO: Unit run successfully
26 Sep 2020 - 18:09:18 - Unit Logger - INFO: Results generated in approximately 0.007s
26 Sep 2020 - 18:11:36 - Unit Logger - INFO: Job run in 5.127s
26 Sep 2020 - 18:11:37 - Unit Logger - INFO: Unit run successfully
26 Sep 2020 - 18:11:37 - Unit Logger - INFO: Results generated in approximately 0.013s
26 Sep 2020 - 18:11:37 - Unit Logger - WARNING: 2 free element clusters found!
26 Sep 2020 - 18:11:44 - Unit Logger - INFO: Job run in 5.096s
26 Sep 2020 - 18:12:01 - Unit Logger - WARNING: Results cannot be analysed. Check Mentat log file and exit number for details
26 Sep 2020 - 18:12:01 - Unit Logger - WARNING: Results failed to generate after approximately 16.373s
26 Sep 2020 - 18:12:01 - Unit Logger - WARNING: 4 free element clusters found!
26 Sep 2020 - 18:12:08 - Unit Logger - INFO: Job run in 5.132s
26 Sep 2020 - 18:12:08 - Unit Logger - INFO: Unit run successfully
26 Sep 2020 - 18:12:08 - Unit Logger - INFO: Results generated in approximately 0.019s
27 Sep 2020 - 11:48:14 - Unit Logger - INFO: Job run in 5.346s
27 Sep 2020 - 11:48:38 - Unit Logger - INFO: Unit run successfully
27 Sep 2020 - 11:48:38 - Unit Logger - INFO: Results generated in approximately 24.068s
27 Sep 2020 - 11:52:01 - Unit Logger - INFO: Job run in 5.293s
27 Sep 2020 - 11:52:23 - Unit Logger - INFO: Unit run successfully
27 Sep 2020 - 11:52:23 - Unit Logger - INFO: Results generated in approximately 22.072s
27 Sep 2020 - 11:52:35 - Unit Logger - INFO: Job run in 5.316s
27 Sep 2020 - 11:53:59 - Unit Logger - INFO: Unit run successfully
27 Sep 2020 - 11:53:59 - Unit Logger - INFO: Results generated in approximately 83.680s
27 Sep 2020 - 11:54:11 - Unit Logger - INFO: Job run in 5.423s
27 Sep 2020 - 11:55:19 - Unit Logger - INFO: Unit run successfully
27 Sep 2020 - 11:55:19 - Unit Logger - INFO: Results generated in approximately 67.739s
27 Sep 2020 - 11:55:22 - Unit Logger - WARNING: 1 free element cluster found!
27 Sep 2020 - 11:55:31 - Unit Logger - INFO: Job run in 5.314s
27 Sep 2020 - 11:56:48 - Unit Logger - INFO: Unit run successfully
27 Sep 2020 - 11:56:48 - Unit Logger - INFO: Results generated in approximately 77.102s
27 Sep 2020 - 11:57:02 - Unit Logger - INFO: Job run in 5.397s
27 Sep 2020 - 11:57:29 - Unit Logger - INFO: Unit run successfully
27 Sep 2020 - 11:57:29 - Unit Logger - INFO: Results generated in approximately 27.116s
27 Sep 2020 - 11:57:44 - Unit Logger - INFO: Job run in 5.472s
27 Sep 2020 - 11:58:13 - Unit Logger - INFO: Unit run successfully
27 Sep 2020 - 11:58:13 - Unit Logger - INFO: Results generated in approximately 29.112s
27 Sep 2020 - 11:58:24 - Unit Logger - WARNING: 2 free element clusters found!
27 Sep 2020 - 11:58:36 - Unit Logger - INFO: Job run in 5.474s
27 Sep 2020 - 12:00:02 - Unit Logger - INFO: Unit run successfully
27 Sep 2020 - 12:00:02 - Unit Logger - INFO: Results generated in approximately 86.347s
27 Sep 2020 - 12:00:09 - Unit Logger - WARNING: 1 free element cluster found!
27 Sep 2020 - 12:00:22 - Unit Logger - INFO: Job run in 5.467s
27 Sep 2020 - 12:03:53 - Unit Logger - WARNING: Results cannot be analysed. Check Mentat log file and exit number for details
27 Sep 2020 - 12:03:53 - Unit Logger - WARNING: Results failed to generate after approximately 210.552s
27 Sep 2020 - 12:03:53 - Unit Logger - WARNING: 2 free element clusters found!
27 Sep 2020 - 12:04:03 - Unit Logger - INFO: Job run in 5.346s
27 Sep 2020 - 12:05:27 - Unit Logger - INFO: Unit run successfully
27 Sep 2020 - 12:05:27 - Unit Logger - INFO: Results generated in approximately 83.145s
27 Sep 2020 - 12:05:33 - Unit Logger - WARNING: 2 free element clusters found!
27 Sep 2020 - 12:05:44 - Unit Logger - INFO: Job run in 5.471s
27 Sep 2020 - 12:07:08 - Unit Logger - INFO: Unit run successfully
27 Sep 2020 - 12:07:08 - Unit Logger - INFO: Results generated in approximately 83.903s
27 Sep 2020 - 12:07:14 - Unit Logger - WARNING: 1 free element cluster found!
27 Sep 2020 - 12:07:27 - Unit Logger - INFO: Job run in 5.450s
27 Sep 2020 - 12:15:10 - Unit Logger - WARNING: Results cannot be analysed. Check Mentat log file and exit number for details
27 Sep 2020 - 12:15:10 - Unit Logger - WARNING: Results failed to generate after approximately 462.810s
27 Sep 2020 - 12:39:48 - Unit Logger - INFO: Job run in 5.300s
27 Sep 2020 - 12:40:11 - Unit Logger - INFO: Unit run successfully
27 Sep 2020 - 12:40:11 - Unit Logger - INFO: Results generated in approximately 23.089s
27 Sep 2020 - 12:40:22 - Unit Logger - INFO: Job run in 5.290s
27 Sep 2020 - 12:41:15 - Unit Logger - INFO: Unit run successfully
27 Sep 2020 - 12:41:15 - Unit Logger - INFO: Results generated in approximately 52.905s
27 Sep 2020 - 12:41:18 - Unit Logger - WARNING: 2 free element clusters found!
27 Sep 2020 - 12:41:29 - Unit Logger - INFO: Job run in 5.379s
27 Sep 2020 - 12:41:55 - Unit Logger - INFO: Unit run successfully
27 Sep 2020 - 12:41:55 - Unit Logger - INFO: Results generated in approximately 26.207s
27 Sep 2020 - 12:42:10 - Unit Logger - INFO: Job run in 5.435s
27 Sep 2020 - 12:43:30 - Unit Logger - WARNING: Results cannot be analysed. Check Mentat log file and exit number for details
27 Sep 2020 - 12:43:30 - Unit Logger - WARNING: Results failed to generate after approximately 79.955s
27 Sep 2020 - 12:43:40 - Unit Logger - INFO: Job run in 5.247s
27 Sep 2020 - 12:44:26 - Unit Logger - INFO: Unit run successfully
27 Sep 2020 - 12:44:26 - Unit Logger - INFO: Results generated in approximately 45.491s
27 Sep 2020 - 12:44:30 - Unit Logger - WARNING: 1 free element cluster found!
27 Sep 2020 - 12:44:44 - Unit Logger - INFO: Job run in 5.521s
27 Sep 2020 - 12:45:38 - Unit Logger - INFO: Unit run successfully
27 Sep 2020 - 12:45:38 - Unit Logger - INFO: Results generated in approximately 53.741s
27 Sep 2020 - 12:45:45 - Unit Logger - WARNING: 2 free element clusters found!
27 Sep 2020 - 12:45:56 - Unit Logger - INFO: Job run in 5.389s
27 Sep 2020 - 12:46:45 - Unit Logger - INFO: Unit run successfully
27 Sep 2020 - 12:46:45 - Unit Logger - INFO: Results generated in approximately 49.424s
27 Sep 2020 - 12:47:01 - Unit Logger - INFO: Job run in 5.457s
27 Sep 2020 - 12:48:31 - Unit Logger - INFO: Unit run successfully
27 Sep 2020 - 12:48:31 - Unit Logger - INFO: Results generated in approximately 89.393s
27 Sep 2020 - 12:48:36 - Unit Logger - WARNING: 1 free element cluster found!
27 Sep 2020 - 12:48:46 - Unit Logger - INFO: Job run in 5.357s
27 Sep 2020 - 12:50:01 - Unit Logger - INFO: Unit run successfully
27 Sep 2020 - 12:50:01 - Unit Logger - INFO: Results generated in approximately 74.955s
27 Sep 2020 - 12:50:05 - Unit Logger - WARNING: 1 free element cluster found!
27 Sep 2020 - 12:50:18 - Unit Logger - INFO: Job run in 5.447s
27 Sep 2020 - 13:01:28 - Unit Logger - INFO: Unit run successfully
27 Sep 2020 - 13:01:28 - Unit Logger - INFO: Results generated in approximately 669.462s
27 Sep 2020 - 13:01:44 - Unit Logger - INFO: Job run in 5.570s
27 Sep 2020 - 13:13:00 - Unit Logger - WARNING: Results cannot be analysed. Check Mentat log file and exit number for details
27 Sep 2020 - 13:13:00 - Unit Logger - WARNING: Results failed to generate after approximately 675.931s
