Unit:              6_4fb6a1cab68ba66a8df0402a20555984
Removed elements:  [8, 12, 13, 14, 18, 19]
Representative grid:
1 1 1 1 1
1 1 0 0 1
1 0 0 0 1
1 1 0 1 1
1 1 1 1 1
Run successful:    True
Constraint energy: 0.07657485563840409 J
Internal energy:   1.6832138714380562 J

Template details:
Case: 1
Parameters:
Origin:            (20,20)
Dimensions:        5x5 elements
Internal elements: [7, 8, 9, 12, 13, 14, 17, 18, 19]
Analysis steps:    4
Run successful:    True
Constraint energy: 103.40724487461749 J
Internal energy:   1505.6417999267578 J

Ogden material parameters:
Name:  Mold Star 15
Mu:    [-6.50266e-06, 0.216863, 0.00137158]
Alpha: [-21.322, 1.1797, 4.88396]

Time created:      Mon Jun 22 14:55:24 2020
