Unit:             15_0_32_32_1_4_107_0.5
Removed elements: [27, 31, 41, 47, 50, 51, 62, 69, 70, 75, 80, 82, 92, 93, 95]
Model ID: 0
CPPN Parameters:
Model Dimensions:          7x7 elements
Seed:                      107
Rounding Threshold:        0.5
Model Scale:               1:1
Size Of Hidden Layer:      32
Number Of Nodes Per Layer: 32
Activation Functions:
sin
sigmoid
sin
sin
sigmoid

Representative grid:
1 1 1 1 1 1 1 1 1 1 1
1 1 1 1 1 1 1 1 1 1 1
1 1 1 0 0 1 0 1 1 1 1
1 1 0 1 0 1 1 1 1 1 1
1 1 0 0 1 1 1 1 0 1 1
1 1 1 1 1 1 0 1 1 1 1
1 1 0 1 1 0 0 1 1 1 1
1 1 1 1 1 1 1 0 1 1 1
1 1 1 1 0 1 1 1 0 1 1
1 1 1 1 1 1 1 1 1 1 1
1 1 1 1 1 1 1 1 1 1 1
Run successful:   True
Constraint energy:
X        : 0.01179711517997418 J
Y        : -8.758490713866383e-09 J
Magnitude: 0.02368910978645985 J
Internal energy:
X        : 5.565499730757438 J
Y        : -5.124938549124636 J
Magnitude: 1.9424800089618657 J

Template details:
Case: 2
Parameters:
Origin:               (0,0)
Dimensions:           11x11 elements
Size:                 22x22 mm
Boundary thickness:   2 elements
Internal element IDs: [25, 26, 27, 28, 29, 30, 31, 36, 37, 38, 39, 40, 41, 42, 47, 48, 49, 50, 51, 52, 53, 58, 59, 60, 61, 62, 63, 64, 69, 70, 71, 72, 73, 74, 75, 80, 81, 82, 83, 84, 85, 86, 91, 92, 93, 94, 95, 96, 97]
Applied displacement: 11.0 mm
Applied pressure:     0.02 MPa
Neighbours added:     False
Analysis steps:       5
Run successful:       True
Constraint energy:
X        : 0.01571587814460866 J
Y        : -2.4599211445609697e-09 J
Magnitude: 0.030663872042957258 J
Internal energy:
X        : 8.644031181931496 J
Y        : -8.641405701637268 J
Magnitude: 2.3472061417996883 J

Ogden material parameters:
Name:  Mold Star 15
Mu:    [-6.50266e-06, 0.216863, 0.00137158]
Alpha: [-21.322, 1.1797, 4.88396]

Time created: Sun Aug 16 13:25:52 2020
