Unit:              5_98246a78e37a76e9c5c9acadc7199e03
Removed elements:  [8, 12, 13, 14, 19]
Representative grid:
1 1 1 1 1
1 1 1 0 1
1 0 0 0 1
1 1 0 1 1
1 1 1 1 1
Run successful:    True
Constraint energy:
X        : -4.507429858620969e-06 J
Y        : 0.03338346376868827 J
Magnitude: 0.049777037284606446 J
Internal energy:
X        : -7.4659188985824585 J
Y        : 7.376477800309658 J
Magnitude: 1.6335053130751476 J

Template details:
Case: 1
Parameters:
Origin:                (0,0)
Dimensions:            5x5 elements
Size:                  20x20 mm
Boundary thickness:    1 elements
Internal element IDs:  [7, 8, 9, 12, 13, 14, 17, 18, 19]
Applied displacement:  10.0 mm
Applied pressure:      0.025 MPa
Neighbours added:      False
Analysis steps:        5
Run successful:        True
Constraint energy:
X        : -5.20968294284496e-09 J
Y        : 43.70704040440105 J
Magnitude: 103.15007934690621 J
Internal energy:
X        : -1.4273650347611244e-09 J
Y        : 14.59674346446991 J
Magnitude: 1498.163818359375 J

Ogden material parameters:
Name:  Mold Star 15
Mu:    [-6.50266e-06, 0.216863, 0.00137158]
Alpha: [-21.322, 1.1797, 4.88396]

Time created:          Tue Jun 23 17:21:21 2020
