Marc Mentat (C)Copyright 1994-2019, MSC Software Corporation, all rights reserved
Command > *open_model "c:\users\naude conradie\desktop\repository\masters-project\models\marcmentat\units\grid_1_11x11_22x22_2\grid_49_['f', '[-ff]-[f]--']_['+', '-[f]---']_['-', '[f]---+']\grid_49_['f', '[-ff]-[f]--']_['+', '-[f]---']_['-', '[f]---+'].mud"
File has been written by Mentat 2019.
Model file c:\users\naude conradie\desktop\repository\masters-project\models\marcmentat\units\grid_1_11x11_22x22_2\grid_49_['f', '[-ff]-[f]--']_['+', '-[f]---']_['-', '[f]---+']\grid_49_['f', '[-ff]-[f]--']_['+', '-[f]---']_['-', '[f]---+'].mud opened for reading.
Model c:\users\naude conradie\desktop\repository\masters-project\models\marcmentat\units\grid_1_11x11_22x22_2\grid_49_['f', '[-ff]-[f]--']_['+', '-[f]---']_['-', '[f]---+']\grid_49_['f', '[-ff]-[f]--']_['+', '-[f]---']_['-', '[f]---+'] opened.
Command > *fill_view
Command > *edit_job job_2
Enter edit job : 
Command > *update_job
Command > @popdown(job_properties_pm) @main(results) @popup(modelplot_pm) *post_open_default
Number of increments detected : 6
Command > *post_contour_bands
Command > *post_skip_to_last
Command > *fill_view
Command > *post_prev
Command > *post_prev
Command > *post_prev
Command > *post_prev
Command > *post_prev
Command > *post_next
Command > *post_value Displacement
Enter post variable : *post_skip_to_last
Enter post variable : *post_close
