Unit:              4_cbf6ff0afe15f63d6f1af8694310f46e
Removed elements:  [7, 9, 14, 18]
Representative grid:
1 1 1 1 1
1 1 0 1 1
1 1 1 0 1
1 0 1 0 1
1 1 1 1 1
Run successful:    True
Constraint energy: 80037.67521080306
Internal energy:   9518.929987680167

Template details:
Case: 1
Parameters:
Origin:            (0,0)
Dimensions:        5x5 elements
Internal elements: [7, 8, 9, 12, 13, 14, 17, 18, 19]
Analysis steps:    4
Run successful:    False
Constraint energy: 0
Internal energy:   0
Ogden material parameters:
Name:  Mold Star 15
Mu:    [-6.50266e-06, 0.216863, 0.00137158]
Alpha: [-21.322, 1.1797, 4.88396]
Time created:      Fri May 22 17:54:30 2020
