Unit:              2_756a48b305372af050ec729b6a6f9417
Removed elements:  [8, 19]
Representative grid:
1 1 1 1 1
1 1 1 0 1
1 1 1 1 1
1 1 0 1 1
1 1 1 1 1
Run successful:    True
Constraint energy: 4.32750995164241 J
Internal energy:   27.097116615623236 J

Template details:
Case: 1
Parameters:
Origin:            (0,0)
Dimensions:        5x5 elements
Internal elements: [7, 8, 9, 12, 13, 14, 17, 18, 19]
Analysis steps:    4
Run successful:    True
Constraint energy: 103.40724487461749 J
Internal energy:   1505.6417999267578 J

Ogden material parameters:
Name:  Mold Star 15
Mu:    [-6.50266e-06, 0.216863, 0.00137158]
Alpha: [-21.322, 1.1797, 4.88396]

Time created:      Sun Jun 14 12:46:42 2020
