Unit:              1_6f4922f45568161a8cdf4ad2299f6d23
Removed elements:  [18]
Representative grid:
1 1 1 1 1
1 1 0 1 1
1 1 1 1 1
1 1 1 1 1
1 1 1 1 1
Run successful:    True
Constraint energy:
X: 0.0014349133398828566 J
Y: 7.021393111357582 J
Magnitude: None J
Internal energy:
X: -8.076244942843914 J
Y: 8.182685725390911 J
Magnitude: None J

Template details:
Case: 1
Parameters:
Origin:                (20,20)
Dimensions:            5x5 elements
Size:                  20x20 mm
Boundary thickness:    {} elements
Internal element IDs:  [7, 8, 9, 12, 13, 14, 17, 18, 19]
Applied displacement:  10.0 mm
Applied pressure:      0.1 MPa
Neighbours added:      True
Analysis steps:        4
Run successful:        True
Constraint energy:
X: -6.282426606949422e-07 J
Y: 43.83862241919892 J
Magnitude: None J
Internal energy:
X: -1.9780411623069085 J
Y: 12.252455413341522 J
Magnitude: None J

Ogden material parameters:
Name:  Mold Star 15
Mu:    [-6.50266e-06, 0.216863, 0.00137158]
Alpha: [-21.322, 1.1797, 4.88396]

Time created:          Mon Jun 22 16:53:49 2020
