Unit:             10_['F', '+ff[+fF]']_['f', 'F+[+fF][+fF]']
Removed elements: [64, 36, 42, 75, 47, 80, 86, 58, 91, 31]
Grammar:
F -> +ff[+fF]
f -> F+[+fF][+fF]
Axiom:                [F]++++[F]
Number Of Iterations: 4
Resulting Word:       [++F+[+fF][+fF]F+[+fF][+fF][+F+[+fF][+fF]+ff[+fF]]+[++ff[+fF]+[+F+[+fF][+fF]+ff[+fF]][+F+[+fF][+fF]+ff[+fF]]+F+[+fF][+fF]F+[+fF][+fF][+F+[+fF][+fF]+ff[+fF]]][++ff[+fF]+[+F+[+fF][+fF]+ff[+fF]][+F+[+fF][+fF]+ff[+fF]]+F+[+fF][+fF]F+[+fF][+fF][+F+[+fF][+fF]+ff[+fF]]]+F+[+fF][+fF]F+[+fF][+fF][+F+[+fF][+fF]+ff[+fF]]+[++ff[+fF]+[+F+[+fF][+fF]+ff[+fF]][+F+[+fF][+fF]+ff[+fF]]+F+[+fF][+fF]F+[+fF][+fF][+F+[+fF][+fF]+ff[+fF]]][++ff[+fF]+[+F+[+fF][+fF]+ff[+fF]][+F+[+fF][+fF]+ff[+fF]]+F+[+fF][+fF]F+[+fF][+fF][+F+[+fF][+fF]+ff[+fF]]][++F+[+fF][+fF]F+[+fF][+fF][+F+[+fF][+fF]+ff[+fF]]+[++ff[+fF]+[+F+[+fF][+fF]+ff[+fF]][+F+[+fF][+fF]+ff[+fF]]+F+[+fF][+fF]F+[+fF][+fF][+F+[+fF][+fF]+ff[+fF]]][++ff[+fF]+[+F+[+fF][+fF]+ff[+fF]][+F+[+fF][+fF]+ff[+fF]]+F+[+fF][+fF]F+[+fF][+fF][+F+[+fF][+fF]+ff[+fF]]]++ff[+fF]+[+F+[+fF][+fF]+ff[+fF]][+F+[+fF][+fF]+ff[+fF]]+ff[+fF]+[+F+[+fF][+fF]+ff[+fF]][+F+[+fF][+fF]+ff[+fF]][++ff[+fF]+[+F+[+fF][+fF]+ff[+fF]][+F+[+fF][+fF]+ff[+fF]]+F+[+fF][+fF]F+[+fF][+fF][+F+[+fF][+fF]+ff[+fF]]]]]++++[++F+[+fF][+fF]F+[+fF][+fF][+F+[+fF][+fF]+ff[+fF]]+[++ff[+fF]+[+F+[+fF][+fF]+ff[+fF]][+F+[+fF][+fF]+ff[+fF]]+F+[+fF][+fF]F+[+fF][+fF][+F+[+fF][+fF]+ff[+fF]]][++ff[+fF]+[+F+[+fF][+fF]+ff[+fF]][+F+[+fF][+fF]+ff[+fF]]+F+[+fF][+fF]F+[+fF][+fF][+F+[+fF][+fF]+ff[+fF]]]+F+[+fF][+fF]F+[+fF][+fF][+F+[+fF][+fF]+ff[+fF]]+[++ff[+fF]+[+F+[+fF][+fF]+ff[+fF]][+F+[+fF][+fF]+ff[+fF]]+F+[+fF][+fF]F+[+fF][+fF][+F+[+fF][+fF]+ff[+fF]]][++ff[+fF]+[+F+[+fF][+fF]+ff[+fF]][+F+[+fF][+fF]+ff[+fF]]+F+[+fF][+fF]F+[+fF][+fF][+F+[+fF][+fF]+ff[+fF]]][++F+[+fF][+fF]F+[+fF][+fF][+F+[+fF][+fF]+ff[+fF]]+[++ff[+fF]+[+F+[+fF][+fF]+ff[+fF]][+F+[+fF][+fF]+ff[+fF]]+F+[+fF][+fF]F+[+fF][+fF][+F+[+fF][+fF]+ff[+fF]]][++ff[+fF]+[+F+[+fF][+fF]+ff[+fF]][+F+[+fF][+fF]+ff[+fF]]+F+[+fF][+fF]F+[+fF][+fF][+F+[+fF][+fF]+ff[+fF]]]++ff[+fF]+[+F+[+fF][+fF]+ff[+fF]][+F+[+fF][+fF]+ff[+fF]]+ff[+fF]+[+F+[+fF][+fF]+ff[+fF]][+F+[+fF][+fF]+ff[+fF]][++ff[+fF]+[+F+[+fF][+fF]+ff[+fF]][+F+[+fF][+fF]+ff[+fF]]+F+[+fF][+fF]F+[+fF][+fF][+F+[+fF][+fF]+ff[+fF]]]]]

L-System Vocabulary:
F: Create an element at the current position and increment the position
f: Increment the position
+: Rotate the current direction by 45 degrees counterclockwise
-: Rotate the current direction by 45 degrees clockwise
[: Push the current position
]: Pop to the previously pushed position
(: Push and reflect the current position
): Pop and unreflect to the previously pushed and reflected position

Representative grid:
1 1 1 1 1 1 1 1 1 1 1
1 1 1 1 1 1 1 1 1 1 1
1 1 0 1 1 1 1 1 1 1 1
1 1 0 1 1 1 1 1 0 1 1
1 1 1 1 1 1 1 1 0 1 1
1 1 0 1 1 1 1 1 0 1 1
1 1 0 1 1 1 1 1 1 1 1
1 1 0 1 1 1 1 1 0 1 1
1 1 1 1 1 1 1 1 0 1 1
1 1 1 1 1 1 1 1 1 1 1
1 1 1 1 1 1 1 1 1 1 1
Run successful:   True
Constraint energy:
X        : 0.00010651281984082781 J
Y        : 1.4206478709444508 J
Magnitude: 2.901497636500079 J
Internal energy:
X        : -38.537699453532696 J
Y        : 36.75867977226153 J
Magnitude: 77.99130067136139 J

Template details:
Case: 1
Parameters:
Origin:               (0,0)
Dimensions:           11x11 elements
Size:                 22x22 mm
Boundary thickness:   2 elements
Internal element IDs: [25, 26, 27, 28, 29, 30, 31, 36, 37, 38, 39, 40, 41, 42, 47, 48, 49, 50, 51, 52, 53, 58, 59, 60, 61, 62, 63, 64, 69, 70, 71, 72, 73, 74, 75, 80, 81, 82, 83, 84, 85, 86, 91, 92, 93, 94, 95, 96, 97]
Applied displacement: 11.0 mm
Applied pressure:     0.025 MPa
Neighbours added:     False
Analysis steps:       5
Run successful:       True
Constraint energy:
X        : -3.0389817179159503e-09 J
Y        : 52.8855188902419 J
Magnitude: 128.8335898718154 J
Internal energy:
X        : -2.9519539920114246e-09 J
Y        : 58.38697385787964 J
Magnitude: 5992.6552734375 J

Ogden material parameters:
Name:  Mold Star 15
Mu:    [-6.50266e-06, 0.216863, 0.00137158]
Alpha: [-21.322, 1.1797, 4.88396]

Time created: Thu Jul 30 16:48:34 2020
