Unit:              4_08272128ef15adf103ad2a36a2f0e3c8
Removed elements:  [7, 8, 9, 12]
Representative grid:
1 1 1 1 1
1 1 1 1 1
1 0 1 1 1
1 0 0 0 1
1 1 1 1 1
Run successful:    True
Constraint energy: 5581.056223275815
Internal energy:   1834.1591313946992

Template details:
Case: 1
Parameters:
Origin:            (0,0)
Dimensions:        5x5 elements
Internal elements: [7, 8, 9, 12, 13, 14, 17, 18, 19]
Analysis steps:    4
Run successful:    False
Constraint energy: 0
Internal energy:   0
Ogden material parameters:
Name:  Mold Star 15
Mu:    [-6.50266e-06, 0.216863, 0.00137158]
Alpha: [-21.322, 1.1797, 4.88396]
Time created:      Fri May 22 18:11:39 2020
