Unit:              4_89384b068c3aa75b9d13272cec119b88
Removed elements:  [12, 13, 14, 19]
Representative grid:
1 1 1 1 1
1 1 1 0 1
1 0 0 0 1
1 1 1 1 1
1 1 1 1 1
Run successful:    True
Constraint energy:
X        : -5.185741222315036e-06 J
Y        : 0.06663686824153009 J
Magnitude: 0.0894509441916573 J
Internal energy:
X        : -5.851869555423036 J
Y        : 5.767942011356354 J
Magnitude: 1.6070952529553324 J

Template details:
Case: 1
Parameters:
Origin:                (20,20)
Dimensions:            5x5 elements
Size:                  20x20 mm
Boundary thickness:    1 elements
Internal element IDs:  [7, 8, 9, 12, 13, 14, 17, 18, 19]
Applied displacement:  10.0 mm
Applied pressure:      0.1 MPa
Neighbours added:      True
Analysis steps:        4
Run successful:        True
Constraint energy:
X        : -6.282426606949422e-07 J
Y        : 43.83862241919892 J
Magnitude: 103.43292250298548 J
Internal energy:
X        : -1.9780411623069085 J
Y        : 12.252455413341522 J
Magnitude: 1045.8269004821777 J

Ogden material parameters:
Name:  Mold Star 15
Mu:    [-6.50266e-06, 0.216863, 0.00137158]
Alpha: [-21.322, 1.1797, 4.88396]

Time created:          Mon Jun 22 17:57:11 2020
