Unit:              dcdbce200cce78528a5bb6f6a84d780d
Removed elements:  [13, 14, 17]
Representative grid:
1 1 1 1 1
1 0 1 1 1
1 1 0 0 1
1 1 1 1 1
1 1 1 1 1
Run successful:    True
Constraint energy: 29945.98137133357

Template details:
Case: 1
Parameters:
Origin:            (0,0)
Dimensions:        5x5 elements
Internal elements: [7, 8, 9, 12, 13, 14, 17, 18, 19]
Analysis steps:    4
Run successful:    True
Constraint energy: 6462952.804663594
Ogden material parameters:
Name:  Mold Star 15
Mu:    [-6.50266e-06, 0.216863, 0.00137158]
Alpha: [-21.322, 1.1797, 4.88396]
Time created:      Fri May 15 10:57:18 2020
