Unit:              6_60a0c4cbc07d3169511d0da64d1d5792
Removed elements:  [7, 9, 13, 14, 17, 18]
Representative grid:
1 1 1 1 1
1 0 0 1 1
1 1 0 0 1
1 0 1 0 1
1 1 1 1 1
Run successful:    True
Constraint energy: 0.044708136258972665 J
Internal energy:   1.5848096855916083 J

Template details:
Case: 1
Parameters:
Origin:            (0,0)
Dimensions:        5x5 elements
Internal elements: [7, 8, 9, 12, 13, 14, 17, 18, 19]
Analysis steps:    4
Run successful:    True
Constraint energy: 103.40724487461749 J
Internal energy:   1505.6417999267578 J

Ogden material parameters:
Name:  Mold Star 15
Mu:    [-6.50266e-06, 0.216863, 0.00137158]
Alpha: [-21.322, 1.1797, 4.88396]

Time created:      Mon Jun 15 14:56:54 2020
