                            M               M
                            W               W
                          MMMMM           MMMMM
                          WWWWW           WWWWW
                        MMMMMMMMM       MMMMMMMMM
                        WWWWWWWWW       WWWWWWWWW
                      MMMMMMMMMMMMM   MMMMMMMMMMMMM
                      WWWWWWWWWWWWW   WWWWWWWWWWWWW
                    MMMMMMMMMMMMMMMMMMMMMMMMMMMMMMMMM
                    WWWWWWWWWWWWWWWWWWWWWWWWWWWWWWWWW
                    MMMMMMMM MMMMMMMMMMMMMMM MMMMMMMM
                    WWWWWWWW WWWWWWWWWWWWWWW WWWWWWWW
                    MMMMMM     MMMMMMMMMMM     MMMMMM
                    WWWWWW     WWWWWWWWWWW     WWWWWW
                    MMMM         MMMMMMM         MMMM
                    WWWW         WWWWWWW         WWWW
                    MM             MMM             MM
                    WW             WWW             WW
                    M               M               M
                    W               W               W
                    MM             MMM             MM
                    WW             WWW             WW
                    MMMM         MMMMMMM         MMMM
                    WWWW         WWWWWWW         WWWW
                    MMMMMM     MMMMMMMMMMM     MMMMMM
                    WWWWWW     WWWWWWWWWWW     WWWWWW
                    MMMMMMMM MMMMMMMMMMMMMMM MMMMMMMM
                    WWWWWWWW WWWWWWWWWWWWWWW WWWWWWWW
                    MMMMMMMMMMMMMMMMMMMMMMMMMMMMMMMMM
                    WWWWWWWWWWWWWWWWWWWWWWWWWWWWWWWWW
                      MMMMMMMMMMMMM   MMMMMMMMMMMMM
                      WWWWWWWWWWWWW   WWWWWWWWWWWWW
                        MMMMMMMMM       MMMMMMMMM
                        WWWWWWWWW       WWWWWWWWW
                          MMMMM           MMMMM
                          WWWWW           WWWWW
                            M               M
                            W               W

             version: Marc 2019, build 664220 (2019/07/01)

             machine type: WINDOWS

             integer*8 version: integers are 64-bits

             date: Thu Feb 20 09:48:17 2020


             (c) COPYRIGHT 2019 MSC Software Corporation, all rights reserved

                    Marc - W i n d o w s       

                     i n p u t   d a t a


                p a g e          1

                             10        20        30        40        50        60        70        80        90       100       110       120       130       140       150       160
                     ----------------------------------------------------------------------------------------------------------------------------------------------------------------
                     title               job1
                     $....MARC input file produced by Marc Mentat 2019 (64bit)
                     $...................................
                     $....input file using extended precision
    card         5   extended
                     $...................................
                     sizing                                 0       100       121         0
                     alloc                       25
                     elements                     3
    card        10   version                     14         2         0         0
                     table                        0         0         2         1         1         0         0         1
                     processor                    1         1         1         0
                     ----------------------------------------------------------------------------------------------------------------------------------------------------------------
                             10        20        30        40        50        60        70        80        90       100       110       120       130       140       150       160
                     ----------------------------------------------------------------------------------------------------------------------------------------------------------------
                     ----------------------------------------------------------------------------------------------------------------------------------------------------------------
1
             general memory increasing from      25 MByte to     106 MByte


             memory increased to        28003864 words during 
             pre-reading of sets



   MSC Customer Entitlement ID
        56B8415D-4C276773



                    *************************************************
                    *************************************************

                     program sizing and options requested as follows



                     element type requested*************************         3
                     number of elements in mesh*********************       100
                     number of nodes in mesh************************       121
                     load correction flagged or set*****************
                     values stored at all integration points********
                     tape no.for input of coordinates + connectivity         5
                     no.of different materials    1 max.no of slopes         5
                     number of points on shell section *************        11
                     new style input format will be used************
                     requested number of element threads************         1
                     requested number of solver threads*************         1
                     extended precision input is used ************** 
                     Marc input version ****************************        14
                     maximum number of boundary conditions *********         3
                     suppress echo of list items *******************
                     suppress echo of bc summary *******************
                     suppress echo of nurbs data *******************


                     end of parameters and sizing
                    *************************************************
                    *************************************************





                              key to stress, strain and displacement output



                                        element type         3


                              4-node isoparametric plane stress                      

                              stresses and strains in global directions               
                                1=xx                                                  
                                2=yy                                                  
                                3=xy                                                  
                                                                                      
                              displacements in global directions                      
                                1=u global x direction                                
                                2=v global y direction                                

             allocated      14048 words of memory due to nodal vectors


             allocated       1456 words of memory due to boundary conditions


             allocated         72 words of memory due to geometric points


             allocated         46 words of memory due to geometric curves


             allocated         26 words of memory due to geometric surfaces


             allocated        484 words of memory due to shell, user or contact transformations



             workspace needed for input and stiffness assembly:           11014


             internal core allocation parameters
             degrees of freedom per node (ndeg)  2
             max. number of coordinates per node  2
             max. nodes per element (nnodmx)  4
             max. invariants per int. points (neqst)  1
             max.stress components per int. point (nstrmx)   3
             strains per integration point (ngens)  3


             flag for element storage (ielsto)  0
             element data in core

             memory usage per element group
                group   # elements     nelsto      MByte            words
                  1          100         492           0             49200
                ----------------------------------------------------------
                total        100                       0             49200


                              internal element variables



                              internal element number         1  library code type    3
                              number of nodes=  4
                              stresses stored per integration point =  3
                              direct continuum components stored =  2
                              shear continuum components stored =  1
                              shell/beam flag = 0
                              curvilinear  coord. flag = 0
                              int.points for elem. stiffness  4
                              number of local inertia directions  2
                              int.point for print if all points not flagged  5
                              int. points for dist. surface loads (pressure)  2
                              library code type =     3
                              large disp. row counts     4    4    7



                              residual load correction is invoked



             $...................                                                                                                                                            

             solver                                                                                                                                                          
             ----------


             multifrontal direct sparse solver invoked

             optimize                    11                                                                                                                                  
             ----------



             metis nested dissection algorithm

             points                                                                                                                                                          
             ----------


             connectivity                                                                                                                                                    
             ----------

             geometry id =                   1
             material id =                   1

                meshr1,  iprnt
                      5      1
                elem no., type,        nodes

             coordinates                                                                                                                                                     
             ----------

             ncrd1 ,meshr1,iprnt
                    2         5         1
                   node      coordinates

             define              node                set                 fix_x_nodes                                                                                         
             ----------

             a list of nodes given below 
                    11        22        33        44        55        66        77        88        99       110       121

             define              node                set                 fix_y_nodes                                                                                         
             ----------

             a list of nodes given below 
                     1        12        23        34        45        56        67        78        89       100       111

             define              edgemt              set                 pressure_edges                                                                                      
             ----------

             from element       96 to element      100 by        1
             edge id     1

             attach node                                                                                                                                                     
             ----------


             allocated         32 words of memory due to attach options


             nodes attached to point             7
             a list of nodes given below 
                     1

             nodes attached to point             8
             a list of nodes given below 
                   111

             nodes attached to point            15
             a list of nodes given below 
                    11

             nodes attached to point            16
             a list of nodes given below 
                   121

             isotropic           structural                                                                                                                                  
             ----------


             isotropic material  material id =               1
              elastic    yield criteria
              isotropic  hardening rule

             material name is:       material1               


                 structural  property                         value       table id


             Youngs modulus                              2.00000E+05              0
             Poissons ratio                              3.00000E-01              0
             mass density                                0.00000E+00              0
             shear modulus                               7.69231E+04              0
             coefficient of thermal expansion            0.00000E+00              0
             coefficient of diffusion expansion          0.00000E+00              0
             Yield stress                                1.00000E+20              0
             cost per unit volume                        0.00000E+00              0
             cost per unit mass                          0.00000E+00              0



             mat color                                                                                                                                                       
             ----------


             material id is:                  1
                material type      =          1
                material RGB color =        230         0         0

             geometry                                                                                                                                                        
             ----------


             geometry name is:       geom1


             geometry id =                 1
             geometry RGB color =        230         0         0

             geometric parameter       value
                       1             1.00000E+00
                       2             0.00000E+00
                       3             0.00000E+00
                       4             0.00000E+00
                       5             0.00000E+00
                       6             0.00000E+00
                       7             0.00000E+00
                       8             0.00000E+00

             fixed disp                                                                                                                                                      
             ----------


             read data from unit    5

             name of boundary condition fix_x

             Displacements are applied incrementally relative to current position

             Prescribed Displacement for dof  1 =      0.00000E+00  table id is        0

             applied to node ids       

             fix_x_nodes

             name of boundary condition fix_y

             Displacements are applied incrementally relative to current position

             Prescribed Displacement for dof  2 =      0.00000E+00  table id is        0

             applied to node ids       

             fix_y_nodes

             dist loads                                                                                                                                                      
             ----------


             read data from unit    5

             name of boundary condition pressure

             Load Type     1

             Prescribed Distributed Pressure =     -1.00000E+01  table id is        0

             Prescribed Distributed Pressure =      0.00000E+00  table id is        0

             Prescribed Distributed Pressure =      0.00000E+00  table id is        0

             applied to elem mn-edge   

             pressure_edges

             loadcase            job1                                                                                                                                        
             ----------


             activate boundary condition fix_x

             activate boundary condition fix_y

             activate boundary condition pressure

             no print                                                                                                                                                        
             ----------


             post                                                                                                                                                            
             ----------

             number of element variables on post file:    1

             binary post file will be used

             initial output frequency of post file:       1

             Marc 2017 style post file (default)

             post variable     1 is post code  311 =                                                 
             maximum record length on binary post file=            121
             approximate no. of words per increment on file=           2416


             parameters                                                                                                                                                      
             ----------


             parameters set as follows 

             predictor used for stress-strain calculation    1.00000E+00
             penalty factor for boundary conditions          1.00000E+09
             penalty for incompressibility - r-p flow        1.00000E+02
             penalty for incompressibility - fluid flow      1.00000E+06
             beta parameter for Newmark operator             2.50000E-01
             gamma parameter for Newmark operator            5.00000E-01
             gamma1 parameter for Single-Step-Houbolt        1.50000E+00
             gamma parameter for Single-Step-Houbolt        -5.00000E-01
             sharp angle for sticking/separating - 2D        8.62500E+00
             sharp angle for sticking/separating - 3D        2.00000E+01
             initial strain rate for r-p flow                1.00000E-04
             lowest strain rate cut-off for r-p flow         1.00000E-06
             fraction of dilatational stress neglected       1.00000E+00
             factor for drilling d.o.f for shells            1.00000E-04
             factor for displacement after rezoning          1.00000E+00

             universal gas constant                          8.31400E+00
             absolute temperature offset                     2.73150E+02
             thermal properties evaluation weight            5.00000E-01
             surface projection factor in ssh dynamics       0.00000E+00
             Stefan Boltzmann constant                       5.67051E-08
             Planck's second radiation constant              1.43877E-02
             Speed of light in vacuum                        2.99790E+08
             Permeability of vacuum                          1.25664E-06
             Permittivity of vacuum                          8.85419E-12
             maximum iterative displacement component        1.00000E+30
             initial stiffness to simulate sticking          0.00000E+00
             minimum angle between the normal vectors of 
             contacting segments                             1.20000E+02
             radiation reflection cut-off                    1.00000E-03
             angle for averaging adjacent beams (s2s)        1.60000E+02
             stabilizer stiffness for model sections         0.00000E+00

             maximum change in temperature per iteration     1.00000E+02
             maximum rbe3 conditioning number                0.10000E+07
             gasket initial stress stiffness factor          4.00000E-01

             end option                                                                                                                                                      
             ----------

             wall time =           1.00

             wall time =           1.00


             direct symmetric multi-frontal sparse solver is invoked for region   1


             number of element groups used:         1

                group     # elements     element type     material                             formulation

                   1         100             3                1                                    S
 
               formulation:
                     S:   small displacement
 


             maximum connectivity in stiffness matrix is          5 at node         13



             maximum half-bandwidth is         13  between nodes          1  and         13

             number of profile entries excluding fill-in is             541



             total workspace needed with in-core matrix storage =           20638
               part of solver workspace is allocated separately

             allocated        440 words of memory due to kinematic boundary conditions







             load increments for each degree of freedom
             summed over the whole model

             from distributed loads
             dist. loads on undeformed configuration - increments for dist. loads
             increments for point loads
             0.000000E+00   1.000000E+02


             point loads
             0.000000E+00   0.000000E+00

             start of assembly     cycle number is     0
             wall time =           1.00




             solver workspace for phase1 (matrix input)    (64bit words) =            1459 (      0.01 MByte)
             Metis nested dissection ordering used
             solver workspace for phase2 (nodal ordering)  (64bit words) =            4691 (      0.04 MByte)
             solver workspace for phase3 (symbolic factor) (64bit words) =            5786 (      0.04 MByte)
             solver workspace for phase4 (factorization)   (64bit words) =           10830 (      0.08 MByte) (MINIMUM)
             solver workspace for phase4 (factorization)   (64bit words) =           15912 (      0.12 MByte) (MAXIMUM)
             solver workspace available and used           (64bit words) =         1000000 (      7.63 MByte)


             start of matrix solution
             wall time =           1.00



             singularity ratio    3.1253E-01


             end of matrix solution
             wall time =           1.00



             element with highest stress relative to yield is          1
             where equivalent stress is 2.833E-19  of yield







   WINDOWS version
   Marc 2019
   output for increment       0. "          job1"


             total strain energy         is    2.55866E-02
               within which:
               elastic strain energy     is    2.55866E-02
             total ext-force work        is    2.55866E-02
               within which:
               work by appl. force/disp. is    2.55866E-02
               work by frictional forces is    0.00000E+00


             memory usage:                       MByte       words  % of total

              within general memory:           
               element stiffness matrices:           0        6846         0.0
               solver: first part                    0        9624         0.0
               overallocation initial allocation   107    27983230        75.4
               other:                                0        4164         0.0
              allocated separately:
               solver 8                              8     1997082         5.4
               nodal vectors:                        0       14050         0.0
               defined sets:                         0         394         0.0
               transformations:                      0         484         0.0
               kinematic boundary conditions:        0        1896         0.0
               points, curves and surfaces:          0         200         0.0
               mem_none:                             0       31310         0.1
               element storage:                      0       53448         0.1
               material properties:                  0        4598         0.0
               executable and common blocks:        27     7000000        18.9
               miscellaneous                         0         244         0.0
               ---------------------------------------------------------------
               total:                              142    37107570

               general memory allocated:           107    28003864
               general memory used:                  0       20634

               peak memory usage:                  159    41557520

             e n d   o f   i n c r e m e n t       0

             binary post data at increment       0.  subincrement    0.  on file 16
             wall time =           1.00


             $...................                                                                                                                                            


                              *** end of input deck - job ends


             memory usage:                       MByte       words  % of total

              within general memory:           
               element stiffness matrices:           0        6846         0.0
               solver: first part                    0        9624         0.0
               overallocation initial allocation   107    27983230        75.4
               other:                                0        4164         0.0
              allocated separately:
               solver 8                              8     1997082         5.4
               nodal vectors:                        0       14050         0.0
               defined sets:                         0         394         0.0
               transformations:                      0         484         0.0
               kinematic boundary conditions:        0        1896         0.0
               points, curves and surfaces:          0         200         0.0
               mem_none:                             0       31310         0.1
               element storage:                      0       53448         0.1
               material properties:                  0        4598         0.0
               executable and common blocks:        27     7000000        18.9
               miscellaneous                         0         244         0.0
               ---------------------------------------------------------------
               total:                              142    37107570

               general memory allocated:           107    28003864
               general memory used:                  0       20634

               peak memory usage:                  159    41557520


             timing information:                             wall time      cpu time

               total time for input:                              0.01          0.02
               total time for stiffness matrix assembly:          0.00          0.00
               total time for mass matrix assembly:               0.00          0.00
               total time for stress recovery:                    0.00          0.00
               total time for matrix solution:                    0.01          0.02
               total time for output:                             0.01          0.00
               total time for miscellaneous:                      0.68          0.17
               ---------------------------------------------------------------------
               total time:                                        0.71          0.20


             **************************************************************************


             
             This is a successful completion to a Marc simulation,
             indicating that no additional incremental data was
             found and that the analysis is complete.
             




             **************************************************************************





                                        Marc 2019

                                        Exit number 3004

