Unit:              4_feef4a06e572fd7f284ee4760011bcfd
Removed elements:  [7, 9, 12, 18]
Representative grid:
1 1 1 1 1
1 1 0 1 1
1 0 1 1 1
1 0 1 0 1
1 1 1 1 1
Run successful:    True
Constraint energy:
X        : 8.212438794839497e-06 J
Y        : 0.6203809413742317 J
Magnitude: 1.2644377774767008 J
Internal energy:
X        : -8.624774925410748 J
Y        : 8.513563681393862 J
Magnitude: 8.809722806734499 J

Template details:
Case: 1
Parameters:
Origin:                (20,20)
Dimensions:            5x5 elements
Size:                  20x20 mm
Boundary thickness:    1 elements
Internal element IDs:  [7, 8, 9, 12, 13, 14, 17, 18, 19]
Applied displacement:  10.0 mm
Applied pressure:      0.1 MPa
Neighbours added:      True
Analysis steps:        4
Run successful:        True
Constraint energy:
X        : -6.282426606949422e-07 J
Y        : 43.83862241919892 J
Magnitude: 103.43292250298548 J
Internal energy:
X        : -1.9780411623069085 J
Y        : 12.252455413341522 J
Magnitude: 1045.8269004821777 J

Ogden material parameters:
Name:  Mold Star 15
Mu:    [-6.50266e-06, 0.216863, 0.00137158]
Alpha: [-21.322, 1.1797, 4.88396]

Time created:          Mon Jun 22 17:44:35 2020
