Unit:             20_1abc31aaf28d08bf8b655a6b53b0dc82
Removed elements: [64, 96, 97, 36, 58, 38, 70, 73, 75, 47, 49, 52, 84, 86, 25, 26, 27, 28, 94, 95]
Representative grid:
1 1 1 1 1 1 1 1 1 1 1
1 1 1 1 1 1 1 1 1 1 1
1 1 1 1 1 0 0 0 0 1 1
1 1 1 1 1 1 0 1 0 1 1
1 1 1 0 1 1 0 1 0 1 1
1 1 0 1 1 1 1 1 0 1 1
1 1 0 1 0 1 1 0 1 1 1
1 1 0 1 0 1 1 1 1 1 1
1 1 0 0 0 0 1 1 1 1 1
1 1 1 1 1 1 1 1 1 1 1
1 1 1 1 1 1 1 1 1 1 1
Run successful:   True
Constraint energy:
X        : -1.6691759348510797e-08 J
Y        : 0.06056502359778036 J
Magnitude: 0.11027305221757029 J
Internal energy:
X        : -28.772153889760375 J
Y        : 28.71288362517953 J
Magnitude: 8.042476513999645 J

Template details:
Case: 1
Parameters:
Origin:               (0,0)
Dimensions:           11x11 elements
Size:                 22x22 mm
Boundary thickness:   2 elements
Internal element IDs: [25, 26, 27, 28, 29, 30, 31, 36, 37, 38, 39, 40, 41, 42, 47, 48, 49, 50, 51, 52, 53, 58, 59, 60, 61, 62, 63, 64, 69, 70, 71, 72, 73, 74, 75, 80, 81, 82, 83, 84, 85, 86, 91, 92, 93, 94, 95, 96, 97]
Applied displacement: 11.0 mm
Applied pressure:     0.02 MPa
Neighbours added:     False
Analysis steps:       20
Run successful:       True
Constraint energy:
X        : -7.704760250995309e-10 J
Y        : 52.67662329092199 J
Magnitude: 128.324593457739 J
Internal energy:
X        : -7.700297060143219e-10 J
Y        : 58.38697385787964 J
Magnitude: 5945.4085693359375 J

Ogden material parameters:
Name:  Mold Star 15
Mu:    [-6.50266e-06, 0.216863, 0.00137158]
Alpha: [-21.322, 1.1797, 4.88396]

Time created: Tue Aug 25 09:31:32 2020
