Unit:              2_98a9528c9d127e5532497d5c078c04f7
Removed elements:  [15, 22]
Representative grid:
1 1 1 1 1 1
1 1 1 1 1 1
1 1 1 0 1 1
1 1 0 1 1 1
1 1 1 1 1 1
1 1 1 1 1 1
Run successful:    True
Constraint energy: 17.752559176944906 J
Internal energy:   215.90727949142456 J

Template details:
Case: 1
Parameters:
Origin:            (0,0)
Dimensions:        6x6 elements
Internal elements: [15, 16, 21, 22]
Analysis steps:    4
Run successful:    True
Constraint energy: 104.42542716280208 J
Internal energy:   2049.3457832336426 J

Ogden material parameters:
Name:  Mold Star 15
Mu:    [-6.50266e-06, 0.216863, 0.00137158]
Alpha: [-21.322, 1.1797, 4.88396]

Time created:      Sun Jun 14 11:59:24 2020
