Unit:              5_8ccb45916b4afbb76c678936291bb5eb
Removed elements:  [7, 9, 12, 13, 18]
Representative grid:
1 1 1 1 1
1 1 0 1 1
1 0 0 1 1
1 0 1 0 1
1 1 1 1 1
Run successful:    True
Constraint energy: 0.14460565084931395 J
Internal energy:   2.4134511444717646 J

Template details:
Case: 1
Parameters:
Origin:            (20,20)
Dimensions:        5x5 elements
Internal elements: [7, 8, 9, 12, 13, 14, 17, 18, 19]
Analysis steps:    4
Run successful:    True
Constraint energy: 103.43292250298548 J
Internal energy:   1045.8269004821777 J

Ogden material parameters:
Name:  Mold Star 15
Mu:    [-6.50266e-06, 0.216863, 0.00137158]
Alpha: [-21.322, 1.1797, 4.88396]

Time created:      Mon Jun 22 15:35:47 2020
