Unit:              4_77f7e1eaf988b3e4e02daa561c39f5d1
Removed elements:  [7, 9, 12, 17]
Representative grid:
1 1 1 1 1
1 0 1 1 1
1 0 1 1 1
1 0 1 0 1
1 1 1 1 1
Run successful:    True
Constraint energy: 0.0 J
Internal energy:   0.0 J

Template details:
Case: 1
Parameters:
Origin:            (0,0)
Dimensions:        5x5 elements
Internal elements: [7, 8, 9, 12, 13, 14, 17, 18, 19]
Analysis steps:    4
Run successful:    True
Constraint energy: 0.0 J
Internal energy:   0.0 J

Ogden material parameters:
Name:  Mold Star 15
Mu:    [-6.50266e-06, 0.216863, 0.00137158]
Alpha: [-21.322, 1.1797, 4.88396]

Time created:      Thu Jun 11 15:00:15 2020
