Unit:              5_b0251f1087661f50bbb8b0fb80c5a2bf
Removed elements:  [7, 8, 12, 14, 19]
Representative grid:
1 1 1 1 1
1 1 1 0 1
1 0 1 0 1
1 0 0 1 1
1 1 1 1 1
Run successful:    True
Constraint energy: 945.4677123428467
Internal energy:   348.6760858213529

Template details:
Case: 2
Parameters:
Origin:            (0,0)
Dimensions:        5x5 elements
Internal elements: [7, 8, 9, 12, 13, 14, 17, 18, 19]
Analysis steps:    4
Run successful:    False
Constraint energy: 0
Internal energy:   0
Ogden material parameters:
Name:  Mold Star 15
Mu:    [-6.50266e-06, 0.216863, 0.00137158]
Alpha: [-21.322, 1.1797, 4.88396]
Time created:      Fri May 22 12:39:43 2020
