Marc Mentat (C)Copyright 1994-2019, MSC Software Corporation, all rights reserved
Command > *post_open c:\users\19673418\documents\masters-project\models\marcmentat_tutorials\e015\e015_adaptive.t16
Number of increments detected : 21
Command > *reset_view
Command > *fill_view
Command > *post_next
Command > *post_next
Command > *post_next
Command > *post_next
Command > *post_next
Command > *post_next
Command > *post_next
Command > *post_next
Command > *post_next
Command > *post_next
Command > *post_next
Command > *post_next
Command > *post_next
Command > *post_next
Command > *post_next
Command > *post_next
Command > *post_next
Command > *post_next
Command > *post_next
Command > *post_next
Command > *post_next
Command > *post_shape_original *post_shape_deform_scale_factor_display_off
Command > *post_shape_deformed_and_original
Command > *post_prev
Command > *post_prev
Command > *post_prev
Command > *post_prev
Command > *post_prev
Command > *post_prev
Command > *post_contour_bands
Command > *post_value Reaction Force X
Enter post variable : *post_value Reaction Force Y
Enter post variable : *post_value External Force X
Enter post variable : *post_value External Force Y
Enter post variable : *post_value Reaction Force X
Enter post variable : *post_value Total Displacement
Enter post variable : *post_vectors
Enter post variable : *post_vector External Force
Enter vector quantity : *quit yes
