Unit:             6f4922f45568161a8cdf4ad2299f6d23
Removed elements:  [18]
Representative grid:
1 1 1 1 1
1 1 0 1 1
1 1 1 1 1
1 1 1 1 1
1 1 1 1 1
Run successful:    True
Template details:
Case: 1
Parameters:
Origin:            (0,0)
Dimensions:        5x5 elements
Internal elements: [7, 8, 9, 12, 13, 14, 17, 18, 19]
Analysis steps:    4
Ogden material parameters:
Name:  Mold Star 15
Mu:    [-6.50266e-06, 0.216863, 0.00137158]
Alpha: [-21.322, 1.1797, 4.88396]
Time created:      Mon May 11 09:51:40 2020
