Unit:              5_5afca0a211d43e912e33af9407dadf7e
Removed elements:  [8, 9, 13, 14, 19]
Representative grid:
1 1 1 1 1
1 1 1 0 1
1 1 0 0 1
1 1 0 0 1
1 1 1 1 1
Run successful:    True
Constraint energy: 0.09531074264526773 J
Internal energy:   2.211679452098906 J

Template details:
Case: 1
Parameters:
Origin:            (0,0)
Dimensions:        5x5 elements
Internal elements: [7, 8, 9, 12, 13, 14, 17, 18, 19]
Analysis steps:    4
Run successful:    True
Constraint energy: 103.40724487461749 J
Internal energy:   1505.6417999267578 J

Ogden material parameters:
Name:  Mold Star 15
Mu:    [-6.50266e-06, 0.216863, 0.00137158]
Alpha: [-21.322, 1.1797, 4.88396]

Time created:      Sun Jun 14 13:54:19 2020
