Unit:             91['F', 'f+ffF']_['f', '+(Ff(']
Removed elements: [1, 2, 3, 4, 5, 6, 7, 8, 9, 10, 11, 12, 13, 14, 15, 16, 17, 18, 19, 20, 21, 22, 23, 24, 25, 26, 27, 28, 29, 30, 31, 32, 33, 34, 35, 36, 37, 38, 39, 40, 41, 42, 43, 44, 45, 46, 47, 48, 49, 50, 51, 52, 53, 54, 55, 56, 57, 58, 59, 60, 61, 62, 63, 64, 65, 66, 68, 69, 70, 71, 72, 73, 74, 75, 76, 80, 81, 82, 83, 84, 85, 86, 89, 91, 92, 93, 95, 96, 97, 98, 100]
Grammar:
F -> f+ffF
f -> +(Ff(
Axiom:                [F]++++[F]
Number Of Iterations: 4
Resulting Word:       [+(+(Ff(++(Ff(+(Ff(f+ffF+(f+ffF+(Ff(((++(+(Ff(++(Ff(+(Ff(f+ffF+(f+ffF+(Ff(((+(+(Ff(++(Ff(+(Ff(f+ffF+(f+ffF+(Ff(((+(f+ffF+(Ff((++(f+ffF+(Ff((+(f+ffF+(Ff((+(Ff(++(Ff(+(Ff(f+ffF]++++[+(+(Ff(++(Ff(+(Ff(f+ffF+(f+ffF+(Ff(((++(+(Ff(++(Ff(+(Ff(f+ffF+(f+ffF+(Ff(((+(+(Ff(++(Ff(+(Ff(f+ffF+(f+ffF+(Ff(((+(f+ffF+(Ff((++(f+ffF+(Ff((+(f+ffF+(Ff((+(Ff(++(Ff(+(Ff(f+ffF]

L-System Vocabulary:
F: Create an element at the current position and increment the position
f: Increment the position
+: Rotate the current direction by 45 degrees counterclockwise
-: Rotate the current direction by 45 degrees clockwise
[: Push the current position
]: Pop to the previously pushed position
(: Push and reflect the current position
): Pop and unreflect to the previously pushed and reflected position

Representative grid:
1 1 1 1 1 1 1 1 1 1 1
0 1 1 1 1 1 1 1 1 1 1
0 1 0 0 0 1 0 0 0 0 1
1 1 0 0 0 0 0 0 0 1 1
1 0 0 0 0 0 0 0 0 0 1
0 0 0 0 0 0 0 0 0 0 0
0 0 0 0 0 0 0 0 0 0 0
0 0 0 0 0 0 0 0 0 0 0
0 0 0 0 0 0 0 0 0 0 0
0 0 0 0 0 0 0 0 0 0 0
0 0 0 0 0 0 0 0 0 0 0
Run successful:   True
Constraint energy:
X        : 2.79196529908778e-26 J
Y        : 1.8140033700210635e-14 J
Magnitude: 3.3081348071119688e-12 J
Internal energy:
X        : 3.0769739431087476e-11 J
Y        : -1.8424893510748258e-10 J
Magnitude: -1.3598166386247203e-15 J

Template details:
Case: 1
Parameters:
Origin:               (0,0)
Dimensions:           11x11 elements
Size:                 22x22 mm
Boundary thickness:   2 elements
Internal element IDs: [25, 26, 27, 28, 29, 30, 31, 36, 37, 38, 39, 40, 41, 42, 47, 48, 49, 50, 51, 52, 53, 58, 59, 60, 61, 62, 63, 64, 69, 70, 71, 72, 73, 74, 75, 80, 81, 82, 83, 84, 85, 86, 91, 92, 93, 94, 95, 96, 97]
Applied displacement: 11.0 mm
Applied pressure:     0.025 MPa
Neighbours added:     False
Analysis steps:       5
Run successful:       True
Constraint energy:
X        : -3.0389817179159503e-09 J
Y        : 52.8855188902419 J
Magnitude: 128.8335898718154 J
Internal energy:
X        : -2.9519539920114246e-09 J
Y        : 58.38697385787964 J
Magnitude: 5992.6552734375 J

Ogden material parameters:
Name:  Mold Star 15
Mu:    [-6.50266e-06, 0.216863, 0.00137158]
Alpha: [-21.322, 1.1797, 4.88396]

Time created: Wed Jul 15 15:50:08 2020
