Unit:              01fcade39cf5fb53d28a87d7e9c33520
Removed elements:  [12, 14, 18]
Representative grid:
1 1 1 1 1
1 1 0 1 1
1 0 1 0 1
1 1 1 1 1
1 1 1 1 1
Run successful:    True
Constraint energy: 1185.9567125020296
Internal energy:   520.4555748496205

Template details:
Case: 2
Parameters:
Origin:            (0,0)
Dimensions:        5x5 elements
Internal elements: [7, 8, 9, 12, 13, 14, 17, 18, 19]
Analysis steps:    4
Run successful:    False
Constraint energy: 0
Internal energy:   0
Ogden material parameters:
Name:  Mold Star 15
Mu:    [-6.50266e-06, 0.216863, 0.00137158]
Alpha: [-21.322, 1.1797, 4.88396]
Time created:      Fri May 22 10:19:50 2020
