Unit:              7_9dc25fc26e45c89858bd04abd7ef0760
Removed elements:  [7, 9, 12, 13, 17, 18, 19]
Representative grid:
1 1 1 1 1
1 0 0 0 1
1 0 0 1 1
1 0 1 0 1
1 1 1 1 1
Run successful:    True
Constraint energy: 0.06693514137657333 J
Internal energy:   1.4547170766745694 J

Template details:
Case: 1
Parameters:
Origin:            (20,20)
Dimensions:        5x5 elements
Internal elements: [7, 8, 9, 12, 13, 14, 17, 18, 19]
Analysis steps:    4
Run successful:    True
Constraint energy: 103.43292250298548 J
Internal energy:   1045.8269004821777 J

Ogden material parameters:
Name:  Mold Star 15
Mu:    [-6.50266e-06, 0.216863, 0.00137158]
Alpha: [-21.322, 1.1797, 4.88396]

Time created:      Mon Jun 22 15:47:24 2020
