Unit:             25_['F', 'fF[-fF]--F']_['f', 'F++Ff[F]']
Removed elements: [25, 26, 27, 28, 29, 30, 31, 36, 37, 38, 39, 40, 41, 42, 48, 49, 50, 51, 52, 58, 64, 80, 86, 93, 95]
Grammar:
F -> fF[-fF]--F
f -> F++Ff[F]
Axiom:                --[F]++++(F)
Number Of Iterations: 4
Resulting Word:       --[F++Ff[F]fF[-fF]--F[-F++Ff[F]fF[-fF]--F]--fF[-fF]--F++F++Ff[F]fF[-fF]--F[-F++Ff[F]fF[-fF]--F]--fF[-fF]--FfF[-fF]--F++fF[-fF]--FF++Ff[F][fF[-fF]--F][F++Ff[F]fF[-fF]--F[-F++Ff[F]fF[-fF]--F]--fF[-fF]--F]fF[-fF]--F++fF[-fF]--FF++Ff[F][fF[-fF]--F]F++Ff[F]fF[-fF]--F[-F++Ff[F]fF[-fF]--F]--fF[-fF]--F[-fF[-fF]--F++fF[-fF]--FF++Ff[F][fF[-fF]--F]F++Ff[F]fF[-fF]--F[-F++Ff[F]fF[-fF]--F]--fF[-fF]--F]--F++Ff[F]fF[-fF]--F[-F++Ff[F]fF[-fF]--F]--fF[-fF]--F[-F++Ff[F]fF[-fF]--F[-F++Ff[F]fF[-fF]--F]--fF[-fF]--F++F++Ff[F]fF[-fF]--F[-F++Ff[F]fF[-fF]--F]--fF[-fF]--FfF[-fF]--F++fF[-fF]--FF++Ff[F][fF[-fF]--F][F++Ff[F]fF[-fF]--F[-F++Ff[F]fF[-fF]--F]--fF[-fF]--F]fF[-fF]--F++fF[-fF]--FF++Ff[F][fF[-fF]--F]F++Ff[F]fF[-fF]--F[-F++Ff[F]fF[-fF]--F]--fF[-fF]--F[-fF[-fF]--F++fF[-fF]--FF++Ff[F][fF[-fF]--F]F++Ff[F]fF[-fF]--F[-F++Ff[F]fF[-fF]--F]--fF[-fF]--F]--F++Ff[F]fF[-fF]--F[-F++Ff[F]fF[-fF]--F]--fF[-fF]--F]--fF[-fF]--F++fF[-fF]--FF++Ff[F][fF[-fF]--F]F++Ff[F]fF[-fF]--F[-F++Ff[F]fF[-fF]--F]--fF[-fF]--F[-fF[-fF]--F++fF[-fF]--FF++Ff[F][fF[-fF]--F]F++Ff[F]fF[-fF]--F[-F++Ff[F]fF[-fF]--F]--fF[-fF]--F]--F++Ff[F]fF[-fF]--F[-F++Ff[F]fF[-fF]--F]--fF[-fF]--F]++++(F++Ff[F]fF[-fF]--F[-F++Ff[F]fF[-fF]--F]--fF[-fF]--F++F++Ff[F]fF[-fF]--F[-F++Ff[F]fF[-fF]--F]--fF[-fF]--FfF[-fF]--F++fF[-fF]--FF++Ff[F][fF[-fF]--F][F++Ff[F]fF[-fF]--F[-F++Ff[F]fF[-fF]--F]--fF[-fF]--F]fF[-fF]--F++fF[-fF]--FF++Ff[F][fF[-fF]--F]F++Ff[F]fF[-fF]--F[-F++Ff[F]fF[-fF]--F]--fF[-fF]--F[-fF[-fF]--F++fF[-fF]--FF++Ff[F][fF[-fF]--F]F++Ff[F]fF[-fF]--F[-F++Ff[F]fF[-fF]--F]--fF[-fF]--F]--F++Ff[F]fF[-fF]--F[-F++Ff[F]fF[-fF]--F]--fF[-fF]--F[-F++Ff[F]fF[-fF]--F[-F++Ff[F]fF[-fF]--F]--fF[-fF]--F++F++Ff[F]fF[-fF]--F[-F++Ff[F]fF[-fF]--F]--fF[-fF]--FfF[-fF]--F++fF[-fF]--FF++Ff[F][fF[-fF]--F][F++Ff[F]fF[-fF]--F[-F++Ff[F]fF[-fF]--F]--fF[-fF]--F]fF[-fF]--F++fF[-fF]--FF++Ff[F][fF[-fF]--F]F++Ff[F]fF[-fF]--F[-F++Ff[F]fF[-fF]--F]--fF[-fF]--F[-fF[-fF]--F++fF[-fF]--FF++Ff[F][fF[-fF]--F]F++Ff[F]fF[-fF]--F[-F++Ff[F]fF[-fF]--F]--fF[-fF]--F]--F++Ff[F]fF[-fF]--F[-F++Ff[F]fF[-fF]--F]--fF[-fF]--F]--fF[-fF]--F++fF[-fF]--FF++Ff[F][fF[-fF]--F]F++Ff[F]fF[-fF]--F[-F++Ff[F]fF[-fF]--F]--fF[-fF]--F[-fF[-fF]--F++fF[-fF]--FF++Ff[F][fF[-fF]--F]F++Ff[F]fF[-fF]--F[-F++Ff[F]fF[-fF]--F]--fF[-fF]--F]--F++Ff[F]fF[-fF]--F[-F++Ff[F]fF[-fF]--F]--fF[-fF]--F)

L-System Vocabulary:
F: Create an element at the current position and increment the position
f: Increment the position
+: Rotate the current direction by 45 degrees counterclockwise
-: Rotate the current direction by 45 degrees clockwise
[: Push the current position
]: Pop to the previously pushed position
(: Push and reflect the current position
): Pop and unreflect to the previously pushed and reflected position

Representative grid:
1 1 1 1 1 1 1 1 1 1 1
1 1 1 1 1 1 1 1 1 1 1
1 1 1 1 0 1 0 1 1 1 1
1 1 0 1 1 1 1 1 0 1 1
1 1 1 1 1 1 1 1 1 1 1
1 1 0 1 1 1 1 1 0 1 1
1 1 1 0 0 0 0 0 1 1 1
1 1 0 0 0 0 0 0 0 1 1
1 1 0 0 0 0 0 0 0 1 1
1 1 1 1 1 1 1 1 1 1 1
1 1 1 1 1 1 1 1 1 1 1
Run successful:   True
Constraint energy:
X        : 0.007750971283682162 J
Y        : 2.023947449566913e-06 J
Magnitude: 0.017164387430060137 J
Internal energy:
X        : 2.5952737138431985 J
Y        : -1.9842916858615354 J
Magnitude: 1.3318781683046836 J

Template details:
Case: 2
Parameters:
Origin:               (0,0)
Dimensions:           11x11 elements
Size:                 22x22 mm
Boundary thickness:   2 elements
Internal element IDs: [25, 26, 27, 28, 29, 30, 31, 36, 37, 38, 39, 40, 41, 42, 47, 48, 49, 50, 51, 52, 53, 58, 59, 60, 61, 62, 63, 64, 69, 70, 71, 72, 73, 74, 75, 80, 81, 82, 83, 84, 85, 86, 91, 92, 93, 94, 95, 96, 97]
Applied displacement: 11.0 mm
Applied pressure:     0.02 MPa
Neighbours added:     False
Analysis steps:       5
Run successful:       True
Constraint energy:
X        : 0.01571587814460866 J
Y        : -2.4599211445609697e-09 J
Magnitude: 0.030663872042957258 J
Internal energy:
X        : 8.644031181931496 J
Y        : -8.641405701637268 J
Magnitude: 2.3472061417996883 J

Ogden material parameters:
Name:  Mold Star 15
Mu:    [-6.50266e-06, 0.216863, 0.00137158]
Alpha: [-21.322, 1.1797, 4.88396]

Time created: Fri Jul 31 19:00:33 2020
