Unit:             8_['F', 'Ff[+F]+[f]']_['f', '+Ff-[-fF]']
Removed elements: [97, 72, 75, 47, 50, 93, 25, 29]
Grammar:
F -> Ff[+F]+[f]
f -> +Ff-[-fF]
Axiom:                +[F]++++[F]
Number Of Iterations: 4
Resulting Word:       +[Ff[+F]+[f]+Ff-[-fF][+Ff[+F]+[f]]+[+Ff-[-fF]]+Ff[+F]+[f]+Ff-[-fF]-[-+Ff-[-fF]Ff[+F]+[f]][+Ff[+F]+[f]+Ff-[-fF][+Ff[+F]+[f]]+[+Ff-[-fF]]]+[+Ff[+F]+[f]+Ff-[-fF]-[-+Ff-[-fF]Ff[+F]+[f]]]+Ff[+F]+[f]+Ff-[-fF][+Ff[+F]+[f]]+[+Ff-[-fF]]+Ff[+F]+[f]+Ff-[-fF]-[-+Ff-[-fF]Ff[+F]+[f]]-[-+Ff[+F]+[f]+Ff-[-fF]-[-+Ff-[-fF]Ff[+F]+[f]]Ff[+F]+[f]+Ff-[-fF][+Ff[+F]+[f]]+[+Ff-[-fF]]][+Ff[+F]+[f]+Ff-[-fF][+Ff[+F]+[f]]+[+Ff-[-fF]]+Ff[+F]+[f]+Ff-[-fF]-[-+Ff-[-fF]Ff[+F]+[f]][+Ff[+F]+[f]+Ff-[-fF][+Ff[+F]+[f]]+[+Ff-[-fF]]]+[+Ff[+F]+[f]+Ff-[-fF]-[-+Ff-[-fF]Ff[+F]+[f]]]]+[+Ff[+F]+[f]+Ff-[-fF][+Ff[+F]+[f]]+[+Ff-[-fF]]+Ff[+F]+[f]+Ff-[-fF]-[-+Ff-[-fF]Ff[+F]+[f]]-[-+Ff[+F]+[f]+Ff-[-fF]-[-+Ff-[-fF]Ff[+F]+[f]]Ff[+F]+[f]+Ff-[-fF][+Ff[+F]+[f]]+[+Ff-[-fF]]]]]++++[Ff[+F]+[f]+Ff-[-fF][+Ff[+F]+[f]]+[+Ff-[-fF]]+Ff[+F]+[f]+Ff-[-fF]-[-+Ff-[-fF]Ff[+F]+[f]][+Ff[+F]+[f]+Ff-[-fF][+Ff[+F]+[f]]+[+Ff-[-fF]]]+[+Ff[+F]+[f]+Ff-[-fF]-[-+Ff-[-fF]Ff[+F]+[f]]]+Ff[+F]+[f]+Ff-[-fF][+Ff[+F]+[f]]+[+Ff-[-fF]]+Ff[+F]+[f]+Ff-[-fF]-[-+Ff-[-fF]Ff[+F]+[f]]-[-+Ff[+F]+[f]+Ff-[-fF]-[-+Ff-[-fF]Ff[+F]+[f]]Ff[+F]+[f]+Ff-[-fF][+Ff[+F]+[f]]+[+Ff-[-fF]]][+Ff[+F]+[f]+Ff-[-fF][+Ff[+F]+[f]]+[+Ff-[-fF]]+Ff[+F]+[f]+Ff-[-fF]-[-+Ff-[-fF]Ff[+F]+[f]][+Ff[+F]+[f]+Ff-[-fF][+Ff[+F]+[f]]+[+Ff-[-fF]]]+[+Ff[+F]+[f]+Ff-[-fF]-[-+Ff-[-fF]Ff[+F]+[f]]]]+[+Ff[+F]+[f]+Ff-[-fF][+Ff[+F]+[f]]+[+Ff-[-fF]]+Ff[+F]+[f]+Ff-[-fF]-[-+Ff-[-fF]Ff[+F]+[f]]-[-+Ff[+F]+[f]+Ff-[-fF]-[-+Ff-[-fF]Ff[+F]+[f]]Ff[+F]+[f]+Ff-[-fF][+Ff[+F]+[f]]+[+Ff-[-fF]]]]]

L-System Vocabulary:
F: Create an element at the current position and increment the position
f: Increment the position
+: Rotate the current direction by 45 degrees counterclockwise
-: Rotate the current direction by 45 degrees clockwise
[: Push the current position
]: Pop to the previously pushed position
(: Push and reflect the current position
): Pop and unreflect to the previously pushed and reflected position

Representative grid:
1 1 1 1 1 1 1 1 1 1 1
1 1 1 1 1 1 1 1 1 1 1
1 1 1 1 0 1 1 1 0 1 1
1 1 1 1 1 1 1 1 1 1 1
1 1 1 1 1 0 1 1 0 1 1
1 1 1 1 1 1 1 1 1 1 1
1 1 0 1 1 0 1 1 1 1 1
1 1 1 1 1 1 1 1 1 1 1
1 1 0 1 1 1 0 1 1 1 1
1 1 1 1 1 1 1 1 1 1 1
1 1 1 1 1 1 1 1 1 1 1
Run successful:   True
Constraint energy:
X        : 0.013350807228612278 J
Y        : 1.395854605290928e-06 J
Magnitude: 0.026325234528541963 J
Internal energy:
X        : 7.00516824668739 J
Y        : -6.840808645269135 J
Magnitude: 2.1083671832457185 J

Template details:
Case: 2
Parameters:
Origin:               (0,0)
Dimensions:           11x11 elements
Size:                 22x22 mm
Boundary thickness:   2 elements
Internal element IDs: [25, 26, 27, 28, 29, 30, 31, 36, 37, 38, 39, 40, 41, 42, 47, 48, 49, 50, 51, 52, 53, 58, 59, 60, 61, 62, 63, 64, 69, 70, 71, 72, 73, 74, 75, 80, 81, 82, 83, 84, 85, 86, 91, 92, 93, 94, 95, 96, 97]
Applied displacement: 11.0 mm
Applied pressure:     0.02 MPa
Neighbours added:     False
Analysis steps:       5
Run successful:       True
Constraint energy:
X        : 0.01571587814460866 J
Y        : -2.4599211445609697e-09 J
Magnitude: 0.030663872042957258 J
Internal energy:
X        : 8.644031181931496 J
Y        : -8.641405701637268 J
Magnitude: 2.3472061417996883 J

Ogden material parameters:
Name:  Mold Star 15
Mu:    [-6.50266e-06, 0.216863, 0.00137158]
Alpha: [-21.322, 1.1797, 4.88396]

Time created: Fri Jul 31 16:53:43 2020
