This is pdfTeX, Version 3.14159265-2.6-1.40.21 (MiKTeX 20.11) (preloaded format=pdflatex 2020.11.12)  17 NOV 2020 13:14
entering extended mode
**./USthesis_Masters.tex
(USthesis_Masters.tex
LaTeX2e <2020-10-01> patch level 2
L3 programming layer <2020-10-27> xparse <2020-03-03>
("C:\Users\19673418\AppData\Local\Programs\MiKTeX 2.9\tex/latex/memoir\memoir.c
ls"
Document Class: memoir 2020/10/04 v3.7n configurable book, report, article docu
ment class
\onelineskip=\skip47
\lxvchars=\skip48
\xlvchars=\skip49
\@memcnta=\count175
\c@@memmarkcntra=\count176

("C:\Users\19673418\AppData\Local\Programs\MiKTeX 2.9\tex/generic/iftex\iftex.s
ty"
Package: iftex 2020/03/06 v1.0d TeX engine tests
)
\stockheight=\skip50
\stockwidth=\skip51
\trimtop=\skip52
\trimedge=\skip53

("C:\Users\19673418\AppData\Local\Programs\MiKTeX 2.9\tex/latex/memoir\mem12.cl
o"
File: mem12.clo 2010/10/19 v0.4b memoir class 12pt size option
)
\binding=\skip54
\spinemargin=\skip55
\foremargin=\skip56
\uppermargin=\skip57
\lowermargin=\skip58
\headdrop=\skip59
\normalrulethickness=\skip60
\mem@maxheadheight=\skip61
\mem@maxfootheight=\skip62
\headwidth=\skip63
\c@storedpagenumber=\count177
\memPD=\dimen138
\m@mabparskip=\skip64
\thanksmarkwidth=\skip65
\thanksmarksep=\skip66
\droptitle=\skip67
\c@book=\count178
\c@part=\count179
\c@chapter=\count180
\c@section=\count181
\c@subsection=\count182
\c@subsubsection=\count183
\c@paragraph=\count184
\c@subparagraph=\count185
\beforechapskip=\skip68
\midchapskip=\skip69
\afterchapskip=\skip70
\chapindent=\skip71
\bottomsectionskip=\skip72
\secindent=\skip73
\beforesecskip=\skip74
\aftersecskip=\skip75
\subsecindent=\skip76
\beforesubsecskip=\skip77
\aftersubsecskip=\skip78
\subsubsecindent=\skip79
\beforesubsubsecskip=\skip80
\aftersubsubsecskip=\skip81
\paraindent=\skip82
\beforeparaskip=\skip83
\afterparaskip=\skip84
\subparaindent=\skip85
\beforesubparaskip=\skip86
\aftersubparaskip=\skip87
\pfbreakskip=\skip88
\c@@ppsavesec=\count186
\c@@ppsaveapp=\count187
\ragrparindent=\dimen139
\everylistparindent=\dimen140
\parsepi=\skip89
\topsepi=\skip90
\itemsepi=\skip91
\parsepii=\skip92
\topsepii=\skip93
\topsepiii=\skip94
\itemsepii=\skip95
\itemsepiii=\skip96
\partopsepii=\skip97
\partopsepiii=\skip98
\m@msavetopsep=\skip99
\m@msavepartopsep=\skip100
\@enLab=\toks15
\abstitleskip=\skip101
\absleftindent=\skip102
\abs@leftindent=\dimen141
\absrightindent=\skip103
\absparindent=\skip104
\absparsep=\skip105
\c@vslineno=\count188
\c@poemline=\count189
\c@modulo@vs=\count190
\c@memfvsline=\count191
\vleftskip=\skip106
\vrightskip=\skip107
\stanzaskip=\skip108
\versewidth=\skip109
\vgap=\skip110
\vindent=\skip111
\vleftmargin=\dimen142
\c@verse=\count192
\c@chrsinstr=\count193
\beforepoemtitleskip=\skip112
\afterpoemtitleskip=\skip113
\c@poem=\count194
\beforePoemTitleskip=\skip114
\midPoemTitleskip=\skip115
\afterPoemTitleskip=\skip116

("C:\Users\19673418\AppData\Local\Programs\MiKTeX 2.9\tex/latex/tools\array.sty
"
Package: array 2019/08/31 v2.4l Tabular extension package (FMi)
\col@sep=\dimen143
\ar@mcellbox=\box47
\extrarowheight=\dimen144
\NC@list=\toks16
\extratabsurround=\skip117
\backup@length=\skip118
\ar@cellbox=\box48
)
("C:\Users\19673418\AppData\Local\Programs\MiKTeX 2.9\tex/latex/tools\dcolumn.s
ty"
Package: dcolumn 2014/10/28 v1.06 decimal alignment package (DPC)
)
("C:\Users\19673418\AppData\Local\Programs\MiKTeX 2.9\tex/latex/tools\delarray.
sty"
Package: delarray 2014/10/28 v1.01 array delimiter package (DPC)
)
("C:\Users\19673418\AppData\Local\Programs\MiKTeX 2.9\tex/latex/tools\tabularx.
sty"
Package: tabularx 2020/01/15 v2.11c `tabularx' package (DPC)
\TX@col@width=\dimen145
\TX@old@table=\dimen146
\TX@old@col=\dimen147
\TX@target=\dimen148
\TX@delta=\dimen149
\TX@cols=\count195
\TX@ftn=\toks17
)
\heavyrulewidth=\dimen150
\lightrulewidth=\dimen151
\cmidrulewidth=\dimen152
\belowrulesep=\dimen153
\belowbottomsep=\dimen154
\aboverulesep=\dimen155
\abovetopsep=\dimen156
\cmidrulesep=\dimen157
\cmidrulekern=\dimen158
\defaultaddspace=\dimen159
\@cmidla=\count196
\@cmidlb=\count197
\@aboverulesep=\dimen160
\@belowrulesep=\dimen161
\@thisruleclass=\count198
\@lastruleclass=\count199
\@thisrulewidth=\dimen162
\ctableftskip=\skip119
\ctabrightskip=\skip120
\abovecolumnspenalty=\count266
\@linestogo=\count267
\@cellstogo=\count268
\@cellsincolumn=\count269
\crtok=\toks18
\@mincolumnwidth=\dimen163
\c@newflo@tctr=\count270
\mem@margin@floatbox=\box49
\@contcwidth=\skip121
\@contindw=\skip122
\abovecaptionskip=\skip123
\belowcaptionskip=\skip124
\subfloattopskip=\skip125
\subfloatcapskip=\skip126
\subfloatcaptopadj=\skip127
\subfloatbottomskip=\skip128
\subfloatlabelskip=\skip129
\subfloatcapmargin=\dimen164
\c@@contsubnum=\count271
\m@mscap@capbox=\box50
\m@mscap@fbox=\box51
\sidecapsep=\dimen165
\sidecapwidth=\dimen166
\m@m@tempdima=\dimen167
\m@mscapraise=\dimen168
\sidecapraise=\dimen169
\m@mscapmainwidth=\dimen170
\m@mscaplkern=\dimen171
\beforeepigraphskip=\skip130
\afterepigraphskip=\skip131
\epigraphwidth=\skip132
\epigraphrule=\skip133
LaTeX Info: Redefining \em on input line 7678.
LaTeX Info: Redefining \emph on input line 7686.
\tocentryskip=\skip134
\tocbaseline=\skip135
\cftparskip=\skip136
\cftbeforebookskip=\skip137
\cftbookindent=\dimen172
\cftbooknumwidth=\dimen173
\cftbeforepartskip=\skip138
\cftpartindent=\skip139
\cftpartnumwidth=\skip140
\cftbeforechapterskip=\skip141
\cftchapterindent=\skip142
\cftchapternumwidth=\skip143
\cftbeforesectionskip=\skip144
\cftsectionindent=\skip145
\cftsectionnumwidth=\skip146
\cftbeforesubsectionskip=\skip147
\cftsubsectionindent=\skip148
\cftsubsectionnumwidth=\skip149
\cftbeforesubsubsectionskip=\skip150
\cftsubsubsectionindent=\skip151
\cftsubsubsectionnumwidth=\skip152
\cftbeforeparagraphskip=\skip153
\cftparagraphindent=\skip154
\cftparagraphnumwidth=\skip155
\cftbeforesubparagraphskip=\skip156
\cftsubparagraphindent=\skip157
\cftsubparagraphnumwidth=\skip158
\prechapterprecisshift=\dimen174
\c@maxsecnumdepth=\count272
\bibindent=\dimen175
\bibitemsep=\skip159
\indexcolsep=\skip160
\indexrule=\skip161
\indexmarkstyle=\toks19
\@indexbox=\insert252
\glossarycolsep=\dimen176
\glossaryrule=\dimen177
\sideparvshift=\skip162
\sideins=\insert251
\sidebartopsep=\skip163
\sidebarhsep=\skip164
\sidebarvsep=\skip165
\sidebarwidth=\skip166
\footmarkwidth=\skip167
\footmarksep=\skip168
\footparindent=\skip169
\footinsdim=\skip170
\footinsv@r=\insert250
\@mpfootinsv@r=\insert249
\m@m@k=\count273
\m@m@h=\dimen178
\m@mipn@skip=\skip171
\sidefootins=\insert248
\sidefootadjust=\skip172
\sidefootheight=\skip173
\sidefoothsep=\skip174
\sidefootvsep=\skip175
\sidefootwidth=\skip176
\m@mdownsf=\skip177
\c@sidefootnote=\count274
\sidefootmarkwidth=\skip178
\sidefootmarksep=\skip179
\sidefootparindent=\skip180
\c@pagenote=\count275
\c@pagenoteshadow=\count276
\mem@pn@lastkern=\skip181
\every@verbatim=\toks20
\afterevery@verbatim=\toks21
\verbatim@line=\toks22
\tab@position=\count277
\verbatim@in@stream=\read2
\verbatimindent=\skip182
\verbatim@out=\write3
\bvboxsep=\skip183
\c@memfbvline=\count278
\c@bvlinectr=\count279
\bvnumlength=\skip184
\fb@frw=\dimen179
\fb@frh=\dimen180
\FrameRule=\dimen181
\FrameSep=\dimen182
\c@cp@cntr=\count280
\c@ism@mctr=\count281
\c@xsm@mctr=\count282
\c@csm@mctr=\count283
\c@ksm@mctr=\count284
\c@xksm@mctr=\count285
\c@cksm@mctr=\count286
\c@msm@mctr=\count287
\c@xmsm@mctr=\count288
\c@cmsm@mctr=\count289
\c@bsm@mctr=\count290
\c@workm@mctr=\count291
\c@sheetsequence=\count292
\c@lastsheet=\count293
\c@lastpage=\count294

("C:\Users\19673418\AppData\Local\Programs\MiKTeX 2.9\tex/latex/textcase\textca
se.sty"
Package: textcase 2019/09/14 v1.00 Text only upper/lower case changing (DPC)
)
\c@figure=\count295
\c@lofdepth=\count296
\cftbeforefigureskip=\skip185
\cftfigureindent=\skip186
\cftfigurenumwidth=\skip187
\c@table=\count297
\c@lotdepth=\count298
\cftbeforetableskip=\skip188
\cfttableindent=\skip189
\cfttablenumwidth=\skip190
Package abstract [2008/07/23] emulated by memoir.
Package appendix [2008/07/23] emulated by memoir.
Package booktabs [2016/05/16] emulated by memoir.
Package ccaption [2008/07/23] emulated by memoir.
Package changepage [2008/07/23] emulated by memoir.
Package chngcntr [2008/07/23] emulated by memoir.
Package chngpage [2008/07/23] emulated by memoir.
Package crop emulated by memoir.
Package enumerate [2008/07/23] emulated by memoir.
Package epigraph [2008/07/23] emulated by memoir.
Package ifmtarg [2008/07/23] emulated by memoir.
Package index [2008/07/23] emulated by memoir.
Package makeidx [2008/07/23] emulated by memoir.
Package moreverb [2008/07/23] emulated by memoir.
Package mparhack [2008/07/23] emulated by memoir.
Package needspace [2008/07/23] emulated by memoir.
Package newfile [2008/07/23] emulated by memoir.
Package nextpage [2008/07/23] emulated by memoir.
Package pagenote [2008/07/23] emulated by memoir.
Package parskip [2008/07/23] emulated by memoir.
Package patchcmd [2008/07/23] emulated by memoir.
Package setspace [2008/07/23] emulated by memoir.
Package shortvrb [2008/07/23] emulated by memoir.
Package showidx [2008/07/23] emulated by memoir.
Package titleref [2008/07/23] emulated by memoir.
Package titling [2008/07/23] emulated by memoir.
Package tocbibind [2008/07/23] emulated by memoir.
Package tocloft [2008/07/23] emulated by memoir.
Package tocvsec2 [2008/07/23] emulated by memoir.
Package verbatim [2008/07/23] emulated by memoir.
Package verse [2008/07/23] emulated by memoir.
)
("C:\Users\19673418\AppData\Local\Programs\MiKTeX 2.9\tex/latex/stellenbosch\us
thesis.sty"
Package: usthesis 2014/11/28 v5.0 Stellenbosh Thesis class for use with Memoir 
(DNJ ELS)
Package usthesis Info: Stellenbosch thesis style for MEMOIR class on input line
 35.

("C:\Users\19673418\AppData\Local\Programs\MiKTeX 2.9\tex/latex/tools\calc.sty"
Package: calc 2017/05/25 v4.3 Infix arithmetic (KKT,FJ)
\calc@Acount=\count299
\calc@Bcount=\count300
\calc@Adimen=\dimen183
\calc@Bdimen=\dimen184
\calc@Askip=\skip191
\calc@Bskip=\skip192
LaTeX Info: Redefining \setlength on input line 80.
LaTeX Info: Redefining \addtolength on input line 81.
\calc@Ccount=\count301
\calc@Cskip=\skip193
)
Package usthesis Info: Input file 'usthesis.afr' loaded on input line 94.

("C:\Users\19673418\AppData\Local\Programs\MiKTeX 2.9\tex/latex/stellenbosch\us
thesis.afr"
File: usthesis.afr 2014/11/28 v2.0 USthesis Afr defs (DNJ Els)
)
Package usthesis Info: Input file 'usthesis.eng' loaded on input line 97.

("C:\Users\19673418\AppData\Local\Programs\MiKTeX 2.9\tex/latex/stellenbosch\us
thesis.eng"
File: usthesis.eng 2014/11/28 v2.0 USthesis Eng defs (DNJ Els)
)
\US@tdima=\skip194
\US@tdimb=\skip195
\US@tboxa=\box52
\US@tboxb=\box53
\c@US@tcnta=\count302
\c@US@tcntb=\count303


******************************************************
Stock height and width: 845.90044pt by 598.07692pt
Top and edge trims: 0pt and 0pt
Page height and width: 845.90044pt by 598.07692pt
Text height and width: 635.5pt by 398pt
Spine and edge margins: 99.67041pt and 99.68553pt
Upper and lower margins: 80.09338pt and 130.30705pt
Headheight and headsep: 14.5pt and 19.8738pt
Footskip: 30pt
Columnsep and columnseprule: 10pt and 0pt
Marginparsep and marginparwidth: 7pt and 85.68553pt
Sidecapsep and sidecapwidth: 7pt and 42pt
Sidebarhsep and sidebarwidth: 7pt and 42pt
Sidebarvsep and sidebartopsep: 14.5pt and 0pt
Sidebarheight: 590.14995pt
Sidefoothsep and sidefootwidth: 7pt and 42pt
Sidefootvsep and sidefootheight: 14.5pt and 590.14995pt
******************************************************

\US@month=\count304
\US@year=\count305
)
("C:\Users\19673418\AppData\Local\Programs\MiKTeX 2.9\tex/latex/base\inputenc.s
ty"
Package: inputenc 2020/08/01 v1.3d Input encoding file
\inpenc@prehook=\toks23
\inpenc@posthook=\toks24

("C:\Users\19673418\AppData\Local\Programs\MiKTeX 2.9\tex/latex/base\latin1.def
"
File: latin1.def 2020/08/01 v1.3d Input encoding file
))
("C:\Users\19673418\AppData\Local\Programs\MiKTeX 2.9\tex/generic/babel\babel.s
ty"
Package: babel 2020/10/27 3.51 The Babel package

("C:\Users\19673418\AppData\Local\Programs\MiKTeX 2.9\tex/generic/babel\babel.d
ef"
File: babel.def 2020/10/27 3.51 Babel common definitions
\babel@savecnt=\count306
\U@D=\dimen185
\l@babelnohyphens=\language79

("C:\Users\19673418\AppData\Local\Programs\MiKTeX 2.9\tex/generic/babel\txtbabe
l.def")
\bbl@readstream=\read3
)
\bbl@dirlevel=\count307

*************************************
* Local config file bblopts.cfg used
*

("C:\Users\19673418\AppData\Local\Programs\MiKTeX 2.9\tex/latex/arabi\bblopts.c
fg"
File: bblopts.cfg 2005/09/08 v0.1 add Arabic and Farsi to "declared" options of
 babel
)
("C:\Users\19673418\AppData\Local\Programs\MiKTeX 2.9\tex/latex/babel-english\e
nglish.ldf"
Language: english 2017/06/06 v3.3r English support from the babel system
Package babel Info: \l@canadian = using hyphenrules for english
(babel)             (\language0) on input line 102.
Package babel Info: \l@australian = using hyphenrules for ukenglish
(babel)             (\language73) on input line 105.
Package babel Info: \l@newzealand = using hyphenrules for ukenglish
(babel)             (\language73) on input line 108.
))
("C:\Users\19673418\AppData\Local\Programs\MiKTeX 2.9\tex/latex/amsmath\amsmath
.sty"
Package: amsmath 2020/09/23 v2.17i AMS math features
\@mathmargin=\skip196

For additional information on amsmath, use the `?' option.

("C:\Users\19673418\AppData\Local\Programs\MiKTeX 2.9\tex/latex/amsmath\amstext
.sty"
Package: amstext 2000/06/29 v2.01 AMS text

("C:\Users\19673418\AppData\Local\Programs\MiKTeX 2.9\tex/latex/amsmath\amsgen.
sty"
File: amsgen.sty 1999/11/30 v2.0 generic functions
\@emptytoks=\toks25
\ex@=\dimen186
))
("C:\Users\19673418\AppData\Local\Programs\MiKTeX 2.9\tex/latex/amsmath\amsbsy.
sty"
Package: amsbsy 1999/11/29 v1.2d Bold Symbols
\pmbraise@=\dimen187
)
("C:\Users\19673418\AppData\Local\Programs\MiKTeX 2.9\tex/latex/amsmath\amsopn.
sty"
Package: amsopn 2016/03/08 v2.02 operator names
)
\inf@bad=\count308
LaTeX Info: Redefining \frac on input line 234.
\uproot@=\count309
\leftroot@=\count310
LaTeX Info: Redefining \overline on input line 399.
\classnum@=\count311
\DOTSCASE@=\count312
LaTeX Info: Redefining \ldots on input line 496.
LaTeX Info: Redefining \dots on input line 499.
LaTeX Info: Redefining \cdots on input line 620.
\Mathstrutbox@=\box54
\strutbox@=\box55
\big@size=\dimen188
LaTeX Font Info:    Redeclaring font encoding OML on input line 743.
LaTeX Font Info:    Redeclaring font encoding OMS on input line 744.
\macc@depth=\count313
\c@MaxMatrixCols=\count314
\dotsspace@=\muskip16
\c@parentequation=\count315
\dspbrk@lvl=\count316
\tag@help=\toks26
\row@=\count317
\column@=\count318
\maxfields@=\count319
\andhelp@=\toks27
\eqnshift@=\dimen189
\alignsep@=\dimen190
\tagshift@=\dimen191
\tagwidth@=\dimen192
\totwidth@=\dimen193
\lineht@=\dimen194
\@envbody=\toks28
\multlinegap=\skip197
\multlinetaggap=\skip198
\mathdisplay@stack=\toks29
LaTeX Info: Redefining \[ on input line 2923.
LaTeX Info: Redefining \] on input line 2924.
)
("C:\Users\19673418\AppData\Local\Programs\MiKTeX 2.9\tex/latex/base\fontenc.st
y"
Package: fontenc 2020/08/10 v2.0s Standard LaTeX package
)
("C:\Users\19673418\AppData\Local\Programs\MiKTeX 2.9\tex/latex/base\textcomp.s
ty"
Package: textcomp 2020/02/02 v2.0n Standard LaTeX package
)
("C:\Users\19673418\AppData\Local\Programs\MiKTeX 2.9\tex/latex/tools\bm.sty"
Package: bm 2019/07/24 v1.2d Bold Symbol Support (DPC/FMi)
\symboldoperators=\mathgroup4
\symboldletters=\mathgroup5
\symboldsymbols=\mathgroup6
LaTeX Font Info:    Redeclaring math alphabet \mathbf on input line 141.
LaTeX Info: Redefining \bm on input line 209.
)
("C:\Users\19673418\AppData\Local\Programs\MiKTeX 2.9\tex/generic/soul\soul.sty
"
Package: soul 2003/11/17 v2.4 letterspacing/underlining (mf)
\SOUL@word=\toks30
\SOUL@lasttoken=\toks31
\SOUL@cmds=\toks32
\SOUL@buffer=\toks33
\SOUL@token=\toks34
\SOUL@spaceskip=\skip199
\SOUL@ttwidth=\dimen195
\SOUL@uldp=\dimen196
\SOUL@ulht=\dimen197
)
("C:\Users\19673418\AppData\Local\Programs\MiKTeX 2.9\tex/latex/stellenbosch\us
nomencl.sty"
Package: usnomencl 2008/05/30 v1.1 Stellenbosh Thesis Nomenclature (DNJ ELS)
\USN@tdima=\skip256
\USN@NomGrpSep=\skip257
\NomGrpSep=\skip258
\NomItmSep=\skip259
\NomItmMrg=\skip260
\NomLblSep=\skip261
\UnitLabelWdth=\skip262
)
("C:\Users\19673418\AppData\Local\Programs\MiKTeX 2.9\tex/latex/stellenbosch\us
bib.sty"
Package: usbib 2009/03/07 1.0 (DNJ Els)

("C:\Users\19673418\AppData\Local\Programs\MiKTeX 2.9\tex/latex/natbib\natbib.s
ty"
Package: natbib 2010/09/13 8.31b (PWD, AO)
\bibhang=\skip263
\bibsep=\skip264
LaTeX Info: Redefining \cite on input line 694.
\c@NAT@ctr=\count320
))
("C:\Users\19673418\AppData\Local\Programs\MiKTeX 2.9\tex/latex/graphics\graphi
cx.sty"
Package: graphicx 2020/09/09 v1.2b Enhanced LaTeX Graphics (DPC,SPQR)

("C:\Users\19673418\AppData\Local\Programs\MiKTeX 2.9\tex/latex/graphics\keyval
.sty"
Package: keyval 2014/10/28 v1.15 key=value parser (DPC)
\KV@toks@=\toks35
)
("C:\Users\19673418\AppData\Local\Programs\MiKTeX 2.9\tex/latex/graphics\graphi
cs.sty"
Package: graphics 2020/08/30 v1.4c Standard LaTeX Graphics (DPC,SPQR)

("C:\Users\19673418\AppData\Local\Programs\MiKTeX 2.9\tex/latex/graphics\trig.s
ty"
Package: trig 2016/01/03 v1.10 sin cos tan (DPC)
)
("C:\Users\19673418\AppData\Local\Programs\MiKTeX 2.9\tex/latex/graphics-cfg\gr
aphics.cfg"
File: graphics.cfg 2016/06/04 v1.11 sample graphics configuration
)
Package graphics Info: Driver file: pdftex.def on input line 105.

("C:\Users\19673418\AppData\Local\Programs\MiKTeX 2.9\tex/latex/graphics-def\pd
ftex.def"
File: pdftex.def 2020/10/05 v1.2a Graphics/color driver for pdftex
))
\Gin@req@height=\dimen198
\Gin@req@width=\dimen199
)
("C:\Users\19673418\AppData\Local\Programs\MiKTeX 2.9\tex/latex/graphics\color.
sty"
Package: color 2020/02/24 v1.2b Standard LaTeX Color (DPC)

("C:\Users\19673418\AppData\Local\Programs\MiKTeX 2.9\tex/latex/graphics-cfg\co
lor.cfg"
File: color.cfg 2016/01/02 v1.6 sample color configuration
)
Package color Info: Driver file: pdftex.def on input line 147.
)
("C:\Users\19673418\AppData\Local\Programs\MiKTeX 2.9\tex/latex/eso-pic\eso-pic
.sty"
Package: eso-pic 2020/09/27 v2.0i eso-pic (RN)

("C:\Users\19673418\AppData\Local\Programs\MiKTeX 2.9\tex/latex/base\atbegshi-l
tx.sty"
Package: atbegshi-ltx 2020/08/17 v1.0a Emulation of the original atbegshi packa
ge
with kernel methods
)
\ESO@tempdima=\dimen256
\ESO@tempdimb=\dimen257
)
("C:\Users\19673418\AppData\Local\Programs\MiKTeX 2.9\tex/latex/hyperref\hyperr
ef.sty"
Package: hyperref 2020-05-15 v7.00e Hypertext links for LaTeX

("C:\Users\19673418\AppData\Local\Programs\MiKTeX 2.9\tex/generic/ltxcmds\ltxcm
ds.sty"
Package: ltxcmds 2020-05-10 v1.25 LaTeX kernel commands for general use (HO)
)
("C:\Users\19673418\AppData\Local\Programs\MiKTeX 2.9\tex/generic/pdftexcmds\pd
ftexcmds.sty"
Package: pdftexcmds 2020-06-27 v0.33 Utility functions of pdfTeX for LuaTeX (HO
)

("C:\Users\19673418\AppData\Local\Programs\MiKTeX 2.9\tex/generic/infwarerr\inf
warerr.sty"
Package: infwarerr 2019/12/03 v1.5 Providing info/warning/error messages (HO)
)
Package pdftexcmds Info: \pdf@primitive is available.
Package pdftexcmds Info: \pdf@ifprimitive is available.
Package pdftexcmds Info: \pdfdraftmode found.
)
("C:\Users\19673418\AppData\Local\Programs\MiKTeX 2.9\tex/generic/kvsetkeys\kvs
etkeys.sty"
Package: kvsetkeys 2019/12/15 v1.18 Key value parser (HO)
)
("C:\Users\19673418\AppData\Local\Programs\MiKTeX 2.9\tex/generic/kvdefinekeys\
kvdefinekeys.sty"
Package: kvdefinekeys 2019-12-19 v1.6 Define keys (HO)
)
("C:\Users\19673418\AppData\Local\Programs\MiKTeX 2.9\tex/generic/pdfescape\pdf
escape.sty"
Package: pdfescape 2019/12/09 v1.15 Implements pdfTeX's escape features (HO)
)
("C:\Users\19673418\AppData\Local\Programs\MiKTeX 2.9\tex/latex/hycolor\hycolor
.sty"
Package: hycolor 2020-01-27 v1.10 Color options for hyperref/bookmark (HO)
)
("C:\Users\19673418\AppData\Local\Programs\MiKTeX 2.9\tex/latex/letltxmacro\let
ltxmacro.sty"
Package: letltxmacro 2019/12/03 v1.6 Let assignment for LaTeX macros (HO)
)
("C:\Users\19673418\AppData\Local\Programs\MiKTeX 2.9\tex/latex/auxhook\auxhook
.sty"
Package: auxhook 2019-12-17 v1.6 Hooks for auxiliary files (HO)
)
("C:\Users\19673418\AppData\Local\Programs\MiKTeX 2.9\tex/latex/kvoptions\kvopt
ions.sty"
Package: kvoptions 2020-10-07 v3.14 Key value format for package options (HO)
)
\@linkdim=\dimen258
\Hy@linkcounter=\count321
\Hy@pagecounter=\count322

("C:\Users\19673418\AppData\Local\Programs\MiKTeX 2.9\tex/latex/hyperref\pd1enc
.def"
File: pd1enc.def 2020-05-15 v7.00e Hyperref: PDFDocEncoding definition (HO)
Now handling font encoding PD1 ...
... no UTF-8 mapping file for font encoding PD1
)
("C:\Users\19673418\AppData\Local\Programs\MiKTeX 2.9\tex/generic/intcalc\intca
lc.sty"
Package: intcalc 2019/12/15 v1.3 Expandable calculations with integers (HO)
)
("C:\Users\19673418\AppData\Local\Programs\MiKTeX 2.9\tex/generic/etexcmds\etex
cmds.sty"
Package: etexcmds 2019/12/15 v1.7 Avoid name clashes with e-TeX commands (HO)
)
\Hy@SavedSpaceFactor=\count323
Package hyperref Info: Hyper figures OFF on input line 4464.
Package hyperref Info: Link nesting OFF on input line 4469.
Package hyperref Info: Hyper index ON on input line 4472.
Package hyperref Info: Plain pages OFF on input line 4479.
Package hyperref Info: Backreferencing OFF on input line 4484.
Package hyperref Info: Implicit mode ON; LaTeX internals redefined.
Package hyperref Info: Bookmarks ON on input line 4717.
\c@Hy@tempcnt=\count324

("C:\Users\19673418\AppData\Local\Programs\MiKTeX 2.9\tex/latex/url\url.sty"
\Urlmuskip=\muskip17
Package: url 2013/09/16  ver 3.4  Verb mode for urls, etc.
)
LaTeX Info: Redefining \url on input line 5076.
\XeTeXLinkMargin=\dimen259

("C:\Users\19673418\AppData\Local\Programs\MiKTeX 2.9\tex/generic/bitset\bitset
.sty"
Package: bitset 2019/12/09 v1.3 Handle bit-vector datatype (HO)

("C:\Users\19673418\AppData\Local\Programs\MiKTeX 2.9\tex/generic/bigintcalc\bi
gintcalc.sty"
Package: bigintcalc 2019/12/15 v1.5 Expandable calculations on big integers (HO
)
))
\Fld@menulength=\count325
\Field@Width=\dimen260
\Fld@charsize=\dimen261
Package hyperref Info: Hyper figures OFF on input line 6347.
Package hyperref Info: Link nesting OFF on input line 6352.
Package hyperref Info: Hyper index ON on input line 6355.
Package hyperref Info: backreferencing OFF on input line 6362.
Package hyperref Info: Link coloring OFF on input line 6367.
Package hyperref Info: Link coloring with OCG OFF on input line 6372.
Package hyperref Info: PDF/A mode OFF on input line 6377.
LaTeX Info: Redefining \ref on input line 6417.
LaTeX Info: Redefining \pageref on input line 6421.
\Hy@abspage=\count326
\c@Item=\count327
\c@Hfootnote=\count328
)
("C:\Users\19673418\AppData\Local\Programs\MiKTeX 2.9\tex/latex/memoir\memhfixc
.sty"
Package: memhfixc 2019/10/24 v1.18 nameref/hyperref package fixes for memoir cl
ass
\c@memhycontfloat=\count329
\c@Hpagenote=\count330
)
Package hyperref Info: Driver (autodetected): hpdftex.

("C:\Users\19673418\AppData\Local\Programs\MiKTeX 2.9\tex/latex/hyperref\hpdfte
x.def"
File: hpdftex.def 2020-05-15 v7.00e Hyperref driver for pdfTeX

("C:\Users\19673418\AppData\Local\Programs\MiKTeX 2.9\tex/latex/base\atveryend-
ltx.sty"
Package: atveryend-ltx 2020/08/19 v1.0a Emulation of the original atvery packag
e
with kernel methods
)
\Fld@listcount=\count331
\c@bookmark@seq@number=\count332

("C:\Users\19673418\AppData\Local\Programs\MiKTeX 2.9\tex/latex/rerunfilecheck\
rerunfilecheck.sty"
Package: rerunfilecheck 2019/12/05 v1.9 Rerun checks for auxiliary files (HO)

("C:\Users\19673418\AppData\Local\Programs\MiKTeX 2.9\tex/generic/uniquecounter
\uniquecounter.sty"
Package: uniquecounter 2019/12/15 v1.4 Provide unlimited unique counter (HO)
)
Package uniquecounter Info: New unique counter `rerunfilecheck' on input line 2
86.
)
\Hy@SectionHShift=\skip265
)
("C:\Users\19673418\AppData\Local\Programs\MiKTeX 2.9\tex/latex/ragged2e\ragged
2e.sty"
Package: ragged2e 2019/07/28 v2.2 ragged2e Package (MS)

("C:\Users\19673418\AppData\Local\Programs\MiKTeX 2.9\tex/latex/ms\everysel.sty
"
Package: everysel 2011/10/28 v1.2 EverySelectfont Package (MS)
)
\CenteringLeftskip=\skip266
\RaggedLeftLeftskip=\skip267
\RaggedRightLeftskip=\skip268
\CenteringRightskip=\skip269
\RaggedLeftRightskip=\skip270
\RaggedRightRightskip=\skip271
\CenteringParfillskip=\skip272
\RaggedLeftParfillskip=\skip273
\RaggedRightParfillskip=\skip274
\JustifyingParfillskip=\skip275
\CenteringParindent=\skip276
\RaggedLeftParindent=\skip277
\RaggedRightParindent=\skip278
\JustifyingParindent=\skip279
)
("C:\Users\19673418\AppData\Local\Programs\MiKTeX 2.9\tex/latex/tools\longtable
.sty"
Package: longtable 2020/01/07 v4.13 Multi-page Table package (DPC)
\LTleft=\skip280
\LTright=\skip281
\LTpre=\skip282
\LTpost=\skip283
\LTchunksize=\count333
\LTcapwidth=\dimen262
\LT@head=\box56
\LT@firsthead=\box57
\LT@foot=\box58
\LT@lastfoot=\box59
\LT@cols=\count334
\LT@rows=\count335
\c@LT@tables=\count336
\c@LT@chunks=\count337
\LT@p@ftn=\toks36
)
("C:\Users\19673418\AppData\Local\Programs\MiKTeX 2.9\tex/latex/multirow\multir
ow.sty"
Package: multirow 2019/05/31 v2.5 Span multiple rows of a table
\multirow@colwidth=\skip284
\multirow@cntb=\count338
\multirow@dima=\skip285
\bigstrutjot=\dimen263
)
("C:\Users\19673418\AppData\Local\Programs\MiKTeX 2.9\tex/latex/caption\subcapt
ion.sty"
Package: subcaption 2020/10/07 v1.3j Sub-captions (AR)
Class memoir Info: For the caption package to function properly with memoir, we
 will now reset \caption and friends to kernel defaults and then let the
caption package take over. Remember: all caption configuration now goes via the
 caption package interface, not the interface from the memoir class.  on input 
line 42.

("C:\Users\19673418\AppData\Local\Programs\MiKTeX 2.9\tex/latex/caption\caption
.sty"
Package: caption 2020/10/26 v3.5g Customizing captions (AR)

("C:\Users\19673418\AppData\Local\Programs\MiKTeX 2.9\tex/latex/caption\caption
3.sty"
Package: caption3 2020/10/21 v2.2e caption3 kernel (AR)
\captionmargin=\dimen264
\captionmargin@=\dimen265
\captionwidth=\dimen266
\caption@tempdima=\dimen267
\caption@indent=\dimen268
\caption@parindent=\dimen269
\caption@hangindent=\dimen270
Package caption Info: memoir document class detected.

("C:\Users\19673418\AppData\Local\Programs\MiKTeX 2.9\tex/latex/caption\caption
-memoir.sto"
File: caption-memoir.sto 2020/10/10 v2.1 Adaption of the caption package to the
 memoir document class (AR)
))
\c@caption@flags=\count339
\c@continuedfloat=\count340
Package caption Info: changepage package is loaded.
\caption@adjustwidth@hsize=\dimen271
\caption@adjustwidth@linewidth=\dimen272
Package caption Info: hyperref package is loaded.
Package caption Info: longtable package is loaded.

("C:\Users\19673418\AppData\Local\Programs\MiKTeX 2.9\tex/latex/caption\ltcapti
on.sty"
Package: ltcaption 2020/05/30 v1.4b longtable captions (AR)
))
\c@subfigure=\count341
\c@subtable=\count342
)
("C:\Users\19673418\AppData\Local\Programs\MiKTeX 2.9\tex/latex/float\float.sty
"
Package: float 2001/11/08 v1.3d Float enhancements (AL)
\c@float@type=\count343
\float@exts=\toks37
\float@box=\box60
\@float@everytoks=\toks38
\@floatcapt=\box61
)
\@float@every@table=\toks39

("C:\Users\19673418\AppData\Local\Programs\MiKTeX 2.9\tex/latex/graphics\rotati
ng.sty"
Package: rotating 2016/08/11 v2.16d rotated objects in LaTeX

("C:\Users\19673418\AppData\Local\Programs\MiKTeX 2.9\tex/latex/base\ifthen.sty
"
Package: ifthen 2014/09/29 v1.1c Standard LaTeX ifthen package (DPC)
)
\c@r@tfl@t=\count344
\rotFPtop=\skip286
\rotFPbot=\skip287
\rot@float@box=\box62
\rot@mess@toks=\toks40
)
("C:\Users\19673418\AppData\Local\Programs\MiKTeX 2.9\tex/latex/pdflscape\pdfls
cape.sty"
Package: pdflscape 2019/12/05 v0.12 Display of landscape pages in PDF (HO)

("C:\Users\19673418\AppData\Local\Programs\MiKTeX 2.9\tex/latex/graphics\lscape
.sty"
Package: lscape 2020/05/28 v3.02 Landscape Pages (DPC)
)
Package pdflscape Info: Auto-detected driver: pdftex on input line 81.
)
("C:\Users\19673418\AppData\Local\Programs\MiKTeX 2.9\tex/latex/siunitx\siunitx
.sty"
("C:\Users\19673418\AppData\Local\Programs\MiKTeX 2.9\tex/latex/l3kernel\expl3.
sty"
Package: expl3 2020-10-27 L3 programming layer (loader) 

("C:\Users\19673418\AppData\Local\Programs\MiKTeX 2.9\tex/latex/l3backend\l3bac
kend-pdftex.def"
File: l3backend-pdftex.def 2020-09-24 L3 backend support: PDF output (pdfTeX)
\l__kernel_color_stack_int=\count345
\l__pdf_internal_box=\box63
))
("C:\Users\19673418\AppData\Local\Programs\MiKTeX 2.9\tex/latex/l3packages/xpar
se\xparse.sty"
Package: xparse 2020-10-27 L3 Experimental document command parser

("C:\Users\19673418\AppData\Local\Programs\MiKTeX 2.9\tex/latex/l3packages/xpar
se\xparse-generic.tex"))
Package: siunitx 2020/02/25 v2.8b A comprehensive (SI) units package

("C:\Users\19673418\AppData\Local\Programs\MiKTeX 2.9\tex/latex/l3packages/l3ke
ys2e\l3keys2e.sty"
Package: l3keys2e 2020-10-27 LaTeX2e option processing using LaTeX3 keys
)
\l__siunitx_tmp_box=\box64
\l__siunitx_tmp_dim=\dimen273
\l__siunitx_tmp_int=\count346
\l__siunitx_number_mantissa_length_int=\count347
\l__siunitx_number_uncert_length_int=\count348
\l__siunitx_round_int=\count349
\l__siunitx_process_decimal_int=\count350
\l__siunitx_process_uncertainty_int=\count351
\l__siunitx_process_fixed_int=\count352
\l__siunitx_process_integer_min_int=\count353
\l__siunitx_process_precision_int=\count354
\l__siunitx_group_min_int=\count355
\l__siunitx_angle_marker_box=\box65
\l__siunitx_angle_unit_box=\box66
\l__siunitx_angle_marker_dim=\dimen274
\l__siunitx_angle_unit_dim=\dimen275
\l__siunitx_unit_int=\count356
\l__siunitx_unit_denominator_int=\count357
\l__siunitx_unit_numerator_int=\count358
\l__siunitx_unit_prefix_int=\count359
\l__siunitx_unit_prefix_base_int=\count360
\l__siunitx_unit_prefix_gram_int=\count361
\l__siunitx_number_product_int=\count362
\c__siunitx_one_fill_skip=\skip288
\l__siunitx_table_unit_align_skip=\skip289
\l__siunitx_table_exponent_dim=\dimen276
\l__siunitx_table_integer_dim=\dimen277
\l__siunitx_table_mantissa_dim=\dimen278
\l__siunitx_table_marker_dim=\dimen279
\l__siunitx_table_result_dim=\dimen280
\l__siunitx_table_uncert_dim=\dimen281
\l__siunitx_table_fill_pre_dim=\dimen282
\l__siunitx_table_fill_post_dim=\dimen283
\l__siunitx_table_fill_mid_dim=\dimen284
\l__siunitx_table_pre_box=\box67
\l__siunitx_table_post_box=\box68
\l__siunitx_table_mantissa_box=\box69
\l__siunitx_table_result_box=\box70
\l__siunitx_table_number_align_skip=\skip290
\l__siunitx_table_text_align_skip=\skip291

("C:\Users\19673418\AppData\Local\Programs\MiKTeX 2.9\tex/latex/translator\tran
slator.sty"
Package: translator 2020-08-03 v1.12c Easy translation of strings in LaTeX
)) (USthesis_Masters.aux (frontmatter/Chap-Front.aux)
(contents/Chap-1.aux) (contents/Chap-2.aux) (contents/Chap-3.aux)
(contents/Chap-4.aux) (contents/Chap-5.aux) (contents/Chap-6.aux)
(contents/App-1.aux))
\openout1 = `USthesis_Masters.aux'.

LaTeX Font Info:    Checking defaults for OML/cmm/m/it on input line 123.
LaTeX Font Info:    ... okay on input line 123.
LaTeX Font Info:    Checking defaults for OMS/cmsy/m/n on input line 123.
LaTeX Font Info:    ... okay on input line 123.
LaTeX Font Info:    Checking defaults for OT1/cmr/m/n on input line 123.
LaTeX Font Info:    ... okay on input line 123.
LaTeX Font Info:    Checking defaults for T1/cmr/m/n on input line 123.
LaTeX Font Info:    ... okay on input line 123.
LaTeX Font Info:    Checking defaults for TS1/cmr/m/n on input line 123.
LaTeX Font Info:    ... okay on input line 123.
LaTeX Font Info:    Checking defaults for OMX/cmex/m/n on input line 123.
LaTeX Font Info:    ... okay on input line 123.
LaTeX Font Info:    Checking defaults for U/cmr/m/n on input line 123.
LaTeX Font Info:    ... okay on input line 123.
LaTeX Font Info:    Checking defaults for PD1/pdf/m/n on input line 123.
LaTeX Font Info:    ... okay on input line 123.

("C:\Users\19673418\AppData\Local\Programs\MiKTeX 2.9\tex/context/base/mkii\sup
p-pdf.mkii"
[Loading MPS to PDF converter (version 2006.09.02).]
\scratchcounter=\count363
\scratchdimen=\dimen285
\scratchbox=\box71
\nofMPsegments=\count364
\nofMParguments=\count365
\everyMPshowfont=\toks41
\MPscratchCnt=\count366
\MPscratchDim=\dimen286
\MPnumerator=\count367
\makeMPintoPDFobject=\count368
\everyMPtoPDFconversion=\toks42
)
("C:\Users\19673418\AppData\Local\Programs\MiKTeX 2.9\tex/latex/epstopdf-pkg\ep
stopdf-base.sty"
Package: epstopdf-base 2020-01-24 v2.11 Base part for package epstopdf
Package epstopdf-base Info: Redefining graphics rule for `.eps' on input line 4
85.
)
Package hyperref Info: Link coloring OFF on input line 123.

("C:\Users\19673418\AppData\Local\Programs\MiKTeX 2.9\tex/latex/hyperref\namere
f.sty"
Package: nameref 2019/09/16 v2.46 Cross-referencing by name of section

("C:\Users\19673418\AppData\Local\Programs\MiKTeX 2.9\tex/latex/refcount\refcou
nt.sty"
Package: refcount 2019/12/15 v3.6 Data extraction from label references (HO)
)
("C:\Users\19673418\AppData\Local\Programs\MiKTeX 2.9\tex/generic/gettitlestrin
g\gettitlestring.sty"
Package: gettitlestring 2019/12/15 v1.6 Cleanup title references (HO)
)
\c@section@level=\count369
)
Redoing nameref's sectioning
Redoing nameref's label
LaTeX Info: Redefining \nameref on input line 123.
LaTeX Info: Redefining \ref on input line 123.
LaTeX Info: Redefining \pageref on input line 123.
LaTeX Info: Redefining \nameref on input line 123.
(USthesis_Masters.out) (USthesis_Masters.out)
\@outlinefile=\write4
\openout4 = `USthesis_Masters.out'.


ABD: EverySelectfont initializing macros
LaTeX Info: Redefining \selectfont on input line 123.
Package caption Info: Begin \AtBeginDocument code.
Package caption Info: float package is loaded.
Package caption Info: rotating package is loaded.
Package caption Info: End \AtBeginDocument code.

("C:\Users\19673418\AppData\Local\Programs\MiKTeX 2.9\tex/latex/siunitx\siunitx
-abbreviations.cfg"
File: siunitx-abbreviations.cfg 2017/11/26 v2.7k siunitx: Abbreviated units
)
("C:\Users\19673418\AppData\Local\Programs\MiKTeX 2.9\tex/latex/translator\tran
slator-basic-dictionary-English.dict"
Dictionary: translator-basic-dictionary, Language: English 
) [1



{C:/Users/19673418/AppData/Local/MiKTeX/2.9/pdftex/config/pdftex.map}]pdfTeX wa
rning (ext4): destination with the same identifier (name{page.i}) has been alre
ady used, duplicate ignored
<to be read again> 
                   \relax 
l.132  \clearpage
                  [1

]
\openout2 = `frontmatter/Chap-Front.aux'.

 (frontmatter/Chap-Front.tex [2



]) [3

]
(USthesis_Masters.toc [4


]) [5] (USthesis_Masters.lof) [6

] (USthesis_Masters.lot) [7

]
\openout2 = `contents/Chap-1.aux'.

 (contents/Chap-1.tex [1




]) [2] [3]
\openout2 = `contents/Chap-2.aux'.

 (contents/Chap-2.tex
<SR_JA.png, id=403, 199.947pt x 450.483pt>
File: SR_JA.png Graphic file (type png)
<use SR_JA.png>
Package pdftex.def Info: SR_JA.png  used on input line 15.
(pdftex.def)             Requested size: 119.40121pt x 269.01335pt.
<TR_JA.png, id=405, 225.0006pt x 516.4896pt>
File: TR_JA.png Graphic file (type png)
<use TR_JA.png>
Package pdftex.def Info: TR_JA.png  used on input line 21.
(pdftex.def)             Requested size: 119.40121pt x 274.08495pt.
 [4




]
<SMA.png, id=431, 1126.2075pt x 543.53062pt>
File: SMA.png Graphic file (type png)
<use SMA.png>
Package pdftex.def Info: SMA.png  used on input line 44.
(pdftex.def)             Requested size: 318.40121pt x 153.66379pt.
 [5 <./SR_JA.png> <./TR_JA.png>]
<SMP.png, id=456, 567.62062pt x 567.62062pt>
File: SMP.png Graphic file (type png)
<use SMP.png>
Package pdftex.def Info: SMP.png  used on input line 53.
(pdftex.def)             Requested size: 199.0pt x 198.99931pt.

Overfull \hbox (0.34007pt too wide) in paragraph at lines 58--59
[]\T1/cmr/m/n/12 Dielectric/Electrically-Actuated Poly-mers (DEAP) con-sist of 
lay-ers of poly-
 []

[6 <./SMA.png> <./SMP.png>]
<EAP.png, id=470, 543.53062pt x 498.36188pt>
File: EAP.png Graphic file (type png)
<use EAP.png>
Package pdftex.def Info: EAP.png  used on input line 62.
(pdftex.def)             Requested size: 199.0pt x 182.46709pt.
<EMA.png, id=477, 394.47375pt x 161.85469pt>
File: EMA.png Graphic file (type png)
<use EMA.png>
Package pdftex.def Info: EMA.png  used on input line 71.
(pdftex.def)             Requested size: 318.40121pt x 130.6422pt.
 [7 <./EAP.png> <./EMA.png>]
<FEA.png, id=493, 721.19438pt x 260.47313pt>
File: FEA.png Graphic file (type png)
<use FEA.png>
Package pdftex.def Info: FEA.png  used on input line 80.
(pdftex.def)             Requested size: 318.40121pt x 114.99405pt.
<LinearExtension.png, id=500, 725.71124pt x 447.92343pt>
File: LinearExtension.png Graphic file (type png)
<use LinearExtension.png>
Package pdftex.def Info: LinearExtension.png  used on input line 91.
(pdftex.def)             Requested size: 318.40121pt x 196.52646pt.
 [8 <./FEA.png> <./LinearExtension.png>]
<TorsionalExtension.png, id=517, 1135.99406pt x 499.11469pt>
File: TorsionalExtension.png Graphic file (type png)
<use TorsionalExtension.png>
Package pdftex.def Info: TorsionalExtension.png  used on input line 100.
(pdftex.def)             Requested size: 318.40121pt x 139.89584pt.
<Gripper.png, id=524, 487.06969pt x 261.97874pt>
File: Gripper.png Graphic file (type png)
<use Gripper.png>
Package pdftex.def Info: Gripper.png  used on input line 109.
(pdftex.def)             Requested size: 318.40121pt x 171.25954pt.
 [9 <./TorsionalExtension.png> <./Gripper.png>]
<BimodalActuator.png, id=538, 968.86969pt x 380.92313pt>
File: BimodalActuator.png Graphic file (type png)
<use BimodalActuator.png>
Package pdftex.def Info: BimodalActuator.png  used on input line 118.
(pdftex.def)             Requested size: 318.40121pt x 125.18188pt.
 [10 <./BimodalActuator.png>]
<Voxel.png, id=565, 400.49625pt x 327.47343pt>
File: Voxel.png Graphic file (type png)
<use Voxel.png>
Package pdftex.def Info: Voxel.png  used on input line 140.
(pdftex.def)             Requested size: 159.19757pt x 130.17256pt.
<Mesh.png, id=574, 653.44125pt x 261.22594pt>
File: Mesh.png Graphic file (type png)
<use Mesh.png>
Package pdftex.def Info: Mesh.png  used on input line 151.
(pdftex.def)             Requested size: 318.40121pt x 127.28433pt.
 [11 <./Voxel.png> <./Mesh.png>]
<Gauss.png, id=592, 307.1475pt x 295.85532pt>
File: Gauss.png Graphic file (type png)
<use Gauss.png>
Package pdftex.def Info: Gauss.png  used on input line 164.
(pdftex.def)             Requested size: 199.0pt x 191.6852pt.
 [12 <./Gauss.png>] [13]
Overfull \hbox (8.33633pt too wide) in paragraph at lines 200--201
\T1/cmr/m/n/12 im-ple-ment ran-dom-iza-tion to ob-tain vari-a-tion in pro-duc-t
ions. A context-sensitive
 []

[14] [15]) [16]
\openout2 = `contents/Chap-3.aux'.

 (contents/Chap-3.tex
Overfull \hbox (6.29715pt too wide) in paragraph at lines 6--7
\T1/cmr/m/n/12 This chap-ter cov-ers the ma-te-ri-als con-sid-ered dur-ing this
 project and the method-
 []

[17




] [18] [19]
Overfull \hbox (4.04361pt too wide) in paragraph at lines 121--122
\T1/cmr/m/n/12 L-Systems are im-ple-mented in the code pipeline as a pat-tern g
en-er-a-tion method.
 []

[20] [21] [22]
Overfull \vbox (45.07864pt too high) has occurred while \output is active []


[23]
<LSSym.png, id=783, 380.1402pt x 384.9582pt>
File: LSSym.png Graphic file (type png)
<use LSSym.png>
Package pdftex.def Info: LSSym.png  used on input line 248.
(pdftex.def)             Requested size: 199.0pt x 201.52455pt.
<LSSymRotH.png, id=784, 380.1402pt x 384.9582pt>
File: LSSymRotH.png Graphic file (type png)
<use LSSymRotH.png>
Package pdftex.def Info: LSSymRotH.png  used on input line 257.
(pdftex.def)             Requested size: 119.40121pt x 120.91591pt.
<LSSymRotV.png, id=785, 380.1402pt x 384.9582pt>
File: LSSymRotV.png Graphic file (type png)
<use LSSymRotV.png>
Package pdftex.def Info: LSSymRotV.png  used on input line 263.
(pdftex.def)             Requested size: 119.40121pt x 120.91591pt.
<LSSymRotHV.png, id=786, 380.1402pt x 384.9582pt>
File: LSSymRotHV.png Graphic file (type png)
<use LSSymRotHV.png>
Package pdftex.def Info: LSSymRotHV.png  used on input line 269.
(pdftex.def)             Requested size: 119.40121pt x 120.91591pt.
<LSSymRotD.png, id=787, 380.622pt x 384.9582pt>
File: LSSymRotD.png Graphic file (type png)
<use LSSymRotD.png>
Package pdftex.def Info: LSSymRotD.png  used on input line 275.
(pdftex.def)             Requested size: 119.40121pt x 120.75731pt.
<LSSymRotND.png, id=788, 380.622pt x 384.9582pt>
File: LSSymRotND.png Graphic file (type png)
<use LSSymRotND.png>
Package pdftex.def Info: LSSymRotND.png  used on input line 281.
(pdftex.def)             Requested size: 119.40121pt x 120.75731pt.
<LSSymRotDND.png, id=789, 380.622pt x 384.9582pt>
File: LSSymRotDND.png Graphic file (type png)
<use LSSymRotDND.png>
Package pdftex.def Info: LSSymRotDND.png  used on input line 287.
(pdftex.def)             Requested size: 119.40121pt x 120.75731pt.
<LSSymRefH.png, id=790, 380.1402pt x 384.9582pt>
File: LSSymRefH.png Graphic file (type png)
<use LSSymRefH.png>
Package pdftex.def Info: LSSymRefH.png  used on input line 293.
(pdftex.def)             Requested size: 119.40121pt x 120.91591pt.
<LSSymRefV.png, id=791, 380.1402pt x 384.9582pt>
File: LSSymRefV.png Graphic file (type png)
<use LSSymRefV.png>
Package pdftex.def Info: LSSymRefV.png  used on input line 299.
(pdftex.def)             Requested size: 119.40121pt x 120.91591pt.
<LSSymRefHV.png, id=792, 380.1402pt x 384.9582pt>
File: LSSymRefHV.png Graphic file (type png)
<use LSSymRefHV.png>
Package pdftex.def Info: LSSymRefHV.png  used on input line 305.
(pdftex.def)             Requested size: 119.40121pt x 120.91591pt.
<LSSymRefD.png, id=793, 380.622pt x 384.9582pt>
File: LSSymRefD.png Graphic file (type png)
<use LSSymRefD.png>
Package pdftex.def Info: LSSymRefD.png  used on input line 311.
(pdftex.def)             Requested size: 119.40121pt x 120.75731pt.
<LSSymRefND.png, id=794, 380.622pt x 384.9582pt>
File: LSSymRefND.png Graphic file (type png)
<use LSSymRefND.png>
Package pdftex.def Info: LSSymRefND.png  used on input line 317.
(pdftex.def)             Requested size: 119.40121pt x 120.75731pt.
<LSSymRefDND.png, id=795, 380.622pt x 384.9582pt>
File: LSSymRefDND.png Graphic file (type png)
<use LSSymRefDND.png>
Package pdftex.def Info: LSSymRefDND.png  used on input line 323.
(pdftex.def)             Requested size: 119.40121pt x 120.75731pt.
 [24 <./LSSym.png>]
Overfull \vbox (20.84642pt too high) has occurred while \output is active []


[25 <./LSSymRotH.png> <./LSSymRotV.png> <./LSSymRotHV.png> <./LSSymRotD.png> <.
/LSSymRotND.png> <./LSSymRotDND.png> <./LSSymRefH.png> <./LSSymRefV.png> <./LSS
ymRefHV.png> <./LSSymRefD.png> <./LSSymRefND.png> <./LSSymRefDND.png>]
<LSOrigin.png, id=819, 380.1402pt x 384.9582pt>
File: LSOrigin.png Graphic file (type png)
<use LSOrigin.png>
Package pdftex.def Info: LSOrigin.png  used on input line 342.
(pdftex.def)             Requested size: 199.0pt x 201.52455pt.
 [26 <./LSOrigin.png>]
<LSF.png, id=826, 380.1402pt x 384.9582pt>
File: LSF.png Graphic file (type png)
<use LSF.png>
Package pdftex.def Info: LSF.png  used on input line 355.
(pdftex.def)             Requested size: 159.19757pt x 161.21729pt.
<LSfsmall.png, id=827, 380.1402pt x 384.9582pt>
File: LSfsmall.png Graphic file (type png)
<use LSfsmall.png>
Package pdftex.def Info: LSfsmall.png  used on input line 361.
(pdftex.def)             Requested size: 159.19757pt x 161.21729pt.
<LS+.png, id=828, 380.1402pt x 384.9582pt>
File: LS+.png Graphic file (type png)
<use LS+.png>
Package pdftex.def Info: LS+.png  used on input line 374.
(pdftex.def)             Requested size: 159.19757pt x 161.21729pt.
<LS-.png, id=829, 380.1402pt x 384.9582pt>
File: LS-.png Graphic file (type png)
<use LS-.png>
Package pdftex.def Info: LS-.png  used on input line 380.
(pdftex.def)             Requested size: 159.19757pt x 161.21729pt.
 [27 <./LSF.png> <./LSfsmall.png> <./LS+.png> <./LS-.png>]
[28] [29] [30]
<5x5Single.png, id=869, 484.81125pt x 401.24907pt>
File: 5x5Single.png Graphic file (type png)
<use 5x5Single.png>
Package pdftex.def Info: 5x5Single.png  used on input line 478.
(pdftex.def)             Requested size: 199.0pt x 164.70297pt.
 [31]
<5x5Layout.png, id=880, 412.54124pt x 401.24907pt>
File: 5x5Layout.png Graphic file (type png)
<use 5x5Layout.png>
Package pdftex.def Info: 5x5Layout.png  used on input line 487.
(pdftex.def)             Requested size: 398.0pt x 387.11108pt.
 [32 <./5x5Single.png>] [33 <./5x5Layout.png>]
<C1BC.png, id=901, 403.5075pt x 327.47343pt>
File: C1BC.png Graphic file (type png)
<use C1BC.png>
Package pdftex.def Info: C1BC.png  used on input line 525.
(pdftex.def)             Requested size: 179.09879pt x 145.35295pt.

Underfull \hbox (badness 2903) in paragraph at lines 526--526
[]\T1/cmr/bx/n/10.95 (a) |\T1/cmr/m/n/10.95 Uni-ax-ial elon-ga-tion bound-ary
 []

<C1Def.png, id=902, 283.81032pt x 329.73187pt>
File: C1Def.png Graphic file (type png)
<use C1Def.png>
Package pdftex.def Info: C1Def.png  used on input line 532.
(pdftex.def)             Requested size: 159.19757pt x 184.96051pt.
[34 <./C1BC.png> <./C1Def.png>]
File: C1BC.png Graphic file (type png)
<use C1BC.png>
Package pdftex.def Info: C1BC.png  used on input line 568.
(pdftex.def)             Requested size: 159.19757pt x 129.19818pt.

Underfull \hbox (badness 1635) in paragraph at lines 569--569
\T1/cmr/m/n/10.95 con-di-tions as ap-plied in Marc
 []

<C2Def.png, id=912, 338.76563pt x 329.73187pt>
File: C2Def.png Graphic file (type png)
<use C2Def.png>
Package pdftex.def Info: C2Def.png  used on input line 575.
(pdftex.def)             Requested size: 179.09879pt x 174.32939pt.
[35 <./C2Def.png>]
<C3BC.png, id=929, 402.00188pt x 329.73187pt>
File: C3BC.png Graphic file (type png)
<use C3BC.png>
Package pdftex.def Info: C3BC.png  used on input line 611.
(pdftex.def)             Requested size: 159.19757pt x 130.57722pt.
<C3Def.png, id=930, 337.26pt x 253.69781pt>
File: C3Def.png Graphic file (type png)
<use C3Def.png>
Package pdftex.def Info: C3Def.png  used on input line 618.
(pdftex.def)             Requested size: 179.09879pt x 134.7263pt.
 [36 <./C3BC.png> <./C3Def.png>] [37] [38]
<MB.png, id=955, 1731.46875pt x 1008.76875pt>
File: MB.png Graphic file (type png)
<use MB.png>
Package pdftex.def Info: MB.png  used on input line 736.
(pdftex.def)             Requested size: 398.0pt x 231.8734pt.
<MCS.png, id=956, 348.55219pt x 202.50656pt>
File: MCS.png Graphic file (type png)
<use MCS.png>
Package pdftex.def Info: MCS.png  used on input line 745.
(pdftex.def)             Requested size: 119.40121pt x 69.37042pt.
<MCL.png, id=957, 355.3275pt x 204.765pt>
File: MCL.png Graphic file (type png)
<use MCL.png>
Package pdftex.def Info: MCL.png  used on input line 751.
(pdftex.def)             Requested size: 119.40121pt x 68.80681pt.
 [39 <./MB.png>]
<ER.png, id=965, 1275.26437pt x 822.07124pt>
File: ER.png Graphic file (type png)
<use ER.png>
Package pdftex.def Info: ER.png  used on input line 762.
(pdftex.def)             Requested size: 398.0pt x 256.55794pt.

[40 <./MCS.png> <./MCL.png> <./ER.png>] [41] [42] [43] [44] [45] [46] [47]
[48] [49] [50] [51]
<FileHierarchy.png, id=1057, 808.80455pt x 539.1342pt>
File: FileHierarchy.png Graphic file (type png)
<use FileHierarchy.png>
Package pdftex.def Info: FileHierarchy.png  used on input line 1165.
(pdftex.def)             Requested size: 557.19757pt x 371.43538pt.
 [52

 <./FileHierarchy.png>]) [53

]
\openout2 = `contents/Chap-4.aux'.

 (contents/Chap-4.tex
[54




] [55]) [56]
\openout2 = `contents/Chap-5.aux'.

 (contents/Chap-5.tex [57




]) [58]
\openout2 = `contents/Chap-6.aux'.

 (contents/Chap-6.tex) [59




]
[60



]
\openout2 = `contents/App-1.aux'.

 (contents/App-1.tex) [61


] (USthesis_Masters.bbl
("C:\Users\19673418\AppData\Local\Programs\MiKTeX 2.9\tex/latex/stellenbosch\us
bib.eng")
LaTeX Font Info:    Trying to load font information for T1+cmtt on input line 4
0.

("C:\Users\19673418\AppData\Local\Programs\MiKTeX 2.9\tex/latex/base\t1cmtt.fd"
File: t1cmtt.fd 2019/12/16 v2.5j Standard LaTeX font definitions
) [62




]
Underfull \hbox (badness 2828) in paragraph at lines 179--188
\T1/cmr/m/n/10.95 Available at: []$\T1/cmtt/m/n/10.95 https : / / www . tandfon
line . com / action / journalInformation ?
 []

[63]
Underfull \hbox (badness 2828) in paragraph at lines 367--377
\T1/cmr/m/n/10.95 Available at: []$\T1/cmtt/m/n/10.95 www . nature . com / scie
ntificreports / http : / / dx . doi . org / 10 .
 []

[64]
Underfull \hbox (badness 10000) in paragraph at lines 393--398
\T1/cmr/m/n/10.95 Available at: []$\T1/cmtt/m/n/10.95 https : / / www . science
direct . com / science / article / pii /
 []


Underfull \hbox (badness 10000) in paragraph at lines 424--427
\T1/cmr/m/n/10.95 Available at: []$\T1/cmtt/m/n/10.95 https : / / blogs . sw . 
siemens . com / nx-[]design /
 []


Underfull \hbox (badness 10000) in paragraph at lines 444--447
\T1/cmr/m/n/10.95 Available at: []$\T1/cmtt/m/n/10.95 http : / / www . smooth-[
]on . com / tb / files /
 []

[65]) [66]
\tf@toc=\write5
\openout5 = `USthesis_Masters.toc'.

\tf@lof=\write6
\openout6 = `USthesis_Masters.lof'.

\tf@lot=\write7
\openout7 = `USthesis_Masters.lot'.

 (USthesis_Masters.aux (frontmatter/Chap-Front.aux)
(contents/Chap-1.aux) (contents/Chap-2.aux) (contents/Chap-3.aux)
(contents/Chap-4.aux) (contents/Chap-5.aux) (contents/Chap-6.aux)
(contents/App-1.aux))
Package rerunfilecheck Info: File `USthesis_Masters.out' has not changed.
(rerunfilecheck)             Checksum: 92C8A2FAF5242F560AE33E2BD138D5AB;2276.
 ) 
Here is how much of TeX's memory you used:
 16239 strings out of 479799
 282446 string characters out of 2866361
 631314 words of memory out of 3000000
 32544 multiletter control sequences out of 15000+200000
 566894 words of font info for 105 fonts, out of 3000000 for 9000
 1141 hyphenation exceptions out of 8191
 68i,20n,74p,1465b,1084s stack positions out of 5000i,500n,10000p,200000b,50000s
 <C:\Users\19673418\AppData\Local\MiKTeX\2.9\fonts/pk/ljfour/jknappen/ec/dpi6
00\ectt1095.pk> <C:\Users\19673418\AppData\Local\MiKTeX\2.9\fonts/pk/ljfour/jkn
appen/ec/dpi600\ecrm0800.pk> <C:\Users\19673418\AppData\Local\MiKTeX\2.9\fonts/
pk/ljfour/jknappen/ec/dpi600\ecbi1200.pk> <C:\Users\19673418\AppData\Local\MiKT
eX\2.9\fonts/pk/ljfour/jknappen/ec/dpi600\ecrm1095.pk> <C:\Users\19673418\AppDa
ta\Local\MiKTeX\2.9\fonts/pk/ljfour/jknappen/ec/dpi600\ecbx1095.pk> <C:\Users\1
9673418\AppData\Local\MiKTeX\2.9\fonts/pk/ljfour/jknappen/ec/dpi600\ecti1200.pk
> <C:\Users\19673418\AppData\Local\MiKTeX\2.9\fonts/pk/ljfour/jknappen/ec/dpi60
0\ecbx1728.pk> <C:\Users\19673418\AppData\Local\MiKTeX\2.9\fonts/pk/ljfour/jkna
ppen/ec/dpi600\ecsl1095.pk> <C:\Users\19673418\AppData\Local\MiKTeX\2.9\fonts/p
k/ljfour/jknappen/ec/dpi600\ecti1095.pk> <C:\Users\19673418\AppData\Local\MiKTe
X\2.9\fonts/pk/ljfour/jknappen/ec/dpi600\ecbx1440.pk> <C:\Users\19673418\AppDat
a\Local\MiKTeX\2.9\fonts/pk/ljfour/jknappen/ec/dpi600\ecbx1200.pk> <C:\Users\19
673418\AppData\Local\MiKTeX\2.9\fonts/pk/ljfour/jknappen/ec/dpi600\tcrm1200.pk>
 <C:\Users\19673418\AppData\Local\MiKTeX\2.9\fonts/pk/ljfour/jknappen/ec/dpi600
\ecbx2488.pk> <C:\Users\19673418\AppData\Local\MiKTeX\2.9\fonts/pk/ljfour/jknap
pen/ec/dpi600\ecrm1200.pk> <C:\Users\19673418\AppData\Local\MiKTeX\2.9\fonts/pk
/ljfour/jknappen/ec/dpi600\ecsl1440.pk> <C:\Users\19673418\AppData\Local\MiKTeX
\2.9\fonts/pk/ljfour/jknappen/ec/dpi600\ecrm1728.pk> <C:\Users\19673418\AppData
\Local\MiKTeX\2.9\fonts/pk/ljfour/jknappen/ec/dpi600\ecrm1440.pk> <C:\Users\196
73418\AppData\Local\MiKTeX\2.9\fonts/pk/ljfour/jknappen/ec/dpi600\ecbx2074.pk><
C:/Users/19673418/AppData/Local/Programs/MiKTeX 2.9/fonts/type1/public/amsfonts
/cm/cmex10.pfb><C:/Users/19673418/AppData/Local/Programs/MiKTeX 2.9/fonts/type1
/public/amsfonts/cm/cmmi12.pfb><C:/Users/19673418/AppData/Local/Programs/MiKTeX
 2.9/fonts/type1/public/amsfonts/cm/cmmi6.pfb><C:/Users/19673418/AppData/Local/
Programs/MiKTeX 2.9/fonts/type1/public/amsfonts/cm/cmmi8.pfb><C:/Users/19673418
/AppData/Local/Programs/MiKTeX 2.9/fonts/type1/public/amsfonts/cm/cmr10.pfb><C:
/Users/19673418/AppData/Local/Programs/MiKTeX 2.9/fonts/type1/public/amsfonts/c
m/cmr12.pfb><C:/Users/19673418/AppData/Local/Programs/MiKTeX 2.9/fonts/type1/pu
blic/amsfonts/cm/cmr8.pfb><C:/Users/19673418/AppData/Local/Programs/MiKTeX 2.9/
fonts/type1/public/amsfonts/cm/cmsy10.pfb><C:/Users/19673418/AppData/Local/Prog
rams/MiKTeX 2.9/fonts/type1/public/amsfonts/cm/cmsy8.pfb>
Output written on USthesis_Masters.pdf (74 pages, 8295839 bytes).
PDF statistics:
 1976 PDF objects out of 2073 (max. 8388607)
 278 named destinations out of 1000 (max. 500000)
 533 words of extra memory for PDF output out of 10000 (max. 10000000)

