\BOOKMARK [0][-]{section*.2}{Declaration}{}% 1
\BOOKMARK [0][-]{section*.4}{Abstract}{}% 2
\BOOKMARK [0][-]{section*.6}{Abstract}{}% 3
\BOOKMARK [0][-]{chapter*.7}{Acknowledgements}{}% 4
\BOOKMARK [0][-]{chapter*.8}{Dedications}{}% 5
\BOOKMARK [0][-]{section*.9}{Contents}{}% 6
\BOOKMARK [0][-]{section*.10}{List of Figures}{}% 7
\BOOKMARK [0][-]{section*.11}{List of Tables}{}% 8
\BOOKMARK [0][-]{chapter*.12}{Nomenclature}{}% 9
\BOOKMARK [0][-]{chapter.1}{Introduction}{}% 10
\BOOKMARK [1][-]{section.1.1}{Background}{chapter.1}% 11
\BOOKMARK [0][-]{chapter.2}{Literature Review}{}% 12
\BOOKMARK [1][-]{section.2.1}{Soft Robotics}{chapter.2}% 13
\BOOKMARK [1][-]{section.2.2}{Soft Robot Modeling}{chapter.2}% 14
\BOOKMARK [1][-]{section.2.3}{Evolved Virtual Bodies}{chapter.2}% 15
\BOOKMARK [0][-]{chapter.3}{Material Testing}{}% 16
\BOOKMARK [1][-]{section.3.1}{Motivation}{chapter.3}% 17
\BOOKMARK [1][-]{section.3.2}{Testing Procedure}{chapter.3}% 18
\BOOKMARK [0][-]{chapter.4}{Software}{}% 19
\BOOKMARK [1][-]{section.4.1}{Motivation}{chapter.4}% 20
\BOOKMARK [1][-]{section.4.2}{Approach}{chapter.4}% 21
\BOOKMARK [0][-]{chapter.5}{To-Do List}{}% 22
\BOOKMARK [1][-]{section.5.1}{Document}{chapter.5}% 23
\BOOKMARK [0][-]{section*.13}{Appendices}{}% 24
\BOOKMARK [0][-]{appendix.A}{Test}{}% 25
\BOOKMARK [0][-]{appendix*.14}{Bibliography}{}% 26
