Unit:             25_2_10_20_1_6_0.5
Removed elements: [25, 26, 27, 28, 31, 37, 38, 40, 41, 42, 48, 53, 59, 62, 70, 71, 72, 73, 75, 80, 81, 83, 85, 94, 95]
0
Representative grid:
1 1 1 1 1 1 1 1 1 1 1
1 1 1 1 1 1 1 1 1 1 1
1 1 1 1 1 0 0 1 1 1 1
1 1 0 0 1 0 1 0 1 1 1
1 1 1 0 0 0 0 1 0 1 1
1 1 1 0 1 1 0 1 1 1 1
1 1 1 0 1 1 1 1 0 1 1
1 1 1 0 0 1 0 0 0 1 1
1 1 0 0 0 0 1 1 0 1 1
1 1 1 1 1 1 1 1 1 1 1
1 1 1 1 1 1 1 1 1 1 1
Run successful:   True
Constraint energy:
X        : 4.1040498518353385e-06 J
Y        : 0.02861029582433834 J
Magnitude: 0.04379170027424814 J
Internal energy:
X        : -27.93979323108215 J
Y        : 26.564351877605077 J
Magnitude: 4.949286269624281 J

Template details:
Case: 1
Parameters:
Origin:               (0,0)
Dimensions:           11x11 elements
Size:                 22x22 mm
Boundary thickness:   2 elements
Internal element IDs: [25, 26, 27, 28, 29, 30, 31, 36, 37, 38, 39, 40, 41, 42, 47, 48, 49, 50, 51, 52, 53, 58, 59, 60, 61, 62, 63, 64, 69, 70, 71, 72, 73, 74, 75, 80, 81, 82, 83, 84, 85, 86, 91, 92, 93, 94, 95, 96, 97]
Applied displacement: 11.0 mm
Applied pressure:     0.02 MPa
Neighbours added:     False
Analysis steps:       20
Run successful:       True
Constraint energy:
X        : -7.704760250995309e-10 J
Y        : 52.67662329092199 J
Magnitude: 128.324593457739 J
Internal energy:
X        : -7.700297060143219e-10 J
Y        : 58.38697385787964 J
Magnitude: 5945.4085693359375 J

Ogden material parameters:
Name:  Mold Star 15
Mu:    [-6.50266e-06, 0.216863, 0.00137158]
Alpha: [-21.322, 1.1797, 4.88396]

Time created: Thu Sep  3 01:26:23 2020
