Unit:              2_67b1802919b86212d952ccf6e600ac69
Removed elements:  [7, 18]
Representative grid:
1 1 1 1 1
1 1 0 1 1
1 1 1 1 1
1 0 1 1 1
1 1 1 1 1
Run successful:    True
Constraint energy:
X        : 0.0011658985471337847 J
Y        : 2.1077213070414813 J
Magnitude: 4.871772496192878 J
Internal energy:
X        : -7.412804898805916 J
Y        : 8.66774931550026 J
Magnitude: 28.643201573751867 J

Template details:
Case: 1
Parameters:
Origin:                (0,0)
Dimensions:            5x5 elements
Size:                  20x20 mm
Boundary thickness:    1 elements
Internal element IDs:  [7, 8, 9, 12, 13, 14, 17, 18, 19]
Applied displacement:  10.0 mm
Applied pressure:      0.025 MPa
Neighbours added:      False
Analysis steps:        5
Run successful:        True
Constraint energy:
X        : -5.20968294284496e-09 J
Y        : 43.70704040440105 J
Magnitude: 103.15007934690621 J
Internal energy:
X        : -1.4273650347611244e-09 J
Y        : 14.59674346446991 J
Magnitude: 1498.163818359375 J

Ogden material parameters:
Name:  Mold Star 15
Mu:    [-6.50266e-06, 0.216863, 0.00137158]
Alpha: [-21.322, 1.1797, 4.88396]

Time created:          Tue Jun 23 18:10:27 2020
