Unit:              4_01fa55cb25fa1c67eddc27cac2d921b0
Removed elements:  [7, 9, 13, 14]
Representative grid:
1 1 1 1 1
1 1 1 1 1
1 1 0 0 1
1 0 1 0 1
1 1 1 1 1
Run successful:    True
Constraint energy: 0.2715226870756842 J
Internal energy:   3.329910054366337 J

Template details:
Case: 1
Parameters:
Origin:            (0,0)
Dimensions:        5x5 elements
Internal elements: [7, 8, 9, 12, 13, 14, 17, 18, 19]
Analysis steps:    4
Run successful:    True
Constraint energy: 103.40724487461749 J
Internal energy:   1505.6417999267578 J

Ogden material parameters:
Name:  Mold Star 15
Mu:    [-6.50266e-06, 0.216863, 0.00137158]
Alpha: [-21.322, 1.1797, 4.88396]

Time created:      Sun Jun 14 12:29:03 2020
