Unit:             30_0_32_32_1_5_1_0.5
Removed elements: [27, 29, 30, 31, 36, 40, 41, 42, 50, 52, 53, 58, 59, 60, 61, 62, 69, 70, 71, 72, 75, 80, 81, 82, 83, 91, 92, 93, 94, 96]
Model ID: 0
CPPN Parameters:
Model Dimensions:          7x7 elements
Seed:                      1
Rounding Threshold:        0.5
Model Scale:               1:1
Size Of Hidden Layer:      32
Number Of Nodes Per Layer: 32
Activation Functions:
smooth ReLu
sigmoid
sin
tanh
tanh
smooth ReLu

Representative grid:
1 1 1 1 1 1 1 1 1 1 1
1 1 1 1 1 1 1 1 1 1 1
1 1 0 0 0 0 1 0 1 1 1
1 1 0 0 0 0 1 1 1 1 1
1 1 0 0 0 0 1 1 0 1 1
1 1 0 0 0 0 0 1 1 1 1
1 1 1 1 1 0 1 0 0 1 1
1 1 0 1 1 1 0 0 0 1 1
1 1 1 1 0 1 0 0 0 1 1
1 1 1 1 1 1 1 1 1 1 1
1 1 1 1 1 1 1 1 1 1 1
Run successful:   True
Constraint energy:
X        : 0.0 J
Y        : 0.0 J
Magnitude: 0.0 J
Internal energy:
X        : 0.0 J
Y        : 0.0 J
Magnitude: 0.0 J

Template details:
Case: 1
Parameters:
Origin:               (0,0)
Dimensions:           11x11 elements
Size:                 10x10 mm
Boundary thickness:   2 elements
Internal element IDs: [25, 26, 27, 28, 29, 30, 31, 36, 37, 38, 39, 40, 41, 42, 47, 48, 49, 50, 51, 52, 53, 58, 59, 60, 61, 62, 63, 64, 69, 70, 71, 72, 73, 74, 75, 80, 81, 82, 83, 84, 85, 86, 91, 92, 93, 94, 95, 96, 97]
Applied displacement: 5.0 mm
Applied pressure:     0.025 MPa
Neighbours added:     False
Analysis steps:       5
Run successful:       True
Constraint energy:
X        : 0.0 J
Y        : 0.0 J
Magnitude: 0.0 J
Internal energy:
X        : 0.0 J
Y        : 0.0 J
Magnitude: 0.0 J

Ogden material parameters:
Name:  Mold Star 15
Mu:    [-6.50266e-06, 0.216863, 0.00137158]
Alpha: [-21.322, 1.1797, 4.88396]

Time created: Sat Aug 15 14:00:11 2020
