Unit:             9_['F', '[F]--fF--++']_['f', 'fF-f+-']
Removed elements: [7, 8, 9, 12, 13, 14, 17, 18, 19]
Grammar:
F -> [F]--fF--++
f -> fF-f+-
Axiom:                +[F]++(F)++[F]++(F)
Number Of Iterations: 2
Resulting Word:       +[[[F]--fF--++]--fF-f+-[F]--fF--++--++]++([[F]--fF--++]--fF-f+-[F]--fF--++--++)++[[[F]--fF--++]--fF-f+-[F]--fF--++--++]++([[F]--fF--++]--fF-f+-[F]--fF--++--++)

L-System Vocabulary:
F: Create an element at the current position and increment the position
f: Increment the position
+: Rotate the current direction by 45 degrees counterclockwise
-: Rotate the current direction by 45 degrees clockwise
[: Push the current position
]: Pop to the previously pushed position
(: Push and reflect the current position
): Pop and unreflect to the previously pushed and reflected position

Representative grid:
1 1 1 1 1
1 0 0 0 1
1 0 0 0 1
1 0 0 0 1
1 1 1 1 1
Run successful:   True
Constraint energy:
X        : -1.940664243741952e-06 J
Y        : 0.020348157090115587 J
Magnitude: 0.028324596525684514 J
Internal energy:
X        : -6.355365037918091 J
Y        : 6.605226457118988 J
Magnitude: 1.1977752447128296 J

Template details:
Case: 1
Parameters:
Origin:               (0,0)
Dimensions:           5x5 elements
Size:                 20x20 mm
Boundary thickness:   1 elements
Internal element IDs: [7, 8, 9, 12, 13, 14, 17, 18, 19]
Applied displacement: 10.0 mm
Applied pressure:     0.025 MPa
Neighbours added:     False
Analysis steps:       5
Run successful:       True
Constraint energy:
X        : -5.20968294284496e-09 J
Y        : 43.70704040440105 J
Magnitude: 103.15007934690621 J
Internal energy:
X        : -1.4273650347611244e-09 J
Y        : 14.59674346446991 J
Magnitude: 1498.163818359375 J

Ogden material parameters:
Name:  Mold Star 15
Mu:    [-6.50266e-06, 0.216863, 0.00137158]
Alpha: [-21.322, 1.1797, 4.88396]

Time created: Thu Jul 30 13:54:38 2020
