Unit:              8_6e32a6aee53f5c7cc862bac59a72c815
Removed elements:  [7, 8, 9, 12, 13, 17, 18, 19]
Representative grid:
1 1 1 1 1
1 0 0 0 1
1 0 0 1 1
1 0 0 0 1
1 1 1 1 1
Run successful:    True
Constraint energy: 823.4683397474156
Internal energy:   205.64855956763495

Template details:
Case: 2
Parameters:
Origin:            (0,0)
Dimensions:        5x5 elements
Internal elements: [7, 8, 9, 12, 13, 14, 17, 18, 19]
Analysis steps:    4
Run successful:    False
Constraint energy: 0
Internal energy:   0
Ogden material parameters:
Name:  Mold Star 15
Mu:    [-6.50266e-06, 0.216863, 0.00137158]
Alpha: [-21.322, 1.1797, 4.88396]
Time created:      Fri May 22 12:45:00 2020
