This is pdfTeX, Version 3.14159265-2.6-1.40.18 (MiKTeX 2.9.6600 64-bit) (preloaded format=pdflatex 2019.2.27)  27 FEB 2019 21:50
entering extended mode
**./LiteratureReview.tex
(LiteratureReview.tex
LaTeX2e <2017-04-15>
Babel <3.17> and hyphenation patterns for 75 language(s) loaded.

("C:\Users\Naudé Conradie\AppData\Local\Programs\MiKTeX 2.9\tex\latex\stellenb
osch\usthesis.cls"
Document Class: usthesis 2014/11/28 v5.0 Stellenbosh Thesis class (DNJ ELS)

("C:\Users\Naudé Conradie\AppData\Local\Programs\MiKTeX 2.9\tex\latex\tools\ca
lc.sty"
Package: calc 2014/10/28 v4.3 Infix arithmetic (KKT,FJ)
\calc@Acount=\count79
\calc@Bcount=\count80
\calc@Adimen=\dimen102
\calc@Bdimen=\dimen103
\calc@Askip=\skip41
\calc@Bskip=\skip42
LaTeX Info: Redefining \setlength on input line 80.
LaTeX Info: Redefining \addtolength on input line 81.
\calc@Ccount=\count81
\calc@Cskip=\skip43
)
("C:\Users\Naudé Conradie\AppData\Local\Programs\MiKTeX 2.9\tex\generic\oberdi
ek\ifpdf.sty"
Package: ifpdf 2017/03/15 v3.2 Provides the ifpdf switch
)
Class usthesis Info: Input file 'usthesis.afr' loaded on input line 92.

("C:\Users\Naudé Conradie\AppData\Local\Programs\MiKTeX 2.9\tex\latex\stellenb
osch\usthesis.afr"
File: usthesis.afr 2014/11/28 v2.0 USthesis Afr defs (DNJ Els)
)
Class usthesis Info: Input file 'usthesis.eng' loaded on input line 95.

("C:\Users\Naudé Conradie\AppData\Local\Programs\MiKTeX 2.9\tex\latex\stellenb
osch\usthesis.eng"
File: usthesis.eng 2014/11/28 v2.0 USthesis Eng defs (DNJ Els)
)
("C:\Users\Naudé Conradie\AppData\Local\Programs\MiKTeX 2.9\tex\latex\base\boo
k.cls"
Document Class: book 2014/09/29 v1.4h Standard LaTeX document class

("C:\Users\Naudé Conradie\AppData\Local\Programs\MiKTeX 2.9\tex\latex\base\bk1
2.clo"
File: bk12.clo 2014/09/29 v1.4h Standard LaTeX file (size option)
)
\c@part=\count82
\c@chapter=\count83
\c@section=\count84
\c@subsection=\count85
\c@subsubsection=\count86
\c@paragraph=\count87
\c@subparagraph=\count88
\c@figure=\count89
\c@table=\count90
\abovecaptionskip=\skip44
\belowcaptionskip=\skip45
\bibindent=\dimen104
)
\US@tdima=\skip46
\US@tdimb=\skip47
\US@tboxa=\box26
\US@tboxb=\box27
\c@US@tcnta=\count91
\c@US@tcntb=\count92
\US@month=\count93
\US@year=\count94
)
("C:\Users\Naudé Conradie\AppData\Local\Programs\MiKTeX 2.9\tex\generic\babel\
babel.sty"
Package: babel 2018/01/24 3.17 The Babel package

("C:\Users\Naudé Conradie\AppData\Local\Programs\MiKTeX 2.9\tex\generic\babel\
switch.def"
File: switch.def 2018/01/24 3.17 Babel switching mechanism
)
*************************************
* Local config file bblopts.cfg used
*

("C:\Users\Naudé Conradie\AppData\Local\Programs\MiKTeX 2.9\tex\latex\arabi\bb
lopts.cfg"
File: bblopts.cfg 2005/09/08 v0.1 add Arabic and Farsi to "declared" options of
 babel
)
("C:\Users\Naudé Conradie\AppData\Local\Programs\MiKTeX 2.9\tex\latex\babel-du
tch\dutch.ldf"
Language: dutch 2005/03/30 v3.8i Dutch support from the babel system

("C:\Users\Naudé Conradie\AppData\Local\Programs\MiKTeX 2.9\tex\generic\babel\
babel.def"
File: babel.def 2018/01/24 3.17 Babel common definitions

("C:\Users\Naudé Conradie\AppData\Local\Programs\MiKTeX 2.9\tex\generic\babel\
switch.def"
File: switch.def 2018/01/24 3.17 Babel switching mechanism
)
\babel@savecnt=\count95
\U@D=\dimen105

("C:\Users\Naudé Conradie\AppData\Local\Programs\MiKTeX 2.9\tex\generic\babel\
txtbabel.def")
\bbl@dirlevel=\count96
)
Package babel Info: Making " an active character on input line 132.
)
("C:\Users\Naudé Conradie\AppData\Local\Programs\MiKTeX 2.9\tex\latex\babel-en
glish\english.ldf"
Language: english 2017/06/06 v3.3r English support from the babel system
\l@canadian = a dialect from \language\l@american 
\l@australian = a dialect from \language\l@british 
\l@newzealand = a dialect from \language\l@british 
))
("C:\Users\Naudé Conradie\AppData\Local\Programs\MiKTeX 2.9\tex\latex\amsmath\
amsmath.sty"
Package: amsmath 2017/09/02 v2.17a AMS math features
\@mathmargin=\skip48

For additional information on amsmath, use the `?' option.

("C:\Users\Naudé Conradie\AppData\Local\Programs\MiKTeX 2.9\tex\latex\amsmath\
amstext.sty"
Package: amstext 2000/06/29 v2.01 AMS text

("C:\Users\Naudé Conradie\AppData\Local\Programs\MiKTeX 2.9\tex\latex\amsmath\
amsgen.sty"
File: amsgen.sty 1999/11/30 v2.0 generic functions
\@emptytoks=\toks14
\ex@=\dimen106
))
("C:\Users\Naudé Conradie\AppData\Local\Programs\MiKTeX 2.9\tex\latex\amsmath\
amsbsy.sty"
Package: amsbsy 1999/11/29 v1.2d Bold Symbols
\pmbraise@=\dimen107
)
("C:\Users\Naudé Conradie\AppData\Local\Programs\MiKTeX 2.9\tex\latex\amsmath\
amsopn.sty"
Package: amsopn 2016/03/08 v2.02 operator names
)
\inf@bad=\count97
LaTeX Info: Redefining \frac on input line 213.
\uproot@=\count98
\leftroot@=\count99
LaTeX Info: Redefining \overline on input line 375.
\classnum@=\count100
\DOTSCASE@=\count101
LaTeX Info: Redefining \ldots on input line 472.
LaTeX Info: Redefining \dots on input line 475.
LaTeX Info: Redefining \cdots on input line 596.
\Mathstrutbox@=\box28
\strutbox@=\box29
\big@size=\dimen108
LaTeX Font Info:    Redeclaring font encoding OML on input line 712.
LaTeX Font Info:    Redeclaring font encoding OMS on input line 713.
\macc@depth=\count102
\c@MaxMatrixCols=\count103
\dotsspace@=\muskip10
\c@parentequation=\count104
\dspbrk@lvl=\count105
\tag@help=\toks15
\row@=\count106
\column@=\count107
\maxfields@=\count108
\andhelp@=\toks16
\eqnshift@=\dimen109
\alignsep@=\dimen110
\tagshift@=\dimen111
\tagwidth@=\dimen112
\totwidth@=\dimen113
\lineht@=\dimen114
\@envbody=\toks17
\multlinegap=\skip49
\multlinetaggap=\skip50
\mathdisplay@stack=\toks18
LaTeX Info: Redefining \[ on input line 2817.
LaTeX Info: Redefining \] on input line 2818.
)
("C:\Users\Naudé Conradie\AppData\Local\Programs\MiKTeX 2.9\tex\latex\base\fon
tenc.sty"
Package: fontenc 2017/04/05 v2.0i Standard LaTeX package

("C:\Users\Naudé Conradie\AppData\Local\Programs\MiKTeX 2.9\tex\latex\base\t1e
nc.def"
File: t1enc.def 2017/04/05 v2.0i Standard LaTeX file
LaTeX Font Info:    Redeclaring font encoding T1 on input line 48.
))
("C:\Users\Naudé Conradie\AppData\Local\Programs\MiKTeX 2.9\tex\latex\base\tex
tcomp.sty"
Package: textcomp 2017/04/05 v2.0i Standard LaTeX package
Package textcomp Info: Sub-encoding information:
(textcomp)               5 = only ISO-Adobe without \textcurrency
(textcomp)               4 = 5 + \texteuro
(textcomp)               3 = 4 + \textohm
(textcomp)               2 = 3 + \textestimated + \textcurrency
(textcomp)               1 = TS1 - \textcircled - \t
(textcomp)               0 = TS1 (full)
(textcomp)             Font families with sub-encoding setting implement
(textcomp)             only a restricted character set as indicated.
(textcomp)             Family '?' is the default used for unknown fonts.
(textcomp)             See the documentation for details.
Package textcomp Info: Setting ? sub-encoding to TS1/1 on input line 79.

("C:\Users\Naudé Conradie\AppData\Local\Programs\MiKTeX 2.9\tex\latex\base\ts1
enc.def"
File: ts1enc.def 2001/06/05 v3.0e (jk/car/fm) Standard LaTeX file
)
LaTeX Info: Redefining \oldstylenums on input line 334.
Package textcomp Info: Setting cmr sub-encoding to TS1/0 on input line 349.
Package textcomp Info: Setting cmss sub-encoding to TS1/0 on input line 350.
Package textcomp Info: Setting cmtt sub-encoding to TS1/0 on input line 351.
Package textcomp Info: Setting cmvtt sub-encoding to TS1/0 on input line 352.
Package textcomp Info: Setting cmbr sub-encoding to TS1/0 on input line 353.
Package textcomp Info: Setting cmtl sub-encoding to TS1/0 on input line 354.
Package textcomp Info: Setting ccr sub-encoding to TS1/0 on input line 355.
Package textcomp Info: Setting ptm sub-encoding to TS1/4 on input line 356.
Package textcomp Info: Setting pcr sub-encoding to TS1/4 on input line 357.
Package textcomp Info: Setting phv sub-encoding to TS1/4 on input line 358.
Package textcomp Info: Setting ppl sub-encoding to TS1/3 on input line 359.
Package textcomp Info: Setting pag sub-encoding to TS1/4 on input line 360.
Package textcomp Info: Setting pbk sub-encoding to TS1/4 on input line 361.
Package textcomp Info: Setting pnc sub-encoding to TS1/4 on input line 362.
Package textcomp Info: Setting pzc sub-encoding to TS1/4 on input line 363.
Package textcomp Info: Setting bch sub-encoding to TS1/4 on input line 364.
Package textcomp Info: Setting put sub-encoding to TS1/5 on input line 365.
Package textcomp Info: Setting uag sub-encoding to TS1/5 on input line 366.
Package textcomp Info: Setting ugq sub-encoding to TS1/5 on input line 367.
Package textcomp Info: Setting ul8 sub-encoding to TS1/4 on input line 368.
Package textcomp Info: Setting ul9 sub-encoding to TS1/4 on input line 369.
Package textcomp Info: Setting augie sub-encoding to TS1/5 on input line 370.
Package textcomp Info: Setting dayrom sub-encoding to TS1/3 on input line 371.
Package textcomp Info: Setting dayroms sub-encoding to TS1/3 on input line 372.

Package textcomp Info: Setting pxr sub-encoding to TS1/0 on input line 373.
Package textcomp Info: Setting pxss sub-encoding to TS1/0 on input line 374.
Package textcomp Info: Setting pxtt sub-encoding to TS1/0 on input line 375.
Package textcomp Info: Setting txr sub-encoding to TS1/0 on input line 376.
Package textcomp Info: Setting txss sub-encoding to TS1/0 on input line 377.
Package textcomp Info: Setting txtt sub-encoding to TS1/0 on input line 378.
Package textcomp Info: Setting lmr sub-encoding to TS1/0 on input line 379.
Package textcomp Info: Setting lmdh sub-encoding to TS1/0 on input line 380.
Package textcomp Info: Setting lmss sub-encoding to TS1/0 on input line 381.
Package textcomp Info: Setting lmssq sub-encoding to TS1/0 on input line 382.
Package textcomp Info: Setting lmvtt sub-encoding to TS1/0 on input line 383.
Package textcomp Info: Setting lmtt sub-encoding to TS1/0 on input line 384.
Package textcomp Info: Setting qhv sub-encoding to TS1/0 on input line 385.
Package textcomp Info: Setting qag sub-encoding to TS1/0 on input line 386.
Package textcomp Info: Setting qbk sub-encoding to TS1/0 on input line 387.
Package textcomp Info: Setting qcr sub-encoding to TS1/0 on input line 388.
Package textcomp Info: Setting qcs sub-encoding to TS1/0 on input line 389.
Package textcomp Info: Setting qpl sub-encoding to TS1/0 on input line 390.
Package textcomp Info: Setting qtm sub-encoding to TS1/0 on input line 391.
Package textcomp Info: Setting qzc sub-encoding to TS1/0 on input line 392.
Package textcomp Info: Setting qhvc sub-encoding to TS1/0 on input line 393.
Package textcomp Info: Setting futs sub-encoding to TS1/4 on input line 394.
Package textcomp Info: Setting futx sub-encoding to TS1/4 on input line 395.
Package textcomp Info: Setting futj sub-encoding to TS1/4 on input line 396.
Package textcomp Info: Setting hlh sub-encoding to TS1/3 on input line 397.
Package textcomp Info: Setting hls sub-encoding to TS1/3 on input line 398.
Package textcomp Info: Setting hlst sub-encoding to TS1/3 on input line 399.
Package textcomp Info: Setting hlct sub-encoding to TS1/5 on input line 400.
Package textcomp Info: Setting hlx sub-encoding to TS1/5 on input line 401.
Package textcomp Info: Setting hlce sub-encoding to TS1/5 on input line 402.
Package textcomp Info: Setting hlcn sub-encoding to TS1/5 on input line 403.
Package textcomp Info: Setting hlcw sub-encoding to TS1/5 on input line 404.
Package textcomp Info: Setting hlcf sub-encoding to TS1/5 on input line 405.
Package textcomp Info: Setting pplx sub-encoding to TS1/3 on input line 406.
Package textcomp Info: Setting pplj sub-encoding to TS1/3 on input line 407.
Package textcomp Info: Setting ptmx sub-encoding to TS1/4 on input line 408.
Package textcomp Info: Setting ptmj sub-encoding to TS1/4 on input line 409.
)
("C:\Users\Naudé Conradie\AppData\Local\Programs\MiKTeX 2.9\tex\latex\tools\bm
.sty"
Package: bm 2017/01/16 v1.2c Bold Symbol Support (DPC/FMi)
\symboldoperators=\mathgroup4
\symboldletters=\mathgroup5
\symboldsymbols=\mathgroup6
LaTeX Font Info:    Redeclaring math alphabet \mathbf on input line 141.
LaTeX Info: Redefining \bm on input line 207.
)
("C:\Users\Naudé Conradie\AppData\Local\Programs\MiKTeX 2.9\tex\latex\nomencl\
nomencl.sty"
Package: nomencl 2019/02/08 v5.1 Nomenclature package

("C:\Users\Naudé Conradie\AppData\Local\Programs\MiKTeX 2.9\tex\latex\xkeyval\
xkeyval.sty"
Package: xkeyval 2014/12/03 v2.7a package option processing (HA)

("C:\Users\Naudé Conradie\AppData\Local\Programs\MiKTeX 2.9\tex\generic\xkeyva
l\xkeyval.tex"
("C:\Users\Naudé Conradie\AppData\Local\Programs\MiKTeX 2.9\tex\generic\xkeyva
l\xkvutils.tex"
\XKV@toks=\toks19
\XKV@tempa@toks=\toks20

("C:\Users\Naudé Conradie\AppData\Local\Programs\MiKTeX 2.9\tex\generic\xkeyva
l\keyval.tex"))
\XKV@depth=\count109
File: xkeyval.tex 2014/12/03 v2.7a key=value parser (HA)
))
("C:\Users\Naudé Conradie\AppData\Local\Programs\MiKTeX 2.9\tex\latex\base\ift
hen.sty"
Package: ifthen 2014/09/29 v1.1c Standard LaTeX ifthen package (DPC)
)
("C:\Users\Naudé Conradie\AppData\Local\Programs\MiKTeX 2.9\tex\latex\koma-scr
ipt\tocbasic.sty"
Package: tocbasic 2019/02/01 v3.26b KOMA-Script package (handling toc-files)

("C:\Users\Naudé Conradie\AppData\Local\Programs\MiKTeX 2.9\tex\latex\koma-scr
ipt\scrbase.sty"
Package: scrbase 2019/02/01 v3.26b KOMA-Script package (KOMA-Script-independent
 basics and keyval usage)

("C:\Users\Naudé Conradie\AppData\Local\Programs\MiKTeX 2.9\tex\latex\koma-scr
ipt\scrlfile.sty"
Package: scrlfile 2019/02/01 v3.26b KOMA-Script package (loading files)
))
\scr@dte@tocline@numberwidth=\skip51
\scr@dte@tocline@numbox=\box30
)
Package tocbasic Info: setting babel extension for `nlo' on input line 24.
Package tocbasic Info: setting babel extension for `nls' on input line 25.
\nomlabelwidth=\dimen115
\nom@tempdim=\dimen116
\nomitemsep=\skip52
)
("C:\Users\Naudé Conradie\AppData\Local\Programs\MiKTeX 2.9\tex\latex\stellenb
osch\usbib.sty"
Package: usbib 2009/03/07 1.0 (DNJ Els)

("C:\Users\Naudé Conradie\AppData\Local\Programs\MiKTeX 2.9\tex\latex\natbib\n
atbib.sty"
Package: natbib 2010/09/13 8.31b (PWD, AO)
\bibhang=\skip53
\bibsep=\skip54
LaTeX Info: Redefining \cite on input line 694.
\c@NAT@ctr=\count110
))
("C:\Users\Naudé Conradie\AppData\Local\Programs\MiKTeX 2.9\tex\latex\graphics
\graphicx.sty"
Package: graphicx 2017/06/01 v1.1a Enhanced LaTeX Graphics (DPC,SPQR)

("C:\Users\Naudé Conradie\AppData\Local\Programs\MiKTeX 2.9\tex\latex\graphics
\graphics.sty"
Package: graphics 2017/06/25 v1.2c Standard LaTeX Graphics (DPC,SPQR)

("C:\Users\Naudé Conradie\AppData\Local\Programs\MiKTeX 2.9\tex\latex\graphics
\trig.sty"
Package: trig 2016/01/03 v1.10 sin cos tan (DPC)
)
("C:\Users\Naudé Conradie\AppData\Local\Programs\MiKTeX 2.9\tex\latex\graphics
-cfg\graphics.cfg"
File: graphics.cfg 2016/06/04 v1.11 sample graphics configuration
)
Package graphics Info: Driver file: pdftex.def on input line 99.

("C:\Users\Naudé Conradie\AppData\Local\Programs\MiKTeX 2.9\tex\latex\graphics
-def\pdftex.def"
File: pdftex.def 2018/01/08 v1.0l Graphics/color driver for pdftex
))
\Gin@req@height=\dimen117
\Gin@req@width=\dimen118
)
("C:\Users\Naudé Conradie\AppData\Local\Programs\MiKTeX 2.9\tex\latex\graphics
\color.sty"
Package: color 2016/07/10 v1.1e Standard LaTeX Color (DPC)

("C:\Users\Naudé Conradie\AppData\Local\Programs\MiKTeX 2.9\tex\latex\graphics
-cfg\color.cfg"
File: color.cfg 2016/01/02 v1.6 sample color configuration
)
Package color Info: Driver file: pdftex.def on input line 147.
)
("C:\Users\Naudé Conradie\AppData\Local\Programs\MiKTeX 2.9\tex\latex\titlesec
\titlesec.sty"
Package: titlesec 2016/03/21 v2.10.2 Sectioning titles
\ttl@box=\box31
\beforetitleunit=\skip55
\aftertitleunit=\skip56
\ttl@plus=\dimen119
\ttl@minus=\dimen120
\ttl@toksa=\toks21
\titlewidth=\dimen121
\titlewidthlast=\dimen122
\titlewidthfirst=\dimen123
)
("C:\Users\Naudé Conradie\AppData\Local\Programs\MiKTeX 2.9\tex\latex\fancyhdr
\fancyhdr.sty"
Package: fancyhdr 2019/01/31 v3.10 Extensive control of page headers and footer
s
\f@nch@headwidth=\skip57
\f@nch@O@elh=\skip58
\f@nch@O@erh=\skip59
\f@nch@O@olh=\skip60
\f@nch@O@orh=\skip61
\f@nch@O@elf=\skip62
\f@nch@O@erf=\skip63
\f@nch@O@olf=\skip64
\f@nch@O@orf=\skip65
)
("C:\Users\Naudé Conradie\AppData\Local\Programs\MiKTeX 2.9\tex\latex\siunitx\
siunitx.sty"
("C:\Users\Naudé Conradie\AppData\Local\Programs\MiKTeX 2.9\tex\latex\l3kernel
\expl3.sty"
Package: expl3 2019-02-15 L3 programming layer (loader) 

("C:\Users\Naudé Conradie\AppData\Local\Programs\MiKTeX 2.9\tex\latex\l3kernel
\expl3-code.tex"
Package: expl3 2019-02-15 L3 programming layer (code)
\c_max_int=\count111
\l_tmpa_int=\count112
\l_tmpb_int=\count113
\g_tmpa_int=\count114
\g_tmpb_int=\count115
\g__kernel_prg_map_int=\count116
\c_log_iow=\count117
\l_iow_line_count_int=\count118
\l__iow_line_target_int=\count119
\l__iow_one_indent_int=\count120
\l__iow_indent_int=\count121
\c_zero_dim=\dimen124
\c_max_dim=\dimen125
\l_tmpa_dim=\dimen126
\l_tmpb_dim=\dimen127
\g_tmpa_dim=\dimen128
\g_tmpb_dim=\dimen129
\c_zero_skip=\skip66
\c_max_skip=\skip67
\l_tmpa_skip=\skip68
\l_tmpb_skip=\skip69
\g_tmpa_skip=\skip70
\g_tmpb_skip=\skip71
\c_zero_muskip=\muskip11
\c_max_muskip=\muskip12
\l_tmpa_muskip=\muskip13
\l_tmpb_muskip=\muskip14
\g_tmpa_muskip=\muskip15
\g_tmpb_muskip=\muskip16
\l_keys_choice_int=\count122
\l__intarray_loop_int=\count123
\c__intarray_sp_dim=\dimen130
\g__intarray_font_int=\count124
\c__fp_leading_shift_int=\count125
\c__fp_middle_shift_int=\count126
\c__fp_trailing_shift_int=\count127
\c__fp_big_leading_shift_int=\count128
\c__fp_big_middle_shift_int=\count129
\c__fp_big_trailing_shift_int=\count130
\c__fp_Bigg_leading_shift_int=\count131
\c__fp_Bigg_middle_shift_int=\count132
\c__fp_Bigg_trailing_shift_int=\count133
\c__kernel_randint_max_int=\count134
\g__fp_array_int=\count135
\l__fp_array_loop_int=\count136
\l__sort_length_int=\count137
\l__sort_min_int=\count138
\l__sort_top_int=\count139
\l__sort_max_int=\count140
\l__sort_true_max_int=\count141
\l__sort_block_int=\count142
\l__sort_begin_int=\count143
\l__sort_end_int=\count144
\l__sort_A_int=\count145
\l__sort_B_int=\count146
\l__sort_C_int=\count147
\l__tl_analysis_normal_int=\count148
\l__tl_analysis_index_int=\count149
\l__tl_analysis_nesting_int=\count150
\l__tl_analysis_type_int=\count151
\l__regex_internal_a_int=\count152
\l__regex_internal_b_int=\count153
\l__regex_internal_c_int=\count154
\l__regex_balance_int=\count155
\l__regex_group_level_int=\count156
\l__regex_mode_int=\count157
\c__regex_cs_in_class_mode_int=\count158
\c__regex_cs_mode_int=\count159
\l__regex_catcodes_int=\count160
\l__regex_default_catcodes_int=\count161
\c__regex_catcode_D_int=\count162
\c__regex_catcode_S_int=\count163
\c__regex_catcode_L_int=\count164
\c__regex_catcode_O_int=\count165
\c__regex_catcode_A_int=\count166
\c__regex_all_catcodes_int=\count167
\l__regex_show_lines_int=\count168
\l__regex_min_state_int=\count169
\l__regex_max_state_int=\count170
\l__regex_left_state_int=\count171
\l__regex_right_state_int=\count172
\l__regex_capturing_group_int=\count173
\l__regex_min_pos_int=\count174
\l__regex_max_pos_int=\count175
\l__regex_curr_pos_int=\count176
\l__regex_start_pos_int=\count177
\l__regex_success_pos_int=\count178
\l__regex_curr_char_int=\count179
\l__regex_curr_catcode_int=\count180
\l__regex_last_char_int=\count181
\l__regex_case_changed_char_int=\count182
\l__regex_curr_state_int=\count183
\l__regex_step_int=\count184
\l__regex_min_active_int=\count185
\l__regex_max_active_int=\count186
\l__regex_replacement_csnames_int=\count187
\l__regex_match_count_int=\count188
\l__regex_min_submatch_int=\count189
\l__regex_submatch_int=\count190
\l__regex_zeroth_submatch_int=\count191
\g__regex_trace_regex_int=\count192
\c_empty_box=\box32
\l_tmpa_box=\box33
\l_tmpb_box=\box34
\g_tmpa_box=\box35
\g_tmpb_box=\box36
\l__box_top_dim=\dimen131
\l__box_bottom_dim=\dimen132
\l__box_left_dim=\dimen133
\l__box_right_dim=\dimen134
\l__box_top_new_dim=\dimen135
\l__box_bottom_new_dim=\dimen136
\l__box_left_new_dim=\dimen137
\l__box_right_new_dim=\dimen138
\l__box_internal_box=\box37
\l__coffin_internal_box=\box38
\l__coffin_internal_dim=\dimen139
\l__coffin_offset_x_dim=\dimen140
\l__coffin_offset_y_dim=\dimen141
\l__coffin_x_dim=\dimen142
\l__coffin_y_dim=\dimen143
\l__coffin_x_prime_dim=\dimen144
\l__coffin_y_prime_dim=\dimen145
\c_empty_coffin=\box39
\l__coffin_aligned_coffin=\box40
\l__coffin_aligned_internal_coffin=\box41
\l_tmpa_coffin=\box42
\l_tmpb_coffin=\box43
\g_tmpa_coffin=\box44
\g_tmpb_coffin=\box45
\c__coffin_empty_coffin=\box46
\l__coffin_display_coffin=\box47
\l__coffin_display_coord_coffin=\box48
\l__coffin_display_pole_coffin=\box49
\l__coffin_display_offset_dim=\dimen146
\l__coffin_display_x_dim=\dimen147
\l__coffin_display_y_dim=\dimen148
\g__file_internal_ior=\read1
\l__coffin_bounding_shift_dim=\dimen149
\l__coffin_left_corner_dim=\dimen150
\l__coffin_right_corner_dim=\dimen151
\l__coffin_bottom_corner_dim=\dimen152
\l__coffin_top_corner_dim=\dimen153
\l__coffin_scaled_total_height_dim=\dimen154
\l__coffin_scaled_width_dim=\dimen155
\l__seq_internal_a_int=\count193
\l__seq_internal_b_int=\count194
)
("C:\Users\Naudé Conradie\AppData\Local\Programs\MiKTeX 2.9\tex\latex\l3kernel
\l3pdfmode.def"
File: l3pdfmode.def 2019-02-15 v L3 Experimental driver: PDF mode
\l__driver_color_stack_int=\count195
))
("C:\Users\Naudé Conradie\AppData\Local\Programs\MiKTeX 2.9\tex\latex\l3packag
es\xparse\xparse.sty"
Package: xparse 2018-10-17 L3 Experimental document command parser
\l__xparse_current_arg_int=\count196
\g__xparse_grabber_int=\count197
\l__xparse_m_args_int=\count198
\l__xparse_mandatory_args_int=\count199
\l__xparse_v_nesting_int=\count266
)
Package: siunitx 2018/05/17 v2.7s A comprehensive (SI) units package

("C:\Users\Naudé Conradie\AppData\Local\Programs\MiKTeX 2.9\tex\latex\tools\ar
ray.sty"
Package: array 2016/10/06 v2.4d Tabular extension package (FMi)
\col@sep=\dimen156
\extrarowheight=\dimen157
\NC@list=\toks22
\extratabsurround=\skip72
\backup@length=\skip73
)
("C:\Users\Naudé Conradie\AppData\Local\Programs\MiKTeX 2.9\tex\latex\l3packag
es\l3keys2e\l3keys2e.sty"
Package: l3keys2e 2018-10-17 LaTeX2e option processing using LaTeX3 keys
)
\l__siunitx_tmp_box=\box50
\l__siunitx_tmp_dim=\dimen158
\l__siunitx_tmp_int=\count267
\l__siunitx_number_mantissa_length_int=\count268
\l__siunitx_number_uncert_length_int=\count269
\l__siunitx_round_int=\count270
\l__siunitx_process_decimal_int=\count271
\l__siunitx_process_uncertainty_int=\count272
\l__siunitx_process_fixed_int=\count273
\l__siunitx_process_integer_min_int=\count274
\l__siunitx_process_precision_int=\count275
\l__siunitx_group_min_int=\count276
\l__siunitx_angle_marker_box=\box51
\l__siunitx_angle_unit_box=\box52
\l__siunitx_angle_marker_dim=\dimen159
\l__siunitx_angle_unit_dim=\dimen160
\l__siunitx_unit_int=\count277
\l__siunitx_unit_denominator_int=\count278
\l__siunitx_unit_numerator_int=\count279
\l__siunitx_unit_prefix_int=\count280
\l__siunitx_unit_prefix_base_int=\count281
\l__siunitx_unit_prefix_gram_int=\count282
\l__siunitx_number_product_int=\count283
\c__siunitx_one_fill_skip=\skip74
\l__siunitx_table_unit_align_skip=\skip75
\l__siunitx_table_exponent_dim=\dimen161
\l__siunitx_table_integer_dim=\dimen162
\l__siunitx_table_mantissa_dim=\dimen163
\l__siunitx_table_marker_dim=\dimen164
\l__siunitx_table_result_dim=\dimen165
\l__siunitx_table_uncert_dim=\dimen166
\l__siunitx_table_fill_pre_dim=\dimen167
\l__siunitx_table_fill_post_dim=\dimen168
\l__siunitx_table_fill_mid_dim=\dimen169
\l__siunitx_table_pre_box=\box53
\l__siunitx_table_post_box=\box54
\l__siunitx_table_mantissa_box=\box55
\l__siunitx_table_result_box=\box56
\l__siunitx_table_number_align_skip=\skip76
\l__siunitx_table_text_align_skip=\skip77

("C:\Users\Naudé Conradie\AppData\Local\Programs\MiKTeX 2.9\tex\latex\translat
or\translator.sty"
Package: translator 2018/01/04 v1.12 Easy translation of strings in LaTeX
))
("C:\Users\Naudé Conradie\AppData\Local\Programs\MiKTeX 2.9\tex\latex\ltxmisc\
parskip.sty"
Package: parskip 2001/04/09 non-zero parskip adjustments
)
("C:\Users\Naudé Conradie\AppData\Local\Programs\MiKTeX 2.9\tex\latex\hyperref
\hyperref.sty"
Package: hyperref 2018/02/06 v6.86b Hypertext links for LaTeX

("C:\Users\Naudé Conradie\AppData\Local\Programs\MiKTeX 2.9\tex\generic\oberdi
ek\hobsub-hyperref.sty"
Package: hobsub-hyperref 2016/05/16 v1.14 Bundle oberdiek, subset hyperref (HO)


("C:\Users\Naudé Conradie\AppData\Local\Programs\MiKTeX 2.9\tex\generic\oberdi
ek\hobsub-generic.sty"
Package: hobsub-generic 2016/05/16 v1.14 Bundle oberdiek, subset generic (HO)
Package: hobsub 2016/05/16 v1.14 Construct package bundles (HO)
Package: infwarerr 2016/05/16 v1.4 Providing info/warning/error messages (HO)
Package: ltxcmds 2016/05/16 v1.23 LaTeX kernel commands for general use (HO)
Package: ifluatex 2016/05/16 v1.4 Provides the ifluatex switch (HO)
Package ifluatex Info: LuaTeX not detected.
Package: ifvtex 2016/05/16 v1.6 Detect VTeX and its facilities (HO)
Package ifvtex Info: VTeX not detected.
Package: intcalc 2016/05/16 v1.2 Expandable calculations with integers (HO)
Package hobsub Info: Skipping package `ifpdf' (already loaded).
Package: etexcmds 2016/05/16 v1.6 Avoid name clashes with e-TeX commands (HO)
Package etexcmds Info: Could not find \expanded.
(etexcmds)             That can mean that you are not using pdfTeX 1.50 or
(etexcmds)             that some package has redefined \expanded.
(etexcmds)             In the latter case, load this package earlier.
Package: kvsetkeys 2016/05/16 v1.17 Key value parser (HO)
Package: kvdefinekeys 2016/05/16 v1.4 Define keys (HO)
Package: pdftexcmds 2018/01/21 v0.26 Utility functions of pdfTeX for LuaTeX (HO
)
Package pdftexcmds Info: LuaTeX not detected.
Package pdftexcmds Info: \pdf@primitive is available.
Package pdftexcmds Info: \pdf@ifprimitive is available.
Package pdftexcmds Info: \pdfdraftmode found.
Package: pdfescape 2016/05/16 v1.14 Implements pdfTeX's escape features (HO)
Package: bigintcalc 2016/05/16 v1.4 Expandable calculations on big integers (HO
)
Package: bitset 2016/05/16 v1.2 Handle bit-vector datatype (HO)
Package: uniquecounter 2016/05/16 v1.3 Provide unlimited unique counter (HO)
)
Package hobsub Info: Skipping package `hobsub' (already loaded).
Package: letltxmacro 2016/05/16 v1.5 Let assignment for LaTeX macros (HO)
Package: hopatch 2016/05/16 v1.3 Wrapper for package hooks (HO)
Package: xcolor-patch 2016/05/16 xcolor patch
Package: atveryend 2016/05/16 v1.9 Hooks at the very end of document (HO)
Package atveryend Info: \enddocument detected (standard20110627).
Package: atbegshi 2016/06/09 v1.18 At begin shipout hook (HO)
Package: refcount 2016/05/16 v3.5 Data extraction from label references (HO)
Package: hycolor 2016/05/16 v1.8 Color options for hyperref/bookmark (HO)
)
("C:\Users\Naudé Conradie\AppData\Local\Programs\MiKTeX 2.9\tex\generic\ifxete
x\ifxetex.sty"
Package: ifxetex 2010/09/12 v0.6 Provides ifxetex conditional
)
("C:\Users\Naudé Conradie\AppData\Local\Programs\MiKTeX 2.9\tex\latex\oberdiek
\auxhook.sty"
Package: auxhook 2016/05/16 v1.4 Hooks for auxiliary files (HO)
)
("C:\Users\Naudé Conradie\AppData\Local\Programs\MiKTeX 2.9\tex\latex\oberdiek
\kvoptions.sty"
Package: kvoptions 2016/05/16 v3.12 Key value format for package options (HO)
)
\@linkdim=\dimen170
\Hy@linkcounter=\count284
\Hy@pagecounter=\count285

("C:\Users\Naudé Conradie\AppData\Local\Programs\MiKTeX 2.9\tex\latex\hyperref
\pd1enc.def"
File: pd1enc.def 2018/02/06 v6.86b Hyperref: PDFDocEncoding definition (HO)
)
\Hy@SavedSpaceFactor=\count286

("C:\Users\Naudé Conradie\AppData\Local\Programs\MiKTeX 2.9\tex\latex\00miktex
\hyperref.cfg"
File: hyperref.cfg 2002/06/06 v1.2 hyperref configuration of TeXLive
)
Package hyperref Info: Hyper figures OFF on input line 4509.
Package hyperref Info: Link nesting OFF on input line 4514.
Package hyperref Info: Hyper index ON on input line 4517.
Package hyperref Info: Plain pages OFF on input line 4524.
Package hyperref Info: Backreferencing OFF on input line 4529.
Package hyperref Info: Implicit mode ON; LaTeX internals redefined.
Package hyperref Info: Bookmarks ON on input line 4762.
\c@Hy@tempcnt=\count287

("C:\Users\Naudé Conradie\AppData\Local\Programs\MiKTeX 2.9\tex\latex\url\url.
sty"
\Urlmuskip=\muskip17
Package: url 2013/09/16  ver 3.4  Verb mode for urls, etc.
)
LaTeX Info: Redefining \url on input line 5115.
\XeTeXLinkMargin=\dimen171
\Fld@menulength=\count288
\Field@Width=\dimen172
\Fld@charsize=\dimen173
Package hyperref Info: Hyper figures OFF on input line 6369.
Package hyperref Info: Link nesting OFF on input line 6374.
Package hyperref Info: Hyper index ON on input line 6377.
Package hyperref Info: backreferencing OFF on input line 6384.
Package hyperref Info: Link coloring OFF on input line 6389.
Package hyperref Info: Link coloring with OCG OFF on input line 6394.
Package hyperref Info: PDF/A mode OFF on input line 6399.
LaTeX Info: Redefining \ref on input line 6439.
LaTeX Info: Redefining \pageref on input line 6443.
\Hy@abspage=\count289
\c@Item=\count290
\c@Hfootnote=\count291
)
Package hyperref Info: Driver (autodetected): hpdftex.

("C:\Users\Naudé Conradie\AppData\Local\Programs\MiKTeX 2.9\tex\latex\hyperref
\hpdftex.def"
File: hpdftex.def 2018/02/06 v6.86b Hyperref driver for pdfTeX
\Fld@listcount=\count292
\c@bookmark@seq@number=\count293

("C:\Users\Naudé Conradie\AppData\Local\Programs\MiKTeX 2.9\tex\latex\oberdiek
\rerunfilecheck.sty"
Package: rerunfilecheck 2016/05/16 v1.8 Rerun checks for auxiliary files (HO)
Package uniquecounter Info: New unique counter `rerunfilecheck' on input line 2
82.
)
\Hy@SectionHShift=\skip78
)
("C:\Users\Naudé Conradie\AppData\Local\Programs\MiKTeX 2.9\tex\latex\acro\acr
o.sty"
("C:\Users\Naudé Conradie\AppData\Local\Programs\MiKTeX 2.9\tex\latex\l3packag
es\xtemplate\xtemplate.sty"
Package: xtemplate 2018-10-17 L3 Experimental prototype document functions
\l__xtemplate_tmp_dim=\dimen174
\l__xtemplate_tmp_int=\count294
\l__xtemplate_tmp_muskip=\muskip18
\l__xtemplate_tmp_skip=\skip79
)
("C:\Users\Naudé Conradie\AppData\Local\Programs\MiKTeX 2.9\tex\latex\etoolbox
\etoolbox.sty"
Package: etoolbox 2018/08/19 v2.5f e-TeX tools for LaTeX (JAW)
\etb@tempcnta=\count295
)
Package: acro 2019/02/17 v2.9 Typeset Acronyms
\l__acro_tmpa_int=\count296
\l__acro_tmpb_int=\count297
\l__acro_tmpc_int=\count298
\l__acro_tmpd_int=\count299
\l__acro_page_space_skip=\skip80
\l__acro_short_width_dim=\dimen175

Package xtemplate Info: Declaring object type 'acro-first' taking 2
(xtemplate)             argument(s) on line 845.


Package xtemplate Info: Declaring object type 'acro-extra' taking 1
(xtemplate)             argument(s) on line 985.


("C:\Users\Naudé Conradie\AppData\Local\Programs\MiKTeX 2.9\tex\latex\oberdiek
\zref-abspage.sty"
Package: zref-abspage 2016/05/21 v2.26 Module abspage for zref (HO)

("C:\Users\Naudé Conradie\AppData\Local\Programs\MiKTeX 2.9\tex\latex\oberdiek
\zref-base.sty"
Package: zref-base 2016/05/21 v2.26 Module base for zref (HO)
Package zref Info: New property list: main on input line 759.
Package zref Info: New property: default on input line 760.
Package zref Info: New property: page on input line 761.
)
\c@abspage=\count300
Package zref Info: New property: abspage on input line 62.
)

Package xtemplate Info: Declaring object type 'acro-page-number' taking 1
(xtemplate)             argument(s) on line 1220.


Package xtemplate Info: Declaring object type 'acro-title' taking 1
(xtemplate)             argument(s) on line 1295.


Package xtemplate Info: Declaring object type 'acro-list' taking 2 argument(s)
(xtemplate)             on line 1341.

\g__acro_barrier_int=\count301

("C:\Users\Naudé Conradie\AppData\Local\Programs\MiKTeX 2.9\tex\latex\translat
ions\translations.sty"
Package: translations 2017/08/31 v1.7a internationalization of LaTeX2e packages
 (CN)
))
("C:\Users\Naudé Conradie\AppData\Local\Programs\MiKTeX 2.9\tex\latex\pgf\fron
tendlayer\tikz.sty"
("C:\Users\Naudé Conradie\AppData\Local\Programs\MiKTeX 2.9\tex\latex\pgf\basi
clayer\pgf.sty"
("C:\Users\Naudé Conradie\AppData\Local\Programs\MiKTeX 2.9\tex\latex\pgf\util
ities\pgfrcs.sty"
("C:\Users\Naudé Conradie\AppData\Local\Programs\MiKTeX 2.9\tex\generic\pgf\ut
ilities\pgfutil-common.tex"
\pgfutil@everybye=\toks23
\pgfutil@tempdima=\dimen176
\pgfutil@tempdimb=\dimen177

("C:\Users\Naudé Conradie\AppData\Local\Programs\MiKTeX 2.9\tex\generic\pgf\ut
ilities\pgfutil-common-lists.tex"))
("C:\Users\Naudé Conradie\AppData\Local\Programs\MiKTeX 2.9\tex\generic\pgf\ut
ilities\pgfutil-latex.def"
\pgfutil@abb=\box57

("C:\Users\Naudé Conradie\AppData\Local\Programs\MiKTeX 2.9\tex\latex\ms\every
shi.sty"
Package: everyshi 2001/05/15 v3.00 EveryShipout Package (MS)
))
("C:\Users\Naudé Conradie\AppData\Local\Programs\MiKTeX 2.9\tex\generic\pgf\ut
ilities\pgfrcs.code.tex"
("C:\Users\Naudé Conradie\AppData\Local\Programs\MiKTeX 2.9\tex\generic\pgf\pg
f.revision.tex")
Package: pgfrcs 2019/02/02 v3.1.1 (3.1.1)
))
Package: pgf 2019/02/02 v3.1.1 (3.1.1)

("C:\Users\Naudé Conradie\AppData\Local\Programs\MiKTeX 2.9\tex\latex\pgf\basi
clayer\pgfcore.sty"
("C:\Users\Naudé Conradie\AppData\Local\Programs\MiKTeX 2.9\tex\latex\pgf\syst
emlayer\pgfsys.sty"
("C:\Users\Naudé Conradie\AppData\Local\Programs\MiKTeX 2.9\tex\generic\pgf\sy
stemlayer\pgfsys.code.tex"
Package: pgfsys 2019/02/02 v3.1.1 (3.1.1)

("C:\Users\Naudé Conradie\AppData\Local\Programs\MiKTeX 2.9\tex\generic\pgf\ut
ilities\pgfkeys.code.tex"
\pgfkeys@pathtoks=\toks24
\pgfkeys@temptoks=\toks25

("C:\Users\Naudé Conradie\AppData\Local\Programs\MiKTeX 2.9\tex\generic\pgf\ut
ilities\pgfkeysfiltered.code.tex"
\pgfkeys@tmptoks=\toks26
))
\pgf@x=\dimen178
\pgf@y=\dimen179
\pgf@xa=\dimen180
\pgf@ya=\dimen181
\pgf@xb=\dimen182
\pgf@yb=\dimen183
\pgf@xc=\dimen184
\pgf@yc=\dimen185
\w@pgf@writea=\write3
\r@pgf@reada=\read2
\c@pgf@counta=\count302
\c@pgf@countb=\count303
\c@pgf@countc=\count304
\c@pgf@countd=\count305
\t@pgf@toka=\toks27
\t@pgf@tokb=\toks28
\t@pgf@tokc=\toks29
\pgf@sys@id@count=\count306

("C:\Users\Naudé Conradie\AppData\Local\Programs\MiKTeX 2.9\tex\generic\pgf\sy
stemlayer\pgf.cfg"
File: pgf.cfg 2019/02/02 v3.1.1 (3.1.1)
)
Driver file for pgf: pgfsys-pdftex.def

("C:\Users\Naudé Conradie\AppData\Local\Programs\MiKTeX 2.9\tex\generic\pgf\sy
stemlayer\pgfsys-pdftex.def"
File: pgfsys-pdftex.def 2019/02/02 v3.1.1 (3.1.1)

("C:\Users\Naudé Conradie\AppData\Local\Programs\MiKTeX 2.9\tex\generic\pgf\sy
stemlayer\pgfsys-common-pdf.def"
File: pgfsys-common-pdf.def 2019/02/02 v3.1.1 (3.1.1)
)))
("C:\Users\Naudé Conradie\AppData\Local\Programs\MiKTeX 2.9\tex\generic\pgf\sy
stemlayer\pgfsyssoftpath.code.tex"
File: pgfsyssoftpath.code.tex 2019/02/02 v3.1.1 (3.1.1)
\pgfsyssoftpath@smallbuffer@items=\count307
\pgfsyssoftpath@bigbuffer@items=\count308
)
("C:\Users\Naudé Conradie\AppData\Local\Programs\MiKTeX 2.9\tex\generic\pgf\sy
stemlayer\pgfsysprotocol.code.tex"
File: pgfsysprotocol.code.tex 2019/02/02 v3.1.1 (3.1.1)
))
("C:\Users\Naudé Conradie\AppData\Local\Programs\MiKTeX 2.9\tex\latex\xcolor\x
color.sty"
Package: xcolor 2016/05/11 v2.12 LaTeX color extensions (UK)

("C:\Users\Naudé Conradie\AppData\Local\Programs\MiKTeX 2.9\tex\latex\graphics
-cfg\color.cfg"
File: color.cfg 2016/01/02 v1.6 sample color configuration
)
Package xcolor Info: Driver file: pdftex.def on input line 225.
LaTeX Info: Redefining \color on input line 709.
Package xcolor Info: Model `cmy' substituted by `cmy0' on input line 1348.
Package xcolor Info: Model `hsb' substituted by `rgb' on input line 1352.
Package xcolor Info: Model `RGB' extended on input line 1364.
Package xcolor Info: Model `HTML' substituted by `rgb' on input line 1366.
Package xcolor Info: Model `Hsb' substituted by `hsb' on input line 1367.
Package xcolor Info: Model `tHsb' substituted by `hsb' on input line 1368.
Package xcolor Info: Model `HSB' substituted by `hsb' on input line 1369.
Package xcolor Info: Model `Gray' substituted by `gray' on input line 1370.
Package xcolor Info: Model `wave' substituted by `hsb' on input line 1371.
)
("C:\Users\Naudé Conradie\AppData\Local\Programs\MiKTeX 2.9\tex\generic\pgf\ba
siclayer\pgfcore.code.tex"
Package: pgfcore 2019/02/02 v3.1.1 (3.1.1)

("C:\Users\Naudé Conradie\AppData\Local\Programs\MiKTeX 2.9\tex\generic\pgf\ma
th\pgfmath.code.tex"
("C:\Users\Naudé Conradie\AppData\Local\Programs\MiKTeX 2.9\tex\generic\pgf\ma
th\pgfmathcalc.code.tex"
("C:\Users\Naudé Conradie\AppData\Local\Programs\MiKTeX 2.9\tex\generic\pgf\ma
th\pgfmathutil.code.tex")
("C:\Users\Naudé Conradie\AppData\Local\Programs\MiKTeX 2.9\tex\generic\pgf\ma
th\pgfmathparser.code.tex"
\pgfmath@dimen=\dimen186
\pgfmath@count=\count309
\pgfmath@box=\box58
\pgfmath@toks=\toks30
\pgfmath@stack@operand=\toks31
\pgfmath@stack@operation=\toks32
)
("C:\Users\Naudé Conradie\AppData\Local\Programs\MiKTeX 2.9\tex\generic\pgf\ma
th\pgfmathfunctions.code.tex"
("C:\Users\Naudé Conradie\AppData\Local\Programs\MiKTeX 2.9\tex\generic\pgf\ma
th\pgfmathfunctions.basic.code.tex")
("C:\Users\Naudé Conradie\AppData\Local\Programs\MiKTeX 2.9\tex\generic\pgf\ma
th\pgfmathfunctions.trigonometric.code.tex")
("C:\Users\Naudé Conradie\AppData\Local\Programs\MiKTeX 2.9\tex\generic\pgf\ma
th\pgfmathfunctions.random.code.tex")
("C:\Users\Naudé Conradie\AppData\Local\Programs\MiKTeX 2.9\tex\generic\pgf\ma
th\pgfmathfunctions.comparison.code.tex")
("C:\Users\Naudé Conradie\AppData\Local\Programs\MiKTeX 2.9\tex\generic\pgf\ma
th\pgfmathfunctions.base.code.tex")
("C:\Users\Naudé Conradie\AppData\Local\Programs\MiKTeX 2.9\tex\generic\pgf\ma
th\pgfmathfunctions.round.code.tex")
("C:\Users\Naudé Conradie\AppData\Local\Programs\MiKTeX 2.9\tex\generic\pgf\ma
th\pgfmathfunctions.misc.code.tex")
("C:\Users\Naudé Conradie\AppData\Local\Programs\MiKTeX 2.9\tex\generic\pgf\ma
th\pgfmathfunctions.integerarithmetics.code.tex")))
("C:\Users\Naudé Conradie\AppData\Local\Programs\MiKTeX 2.9\tex\generic\pgf\ma
th\pgfmathfloat.code.tex"
\c@pgfmathroundto@lastzeros=\count310
))
("C:\Users\Naudé Conradie\AppData\Local\Programs\MiKTeX 2.9\tex\generic\pgf\ba
siclayer\pgfcorepoints.code.tex"
File: pgfcorepoints.code.tex 2019/02/02 v3.1.1 (3.1.1)
\pgf@picminx=\dimen187
\pgf@picmaxx=\dimen188
\pgf@picminy=\dimen189
\pgf@picmaxy=\dimen190
\pgf@pathminx=\dimen191
\pgf@pathmaxx=\dimen192
\pgf@pathminy=\dimen193
\pgf@pathmaxy=\dimen194
\pgf@xx=\dimen195
\pgf@xy=\dimen196
\pgf@yx=\dimen197
\pgf@yy=\dimen198
\pgf@zx=\dimen199
\pgf@zy=\dimen256
)
("C:\Users\Naudé Conradie\AppData\Local\Programs\MiKTeX 2.9\tex\generic\pgf\ba
siclayer\pgfcorepathconstruct.code.tex"
File: pgfcorepathconstruct.code.tex 2019/02/02 v3.1.1 (3.1.1)
\pgf@path@lastx=\dimen257
\pgf@path@lasty=\dimen258
)
("C:\Users\Naudé Conradie\AppData\Local\Programs\MiKTeX 2.9\tex\generic\pgf\ba
siclayer\pgfcorepathusage.code.tex"
File: pgfcorepathusage.code.tex 2019/02/02 v3.1.1 (3.1.1)
\pgf@shorten@end@additional=\dimen259
\pgf@shorten@start@additional=\dimen260
)
("C:\Users\Naudé Conradie\AppData\Local\Programs\MiKTeX 2.9\tex\generic\pgf\ba
siclayer\pgfcorescopes.code.tex"
File: pgfcorescopes.code.tex 2019/02/02 v3.1.1 (3.1.1)
\pgfpic=\box59
\pgf@hbox=\box60
\pgf@layerbox@main=\box61
\pgf@picture@serial@count=\count311
)
("C:\Users\Naudé Conradie\AppData\Local\Programs\MiKTeX 2.9\tex\generic\pgf\ba
siclayer\pgfcoregraphicstate.code.tex"
File: pgfcoregraphicstate.code.tex 2019/02/02 v3.1.1 (3.1.1)
\pgflinewidth=\dimen261
)
("C:\Users\Naudé Conradie\AppData\Local\Programs\MiKTeX 2.9\tex\generic\pgf\ba
siclayer\pgfcoretransformations.code.tex"
File: pgfcoretransformations.code.tex 2019/02/02 v3.1.1 (3.1.1)
\pgf@pt@x=\dimen262
\pgf@pt@y=\dimen263
\pgf@pt@temp=\dimen264
)
("C:\Users\Naudé Conradie\AppData\Local\Programs\MiKTeX 2.9\tex\generic\pgf\ba
siclayer\pgfcorequick.code.tex"
File: pgfcorequick.code.tex 2019/02/02 v3.1.1 (3.1.1)
)
("C:\Users\Naudé Conradie\AppData\Local\Programs\MiKTeX 2.9\tex\generic\pgf\ba
siclayer\pgfcoreobjects.code.tex"
File: pgfcoreobjects.code.tex 2019/02/02 v3.1.1 (3.1.1)
)
("C:\Users\Naudé Conradie\AppData\Local\Programs\MiKTeX 2.9\tex\generic\pgf\ba
siclayer\pgfcorepathprocessing.code.tex"
File: pgfcorepathprocessing.code.tex 2019/02/02 v3.1.1 (3.1.1)
)
("C:\Users\Naudé Conradie\AppData\Local\Programs\MiKTeX 2.9\tex\generic\pgf\ba
siclayer\pgfcorearrows.code.tex"
File: pgfcorearrows.code.tex 2019/02/02 v3.1.1 (3.1.1)
\pgfarrowsep=\dimen265
)
("C:\Users\Naudé Conradie\AppData\Local\Programs\MiKTeX 2.9\tex\generic\pgf\ba
siclayer\pgfcoreshade.code.tex"
File: pgfcoreshade.code.tex 2019/02/02 v3.1.1 (3.1.1)
\pgf@max=\dimen266
\pgf@sys@shading@range@num=\count312
)
("C:\Users\Naudé Conradie\AppData\Local\Programs\MiKTeX 2.9\tex\generic\pgf\ba
siclayer\pgfcoreimage.code.tex"
File: pgfcoreimage.code.tex 2019/02/02 v3.1.1 (3.1.1)

("C:\Users\Naudé Conradie\AppData\Local\Programs\MiKTeX 2.9\tex\generic\pgf\ba
siclayer\pgfcoreexternal.code.tex"
File: pgfcoreexternal.code.tex 2019/02/02 v3.1.1 (3.1.1)
\pgfexternal@startupbox=\box62
))
("C:\Users\Naudé Conradie\AppData\Local\Programs\MiKTeX 2.9\tex\generic\pgf\ba
siclayer\pgfcorelayers.code.tex"
File: pgfcorelayers.code.tex 2019/02/02 v3.1.1 (3.1.1)
)
("C:\Users\Naudé Conradie\AppData\Local\Programs\MiKTeX 2.9\tex\generic\pgf\ba
siclayer\pgfcoretransparency.code.tex"
File: pgfcoretransparency.code.tex 2019/02/02 v3.1.1 (3.1.1)
)
("C:\Users\Naudé Conradie\AppData\Local\Programs\MiKTeX 2.9\tex\generic\pgf\ba
siclayer\pgfcorepatterns.code.tex"
File: pgfcorepatterns.code.tex 2019/02/02 v3.1.1 (3.1.1)
)
("C:\Users\Naudé Conradie\AppData\Local\Programs\MiKTeX 2.9\tex\generic\pgf\ba
siclayer\pgfcorerdf.code.tex"
File: pgfcorerdf.code.tex 2019/02/02 v3.1.1 (3.1.1)
)))
("C:\Users\Naudé Conradie\AppData\Local\Programs\MiKTeX 2.9\tex\generic\pgf\mo
dules\pgfmoduleshapes.code.tex"
File: pgfmoduleshapes.code.tex 2019/02/02 v3.1.1 (3.1.1)
\pgfnodeparttextbox=\box63
)
("C:\Users\Naudé Conradie\AppData\Local\Programs\MiKTeX 2.9\tex\generic\pgf\mo
dules\pgfmoduleplot.code.tex"
File: pgfmoduleplot.code.tex 2019/02/02 v3.1.1 (3.1.1)
)
("C:\Users\Naudé Conradie\AppData\Local\Programs\MiKTeX 2.9\tex\latex\pgf\comp
atibility\pgfcomp-version-0-65.sty"
Package: pgfcomp-version-0-65 2019/02/02 v3.1.1 (3.1.1)
\pgf@nodesepstart=\dimen267
\pgf@nodesepend=\dimen268
)
("C:\Users\Naudé Conradie\AppData\Local\Programs\MiKTeX 2.9\tex\latex\pgf\comp
atibility\pgfcomp-version-1-18.sty"
Package: pgfcomp-version-1-18 2019/02/02 v3.1.1 (3.1.1)
))
("C:\Users\Naudé Conradie\AppData\Local\Programs\MiKTeX 2.9\tex\latex\pgf\util
ities\pgffor.sty"
("C:\Users\Naudé Conradie\AppData\Local\Programs\MiKTeX 2.9\tex\latex\pgf\util
ities\pgfkeys.sty"
("C:\Users\Naudé Conradie\AppData\Local\Programs\MiKTeX 2.9\tex\generic\pgf\ut
ilities\pgfkeys.code.tex"))
("C:\Users\Naudé Conradie\AppData\Local\Programs\MiKTeX 2.9\tex\latex\pgf\math
\pgfmath.sty"
("C:\Users\Naudé Conradie\AppData\Local\Programs\MiKTeX 2.9\tex\generic\pgf\ma
th\pgfmath.code.tex"))
("C:\Users\Naudé Conradie\AppData\Local\Programs\MiKTeX 2.9\tex\generic\pgf\ut
ilities\pgffor.code.tex"
Package: pgffor 2019/02/02 v3.1.1 (3.1.1)

("C:\Users\Naudé Conradie\AppData\Local\Programs\MiKTeX 2.9\tex\generic\pgf\ma
th\pgfmath.code.tex")
\pgffor@iter=\dimen269
\pgffor@skip=\dimen270
\pgffor@stack=\toks33
\pgffor@toks=\toks34
))
("C:\Users\Naudé Conradie\AppData\Local\Programs\MiKTeX 2.9\tex\generic\pgf\fr
ontendlayer\tikz\tikz.code.tex"
Package: tikz 2019/02/02 v3.1.1 (3.1.1)

("C:\Users\Naudé Conradie\AppData\Local\Programs\MiKTeX 2.9\tex\generic\pgf\li
braries\pgflibraryplothandlers.code.tex"
File: pgflibraryplothandlers.code.tex 2019/02/02 v3.1.1 (3.1.1)
\pgf@plot@mark@count=\count313
\pgfplotmarksize=\dimen271
)
\tikz@lastx=\dimen272
\tikz@lasty=\dimen273
\tikz@lastxsaved=\dimen274
\tikz@lastysaved=\dimen275
\tikzleveldistance=\dimen276
\tikzsiblingdistance=\dimen277
\tikz@figbox=\box64
\tikz@figbox@bg=\box65
\tikz@tempbox=\box66
\tikz@tempbox@bg=\box67
\tikztreelevel=\count314
\tikznumberofchildren=\count315
\tikznumberofcurrentchild=\count316
\tikz@fig@count=\count317

("C:\Users\Naudé Conradie\AppData\Local\Programs\MiKTeX 2.9\tex\generic\pgf\mo
dules\pgfmodulematrix.code.tex"
File: pgfmodulematrix.code.tex 2019/02/02 v3.1.1 (3.1.1)
\pgfmatrixcurrentrow=\count318
\pgfmatrixcurrentcolumn=\count319
\pgf@matrix@numberofcolumns=\count320
)
\tikz@expandcount=\count321

("C:\Users\Naudé Conradie\AppData\Local\Programs\MiKTeX 2.9\tex\generic\pgf\fr
ontendlayer\tikz\libraries\tikzlibrarytopaths.code.tex"
File: tikzlibrarytopaths.code.tex 2019/02/02 v3.1.1 (3.1.1)
)))
("C:\Users\Naudé Conradie\AppData\Local\Programs\MiKTeX 2.9\tex\generic\pgf\fr
ontendlayer\tikz\libraries\tikzlibrarypositioning.code.tex"
File: tikzlibrarypositioning.code.tex 2019/02/02 v3.1.1 (3.1.1)
)
("C:\Users\Naudé Conradie\AppData\Local\Programs\MiKTeX 2.9\tex\latex\float\fl
oat.sty"
Package: float 2001/11/08 v1.3d Float enhancements (AL)
\c@float@type=\count322
\float@exts=\toks35
\float@box=\box68
\@float@everytoks=\toks36
\@floatcapt=\box69
)
("C:\Users\Naudé Conradie\AppData\Local\Programs\MiKTeX 2.9\tex\latex\caption\
caption.sty"
Package: caption 2018/10/06 v3.3-154 Customizing captions (AR)

("C:\Users\Naudé Conradie\AppData\Local\Programs\MiKTeX 2.9\tex\latex\caption\
caption3.sty"
Package: caption3 2018/09/12 v1.8c caption3 kernel (AR)
Package caption3 Info: TeX engine: e-TeX on input line 64.
\captionmargin=\dimen278
\captionmargin@=\dimen279
\captionwidth=\dimen280
\caption@tempdima=\dimen281
\caption@indent=\dimen282
\caption@parindent=\dimen283
\caption@hangindent=\dimen284
Package caption Info: Unknown document class (or package),
(caption)             standard defaults will be used.
)

Package caption Warning: Unsupported document class (or package) detected,
(caption)                usage of the caption package is not recommended.
See the caption package documentation for explanation.

Package caption Info: \@makecaption = \long macro:#1#2->\vskip \abovecaptionski
p \sbox \@tempboxa {\small {\bfseries #1:} #2}\ifdim \wd \@tempboxa >\hsize \un
hbox \@tempboxa \par \else \global \@minipagefalse \hb@xt@ \hsize {\hfil \box \
@tempboxa \hfil }\fi \vskip \belowcaptionskip .
\c@caption@flags=\count323
\c@ContinuedFloat=\count324
Package caption Info: float package is loaded.
Package caption Info: hyperref package is loaded.
)
("C:\Users\Naudé Conradie\AppData\Local\Programs\MiKTeX 2.9\tex\latex\caption\
subcaption.sty"
Package: subcaption 2018/05/01 v1.1-162 Sub-captions (AR)
\c@subfigure=\count325
\c@subtable=\count326
)
("C:\Users\Naudé Conradie\AppData\Local\Programs\MiKTeX 2.9\tex\latex\capt-of\
capt-of.sty"
Package: capt-of 2009/12/29 v0.2 standard captions outside of floats
)
("C:\Users\Naudé Conradie\AppData\Local\Programs\MiKTeX 2.9\tex\latex\tools\lo
ngtable.sty"
Package: longtable 2014/10/28 v4.11 Multi-page Table package (DPC)
\LTleft=\skip81
\LTright=\skip82
\LTpre=\skip83
\LTpost=\skip84
\LTchunksize=\count327
\LTcapwidth=\dimen285
\LT@head=\box70
\LT@firsthead=\box71
\LT@foot=\box72
\LT@lastfoot=\box73
\LT@cols=\count328
\LT@rows=\count329
\c@LT@tables=\count330
\c@LT@chunks=\count331
\LT@p@ftn=\toks37
)
("C:\Users\Naudé Conradie\AppData\Local\Programs\MiKTeX 2.9\tex\latex\oberdiek
\pdflscape.sty"
Package: pdflscape 2016/05/14 v0.11 Display of landscape pages in PDF (HO)

("C:\Users\Naudé Conradie\AppData\Local\Programs\MiKTeX 2.9\tex\latex\graphics
\lscape.sty"
Package: lscape 2000/10/22 v3.01 Landscape Pages (DPC)
)
Package pdflscape Info: Auto-detected driver: pdftex on input line 81.
)
("C:\Users\Naudé Conradie\AppData\Local\Programs\MiKTeX 2.9\tex\latex\tools\af
terpage.sty"
Package: afterpage 2014/10/28 v1.08 After-Page Package (DPC)
\AP@output=\toks38
\AP@partial=\box74
\AP@footins=\box75
))
! Emergency stop.
<*> ./LiteratureReview.tex
                          
*** (job aborted, no legal \end found)

 
Here is how much of TeX's memory you used:
 33812 strings out of 493303
 679556 string characters out of 3125432
 741364 words of memory out of 3000000
 36969 multiletter control sequences out of 15000+200000
 533400 words of font info for 26 fonts, out of 3000000 for 9000
 1141 hyphenation exceptions out of 8191
 64i,0n,100p,920b,317s stack positions out of 5000i,500n,10000p,200000b,50000s
!  ==> Fatal error occurred, no output PDF file produced!
