Unit:              eb1585dbb93d58795428df8ed6f356a7
Removed elements:  [8, 9, 13, 17, 19]
Representative grid:
1 1 1 1 1
1 0 1 0 1
1 1 0 1 1
1 1 0 0 1
1 1 1 1 1
Run successful:    True
Constraint energy: None

Template details:
Case: 1
Parameters:
Origin:            (0,0)
Dimensions:        5x5 elements
Internal elements: [7, 8, 9, 12, 13, 14, 17, 18, 19]
Analysis steps:    4
Run successful:    False
Constraint energy: 0
Ogden material parameters:
Name:  Mold Star 15
Mu:    [-6.50266e-06, 0.216863, 0.00137158]
Alpha: [-21.322, 1.1797, 4.88396]
Time created:      Wed May 20 15:36:49 2020
