Unit:              2_da318704cbcf2f93b0b519deaf7915d8
Removed elements:  [8, 12]
Representative grid:
1 1 1 1 1
1 1 1 1 1
1 0 1 1 1
1 1 0 1 1
1 1 1 1 1
Run successful:    True
Constraint energy: 0.611276020029165 J
Internal energy:   66.97708202898502 J

Template details:
Case: 1
Parameters:
Origin:            (0,0)
Dimensions:        5x5 elements
Internal elements: [7, 8, 9, 12, 13, 14, 17, 18, 19]
Analysis steps:    4
Run successful:    True
Constraint energy: 6.462952804663593 J
Internal energy:   1505.6417999267578 J

Ogden material parameters:
Name:  Mold Star 15
Mu:    [-6.50266e-06, 0.216863, 0.00137158]
Alpha: [-21.322, 1.1797, 4.88396]

Time created:      Thu Jun  4 17:05:34 2020
