Unit:              7_5b449e4d4cb0d6bc220d26ebd3a94ebf
Removed elements:  [7, 8, 9, 12, 13, 17, 19]
Representative grid:
1 1 1 1 1
1 0 1 0 1
1 0 0 1 1
1 0 0 0 1
1 1 1 1 1
Run successful:    True
Constraint energy: 2407.7852816111663
Internal energy:   1423.7504708435154

Template details:
Case: 1
Parameters:
Origin:            (0,0)
Dimensions:        5x5 elements
Internal elements: [7, 8, 9, 12, 13, 14, 17, 18, 19]
Analysis steps:    4
Run successful:    False
Constraint energy: 0
Internal energy:   0
Ogden material parameters:
Name:  Mold Star 15
Mu:    [-6.50266e-06, 0.216863, 0.00137158]
Alpha: [-21.322, 1.1797, 4.88396]
Time created:      Fri May 22 18:31:07 2020
