Unit:              4_cd9ec73abfee0dc493c4e1b67bac7337
Removed elements:  [12, 14, 18, 19]
Representative grid:
1 1 1 1 1
1 1 0 0 1
1 0 1 0 1
1 1 1 1 1
1 1 1 1 1
Run successful:    True
Constraint energy: 0.28922268748618657 J
Internal energy:   3.610098205594113 J

Template details:
Case: 1
Parameters:
Origin:            (20,20)
Dimensions:        5x5 elements
Internal elements: [7, 8, 9, 12, 13, 14, 17, 18, 19]
Analysis steps:    4
Run successful:    True
Constraint energy: 103.40724487461749 J
Internal energy:   1505.6417999267578 J

Ogden material parameters:
Name:  Mold Star 15
Mu:    [-6.50266e-06, 0.216863, 0.00137158]
Alpha: [-21.322, 1.1797, 4.88396]

Time created:      Mon Jun 22 14:52:54 2020
