UG to IGES
! INFO-     NX V12.0 / IGES Specification 5.3
! INFO-      
! INFO-     Start of Translation: 24-FEB-2020  5:10:45 PM
! INFO-      
! STATUS-   Converting Part: C:\Users\19673418\Documents\Masters-Project\Models\NX12\QuarterBasicDrawing.prt
! SUMMARY-   
! SUMMARY-  Summary of Unigraphics Input Entities
! SUMMARY-  For Part: C:\Users\19673418\Documents\Masters-Project\Models\NX12\QuarterBasicDrawing.prt 
! SUMMARY-  Entities Processed             Count
! SUMMARY-  ------------------             -----
! SUMMARY-  Point .......................:     1
! SUMMARY-  Line ........................:    36
! SUMMARY-  Part Attribute ..............:     1
! SUMMARY-  Layer Category ..............:     6
! SUMMARY-  Font ........................:     1
! SUMMARY-  Color Table .................:     2
! SUMMARY-  Coordinate System ...........:     2
! SUMMARY-  Parameter ...................:     2
! SUMMARY-  Matrix ......................:     8
! SUMMARY-  View ........................:     8
! SUMMARY-  Layout ......................:     5
! SUMMARY-                                 -----
! SUMMARY-  Total                             72
! STATUS-    
! STATUS-   Converting to Output Form (Phase 2 of 3): 24-FEB-2020 5:10:46 PM
! STATUS-    
! STATUS-   Creating the IGES file (Phase 3 of 3): 24-FEB-2020  5:10:46 PM
! SUMMARY-   
! SUMMARY-  Summary of IGES Output Entities
! SUMMARY-   
! SUMMARY-  Entities Processed             Count
! SUMMARY-  ------------------             -----
! SUMMARY-  Point ........................     1
! SUMMARY-  Line .........................    36
! SUMMARY-  Plane ........................
! SUMMARY-      Unbounded ................    32
! SUMMARY-  Color ........................     2
! SUMMARY-  Name .........................    44
! SUMMARY-  Transformation ...............     8
! SUMMARY-  Definition Levels ............     5
! SUMMARY-  Level Function ...............     5
! SUMMARY-  View .........................     8
! SUMMARY-                                 -----
! SUMMARY-  Total                            141
! INFO-      
! INFO-     End of Translation: 24-FEB-2020  5:10:46 PM
! INFO-      
