Unit:              4_a7f1094c043ba2476f9e8f9982ff2514
Removed elements:  [7, 9, 13, 18]
Representative grid:
1 1 1 1 1
1 1 0 1 1
1 1 0 1 1
1 0 1 0 1
1 1 1 1 1
Run successful:    True
Constraint energy:
X        : 0.0009069245438045058 J
Y        : 0.4367652762803562 J
Magnitude: 0.8327760636141883 J
Internal energy:
X        : -8.862569332122803 J
Y        : 8.748187522403896 J
Magnitude: 6.69200371671468 J

Template details:
Case: 1
Parameters:
Origin:                (20,20)
Dimensions:            5x5 elements
Size:                  20x20 mm
Boundary thickness:    1 elements
Internal element IDs:  [7, 8, 9, 12, 13, 14, 17, 18, 19]
Applied displacement:  10.0 mm
Applied pressure:      0.1 MPa
Neighbours added:      True
Analysis steps:        10
Run successful:        True
Constraint energy:
X        : -1.139226475811653e-08 J
Y        : 43.58991791517828 J
Magnitude: 102.84268264174382 J
Internal energy:
X        : -1.9549584207416046 J
Y        : 12.24659287929535 J
Magnitude: 1034.0014190673828 J

Ogden material parameters:
Name:  Mold Star 15
Mu:    [-6.50266e-06, 0.216863, 0.00137158]
Alpha: [-21.322, 1.1797, 4.88396]

Time created:          Tue Jun 23 10:49:19 2020
