                            M               M
                            W               W
                          MMMMM           MMMMM
                          WWWWW           WWWWW
                        MMMMMMMMM       MMMMMMMMM
                        WWWWWWWWW       WWWWWWWWW
                      MMMMMMMMMMMMM   MMMMMMMMMMMMM
                      WWWWWWWWWWWWW   WWWWWWWWWWWWW
                    MMMMMMMMMMMMMMMMMMMMMMMMMMMMMMMMM
                    WWWWWWWWWWWWWWWWWWWWWWWWWWWWWWWWW
                    MMMMMMMM MMMMMMMMMMMMMMM MMMMMMMM
                    WWWWWWWW WWWWWWWWWWWWWWW WWWWWWWW
                    MMMMMM     MMMMMMMMMMM     MMMMMM
                    WWWWWW     WWWWWWWWWWW     WWWWWW
                    MMMM         MMMMMMM         MMMM
                    WWWW         WWWWWWW         WWWW
                    MM             MMM             MM
                    WW             WWW             WW
                    M               M               M
                    W               W               W
                    MM             MMM             MM
                    WW             WWW             WW
                    MMMM         MMMMMMM         MMMM
                    WWWW         WWWWWWW         WWWW
                    MMMMMM     MMMMMMMMMMM     MMMMMM
                    WWWWWW     WWWWWWWWWWW     WWWWWW
                    MMMMMMMM MMMMMMMMMMMMMMM MMMMMMMM
                    WWWWWWWW WWWWWWWWWWWWWWW WWWWWWWW
                    MMMMMMMMMMMMMMMMMMMMMMMMMMMMMMMMM
                    WWWWWWWWWWWWWWWWWWWWWWWWWWWWWWWWW
                      MMMMMMMMMMMMM   MMMMMMMMMMMMM
                      WWWWWWWWWWWWW   WWWWWWWWWWWWW
                        MMMMMMMMM       MMMMMMMMM
                        WWWWWWWWW       WWWWWWWWW
                          MMMMM           MMMMM
                          WWWWW           WWWWW
                            M               M
                            W               W

             version: Marc 2019, build 664220 (2019/07/01)

             machine type: WINDOWS

             integer*8 version: integers are 64-bits

             date: Mon Sep 28 09:43:52 2020


             (c) COPYRIGHT 2019 MSC Software Corporation, all rights reserved

                    Marc - W i n d o w s       

                     i n p u t   d a t a


                p a g e          1

                             10        20        30        40        50        60        70        80        90       100       110       120       130       140       150       160
                     ----------------------------------------------------------------------------------------------------------------------------------------------------------------
                     title               job_2
                     $....MARC input file produced by Marc Mentat 2019 (64bit)
                     $...................................
                     $....input file using extended precision
    card         5   extended
                     $...................................
                     sizing                                 0      1017      1156         0
                     alloc                       25
                     elements                    11
    card        10   version                     14         2         0         0
                     table                        0         0         2         1         1         0         0         1
                     processor                    1         1         1         0
                     ----------------------------------------------------------------------------------------------------------------------------------------------------------------
                             10        20        30        40        50        60        70        80        90       100       110       120       130       140       150       160
                     ----------------------------------------------------------------------------------------------------------------------------------------------------------------
                     ----------------------------------------------------------------------------------------------------------------------------------------------------------------
1
             general memory increasing from      25 MByte to     106 MByte


             memory increased to        28003864 words during 
             pre-reading of sets



             allocated          2 words of memory due to tables


   MSC Customer Entitlement ID
        56B8415D-4C978F4G



                    *************************************************
                    *************************************************

                     program sizing and options requested as follows



                     element type requested*************************        11
                     number of elements in mesh*********************      1017
                     number of nodes in mesh************************      1156
                     large displacement analysis flagged************
                     load correction flagged or set*****************
                     values stored at all integration points********
                     tape no.for input of coordinates + connectivity         5
                     boundary conditions applied on current geometry
                     no.of different materials    1 max.no of slopes         5
                     number of points on shell section *************        11
                     new style input format will be used************
                     requested number of element threads************         1
                     requested number of solver threads*************         1
                     number of tables used *************************         1
                     extended precision input is used ************** 
                     Marc input version ****************************        14
                     maximum number of boundary conditions *********         4
                     suppress echo of list items *******************
                     suppress echo of bc summary *******************
                     suppress echo of nurbs data *******************
                     additive formulation flagged for herrmann elements


                     end of parameters and sizing
                    *************************************************
                    *************************************************





                              key to stress, strain and displacement output



                                        element type        11


                              4-node isoparametric quadrilateral plane strain        

                              stresses and strains in global directions               
                                1=xx                                                  
                                2=yy                                                  
                                3=zz                                                  
                                4=xy                                                  
                                                                                      
                              displacements in global directions                      
                                1=u global x direction                                
                                2=v global y direction                                

             allocated     196532 words of memory due to nodal vectors


             allocated         74 words of memory due to tables


             allocated        882 words of memory due to tables


             allocated       1940 words of memory due to boundary conditions


             allocated         16 words of memory due to geometric points


             allocated         46 words of memory due to geometric curves


             allocated         26 words of memory due to geometric surfaces


             allocated       4624 words of memory due to shell, user or contact transformations



             workspace needed for input and stiffness assembly:           55936


             internal core allocation parameters
             degrees of freedom per node (ndeg)  2
             max. number of coordinates per node  2
             max. nodes per element (nnodmx)  4
             max. invariants per int. points (neqst)  1
             max.stress components per int. point (nstrmx)   4
             strains per integration point (ngens)  4


             flag for element storage (ielsto)  0
             element data in core

             memory usage per element group
                group   # elements     nelsto      MByte            words
                  1         1017        1150           4           1169550
                ----------------------------------------------------------
                total       1017                       4           1169550


                              internal element variables



                              internal element number         1  library code type   11
                              number of nodes=  4
                              stresses stored per integration point =  4
                              direct continuum components stored =  3
                              shear continuum components stored =  1
                              shell/beam flag = 0
                              curvilinear  coord. flag = 0
                              int.points for elem. stiffness  4
                              number of local inertia directions  2
                              int.point for print if all points not flagged  5
                              int. points for dist. surface loads (pressure)  2
                              library code type =    11
                              large disp. row counts     4    4    0    7



                              residual load correction is invoked



             $...................                                                                                                                                            

             solver                                                                                                                                                          
             ----------


             multifrontal direct sparse solver invoked

             optimize                    11                                                                                                                                  
             ----------



             metis nested dissection algorithm

             connectivity                                                                                                                                                    
             ----------

             geometry id =                   1
             material id =                   1
             contact body id =               1

                meshr1,  iprnt
                      5      1
                elem no., type,        nodes

             coordinates                                                                                                                                                     
             ----------

             ncrd1 ,meshr1,iprnt
                    2         5         1
                   node      coordinates

             define              edgemt              set                 bc_load_yp_edges                                                                                    
             ----------

                    40: 0        60: 0        72: 0        75: 0        91: 0        92: 0       104: 0       160: 0
                     echo suppressed for        55 items
                     total number of items read:        63

             define              edgemt              set                 bc_load_xn_edges                                                                                    
             ----------

                    28: 1        48: 1        60: 1        63: 1        79: 1        92: 1       149: 1       168: 1
                     echo suppressed for        46 items
                     total number of items read:        54

             define              edgemt              set                 bc_load_yn_edges                                                                                    
             ----------

                    18: 2        38: 2        50: 2        53: 2        69: 2        70: 2        71: 2       139: 2
                     echo suppressed for        55 items
                     total number of items read:        63

             define              edgemt              set                 bc_load_xp_edges                                                                                    
             ----------

                    30: 3        50: 3        62: 3        65: 3        83: 3        94: 3       150: 3       169: 3
                     echo suppressed for        46 items
                     total number of items read:        54

             ogden               structural                                                                                                                                  
             ----------

             ogden material   material id =               1

             material name is:       MoldStar15                                                                                                                                                      


                 structural  property                         value       table id


             bulk modulus                                0.00000E+00              0
             mass density                                0.00000E+00              0
             coefficient of thermal expansion            0.00000E+00              0
             number of terms in series                             3
              term      mu        alpha
                 1 -6.5027E-06 -2.1322E+01
                 2  2.1686E-01  1.1797E+00
                 3  1.3716E-03  4.8840E+00



             mat color                                                                                                                                                       
             ----------


             material id is:                  1
                material type      =          1
                material RGB color =        230         0         0

             table               ramp_input                                                                                                                                  
             ----------


             table identifier                  1
             table name is           ramp_input                      
             unit number                       5
             number of independent var.        1
             an equation is used to describe function 
             abscissa                  
             time                       
             equation : v1                                                                              
                                                                                                         

             geometry                                                                                                                                                        
             ----------


             geometry name is:       geom1


             geometry id =                 1
             geometry RGB color =        230         0         0

             geometric parameter       value
                       1             1.00000E+00
                       2             0.00000E+00
                       3             0.00000E+00
                       4             0.00000E+00
                       5             0.00000E+00
                       6             0.00000E+00
                       7             0.00000E+00
                       8             0.00000E+00

             dist loads                                                                                                                                                      
             ----------


             read data from unit    5

             name of boundary condition bc_load_yp

             Load Type     1

             Prescribed Distributed Pressure =      2.50000E-02  table id is        1

             Prescribed Distributed Pressure =      0.00000E+00  table id is        0

             Prescribed Distributed Pressure =      0.00000E+00  table id is        0

             applied to elem mn-edge   

             bc_load_yp_edges

             name of boundary condition bc_load_xn

             Load Type     1

             Prescribed Distributed Pressure =      2.50000E-02  table id is        1

             Prescribed Distributed Pressure =      0.00000E+00  table id is        0

             Prescribed Distributed Pressure =      0.00000E+00  table id is        0

             applied to elem mn-edge   

             bc_load_xn_edges

             name of boundary condition bc_load_yn

             Load Type     1

             Prescribed Distributed Pressure =      2.50000E-02  table id is        1

             Prescribed Distributed Pressure =      0.00000E+00  table id is        0

             Prescribed Distributed Pressure =      0.00000E+00  table id is        0

             applied to elem mn-edge   

             bc_load_yn_edges

             name of boundary condition bc_load_xp

             Load Type     1

             Prescribed Distributed Pressure =      2.50000E-02  table id is        1

             Prescribed Distributed Pressure =      0.00000E+00  table id is        0

             Prescribed Distributed Pressure =      0.00000E+00  table id is        0

             applied to elem mn-edge   

             bc_load_xp_edges

             loadcase            job_2                                                                                                                                       
             ----------


             activate boundary condition bc_load_yp

             activate boundary condition bc_load_xn

             activate boundary condition bc_load_yn

             activate boundary condition bc_load_xp

             contact                      5         0                                                                                                                        
             ----------

             finite sliding node-to-segment contact algorithm will be used

             number of bodies                  =         1

             Coulomb friction with piecewise linear regularization selected (type 6)

             no increment splitting during analysis

             separation based upon nodal forces:
               separation threshold is treated as a force

             suppress contact surface print out

             relative displacement below which sticking is simulated
             will be automatically determined

             friction force tolerance          =  5.00000E-02
             distance below which a node is     
             considered touching a surface     =  default
             separation threshold              =  default
             contact bias factor               =  9.50000E-01



             $....contact body 1: cbody1                                                                                                                                     

             body number                       =    1
             body name                         = cbody1
             number of sets of data            =    0

                       body positioning data          
             1st coordinate of center of rotation       0.00000E+00
             2nd coordinate of center of rotation       0.00000E+00
             initial angle rotated around axis          0.00000E+00

             1st component of directional cosine        0.00000E+00
             2nd component of directional cosine        0.00000E+00
             3rd component of directional cosine        1.00000E+00

             1st component of approach velocity         0.00000E+00
             2nd component of approach velocity         0.00000E+00
             angular approach velocity                  0.00000E+00

             1st component of velocity                  0.00000E+00     table id           0
             2nd component of velocity                  0.00000E+00     table id           0
             angular velocity                           0.00000E+00     table id           0

             1st component of surface growth factor     0.00000E+00     table id           0
             2nd component of surface growth factor     0.00000E+00     table id           0

             friction coefficient                       0.00000E+00     table id           0


             $....full default contact is allowed                                                                                                                            

             contact table                                                                                                                                                   
             ----------


             contact table remains unchanged

             no print                                                                                                                                                        
             ----------


             post                                                                                                                                                            
             ----------

             number of element variables on post file:    4

             binary post file will be used

             initial output frequency of post file:       1

             Marc 2017 style post file (default)

             post variable     1 is post code   17 =                                                 
             post variable     2 is post code   48 =                                                 
             post variable     3 is post code  301 =                                                 
             post variable     9 is post code  411 at layer      1 =                                                 
             maximum record length on binary post file=           1156
             approximate no. of words per increment on file=          56968


             parameters                                                                                                                                                      
             ----------


             parameters set as follows 

             predictor used for stress-strain calculation    1.00000E+00
             penalty factor for boundary conditions          1.00000E+09
             penalty for incompressibility - r-p flow        1.00000E+02
             penalty for incompressibility - fluid flow      1.00000E+06
             beta parameter for Newmark operator             2.50000E-01
             gamma parameter for Newmark operator            5.00000E-01
             gamma1 parameter for Single-Step-Houbolt        1.50000E+00
             gamma parameter for Single-Step-Houbolt        -5.00000E-01
             sharp angle for sticking/separating - 2D        8.62500E+00
             sharp angle for sticking/separating - 3D        2.00000E+01
             initial strain rate for r-p flow                1.00000E-04
             lowest strain rate cut-off for r-p flow         1.00000E-06
             fraction of dilatational stress neglected       1.00000E+00
             factor for drilling d.o.f for shells            1.00000E-04
             factor for displacement after rezoning          1.00000E+00

             universal gas constant                          8.31400E+00
             absolute temperature offset                     2.73150E+02
             thermal properties evaluation weight            5.00000E-01
             surface projection factor in ssh dynamics       0.00000E+00
             Stefan Boltzmann constant                       5.67051E-08
             Planck's second radiation constant              1.43877E-02
             Speed of light in vacuum                        2.99790E+08
             Permeability of vacuum                          1.25664E-06
             Permittivity of vacuum                          8.85419E-12
             maximum iterative displacement component        1.00000E+30
             initial stiffness to simulate sticking          0.00000E+00
             minimum angle between the normal vectors of 
             contacting segments                             1.20000E+02
             radiation reflection cut-off                    1.00000E-03
             angle for averaging adjacent beams (s2s)        1.60000E+02
             stabilizer stiffness for model sections         0.00000E+00

             maximum change in temperature per iteration     1.00000E+02
             maximum rbe3 conditioning number                0.10000E+07
             gasket initial stress stiffness factor          4.00000E-01

             end option                                                                                                                                                      
             ----------

             wall time =           1.00

             wall time =           1.00


             direct symmetric multi-frontal sparse solver is invoked for region   1


             number of element groups used:         1

                group     # elements     element type     material                             formulation

                   1        1017            11                1                                    UM
 
               formulation:
                     U:   updated Lagrange
                     M:   multiplicative decomposition
 


             maximum connectivity in stiffness matrix is          8 at node        410



             maximum half-bandwidth is        893  between nodes        144  and       1166

             number of profile entries excluding fill-in is            5407

             * * * * * * * * * * *

             default contact tolerance calculated by the program is           1.00000E-01

             contact tolerance used (it is not specified in input)            1.00000E-01

             the following contact tolerances are program suggested values if you want to specify the contact tolerance
             on a body pair basis (use value for self or rigid contact or minimum value for deformable-deformable contact)

              body_id suggested contact_tolerance     element_id  outside_nodes  outside_patches body_name
                    1                 1.00000E-01        18 edge            357              366 cbody1

             relative displacement below which sticking is simulated :  5.00000E-03

      
     ******************************
     Values used during contact : contact tolerance                       
          Default Value =   1.0000000E-01
     ******************************
      Body ID       1 Defor        
     ------------------------------
     1 Defor            default    
     ******************************
      

             * * * * * * * * * * *



             total workspace needed with in-core matrix storage =          151696
               part of solver workspace is allocated separately






             load increments for each degree of freedom
             summed over the whole model

             from distributed loads
             dist. loads on deformed configuration - totals below for dist. loads
             increments for point loads
             0.000000E+00   0.000000E+00


             point loads
             0.000000E+00   0.000000E+00

     body        1: cbody1
         number of nodes in contact     =             0


             increment zero is a null step


             total strain energy         is    0.00000E+00
               within which:
               elastic strain energy     is    0.00000E+00
             total ext-force work        is    0.00000E+00
               within which:
               work by appl. force/disp. is    0.00000E+00
               work by  contact forces   is    0.00000E+00
               work by frictional forces is    0.00000E+00


             memory usage:                       MByte       words  % of total

              within general memory:           
               element stiffness matrices:           0       49912         0.1
               solver: first part                    0       95760         0.3
               overallocation initial allocation   106    27852172        76.1
               other:                                0        6020         0.0
              allocated separately:
               nodal vectors:                        1      201700         0.6
               defined sets:                         0        1266         0.0
               contact:                              0       89486         0.2
               transformations:                      0        4624         0.0
               kinematic boundary conditions:        0        1940         0.0
               tables:                               0         958         0.0
               points, curves and surfaces:          0         144         0.0
               mem_none:                             0       80564         0.2
               element storage:                      5     1212528         3.3
               material properties:                  0        4600         0.0
               executable and common blocks:        27     7000000        19.1
               miscellaneous                         0         212         0.0
               ---------------------------------------------------------------
               total:                              140    36601886

               general memory allocated:           107    28003864
               general memory used:                  1      151692

               peak memory usage:                  159    41557520

             e n d   o f   i n c r e m e n t       0

             binary post data at increment       0.  subincrement    0.  on file 16
             wall time =           1.00


             $...................                                                                                                                                            

             $....start of loadcase lcase2                                                                                                                                   

             title               lcase2                                                                                                                                      
             ----------


             loadcase            lcase2                                                                                                                                      
             ----------


             activate boundary condition bc_load_yp

             activate boundary condition bc_load_xn

             activate boundary condition bc_load_yn

             activate boundary condition bc_load_xp

             $....allowed contact remains unchanged                                                                                                                          

             contact table                                                                                                                                                   
             ----------


             contact table remains unchanged

             control             structural                                                                                                                                  
             ----------


             control information for region   1

             maximum number of increments      99999
             maximum number of recycles           10
             minimum number of recycles            0

             control of residual convergence:
               relative tolerance:              1.00000E-01
               cut-off value     :              0.00000E+00
               absolute tolerance:              0.00000E+00
               relative moment tolerance:       0.00000E+00
               moment cut-off value     :       0.00000E+00
               absolute moment tolerance:       0.00000E+00



             full newton-raphson technique chosen

             convergence testing is automatically switched between
             residual and displacement testing if reactions or displacements 
             become too small 

             control messages will be written to log file

             parameters                                                                                                                                                      
             ----------


             parameters set as follows 

             predictor used for stress-strain calculation    1.00000E+00
             penalty factor for boundary conditions          1.00000E+09
             penalty for incompressibility - r-p flow        1.00000E+02
             penalty for incompressibility - fluid flow      1.00000E+06
             beta parameter for Newmark operator             2.50000E-01
             gamma parameter for Newmark operator            5.00000E-01
             gamma1 parameter for Single-Step-Houbolt        1.50000E+00
             gamma parameter for Single-Step-Houbolt        -5.00000E-01
             sharp angle for sticking/separating - 2D        8.62500E+00
             sharp angle for sticking/separating - 3D        2.00000E+01
             initial strain rate for r-p flow                1.00000E-04
             lowest strain rate cut-off for r-p flow         1.00000E-06
             fraction of dilatational stress neglected       1.00000E+00
             factor for drilling d.o.f for shells            1.00000E-04
             factor for displacement after rezoning          1.00000E+00

             universal gas constant                          8.31400E+00
             absolute temperature offset                     2.73150E+02
             thermal properties evaluation weight            5.00000E-01
             surface projection factor in ssh dynamics       0.00000E+00
             Stefan Boltzmann constant                       5.67051E-08
             Planck's second radiation constant              1.43877E-02
             Speed of light in vacuum                        2.99790E+08
             Permeability of vacuum                          1.25664E-06
             Permittivity of vacuum                          8.85419E-12
             maximum iterative displacement component        1.00000E+30
             initial stiffness to simulate sticking          0.00000E+00
             minimum angle between the normal vectors of 
             contacting segments                             1.20000E+02
             radiation reflection cut-off                    1.00000E-03
             angle for averaging adjacent beams (s2s)        1.60000E+02
             stabilizer stiffness for model sections         0.00000E+00

             maximum change in temperature per iteration     1.00000E+02
             maximum rbe3 conditioning number                0.10000E+07
             gasket initial stress stiffness factor          4.00000E-01

             auto load                                                                                                                                                       
             ----------


             iotnum,incasm
                      5         0


             maximum number of time step cutback           10
             maximum number of forced remeshing             1
             cutback step for next forced remeshing         0

             time step                                                                                                                                                       
             ----------

             time increment =     2.00000E-01

             continue                                                                                                                                                        
             ----------



             equal load incs specified for       5 increments




             s t a r t   o f   i n c r e m e n t       1


          space needed for incremental backup:      426304



             maximum connectivity in stiffness matrix is          8 at node        410



             maximum half-bandwidth is        893  between nodes        144  and       1166

             number of profile entries excluding fill-in is            5407



             total workspace needed with in-core matrix storage =          151696
               part of solver workspace is allocated separately






             load increments for each degree of freedom
             summed over the whole model

             from distributed loads
             dist. loads on deformed configuration - totals below for dist. loads
             increments for point loads
             0.000000E+00   0.000000E+00


             point loads
             0.000000E+00   0.000000E+00

             start of assembly     cycle number is     0
             wall time =           1.00




             solver workspace for phase1 (matrix input)    (64bit words) =           14296 (      0.11 MByte)
             Metis nested dissection ordering used
             solver workspace for phase2 (nodal ordering)  (64bit words) =           72914 (      0.56 MByte)
             solver workspace for phase3 (symbolic factor) (64bit words) =           83130 (      0.63 MByte)
             solver workspace for phase4 (factorization)   (64bit words) =           90318 (      0.69 MByte) (MINIMUM)
             solver workspace for phase4 (factorization)   (64bit words) =          175005 (      1.34 MByte) (MAXIMUM)
             solver workspace available and used           (64bit words) =         1000000 (      7.63 MByte)


             start of matrix solution
             wall time =           1.00



             singularity ratio    1.5219E-14


             end of matrix solution
             wall time =           1.00


     body        1: cbody1
         number of nodes in contact     =             0

             displacement testing automatically activated because there are no prescribed boundary conditions

             maximum residual force  at node       967 degree of freedom  1 is equal to    1.205E-04
             maximum reaction force  at node         0 degree of freedom  0 is equal to    0.000E+00

             maximum residual force  at node       967 degree of freedom  1 is equal to    1.205E-04
             maximum reaction force  at node         0 degree of freedom  0 is equal to    0.000E+00

             maximum displacement  change   at node       964 degree of freedom  2 is equal to    1.780E-01
             maximum displacement increment at node       964 degree of freedom  2 is equal to    1.780E-01
             displacement convergence ratio   1.000E+00

             failure to converge to tolerance

             increment will be recycled






             load increments for each degree of freedom
             summed over the whole model

             from distributed loads
             dist. loads on deformed configuration - totals below for dist. loads
             increments for point loads
            -1.474515E-17  -1.561251E-17


             point loads
             0.000000E+00   0.000000E+00

             start of assembly     cycle number is     1
             wall time =           1.00




             solver workspace for phase1 (matrix input)    (64bit words) =           14296 (      0.11 MByte)
             Metis nested dissection ordering used
             solver workspace for phase2 (nodal ordering)  (64bit words) =           42368 (      0.32 MByte)
             solver workspace for phase3 (symbolic factor) (64bit words) =           60512 (      0.46 MByte)
             solver workspace for phase4 (factorization)   (64bit words) =           91900 (      0.70 MByte) (MINIMUM)
             solver workspace for phase4 (factorization)   (64bit words) =          178052 (      1.36 MByte) (MAXIMUM)
             solver workspace available and used           (64bit words) =         1000000 (      7.63 MByte)


             start of matrix solution
             wall time =           1.00



             singularity ratio    1.5100E-14


             end of matrix solution
             wall time =           1.00


     body        1: cbody1
         number of nodes in contact     =             0

             maximum residual force  at node       977 degree of freedom  2 is equal to    1.201E-07
             maximum reaction force  at node         0 degree of freedom  0 is equal to    0.000E+00

             maximum displacement  change   at node       951 degree of freedom  1 is equal to    3.192E-03
             maximum displacement increment at node       964 degree of freedom  2 is equal to    1.791E-01
             displacement convergence ratio   1.782E-02


             total transient time = 2.00000E-01



   WINDOWS version
   Marc 2019
   output for increment       1. "          lcase2"


             total strain energy         is    3.05149E-02
               within which:
               elastic strain energy     is    3.05149E-02
             total ext-force work        is    3.04868E-02
               within which:
               work by appl. force/disp. is    3.04868E-02
               work by  contact forces   is    0.00000E+00
               work by frictional forces is    0.00000E+00



                    g l o b a l  c o n t a c t  b o d y  d a t a

     body number        1 name: cbody1
     1st coord. of center of rotation                  0.000E+00
     2nd coord. of center of rotation                  0.000E+00
     total angle rotated                               0.000E+00
     1st component of velocity                         0.000E+00
     2nd component of velocity                         0.000E+00
     angular velocity                                  0.000E+00
     1st component of total load                       0.000E+00
     2nd component of total load                       0.000E+00
     moment w.r.t. center of rotation                  0.000E+00
     total strain energy                               0.305E-01
     total kinetic energy                              0.000E+00
     total damping energy                              0.000E+00



                    c o n t a c t  b o d y  i n t e r a c t i o n  r e s u l t s


             memory usage:                       MByte       words  % of total

              within general memory:           
               element stiffness matrices:           0       49912         0.1
               solver: first part                    0       95760         0.2
               overallocation initial allocation   106    27852172        70.6
               other:                                0        6020         0.0
              allocated separately:
               incremental backup:                   3      852608         2.2
               solver 8                              8     1971408         5.0
               nodal vectors:                        1      201700         0.5
               defined sets:                         0        1266         0.0
               contact:                              0       89486         0.2
               transformations:                      0        4624         0.0
               kinematic boundary conditions:        0        1940         0.0
               tables:                               0         958         0.0
               points, curves and surfaces:          0         144         0.0
               mem_none:                             0      127692         0.3
               element storage:                      5     1212528         3.1
               material properties:                  0        4600         0.0
               executable and common blocks:        27     7000000        17.7
               miscellaneous                         0         212         0.0
               ---------------------------------------------------------------
               total:                              151    39473030

               general memory allocated:           107    28003864
               general memory used:                  1      151692

               peak memory usage:                  159    41557520

             e n d   o f   i n c r e m e n t       1

             binary post data at increment       1.  subincrement    0.  on file 16
             wall time =           1.00




             s t a r t   o f   i n c r e m e n t       2






             load increments for each degree of freedom
             summed over the whole model

             from distributed loads
             dist. loads on deformed configuration - totals below for dist. loads
             increments for point loads
            -1.908196E-17   2.949030E-17


             point loads
             0.000000E+00   0.000000E+00

             start of assembly     cycle number is     0
             wall time =           1.00




             solver workspace for phase1 (matrix input)    (64bit words) =           14296 (      0.11 MByte)
             Metis nested dissection ordering used
             solver workspace for phase2 (nodal ordering)  (64bit words) =           42368 (      0.32 MByte)
             solver workspace for phase3 (symbolic factor) (64bit words) =           60512 (      0.46 MByte)
             solver workspace for phase4 (factorization)   (64bit words) =           91900 (      0.70 MByte) (MINIMUM)
             solver workspace for phase4 (factorization)   (64bit words) =          178052 (      1.36 MByte) (MAXIMUM)
             solver workspace available and used           (64bit words) =         1000000 (      7.63 MByte)


             start of matrix solution
             wall time =           1.00



             singularity ratio    1.5098E-14


             end of matrix solution
             wall time =           1.00


     body        1: cbody1
         number of nodes in contact     =             0

             displacement testing automatically activated because there are no prescribed boundary conditions

             maximum residual force  at node       967 degree of freedom  1 is equal to    1.262E-04
             maximum reaction force  at node         0 degree of freedom  0 is equal to    0.000E+00

             maximum residual force  at node       967 degree of freedom  1 is equal to    1.262E-04
             maximum reaction force  at node         0 degree of freedom  0 is equal to    0.000E+00

             maximum displacement  change   at node       964 degree of freedom  2 is equal to    1.542E-01
             maximum displacement increment at node       964 degree of freedom  2 is equal to    1.542E-01
             displacement convergence ratio   1.000E+00

             failure to converge to tolerance

             increment will be recycled






             load increments for each degree of freedom
             summed over the whole model

             from distributed loads
             dist. loads on deformed configuration - totals below for dist. loads
             increments for point loads
            -8.673617E-18  -1.561251E-17


             point loads
             0.000000E+00   0.000000E+00

             start of assembly     cycle number is     1
             wall time =           1.00




             solver workspace for phase1 (matrix input)    (64bit words) =           14296 (      0.11 MByte)
             Metis nested dissection ordering used
             solver workspace for phase2 (nodal ordering)  (64bit words) =           42368 (      0.32 MByte)
             solver workspace for phase3 (symbolic factor) (64bit words) =           60512 (      0.46 MByte)
             solver workspace for phase4 (factorization)   (64bit words) =           91900 (      0.70 MByte) (MINIMUM)
             solver workspace for phase4 (factorization)   (64bit words) =          178052 (      1.36 MByte) (MAXIMUM)
             solver workspace available and used           (64bit words) =         1000000 (      7.63 MByte)


             start of matrix solution
             wall time =           1.00



             singularity ratio    1.4977E-14


             end of matrix solution
             wall time =           1.00


     body        1: cbody1
         number of nodes in contact     =             0

             maximum residual force  at node       977 degree of freedom  2 is equal to    3.479E-07
             maximum reaction force  at node         0 degree of freedom  0 is equal to    0.000E+00

             maximum displacement  change   at node       951 degree of freedom  1 is equal to    5.720E-03
             maximum displacement increment at node       964 degree of freedom  2 is equal to    1.567E-01
             displacement convergence ratio   3.650E-02


             total transient time = 4.00000E-01



   WINDOWS version
   Marc 2019
   output for increment       2. "          lcase2"


             total strain energy         is    1.25991E-01
               within which:
               elastic strain energy     is    1.25991E-01
             total ext-force work        is    1.25930E-01
               within which:
               work by appl. force/disp. is    1.25930E-01
               work by  contact forces   is    0.00000E+00
               work by frictional forces is    0.00000E+00



                    g l o b a l  c o n t a c t  b o d y  d a t a

     body number        1 name: cbody1
     1st coord. of center of rotation                  0.000E+00
     2nd coord. of center of rotation                  0.000E+00
     total angle rotated                               0.000E+00
     1st component of velocity                         0.000E+00
     2nd component of velocity                         0.000E+00
     angular velocity                                  0.000E+00
     1st component of total load                       0.000E+00
     2nd component of total load                       0.000E+00
     moment w.r.t. center of rotation                  0.000E+00
     total strain energy                               0.126E+00
     total kinetic energy                              0.000E+00
     total damping energy                              0.000E+00



                    c o n t a c t  b o d y  i n t e r a c t i o n  r e s u l t s


             memory usage:                       MByte       words  % of total

              within general memory:           
               element stiffness matrices:           0       49912         0.1
               solver: first part                    0       95760         0.2
               overallocation initial allocation   106    27852172        70.6
               other:                                0        6020         0.0
              allocated separately:
               incremental backup:                   3      852608         2.2
               solver 8                              8     1971408         5.0
               nodal vectors:                        1      201700         0.5
               defined sets:                         0        1266         0.0
               contact:                              0       89486         0.2
               transformations:                      0        4624         0.0
               kinematic boundary conditions:        0        1940         0.0
               tables:                               0         958         0.0
               points, curves and surfaces:          0         144         0.0
               mem_none:                             0      127692         0.3
               element storage:                      5     1212528         3.1
               material properties:                  0        4600         0.0
               executable and common blocks:        27     7000000        17.7
               miscellaneous                         0         212         0.0
               ---------------------------------------------------------------
               total:                              151    39473030

               general memory allocated:           107    28003864
               general memory used:                  1      151692

               peak memory usage:                  159    41557520

             e n d   o f   i n c r e m e n t       2

             binary post data at increment       2.  subincrement    0.  on file 16
             wall time =           1.00




             s t a r t   o f   i n c r e m e n t       3






             load increments for each degree of freedom
             summed over the whole model

             from distributed loads
             dist. loads on deformed configuration - totals below for dist. loads
             increments for point loads
            -3.469447E-18  -2.428613E-17


             point loads
             0.000000E+00   0.000000E+00

             start of assembly     cycle number is     0
             wall time =           1.00




             solver workspace for phase1 (matrix input)    (64bit words) =           14296 (      0.11 MByte)
             Metis nested dissection ordering used
             solver workspace for phase2 (nodal ordering)  (64bit words) =           42368 (      0.32 MByte)
             solver workspace for phase3 (symbolic factor) (64bit words) =           60512 (      0.46 MByte)
             solver workspace for phase4 (factorization)   (64bit words) =           91900 (      0.70 MByte) (MINIMUM)
             solver workspace for phase4 (factorization)   (64bit words) =          178052 (      1.36 MByte) (MAXIMUM)
             solver workspace available and used           (64bit words) =         1000000 (      7.63 MByte)


             start of matrix solution
             wall time =           1.00



             singularity ratio    1.4974E-14


             end of matrix solution
             wall time =           1.00


     body        1: cbody1
         number of nodes in contact     =             0

             displacement testing automatically activated because there are no prescribed boundary conditions

             maximum residual force  at node       967 degree of freedom  1 is equal to    1.331E-04
             maximum reaction force  at node         0 degree of freedom  0 is equal to    0.000E+00

             maximum residual force  at node       967 degree of freedom  1 is equal to    1.331E-04
             maximum reaction force  at node         0 degree of freedom  0 is equal to    0.000E+00

             maximum displacement  change   at node       964 degree of freedom  2 is equal to    1.785E-01
             maximum displacement increment at node       964 degree of freedom  2 is equal to    1.785E-01
             displacement convergence ratio   1.000E+00

             failure to converge to tolerance

             increment will be recycled






             load increments for each degree of freedom
             summed over the whole model

             from distributed loads
             dist. loads on deformed configuration - totals below for dist. loads
             increments for point loads
             1.734723E-17  -3.816392E-17


             point loads
             0.000000E+00   0.000000E+00

             start of assembly     cycle number is     1
             wall time =           1.00




             solver workspace for phase1 (matrix input)    (64bit words) =           14296 (      0.11 MByte)
             Metis nested dissection ordering used
             solver workspace for phase2 (nodal ordering)  (64bit words) =           42368 (      0.32 MByte)
             solver workspace for phase3 (symbolic factor) (64bit words) =           60512 (      0.46 MByte)
             solver workspace for phase4 (factorization)   (64bit words) =           91900 (      0.70 MByte) (MINIMUM)
             solver workspace for phase4 (factorization)   (64bit words) =          178052 (      1.36 MByte) (MAXIMUM)
             solver workspace available and used           (64bit words) =         1000000 (      7.63 MByte)


             start of matrix solution
             wall time =           1.00



             singularity ratio    1.4851E-14


             end of matrix solution
             wall time =           1.00


     body        1: cbody1
         number of nodes in contact     =             0

             maximum residual force  at node       977 degree of freedom  2 is equal to    6.641E-07
             maximum reaction force  at node         0 degree of freedom  0 is equal to    0.000E+00

             maximum displacement  change   at node       951 degree of freedom  1 is equal to    9.532E-03
             maximum displacement increment at node       964 degree of freedom  2 is equal to    1.796E-01
             displacement convergence ratio   5.308E-02


             total transient time = 6.00000E-01



   WINDOWS version
   Marc 2019
   output for increment       3. "          lcase2"


             total strain energy         is    2.93079E-01
               within which:
               elastic strain energy     is    2.93079E-01
             total ext-force work        is    2.92981E-01
               within which:
               work by appl. force/disp. is    2.92981E-01
               work by  contact forces   is    0.00000E+00
               work by frictional forces is    0.00000E+00



                    g l o b a l  c o n t a c t  b o d y  d a t a

     body number        1 name: cbody1
     1st coord. of center of rotation                  0.000E+00
     2nd coord. of center of rotation                  0.000E+00
     total angle rotated                               0.000E+00
     1st component of velocity                         0.000E+00
     2nd component of velocity                         0.000E+00
     angular velocity                                  0.000E+00
     1st component of total load                       0.000E+00
     2nd component of total load                       0.000E+00
     moment w.r.t. center of rotation                  0.000E+00
     total strain energy                               0.293E+00
     total kinetic energy                              0.000E+00
     total damping energy                              0.000E+00



                    c o n t a c t  b o d y  i n t e r a c t i o n  r e s u l t s


             memory usage:                       MByte       words  % of total

              within general memory:           
               element stiffness matrices:           0       49912         0.1
               solver: first part                    0       95760         0.2
               overallocation initial allocation   106    27852172        70.6
               other:                                0        6020         0.0
              allocated separately:
               incremental backup:                   3      852608         2.2
               solver 8                              8     1971408         5.0
               nodal vectors:                        1      201700         0.5
               defined sets:                         0        1266         0.0
               contact:                              0       89486         0.2
               transformations:                      0        4624         0.0
               kinematic boundary conditions:        0        1940         0.0
               tables:                               0         958         0.0
               points, curves and surfaces:          0         144         0.0
               mem_none:                             0      127692         0.3
               element storage:                      5     1212528         3.1
               material properties:                  0        4600         0.0
               executable and common blocks:        27     7000000        17.7
               miscellaneous                         0         212         0.0
               ---------------------------------------------------------------
               total:                              151    39473030

               general memory allocated:           107    28003864
               general memory used:                  1      151692

               peak memory usage:                  159    41557520

             e n d   o f   i n c r e m e n t       3

             binary post data at increment       3.  subincrement    0.  on file 16
             wall time =           1.00




             s t a r t   o f   i n c r e m e n t       4






             load increments for each degree of freedom
             summed over the whole model

             from distributed loads
             dist. loads on deformed configuration - totals below for dist. loads
             increments for point loads
            -1.040834E-17   1.040834E-17


             point loads
             0.000000E+00   0.000000E+00

             start of assembly     cycle number is     0
             wall time =           1.00




             solver workspace for phase1 (matrix input)    (64bit words) =           14296 (      0.11 MByte)
             Metis nested dissection ordering used
             solver workspace for phase2 (nodal ordering)  (64bit words) =           42368 (      0.32 MByte)
             solver workspace for phase3 (symbolic factor) (64bit words) =           60512 (      0.46 MByte)
             solver workspace for phase4 (factorization)   (64bit words) =           91900 (      0.70 MByte) (MINIMUM)
             solver workspace for phase4 (factorization)   (64bit words) =          178052 (      1.36 MByte) (MAXIMUM)
             solver workspace available and used           (64bit words) =         1000000 (      7.63 MByte)


             start of matrix solution
             wall time =           2.00



             singularity ratio    1.4846E-14


             end of matrix solution
             wall time =           2.00


     body        1: cbody1
         number of nodes in contact     =             0

             displacement testing automatically activated because there are no prescribed boundary conditions

             maximum residual force  at node       967 degree of freedom  1 is equal to    1.408E-04
             maximum reaction force  at node         0 degree of freedom  0 is equal to    0.000E+00

             maximum residual force  at node       967 degree of freedom  1 is equal to    1.408E-04
             maximum reaction force  at node         0 degree of freedom  0 is equal to    0.000E+00

             maximum displacement  change   at node       964 degree of freedom  2 is equal to    1.692E-01
             maximum displacement increment at node       964 degree of freedom  2 is equal to    1.692E-01
             displacement convergence ratio   1.000E+00

             failure to converge to tolerance

             increment will be recycled






             load increments for each degree of freedom
             summed over the whole model

             from distributed loads
             dist. loads on deformed configuration - totals below for dist. loads
             increments for point loads
             2.428613E-17   6.245005E-17


             point loads
             0.000000E+00   0.000000E+00

             start of assembly     cycle number is     1
             wall time =           2.00




             solver workspace for phase1 (matrix input)    (64bit words) =           14296 (      0.11 MByte)
             Metis nested dissection ordering used
             solver workspace for phase2 (nodal ordering)  (64bit words) =           42368 (      0.32 MByte)
             solver workspace for phase3 (symbolic factor) (64bit words) =           60512 (      0.46 MByte)
             solver workspace for phase4 (factorization)   (64bit words) =           91900 (      0.70 MByte) (MINIMUM)
             solver workspace for phase4 (factorization)   (64bit words) =          178052 (      1.36 MByte) (MAXIMUM)
             solver workspace available and used           (64bit words) =         1000000 (      7.63 MByte)


             start of matrix solution
             wall time =           2.00



             singularity ratio    1.4721E-14


             end of matrix solution
             wall time =           2.00


     body        1: cbody1
         number of nodes in contact     =             0

             maximum residual force  at node       977 degree of freedom  2 is equal to    1.037E-06
             maximum reaction force  at node         0 degree of freedom  0 is equal to    0.000E+00

             maximum displacement  change   at node       951 degree of freedom  1 is equal to    1.411E-02
             maximum displacement increment at node       964 degree of freedom  2 is equal to    1.705E-01
             displacement convergence ratio   8.275E-02


             total transient time = 8.00000E-01



   WINDOWS version
   Marc 2019
   output for increment       4. "          lcase2"


             total strain energy         is    5.39548E-01
               within which:
               elastic strain energy     is    5.39548E-01
             total ext-force work        is    5.39407E-01
               within which:
               work by appl. force/disp. is    5.39407E-01
               work by  contact forces   is    0.00000E+00
               work by frictional forces is    0.00000E+00



                    g l o b a l  c o n t a c t  b o d y  d a t a

     body number        1 name: cbody1
     1st coord. of center of rotation                  0.000E+00
     2nd coord. of center of rotation                  0.000E+00
     total angle rotated                               0.000E+00
     1st component of velocity                         0.000E+00
     2nd component of velocity                         0.000E+00
     angular velocity                                  0.000E+00
     1st component of total load                       0.000E+00
     2nd component of total load                       0.000E+00
     moment w.r.t. center of rotation                  0.000E+00
     total strain energy                               0.540E+00
     total kinetic energy                              0.000E+00
     total damping energy                              0.000E+00



                    c o n t a c t  b o d y  i n t e r a c t i o n  r e s u l t s


             memory usage:                       MByte       words  % of total

              within general memory:           
               element stiffness matrices:           0       49912         0.1
               solver: first part                    0       95760         0.2
               overallocation initial allocation   106    27852172        70.6
               other:                                0        6020         0.0
              allocated separately:
               incremental backup:                   3      852608         2.2
               solver 8                              8     1971408         5.0
               nodal vectors:                        1      201700         0.5
               defined sets:                         0        1266         0.0
               contact:                              0       89486         0.2
               transformations:                      0        4624         0.0
               kinematic boundary conditions:        0        1940         0.0
               tables:                               0         958         0.0
               points, curves and surfaces:          0         144         0.0
               mem_none:                             0      127692         0.3
               element storage:                      5     1212528         3.1
               material properties:                  0        4600         0.0
               executable and common blocks:        27     7000000        17.7
               miscellaneous                         0         212         0.0
               ---------------------------------------------------------------
               total:                              151    39473030

               general memory allocated:           107    28003864
               general memory used:                  1      151692

               peak memory usage:                  159    41557520

             e n d   o f   i n c r e m e n t       4

             binary post data at increment       4.  subincrement    0.  on file 16
             wall time =           2.00




             s t a r t   o f   i n c r e m e n t       5






             load increments for each degree of freedom
             summed over the whole model

             from distributed loads
             dist. loads on deformed configuration - totals below for dist. loads
             increments for point loads
             4.163336E-17   6.591949E-17


             point loads
             0.000000E+00   0.000000E+00

             start of assembly     cycle number is     0
             wall time =           2.00




             solver workspace for phase1 (matrix input)    (64bit words) =           14296 (      0.11 MByte)
             Metis nested dissection ordering used
             solver workspace for phase2 (nodal ordering)  (64bit words) =           42368 (      0.32 MByte)
             solver workspace for phase3 (symbolic factor) (64bit words) =           60512 (      0.46 MByte)
             solver workspace for phase4 (factorization)   (64bit words) =           91900 (      0.70 MByte) (MINIMUM)
             solver workspace for phase4 (factorization)   (64bit words) =          178052 (      1.36 MByte) (MAXIMUM)
             solver workspace available and used           (64bit words) =         1000000 (      7.63 MByte)


             start of matrix solution
             wall time =           2.00



             singularity ratio    1.4713E-14


             end of matrix solution
             wall time =           2.00


     body        1: cbody1
         number of nodes in contact     =             0

             displacement testing automatically activated because there are no prescribed boundary conditions

             maximum residual force  at node       967 degree of freedom  1 is equal to    1.495E-04
             maximum reaction force  at node         0 degree of freedom  0 is equal to    0.000E+00

             maximum residual force  at node       967 degree of freedom  1 is equal to    1.495E-04
             maximum reaction force  at node         0 degree of freedom  0 is equal to    0.000E+00

             maximum displacement  change   at node       520 degree of freedom  2 is equal to    1.551E-01
             maximum displacement increment at node       520 degree of freedom  2 is equal to    1.551E-01
             displacement convergence ratio   1.000E+00

             failure to converge to tolerance

             increment will be recycled






             load increments for each degree of freedom
             summed over the whole model

             from distributed loads
             dist. loads on deformed configuration - totals below for dist. loads
             increments for point loads
             3.816392E-17  -5.898060E-17


             point loads
             0.000000E+00   0.000000E+00

             start of assembly     cycle number is     1
             wall time =           2.00




             solver workspace for phase1 (matrix input)    (64bit words) =           14296 (      0.11 MByte)
             Metis nested dissection ordering used
             solver workspace for phase2 (nodal ordering)  (64bit words) =           42368 (      0.32 MByte)
             solver workspace for phase3 (symbolic factor) (64bit words) =           60512 (      0.46 MByte)
             solver workspace for phase4 (factorization)   (64bit words) =           91900 (      0.70 MByte) (MINIMUM)
             solver workspace for phase4 (factorization)   (64bit words) =          178052 (      1.36 MByte) (MAXIMUM)
             solver workspace available and used           (64bit words) =         1000000 (      7.63 MByte)


             start of matrix solution
             wall time =           2.00



             singularity ratio    1.4587E-14


             end of matrix solution
             wall time =           2.00


     body        1: cbody1
         number of nodes in contact     =             0

             maximum residual force  at node       977 degree of freedom  2 is equal to    1.419E-06
             maximum reaction force  at node         0 degree of freedom  0 is equal to    0.000E+00

             maximum displacement  change   at node       951 degree of freedom  1 is equal to    1.839E-02
             maximum displacement increment at node       520 degree of freedom  2 is equal to    1.616E-01
             displacement convergence ratio   1.138E-01

             failure to converge to tolerance

             increment will be recycled






             load increments for each degree of freedom
             summed over the whole model

             from distributed loads
             dist. loads on deformed configuration - totals below for dist. loads
             increments for point loads
            -3.469447E-17  -1.040834E-17


             point loads
             0.000000E+00   0.000000E+00

             start of assembly     cycle number is     2
             wall time =           2.00




             solver workspace for phase1 (matrix input)    (64bit words) =           14296 (      0.11 MByte)
             Metis nested dissection ordering used
             solver workspace for phase2 (nodal ordering)  (64bit words) =           42368 (      0.32 MByte)
             solver workspace for phase3 (symbolic factor) (64bit words) =           60512 (      0.46 MByte)
             solver workspace for phase4 (factorization)   (64bit words) =           91900 (      0.70 MByte) (MINIMUM)
             solver workspace for phase4 (factorization)   (64bit words) =          178052 (      1.36 MByte) (MAXIMUM)
             solver workspace available and used           (64bit words) =         1000000 (      7.63 MByte)


             start of matrix solution
             wall time =           2.00



             singularity ratio    1.4577E-14


             end of matrix solution
             wall time =           2.00


     body        1: cbody1
         number of nodes in contact     =             0

             maximum residual force  at node       978 degree of freedom  2 is equal to    2.341E-08
             maximum reaction force  at node         0 degree of freedom  0 is equal to    0.000E+00

             maximum displacement  change   at node       965 degree of freedom  2 is equal to    2.973E-03
             maximum displacement increment at node       520 degree of freedom  2 is equal to    1.629E-01
             displacement convergence ratio   1.825E-02


             total transient time = 1.00000E+00



   WINDOWS version
   Marc 2019
   output for increment       5. "          lcase2"


             total strain energy         is    8.77357E-01
               within which:
               elastic strain energy     is    8.77357E-01
             total ext-force work        is    8.77168E-01
               within which:
               work by appl. force/disp. is    8.77168E-01
               work by  contact forces   is    0.00000E+00
               work by frictional forces is    0.00000E+00



                    g l o b a l  c o n t a c t  b o d y  d a t a

     body number        1 name: cbody1
     1st coord. of center of rotation                  0.000E+00
     2nd coord. of center of rotation                  0.000E+00
     total angle rotated                               0.000E+00
     1st component of velocity                         0.000E+00
     2nd component of velocity                         0.000E+00
     angular velocity                                  0.000E+00
     1st component of total load                       0.000E+00
     2nd component of total load                       0.000E+00
     moment w.r.t. center of rotation                  0.000E+00
     total strain energy                               0.877E+00
     total kinetic energy                              0.000E+00
     total damping energy                              0.000E+00



                    c o n t a c t  b o d y  i n t e r a c t i o n  r e s u l t s


             memory usage:                       MByte       words  % of total

              within general memory:           
               element stiffness matrices:           0       49912         0.1
               solver: first part                    0       95760         0.2
               overallocation initial allocation   106    27852172        70.6
               other:                                0        6020         0.0
              allocated separately:
               incremental backup:                   3      852608         2.2
               solver 8                              8     1971408         5.0
               nodal vectors:                        1      201700         0.5
               defined sets:                         0        1266         0.0
               contact:                              0       89486         0.2
               transformations:                      0        4624         0.0
               kinematic boundary conditions:        0        1940         0.0
               tables:                               0         958         0.0
               points, curves and surfaces:          0         144         0.0
               mem_none:                             0      127692         0.3
               element storage:                      5     1212528         3.1
               material properties:                  0        4600         0.0
               executable and common blocks:        27     7000000        17.7
               miscellaneous                         0         212         0.0
               ---------------------------------------------------------------
               total:                              151    39473030

               general memory allocated:           107    28003864
               general memory used:                  1      151692

               peak memory usage:                  159    41557520

             e n d   o f   i n c r e m e n t       5

             binary post data at increment       5.  subincrement    0.  on file 16
             wall time =           2.00


             $....end of loadcase lcase2                                                                                                                                     

             $...................                                                                                                                                            


                              *** end of input deck - job ends


             memory usage:                       MByte       words  % of total

              within general memory:           
               element stiffness matrices:           0       49912         0.1
               solver: first part                    0       95760         0.2
               overallocation initial allocation   106    27852172        70.6
               other:                                0        6020         0.0
              allocated separately:
               incremental backup:                   3      852608         2.2
               solver 8                              8     1971408         5.0
               nodal vectors:                        1      201700         0.5
               defined sets:                         0        1266         0.0
               contact:                              0       89486         0.2
               transformations:                      0        4624         0.0
               kinematic boundary conditions:        0        1940         0.0
               tables:                               0         958         0.0
               points, curves and surfaces:          0         144         0.0
               mem_none:                             0      127692         0.3
               element storage:                      5     1212528         3.1
               material properties:                  0        4600         0.0
               executable and common blocks:        27     7000000        17.7
               miscellaneous                         0         212         0.0
               ---------------------------------------------------------------
               total:                              151    39473030

               general memory allocated:           107    28003864
               general memory used:                  1      151692

               peak memory usage:                  159    41557520


             timing information:                             wall time      cpu time

               total time for input:                              0.08          0.08
               total time for stiffness matrix assembly:          0.29          0.30
               total time for mass matrix assembly:               0.00          0.00
               total time for stress recovery:                    0.21          0.22
               total time for matrix solution:                    0.19          0.19
               total time for contact:                            0.01          0.00
               total time for output:                             0.13          0.11
               total time for miscellaneous:                      0.82          0.28
               ---------------------------------------------------------------------
               total time:                                        1.73          1.17


             **************************************************************************


             
             This is a successful completion to a Marc simulation,
             indicating that no additional incremental data was
             found and that the analysis is complete.
             




             **************************************************************************





                                        Marc 2019

                                        Exit number 3004

