Unit:             31_0_32_32_1_4_100_0.5
Removed elements: [25, 26, 30, 36, 37, 38, 39, 42, 47, 48, 49, 50, 51, 62, 63, 69, 70, 71, 73, 74, 80, 81, 82, 84, 85, 86, 92, 93, 95, 96, 97]
Model ID: 0
CPPN Parameters:
Model Dimensions:          7x7 elements
Seed:                      100
Rounding Threshold:        0.5
Model Scale:               1:1
Size Of Hidden Layer:      32
Number Of Nodes Per Layer: 32
Activation Functions:
sin
sigmoid
sin
cos
sigmoid

Representative grid:
1 1 1 1 1 1 1 1 1 1 1
1 1 1 1 1 1 1 1 1 1 1
1 1 1 0 0 1 0 0 0 1 1
1 1 0 0 0 1 0 0 0 1 1
1 1 0 0 0 1 0 0 1 1 1
1 1 1 1 1 1 0 0 1 1 1
1 1 0 0 0 0 0 1 1 1 1
1 1 0 0 0 0 1 1 0 1 1
1 1 0 0 1 1 1 0 1 1 1
1 1 1 1 1 1 1 1 1 1 1
1 1 1 1 1 1 1 1 1 1 1
Run successful:   True
Constraint energy:
X        : 6.628107479039335e-09 J
Y        : 0.028829839337940158 J
Magnitude: 0.04186391246485068 J
Internal energy:
X        : -25.490528201218694 J
Y        : 24.988241359766107 J
Magnitude: 4.875154495879542 J

Template details:
Case: 1
Parameters:
Origin:               (0,0)
Dimensions:           11x11 elements
Size:                 22x22 mm
Boundary thickness:   2 elements
Internal element IDs: [25, 26, 27, 28, 29, 30, 31, 36, 37, 38, 39, 40, 41, 42, 47, 48, 49, 50, 51, 52, 53, 58, 59, 60, 61, 62, 63, 64, 69, 70, 71, 72, 73, 74, 75, 80, 81, 82, 83, 84, 85, 86, 91, 92, 93, 94, 95, 96, 97]
Applied displacement: 11.0 mm
Applied pressure:     0.02 MPa
Neighbours added:     False
Analysis steps:       5
Run successful:       True
Constraint energy:
X        : -3.0389817179159503e-09 J
Y        : 52.8855188902419 J
Magnitude: 128.8335898718154 J
Internal energy:
X        : -2.9519539920114246e-09 J
Y        : 58.38697385787964 J
Magnitude: 5992.6552734375 J

Ogden material parameters:
Name:  Mold Star 15
Mu:    [-6.50266e-06, 0.216863, 0.00137158]
Alpha: [-21.322, 1.1797, 4.88396]

Time created: Sun Aug 16 12:11:31 2020
