Unit:              6_fe098c1584fab29121c5a6adccdde043
Removed elements:  [8, 9, 13, 14, 17, 18]
Representative grid:
1 1 1 1 1
1 0 0 1 1
1 1 0 0 1
1 1 0 0 1
1 1 1 1 1
Run successful:    True
Constraint energy: 0.06945679452753183 J
Internal energy:   1.4358937070937827 J

Template details:
Case: 1
Parameters:
Origin:            (20,20)
Dimensions:        5x5 elements
Internal elements: [7, 8, 9, 12, 13, 14, 17, 18, 19]
Analysis steps:    4
Run successful:    True
Constraint energy: 103.40724487461749 J
Internal energy:   1505.6417999267578 J

Ogden material parameters:
Name:  Mold Star 15
Mu:    [-6.50266e-06, 0.216863, 0.00137158]
Alpha: [-21.322, 1.1797, 4.88396]

Time created:      Mon Jun 22 14:53:32 2020
