Unit:              4_e3afdc93a86f32cca5a2ea82309a3ce1
Removed elements:  [7, 13, 17, 19]
Representative grid:
1 1 1 1 1
1 0 1 0 1
1 1 0 1 1
1 0 1 1 1
1 1 1 1 1
Run successful:    True
Constraint energy: 1.8278481330069936 J
Internal energy:   14.568278996623121 J

Template details:
Case: 1
Parameters:
Origin:            (0,0)
Dimensions:        5x5 elements
Internal elements: [7, 8, 9, 12, 13, 14, 17, 18, 19]
Analysis steps:    4
Run successful:    True
Constraint energy: 103.40724487461749 J
Internal energy:   1505.6417999267578 J

Ogden material parameters:
Name:  Mold Star 15
Mu:    [-6.50266e-06, 0.216863, 0.00137158]
Alpha: [-21.322, 1.1797, 4.88396]

Time created:      Mon Jun 15 16:41:12 2020
