Unit:              4_e53bc2fbc4a782bada1e2b2e425d944c
Removed elements:  [9, 12, 14, 19]
Representative grid:
1 1 1 1 1
1 1 1 0 1
1 0 1 0 1
1 1 1 0 1
1 1 1 1 1
Run successful:    True
Constraint energy:
X        : 5.18399421002927e-05 J
Y        : 0.3126421229064495 J
Magnitude: 0.6166651115289062 J
Internal energy:
X        : -9.276143342256546 J
Y        : 9.986169710755348 J
Magnitude: 5.17906191572547 J

Template details:
Case: 1
Parameters:
Origin:                (0,0)
Dimensions:            5x5 elements
Size:                  20x20 mm
Boundary thickness:    1 elements
Internal element IDs:  [7, 8, 9, 12, 13, 14, 17, 18, 19]
Applied displacement:  10.0 mm
Applied pressure:      0.05 MPa
Neighbours added:      False
Analysis steps:        5
Run successful:        True
Constraint energy:
X        : -4.75794279549026e-08 J
Y        : 13.1525092530359 J
Magnitude: 27.87360684108652 J
Internal energy:
X        : -0.9825214605407382 J
Y        : 6.692293345928192 J
Magnitude: 354.37840938568115 J

Ogden material parameters:
Name:  Mold Star 15
Mu:    [-6.50266e-06, 0.216863, 0.00137158]
Alpha: [-21.322, 1.1797, 4.88396]

Time created:          Tue Jun 23 15:48:03 2020
