Unit:              1_70efdf2ec9b086079795c442636b55fb
Removed elements:  [17]
Representative grid:
1 1 1 1 1
1 0 1 1 1
1 1 1 1 1
1 1 1 1 1
1 1 1 1 1
Run successful:    True
Constraint energy: 972692.3357367917
Internal energy:   174656.9578796625

Template details:
Case: 1
Parameters:
Origin:            (0,0)
Dimensions:        5x5 elements
Internal elements: [7, 8, 9, 12, 13, 14, 17, 18, 19]
Analysis steps:    4
Run successful:    True
Constraint energy: 6462952.804663594 J
Internal energy:   1505641.7999267578 J

Ogden material parameters:
Name:  Mold Star 15
Mu:    [-6.50266e-06, 0.216863, 0.00137158]
Alpha: [-21.322, 1.1797, 4.88396]

Time created:      Mon May 25 10:37:26 2020
