Unit:              6_3dc1cf0b128f406c911768d1ec8bbf34
Removed elements:  [7, 8, 9, 12, 17, 19]
Representative grid:
1 1 1 1 1
1 0 1 0 1
1 0 1 1 1
1 0 0 0 1
1 1 1 1 1
Run successful:    True
Constraint energy: 0.002461944132373716 J
Internal energy:   1.3455598364816979 J

Template details:
Case: 1
Parameters:
Origin:            (0,0)
Dimensions:        5x5 elements
Internal elements: [7, 8, 9, 12, 13, 14, 17, 18, 19]
Analysis steps:    4
Run successful:    True
Constraint energy: 6.462952804663593 J
Internal energy:   1505.6417999267578 J

Ogden material parameters:
Name:  Mold Star 15
Mu:    [-6.50266e-06, 0.216863, 0.00137158]
Alpha: [-21.322, 1.1797, 4.88396]

Time created:      Mon Jun  8 17:39:36 2020
