\BOOKMARK [0][-]{section*.2}{Declaration}{}% 1
\BOOKMARK [0][-]{section*.3}{Contents}{}% 2
\BOOKMARK [0][-]{section*.4}{List of Figures}{}% 3
\BOOKMARK [0][-]{section*.5}{List of Tables}{}% 4
\BOOKMARK [0][-]{chapter.1}{Introduction}{}% 5
\BOOKMARK [1][-]{section.1.1}{Background}{chapter.1}% 6
\BOOKMARK [1][-]{section.1.2}{Aim And Objectives}{chapter.1}% 7
\BOOKMARK [0][-]{chapter.2}{Literature Review}{}% 8
\BOOKMARK [1][-]{section.2.1}{Soft Robotics}{chapter.2}% 9
\BOOKMARK [1][-]{section.2.2}{Soft Robot Modeling}{chapter.2}% 10
\BOOKMARK [1][-]{section.2.3}{Evolved Virtual Bodies}{chapter.2}% 11
\BOOKMARK [0][-]{chapter.3}{Material Testing}{}% 12
\BOOKMARK [1][-]{section.3.1}{Motivation}{chapter.3}% 13
\BOOKMARK [1][-]{section.3.2}{Testing Procedure}{chapter.3}% 14
\BOOKMARK [0][-]{chapter.4}{Software}{}% 15
\BOOKMARK [1][-]{section.4.1}{Motivation}{chapter.4}% 16
\BOOKMARK [1][-]{section.4.2}{Method}{chapter.4}% 17
\BOOKMARK [1][-]{section.4.3}{Cases}{chapter.4}% 18
\BOOKMARK [0][-]{chapter.5}{To-Do List}{}% 19
\BOOKMARK [1][-]{section.5.1}{Introduction}{chapter.5}% 20
\BOOKMARK [1][-]{section.5.2}{Literature Review}{chapter.5}% 21
\BOOKMARK [1][-]{section.5.3}{Material Testing}{chapter.5}% 22
\BOOKMARK [1][-]{section.5.4}{Software}{chapter.5}% 23
\BOOKMARK [0][-]{section*.14}{Appendices}{}% 24
\BOOKMARK [0][-]{appendix.A}{Software Pipeline}{}% 25
\BOOKMARK [0][-]{appendix*.19}{Bibliography}{}% 26
