Unit:              6_918ec081e9a5a871a8ace60d6d0bb51a
Removed elements:  [8, 9, 12, 13, 14, 19]
Representative grid:
1 1 1 1 1
1 1 1 0 1
1 0 0 0 1
1 1 0 0 1
1 1 1 1 1
Run successful:    True
Constraint energy:
X        : -4.065797783844058e-06 J
Y        : 0.02728152022322361 J
Magnitude: 0.04067967060150006 J
Internal energy:
X        : -6.933358275797218 J
Y        : 7.072185151278973 J
Magnitude: 1.4163465183228254 J

Template details:
Case: 1
Parameters:
Origin:                (0,0)
Dimensions:            5x5 elements
Size:                  20x20 mm
Boundary thickness:    1 elements
Internal element IDs:  [7, 8, 9, 12, 13, 14, 17, 18, 19]
Applied displacement:  10.0 mm
Applied pressure:      0.025 MPa
Neighbours added:      False
Analysis steps:        5
Run successful:        True
Constraint energy:
X        : -5.20968294284496e-09 J
Y        : 43.70704040440105 J
Magnitude: 103.15007934690621 J
Internal energy:
X        : -1.4273650347611244e-09 J
Y        : 14.59674346446991 J
Magnitude: 1498.163818359375 J

Ogden material parameters:
Name:  Mold Star 15
Mu:    [-6.50266e-06, 0.216863, 0.00137158]
Alpha: [-21.322, 1.1797, 4.88396]

Time created:          Tue Jun 23 17:19:42 2020
