Unit:              32_73139f4dfe1d218e860bca9c41bc857d
Removed elements:  [24, 25, 26, 27, 28, 33, 34, 35, 36, 37, 38, 43, 44, 45, 46, 47, 48, 53, 54, 55, 56, 57, 58, 64, 65, 66, 73, 74, 75, 76, 77, 78]
Representative grid:
1 1 1 1 1 1 1 1 1 1
1 1 1 1 1 1 1 1 1 1
1 1 0 0 0 0 0 0 1 1
1 1 1 0 0 0 1 1 1 1
1 1 0 0 0 0 0 0 1 1
1 1 0 0 0 0 0 0 1 1
1 1 0 0 0 0 0 0 1 1
1 1 1 0 0 0 0 0 1 1
1 1 1 1 1 1 1 1 1 1
1 1 1 1 1 1 1 1 1 1
Run successful:    True
Constraint energy: 0.030817215793714586 J
Internal energy:   3.7411832436882833 J

Template details:
Case: 1
Parameters:
Origin:            (0,0)
Dimensions:        10x10 elements
Internal elements: [23, 24, 25, 26, 27, 28, 33, 34, 35, 36, 37, 38, 43, 44, 45, 46, 47, 48, 53, 54, 55, 56, 57, 58, 63, 64, 65, 66, 67, 68, 73, 74, 75, 76, 77, 78]
Analysis steps:    4
Run successful:    True
Constraint energy: 106.46180572916973 J
Internal energy:   5060.629383087158 J

Ogden material parameters:
Name:  Mold Star 15
Mu:    [-6.50266e-06, 0.216863, 0.00137158]
Alpha: [-21.322, 1.1797, 4.88396]

Time created:      Fri Jun 19 12:34:22 2020
