Unit:              5_c98007d583228b2e587aef938b1a4229
Removed elements:  [9, 12, 17, 18, 19]
Representative grid:
1 1 1 1 1
1 0 0 0 1
1 0 1 1 1
1 1 1 0 1
1 1 1 1 1
Run successful:    True
Constraint energy:
X        : 1.6829890747635965e-07 J
Y        : 0.06762652207687798 J
Magnitude: 0.09000047777289649 J
Internal energy:
X        : -5.862468634732068 J
Y        : 5.6547421044670045 J
Magnitude: 1.613181724329479 J

Template details:
Case: 1
Parameters:
Origin:                (20,20)
Dimensions:            5x5 elements
Size:                  20x20 mm
Boundary thickness:    1 elements
Internal element IDs:  [7, 8, 9, 12, 13, 14, 17, 18, 19]
Applied displacement:  10.0 mm
Applied pressure:      0.1 MPa
Neighbours added:      True
Analysis steps:        10
Run successful:        True
Constraint energy:
X        : -1.139226475811653e-08 J
Y        : 43.58991791517828 J
Magnitude: 102.84268264174382 J
Internal energy:
X        : -1.9549584207416046 J
Y        : 12.24659287929535 J
Magnitude: 1034.0014190673828 J

Ogden material parameters:
Name:  Mold Star 15
Mu:    [-6.50266e-06, 0.216863, 0.00137158]
Alpha: [-21.322, 1.1797, 4.88396]

Time created:          Tue Jun 23 15:29:59 2020
