UG to IGES
! INFO-     NX V12.0 / IGES Specification 5.3
! INFO-      
! INFO-     Start of Translation: 26-FEB-2020  4:08:13 PM
! INFO-      
! STATUS-   Converting Part: C:\Users\19673418\Documents\Masters-Project\Models\NX12\basegeometry.prt
! SUMMARY-   
! SUMMARY-  Summary of Unigraphics Input Entities
! SUMMARY-  For Part: C:\Users\19673418\Documents\Masters-Project\Models\NX12\basegeometry.prt 
! SUMMARY-  Entities Processed             Count
! SUMMARY-  ------------------             -----
! SUMMARY-  Point .......................:     1
! SUMMARY-  Line ........................:     8
! SUMMARY-  B-Curve .....................:     4
! SUMMARY-  Part Attribute ..............:     1
! SUMMARY-  Layer Category ..............:     6
! SUMMARY-  Font ........................:     1
! SUMMARY-  Color Table .................:     2
! SUMMARY-  Coordinate System ...........:     2
! SUMMARY-  Parameter ...................:     2
! SUMMARY-  Matrix ......................:     8
! SUMMARY-  View ........................:     8
! SUMMARY-  Layout ......................:     5
! SUMMARY-  Solid .......................:
! SUMMARY-     Face .....................:     1
! SUMMARY-  Trim Curve ..................:     1
! SUMMARY-                                 -----
! SUMMARY-  Total                             50
! STATUS-    
! STATUS-   Converting to Output Form (Phase 2 of 3): 26-FEB-2020 4:08:16 PM
! STATUS-    
! STATUS-   Creating the IGES file (Phase 3 of 3): 26-FEB-2020  4:08:16 PM
! SUMMARY-   
! SUMMARY-  Summary of IGES Output Entities
! SUMMARY-   
! SUMMARY-  Entities Processed             Count
! SUMMARY-  ------------------             -----
! SUMMARY-  Point ........................     1
! SUMMARY-  Line .........................     4
! SUMMARY-  Plane ........................
! SUMMARY-      Unbounded ................    32
! SUMMARY-  BSpline Surface ..............     1
! SUMMARY-  Color ........................     3
! SUMMARY-  Name .........................    12
! SUMMARY-  Transformation ...............     8
! SUMMARY-  Definition Levels ............     5
! SUMMARY-  Level Function ...............     5
! SUMMARY-  View .........................     8
! SUMMARY-                                 -----
! SUMMARY-  Total                             79
! INFO-      
! INFO-     End of Translation: 26-FEB-2020  4:08:16 PM
! INFO-      
