UG to IGES
! INFO-     NX V12.0 / IGES Specification 5.3
! INFO-      
! INFO-     Start of Translation: 25-FEB-2020  9:10:03 AM
! INFO-      
! STATUS-   Converting Part: C:\Users\19673418\Documents\Masters-Project\Models\NX12\QuarterBasicDrawingEmpty.prt
! SUMMARY-   
! SUMMARY-  Summary of Unigraphics Input Entities
! SUMMARY-  For Part: C:\Users\19673418\Documents\Masters-Project\Models\NX12\QuarterBasicDrawingEmpty.prt 
! SUMMARY-  Entities Processed             Count
! SUMMARY-  ------------------             -----
! SUMMARY-  Point .......................:     1
! SUMMARY-  Line ........................:     6
! SUMMARY-  Part Attribute ..............:     1
! SUMMARY-  Layer Category ..............:     6
! SUMMARY-  Font ........................:     1
! SUMMARY-  Color Table .................:     2
! SUMMARY-  Coordinate System ...........:     2
! SUMMARY-  Parameter ...................:     2
! SUMMARY-  Matrix ......................:     8
! SUMMARY-  View ........................:     8
! SUMMARY-  Layout ......................:     5
! SUMMARY-                                 -----
! SUMMARY-  Total                             42
! STATUS-    
! STATUS-   Converting to Output Form (Phase 2 of 3): 25-FEB-2020 9:10:04 AM
! STATUS-    
! STATUS-   Creating the IGES file (Phase 3 of 3): 25-FEB-2020  9:10:04 AM
! SUMMARY-   
! SUMMARY-  Summary of IGES Output Entities
! SUMMARY-   
! SUMMARY-  Entities Processed             Count
! SUMMARY-  ------------------             -----
! SUMMARY-  Point ........................     1
! SUMMARY-  Line .........................     6
! SUMMARY-  Plane ........................
! SUMMARY-      Unbounded ................    32
! SUMMARY-  Color ........................     2
! SUMMARY-  Name .........................    14
! SUMMARY-  Transformation ...............     8
! SUMMARY-  Definition Levels ............     5
! SUMMARY-  Level Function ...............     5
! SUMMARY-  View .........................     8
! SUMMARY-                                 -----
! SUMMARY-  Total                             81
! INFO-      
! INFO-     End of Translation: 25-FEB-2020  9:10:04 AM
! INFO-      
UG to IGES
! INFO-     NX V12.0 / IGES Specification 5.3
! INFO-      
! INFO-     Start of Translation: 25-FEB-2020  9:26:12 AM
! INFO-      
! STATUS-   Converting Part: C:\Users\19673418\Documents\Masters-Project\Models\NX12\QuarterBasicDrawingEmpty.prt
! SUMMARY-   
! SUMMARY-  Summary of Unigraphics Input Entities
! SUMMARY-  For Part: C:\Users\19673418\Documents\Masters-Project\Models\NX12\QuarterBasicDrawingEmpty.prt 
! SUMMARY-  Entities Processed             Count
! SUMMARY-  ------------------             -----
! SUMMARY-  Point .......................:     1
! SUMMARY-  Line ........................:    12
! SUMMARY-  B-Curve .....................:     6
! SUMMARY-  Part Attribute ..............:     1
! SUMMARY-  Layer Category ..............:     6
! SUMMARY-  Font ........................:     1
! SUMMARY-  Color Table .................:     2
! SUMMARY-  Coordinate System ...........:     2
! SUMMARY-  Parameter ...................:     2
! SUMMARY-  Matrix ......................:     8
! SUMMARY-  View ........................:     8
! SUMMARY-  Layout ......................:     5
! SUMMARY-  Solid .......................:
! SUMMARY-     Face .....................:     1
! SUMMARY-  Trim Curve ..................:     1
! SUMMARY-                                 -----
! SUMMARY-  Total                             56
! STATUS-    
! STATUS-   Converting to Output Form (Phase 2 of 3): 25-FEB-2020 9:26:13 AM
! STATUS-    
! STATUS-   Creating the IGES file (Phase 3 of 3): 25-FEB-2020  9:26:13 AM
! SUMMARY-   
! SUMMARY-  Summary of IGES Output Entities
! SUMMARY-   
! SUMMARY-  Entities Processed             Count
! SUMMARY-  ------------------             -----
! SUMMARY-  Point ........................     1
! SUMMARY-  Line .........................    12
! SUMMARY-  BSpline Curve ................     6
! SUMMARY-  Composite Curve ..............     2
! SUMMARY-  Curve on Surface .............     1
! SUMMARY-  Plane ........................
! SUMMARY-      Unbounded ................    32
! SUMMARY-  Trimmed Surface ..............     1
! SUMMARY-  BSpline Surface ..............     1
! SUMMARY-  Color ........................     3
! SUMMARY-  Name .........................    14
! SUMMARY-  Transformation ...............     8
! SUMMARY-  Definition Levels ............     5
! SUMMARY-  Level Function ...............     5
! SUMMARY-  View .........................     8
! SUMMARY-                                 -----
! SUMMARY-  Total                             99
! INFO-      
! INFO-     End of Translation: 25-FEB-2020  9:26:13 AM
! INFO-      
UG to IGES
! INFO-     NX V12.0 / IGES Specification 5.3
! INFO-      
! INFO-     Start of Translation: 25-FEB-2020  9:26:18 AM
! INFO-      
! STATUS-   Converting Part: C:\Users\19673418\Documents\Masters-Project\Models\NX12\QuarterBasicDrawingEmpty.prt
! SUMMARY-   
! SUMMARY-  Summary of Unigraphics Input Entities
! SUMMARY-  For Part: C:\Users\19673418\Documents\Masters-Project\Models\NX12\QuarterBasicDrawingEmpty.prt 
! SUMMARY-  Entities Processed             Count
! SUMMARY-  ------------------             -----
! SUMMARY-  Point .......................:     1
! SUMMARY-  Line ........................:    12
! SUMMARY-  B-Curve .....................:     6
! SUMMARY-  Part Attribute ..............:     1
! SUMMARY-  Layer Category ..............:     6
! SUMMARY-  Font ........................:     1
! SUMMARY-  Color Table .................:     2
! SUMMARY-  Coordinate System ...........:     2
! SUMMARY-  Parameter ...................:     2
! SUMMARY-  Matrix ......................:     8
! SUMMARY-  View ........................:     8
! SUMMARY-  Layout ......................:     5
! SUMMARY-  Solid .......................:
! SUMMARY-     Face .....................:     1
! SUMMARY-  Trim Curve ..................:     1
! SUMMARY-                                 -----
! SUMMARY-  Total                             56
! STATUS-    
! STATUS-   Converting to Output Form (Phase 2 of 3): 25-FEB-2020 9:26:19 AM
! STATUS-    
! STATUS-   Creating the IGES file (Phase 3 of 3): 25-FEB-2020  9:26:19 AM
! SUMMARY-   
! SUMMARY-  Summary of IGES Output Entities
! SUMMARY-   
! SUMMARY-  Entities Processed             Count
! SUMMARY-  ------------------             -----
! SUMMARY-  Point ........................     1
! SUMMARY-  Line .........................    12
! SUMMARY-  BSpline Curve ................     6
! SUMMARY-  Composite Curve ..............     2
! SUMMARY-  Curve on Surface .............     1
! SUMMARY-  Plane ........................
! SUMMARY-      Unbounded ................    32
! SUMMARY-  Trimmed Surface ..............     1
! SUMMARY-  BSpline Surface ..............     1
! SUMMARY-  Color ........................     3
! SUMMARY-  Name .........................    14
! SUMMARY-  Transformation ...............     8
! SUMMARY-  Definition Levels ............     5
! SUMMARY-  Level Function ...............     5
! SUMMARY-  View .........................     8
! SUMMARY-                                 -----
! SUMMARY-  Total                             99
! INFO-      
! INFO-     End of Translation: 25-FEB-2020  9:26:19 AM
! INFO-      
