Unit:              8_c13285cb4ea2186357c21a5619beb2f4
Removed elements:  [7, 8, 12, 13, 14, 17, 18, 19]
Representative grid:
1 1 1 1 1
1 0 0 0 1
1 0 0 0 1
1 0 0 1 1
1 1 1 1 1
Run successful:    True
Constraint energy: 2050.347791724815
Internal energy:   1326.2490851338953

Template details:
Case: 1
Parameters:
Origin:            (0,0)
Dimensions:        5x5 elements
Internal elements: [7, 8, 9, 12, 13, 14, 17, 18, 19]
Analysis steps:    4
Run successful:    False
Constraint energy: 0
Internal energy:   0
Ogden material parameters:
Name:  Mold Star 15
Mu:    [-6.50266e-06, 0.216863, 0.00137158]
Alpha: [-21.322, 1.1797, 4.88396]
Time created:      Fri May 22 18:27:42 2020
