 
Program name         : marc  
Job ID               : C:\Users\19673418\Documents\Masters-Project\Models\MarcMentat_Tutorials\e028\tube_uelastomer   
Version type         : i8  
User subroutine name : uelastomer  
User objects/libs    :   
Restart file job ID  :    
Substructure file ID :    
Post file job ID     :    
Defaults file ID     :    
View factor file ID  :    
Save generated module: no 
MPI library          : intelmpi 
Contact decoupling   : 0 
DDM processes        :  
Element loop threads :  
Solver processes     :  
Solver threads       :  
GPGPU option         :  
Host file            :    
Distributed i/o      :    
Run directory        : C:\Users\19673418\Documents\Masters-Project\Models\MarcMentat_Tutorials\e028 
Scratch directory    : C:\Users\19673418\Documents\Masters-Project\Models\MarcMentat_Tutorials\e028 
Default bin directory: C:\Users\19673418\AppData\Roaming\MSC.Software\Marc\2019.0.0\marc2019\bin\win64i8 
Material database    : C:\Users\19673418\AppData\Roaming\MSC.Software\Marc\2019.0.0\marc2019\AF_flowmat\  
  
no compiler available 
         Marc Exit number 3 
