Unit:              f6c3223ffa4feb7ab3b2daeeeb3ec434
Removed elements:  [8, 12, 14, 19]
Representative grid:
1 1 1 1 1
1 1 1 0 1
1 0 1 0 1
1 1 0 1 1
1 1 1 1 1
Run successful:    True
Constraint energy: 65258.08308833359

Template details:
Case: 1
Parameters:
Origin:            (0,0)
Dimensions:        5x5 elements
Internal elements: [7, 8, 9, 12, 13, 14, 17, 18, 19]
Analysis steps:    4
Run successful:    False
Constraint energy: 0
Ogden material parameters:
Name:  Mold Star 15
Mu:    [-6.50266e-06, 0.216863, 0.00137158]
Alpha: [-21.322, 1.1797, 4.88396]
Time created:      Tue May 19 17:16:17 2020
