Unit:             49_['F', '[+fF][+fF]-']_['f', '----']
Removed elements: [25, 26, 27, 28, 29, 30, 31, 36, 37, 38, 39, 40, 41, 42, 47, 48, 49, 50, 51, 52, 53, 58, 59, 60, 61, 62, 63, 64, 69, 70, 71, 72, 73, 74, 75, 80, 81, 82, 83, 84, 85, 86, 91, 92, 93, 94, 95, 96, 97]
Grammar:
F -> [+fF][+fF]-
f -> ----
Axiom:                --[F]++++(F)
Number Of Iterations: 4
Resulting Word:       --[[+----[+----[+----[+fF][+fF]-][+----[+fF][+fF]-]-][+----[+----[+fF][+fF]-][+----[+fF][+fF]-]-]-][+----[+----[+----[+fF][+fF]-][+----[+fF][+fF]-]-][+----[+----[+fF][+fF]-][+----[+fF][+fF]-]-]-]-]++++([+----[+----[+----[+fF][+fF]-][+----[+fF][+fF]-]-][+----[+----[+fF][+fF]-][+----[+fF][+fF]-]-]-][+----[+----[+----[+fF][+fF]-][+----[+fF][+fF]-]-][+----[+----[+fF][+fF]-][+----[+fF][+fF]-]-]-]-)

L-System Vocabulary:
F: Create an element at the current position and increment the position
f: Increment the position
+: Rotate the current direction by 45 degrees counterclockwise
-: Rotate the current direction by 45 degrees clockwise
[: Push the current position
]: Pop to the previously pushed position
(: Push and reflect the current position
): Pop and unreflect to the previously pushed and reflected position

Representative grid:
1 1 1 1 1 1 1 1 1 1 1
1 1 1 1 1 1 1 1 1 1 1
1 1 0 0 0 0 0 0 0 1 1
1 1 0 0 0 0 0 0 0 1 1
1 1 0 0 0 0 0 0 0 1 1
1 1 0 0 0 0 0 0 0 1 1
1 1 0 0 0 0 0 0 0 1 1
1 1 0 0 0 0 0 0 0 1 1
1 1 0 0 0 0 0 0 0 1 1
1 1 1 1 1 1 1 1 1 1 1
1 1 1 1 1 1 1 1 1 1 1
Run successful:   True
Constraint energy:
X        : 2.4889847265577086e-06 J
Y        : 0.02046552726789595 J
Magnitude: 0.028925766003384118 J
Internal energy:
X        : -21.531240731477737 J
Y        : 21.534251362085342 J
Magnitude: 3.830965305081918 J

Template details:
Case: 1
Parameters:
Origin:               (0,0)
Dimensions:           11x11 elements
Size:                 22x22 mm
Boundary thickness:   2 elements
Internal element IDs: [25, 26, 27, 28, 29, 30, 31, 36, 37, 38, 39, 40, 41, 42, 47, 48, 49, 50, 51, 52, 53, 58, 59, 60, 61, 62, 63, 64, 69, 70, 71, 72, 73, 74, 75, 80, 81, 82, 83, 84, 85, 86, 91, 92, 93, 94, 95, 96, 97]
Applied displacement: 11.0 mm
Applied pressure:     0.02 MPa
Neighbours added:     False
Analysis steps:       20
Run successful:       True
Constraint energy:
X        : -7.704760250995309e-10 J
Y        : 52.67662329092199 J
Magnitude: 128.324593457739 J
Internal energy:
X        : -7.700297060143219e-10 J
Y        : 58.38697385787964 J
Magnitude: 5945.4085693359375 J

Ogden material parameters:
Name:  Mold Star 15
Mu:    [-6.50266e-06, 0.216863, 0.00137158]
Alpha: [-21.322, 1.1797, 4.88396]

Time created: Thu Sep  3 00:27:48 2020
