Unit:              dec5ea31141427ce46fb65a6347f5096
Removed elements:  [12, 19]
Representative grid:
1 1 1 1 1
1 1 1 0 1
1 0 1 1 1
1 1 1 1 1
1 1 1 1 1
Run successful:    True
Constraint energy: 543797.2960397532

Template details:
Case: 1
Parameters:
Origin:            (0,0)
Dimensions:        5x5 elements
Internal elements: [7, 8, 9, 12, 13, 14, 17, 18, 19]
Analysis steps:    4
Run successful:    False
Constraint energy: 0
Ogden material parameters:
Name:  Mold Star 15
Mu:    [-6.50266e-06, 0.216863, 0.00137158]
Alpha: [-21.322, 1.1797, 4.88396]
Time created:      Tue May 19 17:34:13 2020
