Unit:              4_bb20ae8173cb00f1caa896146d8b707e
Removed elements:  [8, 9, 13, 14]
Representative grid:
1 1 1 1 1
1 1 1 1 1
1 1 0 0 1
1 1 0 0 1
1 1 1 1 1
Run successful:    True
Constraint energy: 0.3255509270128907 J
Internal energy:   3.4889522820085404 J

Template details:
Case: 1
Parameters:
Origin:            (20,20)
Dimensions:        5x5 elements
Internal elements: [7, 8, 9, 12, 13, 14, 17, 18, 19]
Analysis steps:    4
Run successful:    True
Constraint energy: 103.43292250298548 J
Internal energy:   1045.8269004821777 J

Ogden material parameters:
Name:  Mold Star 15
Mu:    [-6.50266e-06, 0.216863, 0.00137158]
Alpha: [-21.322, 1.1797, 4.88396]

Time created:      Mon Jun 22 15:34:05 2020
