Unit:              09e1ad71f1ba3f3cea6675078423a0f5
Removed elements:  [7, 8, 9, 13, 17]
Representative grid:
1 1 1 1 1
1 0 1 1 1
1 1 0 1 1
1 0 0 0 1
1 1 1 1 1
Run successful:    True
Constraint energy: 5928.741973552528

Template details:
Case: 1
Parameters:
Origin:            (0,0)
Dimensions:        5x5 elements
Internal elements: [7, 8, 9, 12, 13, 14, 17, 18, 19]
Analysis steps:    4
Run successful:    False
Constraint energy: 0
Ogden material parameters:
Name:  Mold Star 15
Mu:    [-6.50266e-06, 0.216863, 0.00137158]
Alpha: [-21.322, 1.1797, 4.88396]
Time created:      Tue May 19 17:11:56 2020
