Unit:              5_41703eeb4269abefef56822e119257ee
Removed elements:  [7, 8, 9, 13, 19]
Representative grid:
1 1 1 1 1
1 1 1 0 1
1 1 0 1 1
1 0 0 0 1
1 1 1 1 1
Run successful:    True
Constraint energy: 0.005928741973552527 J
Internal energy:   2.053909951413516 J

Template details:
Case: 1
Parameters:
Origin:            (0,0)
Dimensions:        5x5 elements
Internal elements: [7, 8, 9, 12, 13, 14, 17, 18, 19]
Analysis steps:    4
Run successful:    True
Constraint energy: 6.462952804663593 J
Internal energy:   1505.6417999267578 J

Ogden material parameters:
Name:  Mold Star 15
Mu:    [-6.50266e-06, 0.216863, 0.00137158]
Alpha: [-21.322, 1.1797, 4.88396]

Time created:      Wed Jun  3 17:24:12 2020
