Unit:              a53fa42c947f609904f41137ceb36e1b
Removed elements:  [8, 14, 18]
Representative grid:
1 1 1 1 1
1 1 0 1 1
1 1 1 0 1
1 1 0 1 1
1 1 1 1 1
Run successful:    True
Constraint energy: 192866.79135789885

Template details:
Case: 1
Parameters:
Origin:            (0,0)
Dimensions:        5x5 elements
Internal elements: [7, 8, 9, 12, 13, 14, 17, 18, 19]
Analysis steps:    4
Run successful:    False
Constraint energy: 0
Ogden material parameters:
Name:  Mold Star 15
Mu:    [-6.50266e-06, 0.216863, 0.00137158]
Alpha: [-21.322, 1.1797, 4.88396]
Time created:      Tue May 19 17:32:53 2020
