Unit:             23_0_32_32_1_4_30_0.5
Removed elements: [28, 36, 37, 38, 48, 49, 50, 51, 58, 59, 60, 61, 62, 64, 71, 72, 73, 74, 83, 84, 85, 94, 96]
Model ID: 0
CPPN Parameters:
Model Dimensions:          7x7 elements
Seed:                      30
Rounding Threshold:        0.5
Model Scale:               1:1
Size Of Hidden Layer:      32
Number Of Nodes Per Layer: 32
Activation Functions:
smooth ReLu
tanh
sigmoid
smooth ReLu
smooth ReLu

Representative grid:
1 1 1 1 1 1 1 1 1 1 1
1 1 1 1 1 1 1 1 1 1 1
1 1 1 1 1 0 1 0 1 1 1
1 1 1 1 1 0 0 0 1 1 1
1 1 1 1 0 0 0 0 1 1 1
1 1 0 0 0 0 0 1 0 1 1
1 1 1 0 0 0 0 1 1 1 1
1 1 0 0 0 1 1 1 1 1 1
1 1 1 1 1 0 1 1 1 1 1
1 1 1 1 1 1 1 1 1 1 1
1 1 1 1 1 1 1 1 1 1 1
Run successful:   True
Constraint energy:
X        : -1.2216614253012453e-08 J
Y        : 0.04176741006715967 J
Magnitude: 0.06446452995423105 J
Internal energy:
X        : -27.711965380236506 J
Y        : 26.656036385102198 J
Magnitude: 6.092438547493657 J

Template details:
Case: 1
Parameters:
Origin:               (0,0)
Dimensions:           11x11 elements
Size:                 22x22 mm
Boundary thickness:   2 elements
Internal element IDs: [25, 26, 27, 28, 29, 30, 31, 36, 37, 38, 39, 40, 41, 42, 47, 48, 49, 50, 51, 52, 53, 58, 59, 60, 61, 62, 63, 64, 69, 70, 71, 72, 73, 74, 75, 80, 81, 82, 83, 84, 85, 86, 91, 92, 93, 94, 95, 96, 97]
Applied displacement: 11.0 mm
Applied pressure:     0.02 MPa
Neighbours added:     False
Analysis steps:       5
Run successful:       True
Constraint energy:
X        : -3.0389817179159503e-09 J
Y        : 52.8855188902419 J
Magnitude: 128.8335898718154 J
Internal energy:
X        : -2.9519539920114246e-09 J
Y        : 58.38697385787964 J
Magnitude: 5992.6552734375 J

Ogden material parameters:
Name:  Mold Star 15
Mu:    [-6.50266e-06, 0.216863, 0.00137158]
Alpha: [-21.322, 1.1797, 4.88396]

Time created: Sun Aug 16 11:43:16 2020
