                            M               M
                            W               W
                          MMMMM           MMMMM
                          WWWWW           WWWWW
                        MMMMMMMMM       MMMMMMMMM
                        WWWWWWWWW       WWWWWWWWW
                      MMMMMMMMMMMMM   MMMMMMMMMMMMM
                      WWWWWWWWWWWWW   WWWWWWWWWWWWW
                    MMMMMMMMMMMMMMMMMMMMMMMMMMMMMMMMM
                    WWWWWWWWWWWWWWWWWWWWWWWWWWWWWWWWW
                    MMMMMMMM MMMMMMMMMMMMMMM MMMMMMMM
                    WWWWWWWW WWWWWWWWWWWWWWW WWWWWWWW
                    MMMMMM     MMMMMMMMMMM     MMMMMM
                    WWWWWW     WWWWWWWWWWW     WWWWWW
                    MMMM         MMMMMMM         MMMM
                    WWWW         WWWWWWW         WWWW
                    MM             MMM             MM
                    WW             WWW             WW
                    M               M               M
                    W               W               W
                    MM             MMM             MM
                    WW             WWW             WW
                    MMMM         MMMMMMM         MMMM
                    WWWW         WWWWWWW         WWWW
                    MMMMMM     MMMMMMMMMMM     MMMMMM
                    WWWWWW     WWWWWWWWWWW     WWWWWW
                    MMMMMMMM MMMMMMMMMMMMMMM MMMMMMMM
                    WWWWWWWW WWWWWWWWWWWWWWW WWWWWWWW
                    MMMMMMMMMMMMMMMMMMMMMMMMMMMMMMMMM
                    WWWWWWWWWWWWWWWWWWWWWWWWWWWWWWWWW
                      MMMMMMMMMMMMM   MMMMMMMMMMMMM
                      WWWWWWWWWWWWW   WWWWWWWWWWWWW
                        MMMMMMMMM       MMMMMMMMM
                        WWWWWWWWW       WWWWWWWWW
                          MMMMM           MMMMM
                          WWWWW           WWWWW
                            M               M
                            W               W

             version: Marc 2019, build 664220 (2019/07/01)

             machine type: WINDOWS

             integer*8 version: integers are 64-bits

             date: Wed Apr 22 11:34:29 2020


             (c) COPYRIGHT 2019 MSC Software Corporation, all rights reserved

                    Marc - W i n d o w s       

                     i n p u t   d a t a


                p a g e          1

                             10        20        30        40        50        60        70        80        90       100       110       120       130       140       150       160
                     ----------------------------------------------------------------------------------------------------------------------------------------------------------------
                     title               job
                     $....MARC input file produced by Marc Mentat 2019 (64bit)
                     $...................................
                     $....input file using extended precision
    card         5   extended
                     $...................................
                     sizing                                 0        21        36         0
                     alloc                       25
                     elements                    11
    card        10   version                     14         2         0         0
                     table                        0         0         2         1         1         0         0         1
                     processor                    1         1         1         0
                     ----------------------------------------------------------------------------------------------------------------------------------------------------------------
                             10        20        30        40        50        60        70        80        90       100       110       120       130       140       150       160
                     ----------------------------------------------------------------------------------------------------------------------------------------------------------------
                     ----------------------------------------------------------------------------------------------------------------------------------------------------------------
1
             general memory increasing from      25 MByte to     106 MByte


             memory increased to        28003864 words during 
             pre-reading of sets



   MSC Customer Entitlement ID
        56B8415D-4C42G849



                    *************************************************
                    *************************************************

                     program sizing and options requested as follows



                     element type requested*************************        11
                     number of elements in mesh*********************        21
                     number of nodes in mesh************************        36
                     large displacement analysis flagged************
                     load correction flagged or set*****************
                     values stored at all integration points********
                     tape no.for input of coordinates + connectivity         5
                     boundary conditions applied on current geometry
                     no.of different materials    1 max.no of slopes         5
                     number of points on shell section *************        11
                     new style input format will be used************
                     requested number of element threads************         1
                     requested number of solver threads*************         1
                     extended precision input is used ************** 
                     Marc input version ****************************        14
                     suppress echo of list items *******************
                     suppress echo of bc summary *******************
                     suppress echo of nurbs data *******************
                     additive formulation flagged for herrmann elements


                     end of parameters and sizing
                    *************************************************
                    *************************************************





                              key to stress, strain and displacement output



                                        element type        11


                              4-node isoparametric quadrilateral plane strain        

                              stresses and strains in global directions               
                                1=xx                                                  
                                2=yy                                                  
                                3=zz                                                  
                                4=xy                                                  
                                                                                      
                              displacements in global directions                      
                                1=u global x direction                                
                                2=v global y direction                                

             allocated       6132 words of memory due to nodal vectors


             allocated          4 words of memory due to boundary conditions


             allocated         16 words of memory due to geometric points


             allocated         46 words of memory due to geometric curves


             allocated         26 words of memory due to geometric surfaces


             allocated        144 words of memory due to shell, user or contact transformations



             workspace needed for input and stiffness assembly:            8948


             internal core allocation parameters
             degrees of freedom per node (ndeg)  2
             max. number of coordinates per node  2
             max. nodes per element (nnodmx)  4
             max. invariants per int. points (neqst)  1
             max.stress components per int. point (nstrmx)   4
             strains per integration point (ngens)  4


             flag for element storage (ielsto)  0
             element data in core

             memory usage per element group
                group   # elements     nelsto      MByte            words
                  1           21        1054           0             22134
                ----------------------------------------------------------
                total         21                       0             22134


                              internal element variables



                              internal element number         1  library code type   11
                              number of nodes=  4
                              stresses stored per integration point =  4
                              direct continuum components stored =  3
                              shear continuum components stored =  1
                              shell/beam flag = 0
                              curvilinear  coord. flag = 0
                              int.points for elem. stiffness  4
                              number of local inertia directions  2
                              int.point for print if all points not flagged  5
                              int. points for dist. surface loads (pressure)  2
                              library code type =    11
                              large disp. row counts     4    4    0    7



                              residual load correction is invoked



             $...................                                                                                                                                            

             solver                                                                                                                                                          
             ----------


             multifrontal direct sparse solver invoked

             optimize                    11                                                                                                                                  
             ----------



             metis nested dissection algorithm

             connectivity                                                                                                                                                    
             ----------

             geometry id =                   1
             material id =                   1
             contact body id =               1

                meshr1,  iprnt
                      5      1
                elem no., type,        nodes

             coordinates                                                                                                                                                     
             ----------

             ncrd1 ,meshr1,iprnt
                    2         5         1
                   node      coordinates

             define              ndsq                set                 fix_y_nodes                                                                                         
             ----------

             a list of nodes given below 
                     1         2         3         4         5         6

             define              ndsq                set                 displace_y_nodes                                                                                    
             ----------

             a list of nodes given below 
                    31        32        33        34        35        36

             isotropic           structural                                                                                                                                  
             ----------


             isotropic material  material id =               1
              elastic    yield criteria
              isotropic  hardening rule

             material name is:       rubber                  


                 structural  property                         value       table id


             *** warning: youngs modulus not positive
                          analysis will stop if for stress element
             Youngs modulus                              0.00000E+00              0
             Poissons ratio                              0.00000E+00              0
             mass density                                0.00000E+00              0
             shear modulus                               0.00000E+00              0
             coefficient of thermal expansion            0.00000E+00              0
             coefficient of diffusion expansion          0.00000E+00              0
             Yield stress                                1.00000E+20              0
             cost per unit volume                        0.00000E+00              0
             cost per unit mass                          0.00000E+00              0



             mat color                                                                                                                                                       
             ----------


             material id is:                  1
                material type      =          1
                material RGB color =        230         0         0

             geometry                                                                                                                                                        
             ----------


             geometry name is:       geom1


             geometry id =                 1
             geometry RGB color =        230         0         0

             geometric parameter       value
                       1             1.00000E+00
                       2             0.00000E+00
                       3             0.00000E+00
                       4             0.00000E+00
                       5             0.00000E+00
                       6             0.00000E+00
                       7             0.00000E+00
                       8             0.00000E+00

             loadcase            job                                                                                                                                         
             ----------


             contact                      5         0                                                                                                                        
             ----------

             finite sliding node-to-segment contact algorithm will be used

             number of bodies                  =         1

             Coulomb friction with piecewise linear regularization selected (type 6)

             no increment splitting during analysis

             separation based upon nodal forces:
               separation threshold is treated as a force

             suppress contact surface print out

             relative displacement below which sticking is simulated
             will be automatically determined

             friction force tolerance          =  5.00000E-02
             distance below which a node is     
             considered touching a surface     =  default
             separation threshold              =  default
             contact bias factor               =  9.50000E-01



             $....contact body 1: cbody1                                                                                                                                     

             body number                       =    1
             body name                         = cbody1
             number of sets of data            =    0

                       body positioning data          
             1st coordinate of center of rotation       0.00000E+00
             2nd coordinate of center of rotation       0.00000E+00
             initial angle rotated around axis          0.00000E+00

             1st component of directional cosine        0.00000E+00
             2nd component of directional cosine        0.00000E+00
             3rd component of directional cosine        1.00000E+00

             1st component of approach velocity         0.00000E+00
             2nd component of approach velocity         0.00000E+00
             angular approach velocity                  0.00000E+00

             1st component of velocity                  0.00000E+00     table id           0
             2nd component of velocity                  0.00000E+00     table id           0
             angular velocity                           0.00000E+00     table id           0

             1st component of surface growth factor     0.00000E+00     table id           0
             2nd component of surface growth factor     0.00000E+00     table id           0

             friction coefficient                       0.00000E+00     table id           0


             $....full default contact is allowed                                                                                                                            

             contact table                                                                                                                                                   
             ----------


             contact table remains unchanged

             no print                                                                                                                                                        
             ----------


             post                                                                                                                                                            
             ----------

             number of element variables on post file:    4

             binary post file will be used

             initial output frequency of post file:       1

             Marc 2017 style post file (default)

             post variable     1 is post code   17 =                                                 
             post variable     2 is post code   48 =                                                 
             post variable     3 is post code  301 =                                                 
             post variable     9 is post code  411 at layer      1 =                                                 
             maximum record length on binary post file=             36
             approximate no. of words per increment on file=           1192


             parameters                                                                                                                                                      
             ----------


             parameters set as follows 

             predictor used for stress-strain calculation    1.00000E+00
             penalty factor for boundary conditions          1.00000E+09
             penalty for incompressibility - r-p flow        1.00000E+02
             penalty for incompressibility - fluid flow      1.00000E+06
             beta parameter for Newmark operator             2.50000E-01
             gamma parameter for Newmark operator            5.00000E-01
             gamma1 parameter for Single-Step-Houbolt        1.50000E+00
             gamma parameter for Single-Step-Houbolt        -5.00000E-01
             sharp angle for sticking/separating - 2D        8.62500E+00
             sharp angle for sticking/separating - 3D        2.00000E+01
             initial strain rate for r-p flow                1.00000E-04
             lowest strain rate cut-off for r-p flow         1.00000E-06
             fraction of dilatational stress neglected       1.00000E+00
             factor for drilling d.o.f for shells            1.00000E-04
             factor for displacement after rezoning          1.00000E+00

             universal gas constant                          8.31400E+00
             absolute temperature offset                     2.73150E+02
             thermal properties evaluation weight            5.00000E-01
             surface projection factor in ssh dynamics       0.00000E+00
             Stefan Boltzmann constant                       5.67051E-08
             Planck's second radiation constant              1.43877E-02
             Speed of light in vacuum                        2.99790E+08
             Permeability of vacuum                          1.25664E-06
             Permittivity of vacuum                          8.85419E-12
             maximum iterative displacement component        1.00000E+30
             initial stiffness to simulate sticking          0.00000E+00
             minimum angle between the normal vectors of 
             contacting segments                             1.20000E+02
             radiation reflection cut-off                    1.00000E-03
             angle for averaging adjacent beams (s2s)        1.60000E+02
             stabilizer stiffness for model sections         0.00000E+00

             maximum change in temperature per iteration     1.00000E+02
             maximum rbe3 conditioning number                0.10000E+07
             gasket initial stress stiffness factor          4.00000E-01

             end option                                                                                                                                                      
             ----------

             wall time =          23.00

             *** error: Youngs modulus is non-positive for element number:          1
             *** error - E11 ( =    0.00000E+00) which is less than zero
                          for isotropic material number               1
                          at element number          1
             first material problems occured between temperature    0.000E+00 and    0.000E+00
             *** error: Youngs modulus is non-positive for element number:          2
             *** error: Youngs modulus is non-positive for element number:          3
             *** error: Youngs modulus is non-positive for element number:          4
             *** error: Youngs modulus is non-positive for element number:          5
             *** error: Youngs modulus is non-positive for element number:          6
             *** error: Youngs modulus is non-positive for element number:          7
             *** error: Youngs modulus is non-positive for element number:          9
             *** error: Youngs modulus is non-positive for element number:         10
             *** error: Youngs modulus is non-positive for element number:         11
             *** error: Youngs modulus is non-positive for element number:         14
             *** error: Youngs modulus is non-positive for element number:         15
             *** error: Youngs modulus is non-positive for element number:         16
             *** error: Youngs modulus is non-positive for element number:         17
             *** error: Youngs modulus is non-positive for element number:         18
             *** error: Youngs modulus is non-positive for element number:         20
             *** error: Youngs modulus is non-positive for element number:         21
             *** error: Youngs modulus is non-positive for element number:         22
             *** error: Youngs modulus is non-positive for element number:         23
             *** error: Youngs modulus is non-positive for element number:         24
             *** error: Youngs modulus is non-positive for element number:         25
             wall time =          23.00


             direct symmetric multi-frontal sparse solver is invoked for region   1


             number of element groups used:         1

                group     # elements     element type     material                             formulation

                   1          21            11                1                                    UM
 
               formulation:
                     U:   updated Lagrange
                     M:   multiplicative decomposition
 



               analysis ends because of        23 data errors


             memory usage:                       MByte       words  % of total

              within general memory:           
               element stiffness matrices:           0         928         0.0
               solver: first part                    0           0         0.0
               overallocation initial allocation   107    27998908        79.8
               other:                                0        4028         0.0
              allocated separately:
               nodal vectors:                        0        6204         0.0
               defined sets:                         0         354         0.0
               contact:                              0        2258         0.0
               transformations:                      0         144         0.0
               kinematic boundary conditions:        0           4         0.0
               points, curves and surfaces:          0         144         0.0
               mem_none:                             0       26740         0.1
               element storage:                      0       23280         0.1
               material properties:                  0        4048         0.0
               executable and common blocks:        27     7000000        20.0
               miscellaneous                         0         210         0.0
               ---------------------------------------------------------------
               total:                              134    35067250

               general memory allocated:           107    28003864
               general memory used:                  0        4956

               peak memory usage:                  159    41557520


             timing information:                             wall time      cpu time

               total time for input:                              0.03          0.03
               total time for stiffness matrix assembly:          0.00          0.00
               total time for mass matrix assembly:               0.00          0.00
               total time for stress recovery:                    0.00          0.00
               total time for matrix solution:                    0.00          0.00
               total time for contact:                            0.00          0.00
               total time for output:                             0.00          0.00
               total time for miscellaneous:                     23.70          0.64
               ---------------------------------------------------------------------
               total time:                                       23.73          0.67


             **************************************************************************


             
             Data errors have been detected during data input.  Refer to
             output for location of error.  Likely causes are misspelled
             keywords, mistyped lines or invalid input options.
             




             **************************************************************************





                                        Marc 2019

                                        Exit number   13

