Unit:              5_cb324fe901cf4a20fef893cc1af9a926
Removed elements:  [7, 9, 14, 17, 19]
Representative grid:
1 1 1 1 1
1 0 1 0 1
1 1 1 0 1
1 0 1 0 1
1 1 1 1 1
Run successful:    True
Constraint energy:
X        : 1.1150445055410288e-06 J
Y        : 0.1974017544140398 J
Magnitude: 0.315964161767711 J
Internal energy:
X        : -9.395339010283351 J
Y        : 9.312536246143281 J
Magnitude: 3.4735818170011044 J

Template details:
Case: 1
Parameters:
Origin:                (20,20)
Dimensions:            5x5 elements
Size:                  20x20 mm
Boundary thickness:    1 elements
Internal element IDs:  [7, 8, 9, 12, 13, 14, 17, 18, 19]
Applied displacement:  10.0 mm
Applied pressure:      1 MPa
Neighbours added:      True
Analysis steps:        20
Run successful:        True
Constraint energy:
X        : -3.44435528523861e-09 J
Y        : 43.55662015155832 J
Magnitude: 102.76386226192886 J
Internal energy:
X        : -1.9516731656040065 J
Y        : 12.245712399482727 J
Magnitude: 1032.4213371276855 J

Ogden material parameters:
Name:  Mold Star 15
Mu:    [-6.50266e-06, 0.216863, 0.00137158]
Alpha: [-21.322, 1.1797, 4.88396]

Time created:          Tue Jun 23 09:53:11 2020
