Unit:             26_1_10_20_1_8_0.5
Removed elements: [28, 30, 36, 37, 39, 47, 48, 51, 53, 60, 61, 62, 70, 71, 72, 73, 80, 81, 82, 83, 84, 91, 93, 94, 95, 97]
0
Representative grid:
1 1 1 1 1 1 1 1 1 1 1
1 1 1 1 1 1 1 1 1 1 1
1 1 0 1 0 0 0 1 0 1 1
1 1 0 0 0 0 0 1 1 1 1
1 1 1 0 0 0 0 1 1 1 1
1 1 1 1 0 0 0 1 1 1 1
1 1 0 0 1 1 0 1 0 1 1
1 1 0 0 1 0 1 1 1 1 1
1 1 1 1 1 0 1 0 1 1 1
1 1 1 1 1 1 1 1 1 1 1
1 1 1 1 1 1 1 1 1 1 1
Run successful:   True
Constraint energy:
X        : -1.450037609272725e-07 J
Y        : 0.047630722469110584 J
Magnitude: 0.07322010790205552 J
Internal energy:
X        : -30.90291236806661 J
Y        : 30.229858549311757 J
Magnitude: 7.0596041722164955 J

Template details:
Case: 1
Parameters:
Origin:               (0,0)
Dimensions:           11x11 elements
Size:                 22x22 mm
Boundary thickness:   2 elements
Internal element IDs: [25, 26, 27, 28, 29, 30, 31, 36, 37, 38, 39, 40, 41, 42, 47, 48, 49, 50, 51, 52, 53, 58, 59, 60, 61, 62, 63, 64, 69, 70, 71, 72, 73, 74, 75, 80, 81, 82, 83, 84, 85, 86, 91, 92, 93, 94, 95, 96, 97]
Applied displacement: 11.0 mm
Applied pressure:     0.02 MPa
Neighbours added:     False
Analysis steps:       20
Run successful:       True
Constraint energy:
X        : -7.704760250995309e-10 J
Y        : 52.67662329092199 J
Magnitude: 128.324593457739 J
Internal energy:
X        : -7.700297060143219e-10 J
Y        : 58.38697385787964 J
Magnitude: 5945.4085693359375 J

Ogden material parameters:
Name:  Mold Star 15
Mu:    [-6.50266e-06, 0.216863, 0.00137158]
Alpha: [-21.322, 1.1797, 4.88396]

Time created: Thu Sep  3 01:31:14 2020
