Marc Mentat (C)Copyright 1994-2019, MSC Software Corporation, all rights reserved
Command > *open_model "c:\users\naude conradie\desktop\repository\masters-project\models\marcmentat\units\grid_1_5x5\grid_7652c6c027da27e49fe26a8a7c9e66f8\grid_7652c6c027da27e49fe26a8a7c9e66f8.mud"
File has been written by Mentat 2019.
Model file c:\users\naude conradie\desktop\repository\masters-project\models\marcmentat\units\grid_1_5x5\grid_7652c6c027da27e49fe26a8a7c9e66f8\grid_7652c6c027da27e49fe26a8a7c9e66f8.mud opened for reading.
Model c:\users\naude conradie\desktop\repository\masters-project\models\marcmentat\units\grid_1_5x5\grid_7652c6c027da27e49fe26a8a7c9e66f8\grid_7652c6c027da27e49fe26a8a7c9e66f8 opened.
Command > *fill_view
Command > *identify_applys *redraw
Command > *fill_view
Command > *edit_job job
Enter edit job : *edit_job job
Enter edit job : 
Command > @main(results) *post_open_default
Default post file does not exist!
Command > *edit_job job
Enter edit job : 
Command > *update_job
Command > *submit_job 1 *monitor_job
INFO: Analysis dimension is derived from geometric property type Structural Plane Strain.
INFO: Assuming planar analysis!
INFO: Found 0 errors and 0 warnings.
"C:\MENTAT~1\bin\submit1.bat" marc default 1 1 - - grid_7652c6c027da27e49fe26a8a7c9e66f8_job - - - - - n n - - 0 1 1 0 - -
Job job submitted!
Command > @popdown(job_properties_pm) @main(results) @popup(modelplot_pm) *post_open_default
Number of increments detected : 5
Command > *py_file_run ..\..\..\main.py
*new_model yes
*add_nodes 0 0 0
Node 1 added.
*add_nodes 1 0 0
Node 2 added.
*add_nodes 2 0 0
Node 3 added.
*add_nodes 3 0 0
Node 4 added.
*add_nodes 4 0 0
Node 5 added.
*add_nodes 5 0 0
Node 6 added.
*add_nodes 0 1 0
Node 7 added.
*add_nodes 1 1 0
Node 8 added.
*add_nodes 2 1 0
Node 9 added.
*add_nodes 3 1 0
Node 10 added.
*add_nodes 4 1 0
Node 11 added.
*add_nodes 5 1 0
Node 12 added.
*add_nodes 0 2 0
Node 13 added.
*add_nodes 1 2 0
Node 14 added.
*add_nodes 2 2 0
Node 15 added.
*add_nodes 3 2 0
Node 16 added.
*add_nodes 4 2 0
Node 17 added.
*add_nodes 5 2 0
Node 18 added.
*add_nodes 0 3 0
Node 19 added.
*add_nodes 1 3 0
Node 20 added.
*add_nodes 2 3 0
Node 21 added.
*add_nodes 3 3 0
Node 22 added.
*add_nodes 4 3 0
Node 23 added.
*add_nodes 5 3 0
Node 24 added.
*add_nodes 0 4 0
Node 25 added.
*add_nodes 1 4 0
Node 26 added.
*add_nodes 2 4 0
Node 27 added.
*add_nodes 3 4 0
Node 28 added.
*add_nodes 4 4 0
Node 29 added.
*add_nodes 5 4 0
Node 30 added.
*add_nodes 0 5 0
Node 31 added.
*add_nodes 1 5 0
Node 32 added.
*add_nodes 2 5 0
Node 33 added.
*add_nodes 3 5 0
Node 34 added.
*add_nodes 4 5 0
Node 35 added.
*add_nodes 5 5 0
Node 36 added.
*add_elements 1 2 8 7
Element 1 added.
*add_elements 2 3 9 8
Element 2 added.
*add_elements 3 4 10 9
Element 3 added.
*add_elements 4 5 11 10
Element 4 added.
*add_elements 5 6 12 11
Element 5 added.
*add_elements 7 8 14 13
Element 6 added.
*add_elements 8 9 15 14
Element 7 added.
*add_elements 9 10 16 15
Element 8 added.
*add_elements 10 11 17 16
Element 9 added.
*add_elements 11 12 18 17
Element 10 added.
*add_elements 13 14 20 19
Element 11 added.
*add_elements 14 15 21 20
Element 12 added.
*add_elements 15 16 22 21
Element 13 added.
*add_elements 16 17 23 22
Element 14 added.
*add_elements 17 18 24 23
Element 15 added.
*add_elements 19 20 26 25
Element 16 added.
*add_elements 20 21 27 26
Element 17 added.
*add_elements 21 22 28 27
Element 18 added.
*add_elements 22 23 29 28
Element 19 added.
*add_elements 23 24 30 29
Element 20 added.
*add_elements 25 26 32 31
Element 21 added.
*add_elements 26 27 33 32
Element 22 added.
*add_elements 27 28 34 33
Element 23 added.
*add_elements 28 29 35 34
Element 24 added.
*add_elements 29 30 36 35
Element 25 added.
*new_md_table 1 1
*table_name "ramp_input"
*set_md_table_type 1 "time"
*set_md_table_step_v 1 100
*set_md_table_step_f 1 100
*set_md_table_method_formula
*md_table_formula v1
Formula evaluation successful.
*new_apply
*apply_type fixed_displacement
*apply_name bc_fd_y0
*apply_dof y
*apply_dof_value y 0
*add_apply_nodes 
1 
2 
3 
4 
5 
6 
#
*new_apply
*apply_type fixed_displacement
*apply_name bc_fd_y1
*apply_dof y
*apply_dof_value y 2.5
*apply_dof_table y ramp_input
*add_apply_nodes 
31 
32 
33 
34 
35 
36 
#
*new_apply
*apply_type fixed_displacement
*apply_name bc_fd_x0
*apply_dof x
*apply_dof_value x 0
*add_apply_nodes 
1 
7 
13 
19 
25 
31 
#
*new_apply
*apply_type fixed_displacement
*apply_name bc_fd_x1
*apply_dof x
*apply_dof_value x 0
*add_apply_nodes 
6 
12 
18 
24 
30 
36 
#
*geometry_type mech_planar_pstrain
*add_geometry_elements all_existing
*new_mater standard
*mater_option general:state:solid
*mater_option general:skip_structural:off
*mater_name "Mold Star 15"
*mater_option structural:type:ogden
*mater_param structural:ogden_nterm 3
*mater_param structural:ogden_modulus_1 -6.50266e-06
*mater_param structural:ogden_exp_1 -21.322
*mater_param structural:ogden_modulus_2 0.216863
*mater_param structural:ogden_exp_2 1.1797
*mater_param structural:ogden_modulus_3 0.00137158
*mater_param structural:ogden_exp_3 4.88396
*add_mater_elements all_existing
*new_cbody mesh
*contact_option state:solid
*contact_option skip_structural:off
*add_contact_body_elements all_existing
*new_loadcase
*loadcase_type struc:static
*loadcase_value nsteps 4
*prog_use_current_job on
*new_job structural
*job_name job
*add_job_loadcases lcase1
*job_option strain:large
*job_option follow:on
*add_post_tensor stress_g
*add_post_tensor strain
*add_post_var von_mises
*add_post_var te_energy
*set_save_formatted off
*save_as_model "C:\Users\Naude Conradie\Desktop\Repository\Masters-Project\Models\MarcMentat\Templates\grid_1_5x5\grid_1_5x5.mud" yes
Model saved to C:\Users\Naude Conradie\Desktop\Repository\Masters-Project\Models\MarcMentat\Templates\grid_1_5x5\grid_1_5x5.mud.
*update_job
*submit_job 1
INFO: Analysis dimension is derived from geometric property type Structural Plane Strain.
INFO: Assuming planar analysis!
INFO: Element type 11 has been set for 25 element(s).
INFO: Found 0 errors and 0 warnings.
"C:\MENTAT~1\bin\submit1.bat" marc default 1 1 - - grid_1_5x5_job - - - - - n n - - 0 1 1 0 - -
Job job submitted!
*monitor_job
@main(results) @popup(modelplot_pm) *post_open "C:\Users\Naude Conradie\Desktop\Repository\Masters-Project\Models\MarcMentat\Templates\grid_1_5x5\grid_1_5x5_job.t16"
Number of increments detected : 5
*post_numerics
*post_rewind
*post_value Equivalent Von Mises Stress
*post_next
*post_next
*post_next
*post_next
*post_next
*post_rewind
*post_value Displacement
*post_next
*post_next
*post_next
*post_next
*post_next
*post_rewind
*post_value Reaction Force
*post_next
*post_next
*post_next
*post_next
*post_next
*post_rewind
*post_close
*set_save_formatted off
*save_as_model "C:\Users\Naude Conradie\Desktop\Repository\Masters-Project\Models\MarcMentat\Templates\grid_1_5x5\grid_1_5x5.mud" yes
Model saved to C:\Users\Naude Conradie\Desktop\Repository\Masters-Project\Models\MarcMentat\Templates\grid_1_5x5\grid_1_5x5.mud.
*remove_elements 
7 
9 
12 
13 
14 
17 
18 
19 
#
*set_save_formatted off
*save_as_model "C:\Users\Naude Conradie\Desktop\Repository\Masters-Project\Models\MarcMentat\Units\grid_1_5x5\grid_caf863a9c931d4c0f7f399b088ccda1f\grid_caf863a9c931d4c0f7f399b088ccda1f.mud" yes
Model saved to C:\Users\Naude Conradie\Desktop\Repository\Masters-Project\Models\MarcMentat\Units\grid_1_5x5\grid_caf863a9c931d4c0f7f399b088ccda1f\grid_caf863a9c931d4c0f7f399b088ccda1f.mud.
*update_job
*submit_job 1
INFO: Analysis dimension is derived from geometric property type Structural Plane Strain.
INFO: Assuming planar analysis!
INFO: Found 0 errors and 0 warnings.
"C:\MENTAT~1\bin\submit1.bat" marc default 1 1 - - grid_caf863a9c931d4c0f7f399b088ccda1f_job - - - - - n n - - 0 1 1 0 - -
Job job submitted!
*monitor_job
@main(results) @popup(modelplot_pm) *post_open "C:\Users\Naude Conradie\Desktop\Repository\Masters-Project\Models\MarcMentat\Units\grid_1_5x5\grid_caf863a9c931d4c0f7f399b088ccda1f\grid_caf863a9c931d4c0f7f399b088ccda1f_job.t16"
Number of increments detected : 5
*post_numerics
*post_rewind
*post_value Displacement X
*post_next
*post_next
*post_next
*post_next
*post_next
*post_rewind
*post_value Displacement Y
*post_next
*post_next
*post_next
*post_next
*post_next
*post_rewind
*post_value Reaction Force X
*post_next
*post_next
*post_next
*post_next
*post_next
*post_rewind
*post_value Reaction Force Y
*post_next
*post_next
*post_next
*post_next
*post_next
*post_rewind
*post_value Equivalent Von Mises Stress
*post_next
*post_next
*post_next
*post_next
*post_next
*post_rewind
*post_value Total Strain Energy Density
*post_next
*post_next
*post_next
*post_next
*post_next
*post_rewind
*post_close
@main(results) @popup(modelplot_pm) *post_open "C:\Users\Naude Conradie\Desktop\Repository\Masters-Project\Models\MarcMentat\Units\grid_1_5x5\grid_caf863a9c931d4c0f7f399b088ccda1f\grid_caf863a9c931d4c0f7f399b088ccda1f_job.t16"
Number of increments detected : 5
*post_numerics
*post_rewind
*post_value Equivalent Von Mises Stress
*post_next
*post_next
*post_next
*post_next
*post_next
*post_rewind
*post_value Displacement
*post_next
*post_next
*post_next
*post_next
*post_next
*post_rewind
*post_value Reaction Force
*post_next
*post_next
*post_next
*post_next
*post_next
*post_rewind
*post_close
*open_model "C:\Users\Naude Conradie\Desktop\Repository\Masters-Project\Models\MarcMentat\Templates\grid_1_5x5\grid_1_5x5.mud"
File has been written by Mentat 2019.
Model file C:\Users\Naude Conradie\Desktop\Repository\Masters-Project\Models\MarcMentat\Templates\grid_1_5x5\grid_1_5x5.mud opened for reading.
Model C:\Users\Naude Conradie\Desktop\Repository\Masters-Project\Models\MarcMentat\Templates\grid_1_5x5\grid_1_5x5 opened.
*identify_applys
*redraw
