Unit:              2_9cdc7ff30f937e298724802f8efe52aa
Removed elements:  [8, 13]
Representative grid:
1 1 1 1 1
1 1 1 1 1
1 1 0 1 1
1 1 0 1 1
1 1 1 1 1
Run successful:    True
Constraint energy: 0.3749626942141665 J
Internal energy:   40.228765461593866 J

Template details:
Case: 1
Parameters:
Origin:            (0,0)
Dimensions:        5x5 elements
Internal elements: [7, 8, 9, 12, 13, 14, 17, 18, 19]
Analysis steps:    4
Run successful:    True
Constraint energy: 6.462952804663593 J
Internal energy:   1505.6417999267578 J

Ogden material parameters:
Name:  Mold Star 15
Mu:    [-6.50266e-06, 0.216863, 0.00137158]
Alpha: [-21.322, 1.1797, 4.88396]

Time created:      Mon Jun  8 17:44:07 2020
