Unit:              3_f371ed0d1cc367adfa0b07eba79d5fd6
Removed elements:  [7, 12, 19]
Representative grid:
1 1 1 1 1
1 1 1 0 1
1 0 1 1 1
1 0 1 1 1
1 1 1 1 1
Run successful:    True
Constraint energy: 1189.378066665052
Internal energy:   473.94850803539157

Template details:
Case: 2
Parameters:
Origin:            (0,0)
Dimensions:        5x5 elements
Internal elements: [7, 8, 9, 12, 13, 14, 17, 18, 19]
Analysis steps:    4
Run successful:    False
Constraint energy: 0
Internal energy:   0
Ogden material parameters:
Name:  Mold Star 15
Mu:    [-6.50266e-06, 0.216863, 0.00137158]
Alpha: [-21.322, 1.1797, 4.88396]
Time created:      Fri May 22 12:37:34 2020
