Unit:             c63c62cd8e510633aefabd7afd9526b3
Removed elements:  [7, 14, 19]
Representative grid:
1 1 1 1 1
1 1 1 0 1
1 1 1 0 1
1 0 1 1 1
1 1 1 1 1
Run successful:    True
Template details:
Case: 0
Parameters:
Origin:            (0,0)
Dimensions:        5x5 elements
Internal elements: [7, 8, 9, 12, 13, 14, 17, 18, 19]
Analysis steps:    4
Ogden material parameters:
Name:  Mold Star 15
Mu:    [-6.50266e-06, 0.216863, 0.00137158]
Alpha: [-21.322, 1.1797, 4.88396]
Time created:      Thu May  7 15:56:10 2020
