Unit:              9_c49471cdbc4c1a58d7cada2f54f3b66e
Removed elements:  [6, 7, 9, 11, 12, 17, 18, 19, 26]
Representative grid:
1 1 1 1 1
1 0 0 0 1
0 0 1 1 1
0 0 1 0 1
0 1 1 1 1
Run successful:    True
Constraint energy: 0.019236069221216713 J
Internal energy:   0.6449132551151706 J

Template details:
Case: 1
Parameters:
Origin:            (0,0)
Dimensions:        5x5 elements
Internal elements: [6, 7, 8, 9, 11, 12, 13, 14, 17, 18, 19, 26]
Analysis steps:    4
Run successful:    True
Constraint energy: 103.40724487461749 J
Internal energy:   1505.6417999267578 J

Ogden material parameters:
Name:  Mold Star 15
Mu:    [-6.50266e-06, 0.216863, 0.00137158]
Alpha: [-21.322, 1.1797, 4.88396]

Time created:      Sun Jun 14 11:46:56 2020
