Unit:              2_fec440984ed75a559d63a099faf596b3
Removed elements:  [8, 18]
Representative grid:
1 1 1 1 1
1 1 0 1 1
1 1 1 1 1
1 1 0 1 1
1 1 1 1 1
Run successful:    True
Constraint energy:
X        : 0.0002553450293453599 J
Y        : 1.2603859048879809 J
Magnitude: 3.605707662088292 J
Internal energy:
X        : -8.95944693684578 J
Y        : 8.270747117698193 J
Magnitude: 19.11488613858819 J

Template details:
Case: 1
Parameters:
Origin:                (20,20)
Dimensions:            5x5 elements
Size:                  20x20 mm
Boundary thickness:    1 elements
Internal element IDs:  [7, 8, 9, 12, 13, 14, 17, 18, 19]
Applied displacement:  10.0 mm
Applied pressure:      0.1 MPa
Neighbours added:      True
Analysis steps:        4
Run successful:        True
Constraint energy:
X        : -6.282426606949422e-07 J
Y        : 43.83862241919892 J
Magnitude: 103.43292250298548 J
Internal energy:
X        : -1.9780411623069085 J
Y        : 12.252455413341522 J
Magnitude: 1045.8269004821777 J

Ogden material parameters:
Name:  Mold Star 15
Mu:    [-6.50266e-06, 0.216863, 0.00137158]
Alpha: [-21.322, 1.1797, 4.88396]

Time created:          Mon Jun 22 17:41:35 2020
