Unit:             39_1_973_1_8_28_42
Removed elements: [53, 55, 56, 57, 65, 66, 67, 68, 69, 70, 80, 82, 83, 84, 85, 86, 87, 94, 97, 98, 99, 100, 114, 116, 124, 126, 127, 129, 139, 140, 142, 146, 147, 154, 162, 169, 170, 175, 176]
Model ID: 1
CPPN Parameters:
Model Dimensions:               9x9 elements
Model Seed:                     973
Number Of Models Generated:     2
Model Scale:                    1:1
Number Of Hidden Layers:        8
Size Of Initial Hidden Layer:   28
Percentage Of Elements Removed: 42%
Activation Functions:
sin
cos
sin
cos
sin
sin
sigmoid

Representative grid:
1 1 1 1 1 1 1 1 1 1 1 1 1 1 1
1 1 1 1 1 1 1 1 1 1 1 1 1 1 1
1 1 1 1 1 1 1 1 1 1 1 1 1 1 1
1 1 1 0 0 1 1 1 1 0 0 1 1 1 1
1 1 1 0 1 1 1 1 1 1 1 0 1 1 1
1 1 1 0 0 1 0 1 1 1 0 0 1 1 1
1 1 1 0 1 0 0 1 0 1 1 1 1 1 1
1 1 1 1 1 1 1 1 0 1 0 1 1 1 1
1 1 1 0 1 1 0 0 0 0 1 1 1 1 1
1 1 1 1 0 1 0 0 0 0 0 0 1 1 1
1 1 1 1 0 0 0 0 0 0 1 1 1 1 1
1 1 1 1 1 1 1 0 1 0 0 0 1 1 1
1 1 1 1 1 1 1 1 1 1 1 1 1 1 1
1 1 1 1 1 1 1 1 1 1 1 1 1 1 1
1 1 1 1 1 1 1 1 1 1 1 1 1 1 1
Run successful:   True
Constraint energy:
X        : None J
Y        : None J
Magnitude: None J
Internal energy:
X        : None J
Y        : None J
Magnitude: None J

Template details:
Case: 1
Parameters:
Dimensions:           15x15 elements
Size:                 150x150 mm
Boundary thickness:   3 elements
Internal element IDs: [49, 50, 51, 52, 53, 54, 55, 56, 57, 64, 65, 66, 67, 68, 69, 70, 71, 72, 79, 80, 81, 82, 83, 84, 85, 86, 87, 94, 95, 96, 97, 98, 99, 100, 101, 102, 109, 110, 111, 112, 113, 114, 115, 116, 117, 124, 125, 126, 127, 128, 129, 130, 131, 132, 139, 140, 141, 142, 143, 144, 145, 146, 147, 154, 155, 156, 157, 158, 159, 160, 161, 162, 169, 170, 171, 172, 173, 174, 175, 176, 177]
Applied displacement: 75.0 mm
Applied pressure:     0.025 MPa
Analysis steps:       5
Run successful:       True
Constraint energy:
X        : -1.0491723904534065e-07 J
Y        : 2458.5209651639975 J
Magnitude: 6030.714183359089 J
Internal energy:
X        : -3.721587205074428e-09 J
Y        : 103.79906797409058 J
Magnitude: 10653.609375 J

Ogden material parameters:
Name:  Mold Star 15
Mu:    [-6.50266e-06, 0.216863, 0.00137158]
Alpha: [-21.322, 1.1797, 4.88396]

Time created: Thu Oct 29 17:12:13 2020
