Unit:             c9f0f895fb98ab9159f51fd0297e236d
Removed elements:  [8]
Representative grid:
1 1 1 1 1
1 1 1 1 1
1 1 1 1 1
1 1 0 1 1
1 1 1 1 1
Run successful:    True
Template details:
Case: 1
Parameters:
Origin:            (0,0)
Dimensions:        5x5 elements
Internal elements: [7, 8, 9, 12, 13, 14, 17, 18, 19]
Analysis steps:    4
Ogden material parameters:
Name:  Mold Star 15
Mu:    [-6.50266e-06, 0.216863, 0.00137158]
Alpha: [-21.322, 1.1797, 4.88396]
Time created:      Mon May 11 10:00:17 2020
