Unit:              7_08b6e12089d4112b1b9beeff6878f699
Removed elements:  [7, 9, 12, 13, 14, 18, 19]
Representative grid:
1 1 1 1 1
1 1 0 0 1
1 0 0 0 1
1 0 1 0 1
1 1 1 1 1
Run successful:    True
Constraint energy:
X        : -2.1479793069643764e-06 J
Y        : 0.023603344309343292 J
Magnitude: 0.03384102966099878 J
Internal energy:
X        : -6.9620121219195426 J
Y        : 6.836933519691229 J
Magnitude: 1.308728302246891 J

Template details:
Case: 1
Parameters:
Origin:                (0,0)
Dimensions:            5x5 elements
Size:                  20x20 mm
Boundary thickness:    1 elements
Internal element IDs:  [7, 8, 9, 12, 13, 14, 17, 18, 19]
Applied displacement:  10.0 mm
Applied pressure:      0.025 MPa
Neighbours added:      False
Analysis steps:        5
Run successful:        True
Constraint energy:
X        : -5.20968294284496e-09 J
Y        : 43.70704040440105 J
Magnitude: 103.15007934690621 J
Internal energy:
X        : -1.4273650347611244e-09 J
Y        : 14.59674346446991 J
Magnitude: 1498.163818359375 J

Ogden material parameters:
Name:  Mold Star 15
Mu:    [-6.50266e-06, 0.216863, 0.00137158]
Alpha: [-21.322, 1.1797, 4.88396]

Time created:          Tue Jun 23 17:58:08 2020
