Unit:              3_89e56365fb1da00ec511ba7c41b486f1
Removed elements:  [7, 9, 14]
Representative grid:
1 1 1 1 1
1 1 1 1 1
1 1 1 0 1
1 0 1 0 1
1 1 1 1 1
Run successful:    True
Constraint energy:
X        : 0.0011082947991528462 J
Y        : 1.9801233743813855 J
Magnitude: 4.521634952443606 J
Internal energy:
X        : -8.69403123576194 J
Y        : 7.871946069120895 J
Magnitude: 28.770745433866978 J

Template details:
Case: 1
Parameters:
Origin:                (0,0)
Dimensions:            5x5 elements
Size:                  20x20 mm
Boundary thickness:    1 elements
Internal element IDs:  [7, 8, 9, 12, 13, 14, 17, 18, 19]
Applied displacement:  10.0 mm
Applied pressure:      0.05 MPa
Neighbours added:      False
Analysis steps:        5
Run successful:        True
Constraint energy:
X        : -4.75794279549026e-08 J
Y        : 13.1525092530359 J
Magnitude: 27.87360684108652 J
Internal energy:
X        : -0.9825214605407382 J
Y        : 6.692293345928192 J
Magnitude: 354.37840938568115 J

Ogden material parameters:
Name:  Mold Star 15
Mu:    [-6.50266e-06, 0.216863, 0.00137158]
Alpha: [-21.322, 1.1797, 4.88396]

Time created:          Tue Jun 23 16:02:23 2020
