Unit:              2_cfea4d081974298d8d10a0e9013aea7c
Removed elements:  [13, 17]
Representative grid:
1 1 1 1 1
1 0 1 1 1
1 1 0 1 1
1 1 1 1 1
1 1 1 1 1
Run successful:    True
Constraint energy: 619114.6943509902
Internal energy:   89090.20024887286

Template details:
Case: 1
Parameters:
Origin:            (0,0)
Dimensions:        5x5 elements
Internal elements: [7, 8, 9, 12, 13, 14, 17, 18, 19]
Analysis steps:    4
Run successful:    False
Constraint energy: 0
Internal energy:   0
Ogden material parameters:
Name:  Mold Star 15
Mu:    [-6.50266e-06, 0.216863, 0.00137158]
Alpha: [-21.322, 1.1797, 4.88396]
Time created:      Fri May 22 18:26:42 2020
