Unit:              9_30e6c4033b2b52a6b2d08019bbdeb28b
Removed elements:  [6, 8, 9, 11, 12, 14, 17, 19, 26]
Representative grid:
1 1 1 1 1
1 0 1 0 1
0 0 1 0 1
0 1 0 0 1
0 1 1 1 1
Run successful:    True
Constraint energy: 0.026117073176918502 J
Internal energy:   1.0377772079245915 J

Template details:
Case: 1
Parameters:
Origin:            (0,0)
Dimensions:        5x5 elements
Internal elements: [6, 7, 8, 9, 11, 12, 13, 14, 17, 18, 19, 26]
Analysis steps:    4
Run successful:    True
Constraint energy: 103.40724487461749 J
Internal energy:   1505.6417999267578 J

Ogden material parameters:
Name:  Mold Star 15
Mu:    [-6.50266e-06, 0.216863, 0.00137158]
Alpha: [-21.322, 1.1797, 4.88396]

Time created:      Sun Jun 14 11:37:53 2020
