Unit:              3_d80e27ce030332cc47865c08e55f11a5
Removed elements:  [9, 17, 19]
Representative grid:
1 1 1 1 1
1 0 1 0 1
1 1 1 1 1
1 1 1 0 1
1 1 1 1 1
Run successful:    True
Constraint energy:
X        : 0.0006833979870436688 J
Y        : 1.1012317585826328 J
Magnitude: 2.319096418750084 J
Internal energy:
X        : -8.576928314752877 J
Y        : 7.569772044196725 J
Magnitude: 14.793696267033738 J

Template details:
Case: 1
Parameters:
Origin:                (20,20)
Dimensions:            5x5 elements
Size:                  20x20 mm
Boundary thickness:    1 elements
Internal element IDs:  [7, 8, 9, 12, 13, 14, 17, 18, 19]
Applied displacement:  10.0 mm
Applied pressure:      0.1 MPa
Neighbours added:      True
Analysis steps:        4
Run successful:        True
Constraint energy:
X        : -6.282426606949422e-07 J
Y        : 43.83862241919892 J
Magnitude: 103.43292250298548 J
Internal energy:
X        : -1.9780411623069085 J
Y        : 12.252455413341522 J
Magnitude: 1045.8269004821777 J

Ogden material parameters:
Name:  Mold Star 15
Mu:    [-6.50266e-06, 0.216863, 0.00137158]
Alpha: [-21.322, 1.1797, 4.88396]

Time created:          Mon Jun 22 17:23:58 2020
