Unit:             25_3_10_20_1_6_0.5
Removed elements: [25, 26, 27, 28, 29, 30, 36, 37, 42, 47, 48, 51, 52, 60, 62, 63, 69, 70, 74, 82, 84, 86, 94, 95, 97]
0
Representative grid:
1 1 1 1 1 1 1 1 1 1 1
1 1 1 1 1 1 1 1 1 1 1
1 1 1 1 1 0 0 1 0 1 1
1 1 1 1 0 1 0 1 0 1 1
1 1 0 0 1 1 1 0 1 1 1
1 1 1 1 0 1 0 0 1 1 1
1 1 0 0 1 1 0 0 1 1 1
1 1 0 0 1 1 1 1 0 1 1
1 1 0 0 0 0 0 0 1 1 1
1 1 1 1 1 1 1 1 1 1 1
1 1 1 1 1 1 1 1 1 1 1
Run successful:   True
Constraint energy:
X        : 1.6673863714331313e-05 J
Y        : 0.038909732461403064 J
Magnitude: 0.06811431470437629 J
Internal energy:
X        : -25.230215017683804 J
Y        : 24.05797808431089 J
Magnitude: 6.4880324054593075 J

Template details:
Case: 1
Parameters:
Origin:               (0,0)
Dimensions:           11x11 elements
Size:                 22x22 mm
Boundary thickness:   2 elements
Internal element IDs: [25, 26, 27, 28, 29, 30, 31, 36, 37, 38, 39, 40, 41, 42, 47, 48, 49, 50, 51, 52, 53, 58, 59, 60, 61, 62, 63, 64, 69, 70, 71, 72, 73, 74, 75, 80, 81, 82, 83, 84, 85, 86, 91, 92, 93, 94, 95, 96, 97]
Applied displacement: 11.0 mm
Applied pressure:     0.02 MPa
Neighbours added:     False
Analysis steps:       20
Run successful:       True
Constraint energy:
X        : -7.704760250995309e-10 J
Y        : 52.67662329092199 J
Magnitude: 128.324593457739 J
Internal energy:
X        : -7.700297060143219e-10 J
Y        : 58.38697385787964 J
Magnitude: 5945.4085693359375 J

Ogden material parameters:
Name:  Mold Star 15
Mu:    [-6.50266e-06, 0.216863, 0.00137158]
Alpha: [-21.322, 1.1797, 4.88396]

Time created: Thu Sep  3 01:26:58 2020
