Unit:              6_132869a5c3090649b11e2cc66d5b8646
Removed elements:  [7, 9, 12, 13, 18, 19]
Representative grid:
1 1 1 1 1
1 1 0 0 1
1 0 0 1 1
1 0 1 0 1
1 1 1 1 1
Run successful:    True
Constraint energy: 1033.146680860897
Internal energy:   367.63739573871135

Template details:
Case: 2
Parameters:
Origin:            (0,0)
Dimensions:        5x5 elements
Internal elements: [7, 8, 9, 12, 13, 14, 17, 18, 19]
Analysis steps:    4
Run successful:    False
Constraint energy: 0
Internal energy:   0
Ogden material parameters:
Name:  Mold Star 15
Mu:    [-6.50266e-06, 0.216863, 0.00137158]
Alpha: [-21.322, 1.1797, 4.88396]
Time created:      Fri May 22 12:58:42 2020
