Unit:              5_1f38f16dca1854ba6ef0679cb76dad98
Removed elements:  [7, 8, 9, 17, 19]
Representative grid:
1 1 1 1 1
1 0 1 0 1
1 1 1 1 1
1 0 0 0 1
1 1 1 1 1
Run successful:    True
Constraint energy: 0.06910859740315976 J
Internal energy:   1.6821202370338142 J

Template details:
Case: 1
Parameters:
Origin:            (0,0)
Dimensions:        5x5 elements
Internal elements: [7, 8, 9, 12, 13, 14, 17, 18, 19]
Analysis steps:    4
Run successful:    True
Constraint energy: 103.40724487461749 J
Internal energy:   1505.6417999267578 J

Ogden material parameters:
Name:  Mold Star 15
Mu:    [-6.50266e-06, 0.216863, 0.00137158]
Alpha: [-21.322, 1.1797, 4.88396]

Time created:      Sun Jun 14 13:20:19 2020
