                            M               M
                            W               W
                          MMMMM           MMMMM
                          WWWWW           WWWWW
                        MMMMMMMMM       MMMMMMMMM
                        WWWWWWWWW       WWWWWWWWW
                      MMMMMMMMMMMMM   MMMMMMMMMMMMM
                      WWWWWWWWWWWWW   WWWWWWWWWWWWW
                    MMMMMMMMMMMMMMMMMMMMMMMMMMMMMMMMM
                    WWWWWWWWWWWWWWWWWWWWWWWWWWWWWWWWW
                    MMMMMMMM MMMMMMMMMMMMMMM MMMMMMMM
                    WWWWWWWW WWWWWWWWWWWWWWW WWWWWWWW
                    MMMMMM     MMMMMMMMMMM     MMMMMM
                    WWWWWW     WWWWWWWWWWW     WWWWWW
                    MMMM         MMMMMMM         MMMM
                    WWWW         WWWWWWW         WWWW
                    MM             MMM             MM
                    WW             WWW             WW
                    M               M               M
                    W               W               W
                    MM             MMM             MM
                    WW             WWW             WW
                    MMMM         MMMMMMM         MMMM
                    WWWW         WWWWWWW         WWWW
                    MMMMMM     MMMMMMMMMMM     MMMMMM
                    WWWWWW     WWWWWWWWWWW     WWWWWW
                    MMMMMMMM MMMMMMMMMMMMMMM MMMMMMMM
                    WWWWWWWW WWWWWWWWWWWWWWW WWWWWWWW
                    MMMMMMMMMMMMMMMMMMMMMMMMMMMMMMMMM
                    WWWWWWWWWWWWWWWWWWWWWWWWWWWWWWWWW
                      MMMMMMMMMMMMM   MMMMMMMMMMMMM
                      WWWWWWWWWWWWW   WWWWWWWWWWWWW
                        MMMMMMMMM       MMMMMMMMM
                        WWWWWWWWW       WWWWWWWWW
                          MMMMM           MMMMM
                          WWWWW           WWWWW
                            M               M
                            W               W

             version: Marc 2019, build 664220 (2019/07/01)

             machine type: WINDOWS

             integer*8 version: integers are 64-bits

             date: Thu Sep 17 13:48:45 2020


             (c) COPYRIGHT 2019 MSC Software Corporation, all rights reserved

                    Marc - W i n d o w s       

                     i n p u t   d a t a


                p a g e          1

                             10        20        30        40        50        60        70        80        90       100       110       120       130       140       150       160
                     ----------------------------------------------------------------------------------------------------------------------------------------------------------------
                     title               job_1
                     $....MARC input file produced by Marc Mentat 2019 (64bit)
                     $...................................
                     $....input file using extended precision
    card         5   extended
                     $...................................
                     sizing                                 0      1152      2116         0
                     alloc                       25
                     elements                    11
    card        10   version                     14         2         0         0
                     table                        0         0         2         1         1         0         0         1
                     processor                    1         1         1         0
                     ----------------------------------------------------------------------------------------------------------------------------------------------------------------
                             10        20        30        40        50        60        70        80        90       100       110       120       130       140       150       160
                     ----------------------------------------------------------------------------------------------------------------------------------------------------------------
                     ----------------------------------------------------------------------------------------------------------------------------------------------------------------
1
             general memory increasing from      25 MByte to     106 MByte


             memory increased to        28003864 words during 
             pre-reading of sets



             allocated          2 words of memory due to tables


   MSC Customer Entitlement ID
        56B8415D-4C978F4G



                    *************************************************
                    *************************************************

                     program sizing and options requested as follows



                     element type requested*************************        11
                     number of elements in mesh*********************      1152
                     number of nodes in mesh************************      2116
                     large displacement analysis flagged************
                     load correction flagged or set*****************
                     values stored at all integration points********
                     tape no.for input of coordinates + connectivity         5
                     boundary conditions applied on current geometry
                     no.of different materials    1 max.no of slopes         5
                     number of points on shell section *************        11
                     new style input format will be used************
                     requested number of element threads************         1
                     requested number of solver threads*************         1
                     number of tables used *************************         1
                     extended precision input is used ************** 
                     Marc input version ****************************        14
                     maximum number of boundary conditions *********         4
                     suppress echo of list items *******************
                     suppress echo of bc summary *******************
                     suppress echo of nurbs data *******************
                     additive formulation flagged for herrmann elements


                     end of parameters and sizing
                    *************************************************
                    *************************************************





                              key to stress, strain and displacement output



                                        element type        11


                              4-node isoparametric quadrilateral plane strain        

                              stresses and strains in global directions               
                                1=xx                                                  
                                2=yy                                                  
                                3=zz                                                  
                                4=xy                                                  
                                                                                      
                              displacements in global directions                      
                                1=u global x direction                                
                                2=v global y direction                                

             allocated     359732 words of memory due to nodal vectors


             allocated         74 words of memory due to tables


             allocated        882 words of memory due to tables


             allocated       1940 words of memory due to boundary conditions


             allocated         16 words of memory due to geometric points


             allocated         46 words of memory due to geometric curves


             allocated         26 words of memory due to geometric surfaces


             allocated       8464 words of memory due to shell, user or contact transformations



             workspace needed for input and stiffness assembly:           85726


             internal core allocation parameters
             degrees of freedom per node (ndeg)  2
             max. number of coordinates per node  2
             max. nodes per element (nnodmx)  4
             max. invariants per int. points (neqst)  1
             max.stress components per int. point (nstrmx)   4
             strains per integration point (ngens)  4


             flag for element storage (ielsto)  0
             element data in core

             memory usage per element group
                group   # elements     nelsto      MByte            words
                  1         1152        1150           5           1324800
                ----------------------------------------------------------
                total       1152                       5           1324800


                              internal element variables



                              internal element number         1  library code type   11
                              number of nodes=  4
                              stresses stored per integration point =  4
                              direct continuum components stored =  3
                              shear continuum components stored =  1
                              shell/beam flag = 0
                              curvilinear  coord. flag = 0
                              int.points for elem. stiffness  4
                              number of local inertia directions  2
                              int.point for print if all points not flagged  5
                              int. points for dist. surface loads (pressure)  2
                              library code type =    11
                              large disp. row counts     4    4    0    7



                              residual load correction is invoked



             $...................                                                                                                                                            

             solver                                                                                                                                                          
             ----------


             multifrontal direct sparse solver invoked

             optimize                    11                                                                                                                                  
             ----------



             metis nested dissection algorithm

             connectivity                                                                                                                                                    
             ----------

             geometry id =                   1
             material id =                   1
             contact body id =               1

                meshr1,  iprnt
                      5      1
                elem no., type,        nodes

             coordinates                                                                                                                                                     
             ----------

             ncrd1 ,meshr1,iprnt
                    2         5         1
                   node      coordinates

             define              node                set                 bc_fd_yy1_nodes                                                                                     
             ----------

             a list of nodes given below 
                     1         2         3         4         5         6         7         8         9        10        11        12        13
                     echo suppressed for       125 items
                     total number of items read:       138

             define              node                set                 bc_fd_yy2_nodes                                                                                     
             ----------

             a list of nodes given below 
                     1         2         3         4         5         6         7         8         9        10        11        12        13
                     echo suppressed for       125 items
                     total number of items read:       138

             define              node                set                 bc_fd_xx1_nodes                                                                                     
             ----------

             a list of nodes given below 
                     1        16        17        32        33        48        49        64        65        80        81        96        97
                     echo suppressed for       125 items
                     total number of items read:       138

             define              node                set                 bc_fd_xx2_nodes                                                                                     
             ----------

             a list of nodes given below 
                     1        16        17        32        33        48        49        64        65        80        81        96        97
                     echo suppressed for       125 items
                     total number of items read:       138

             ogden               structural                                                                                                                                  
             ----------

             ogden material   material id =               1

             material name is:       MoldStar15                                                                                                                                                      


                 structural  property                         value       table id


             bulk modulus                                0.00000E+00              0
             mass density                                0.00000E+00              0
             coefficient of thermal expansion            0.00000E+00              0
             number of terms in series                             3
              term      mu        alpha
                 1 -6.5027E-06 -2.1322E+01
                 2  2.1686E-01  1.1797E+00
                 3  1.3716E-03  4.8840E+00



             mat color                                                                                                                                                       
             ----------


             material id is:                  1
                material type      =          1
                material RGB color =        230         0         0

             table               ramp_input                                                                                                                                  
             ----------


             table identifier                  1
             table name is           ramp_input                      
             unit number                       5
             number of independent var.        1
             an equation is used to describe function 
             abscissa                  
             time                       
             equation : v1                                                                              
                                                                                                         

             geometry                                                                                                                                                        
             ----------


             geometry name is:       geom1


             geometry id =                 1
             geometry RGB color =        230         0         0

             geometric parameter       value
                       1             1.00000E+00
                       2             0.00000E+00
                       3             0.00000E+00
                       4             0.00000E+00
                       5             0.00000E+00
                       6             0.00000E+00
                       7             0.00000E+00
                       8             0.00000E+00

             fixed disp                                                                                                                                                      
             ----------


             read data from unit    5

             name of boundary condition bc_fd_yy1

             Displacements are applied incrementally relative to current position

             Prescribed Displacement for dof  2 =      0.00000E+00  table id is        0

             applied to node ids       

             bc_fd_yy1_nodes

             name of boundary condition bc_fd_yy2

             Displacements are applied incrementally relative to current position

             Prescribed Displacement for dof  2 =      1.50000E+01  table id is        1

             applied to node ids       

             bc_fd_yy2_nodes

             name of boundary condition bc_fd_xx1

             Displacements are applied incrementally relative to current position

             Prescribed Displacement for dof  1 =      0.00000E+00  table id is        0

             applied to node ids       

             bc_fd_xx1_nodes

             name of boundary condition bc_fd_xx2

             Displacements are applied incrementally relative to current position

             Prescribed Displacement for dof  1 =      0.00000E+00  table id is        0

             applied to node ids       

             bc_fd_xx2_nodes

             loadcase            job_1                                                                                                                                       
             ----------


             activate boundary condition bc_fd_yy1

             activate boundary condition bc_fd_yy2

             activate boundary condition bc_fd_xx1

             activate boundary condition bc_fd_xx2

             contact                      5         0                                                                                                                        
             ----------

             finite sliding node-to-segment contact algorithm will be used

             number of bodies                  =         1

             Coulomb friction with piecewise linear regularization selected (type 6)

             no increment splitting during analysis

             separation based upon nodal forces:
               separation threshold is treated as a force

             suppress contact surface print out

             relative displacement below which sticking is simulated
             will be automatically determined

             friction force tolerance          =  5.00000E-02
             distance below which a node is     
             considered touching a surface     =  default
             separation threshold              =  default
             contact bias factor               =  9.50000E-01



             $....contact body 1: cbody1                                                                                                                                     

             body number                       =    1
             body name                         = cbody1
             number of sets of data            =    0

                       body positioning data          
             1st coordinate of center of rotation       0.00000E+00
             2nd coordinate of center of rotation       0.00000E+00
             initial angle rotated around axis          0.00000E+00

             1st component of directional cosine        0.00000E+00
             2nd component of directional cosine        0.00000E+00
             3rd component of directional cosine        1.00000E+00

             1st component of approach velocity         0.00000E+00
             2nd component of approach velocity         0.00000E+00
             angular approach velocity                  0.00000E+00

             1st component of velocity                  0.00000E+00     table id           0
             2nd component of velocity                  0.00000E+00     table id           0
             angular velocity                           0.00000E+00     table id           0

             1st component of surface growth factor     0.00000E+00     table id           0
             2nd component of surface growth factor     0.00000E+00     table id           0

             friction coefficient                       0.00000E+00     table id           0


             $....full default contact is allowed                                                                                                                            

             contact table                                                                                                                                                   
             ----------


             contact table remains unchanged

             no print                                                                                                                                                        
             ----------


             post                                                                                                                                                            
             ----------

             number of element variables on post file:    4

             binary post file will be used

             initial output frequency of post file:       1

             Marc 2017 style post file (default)

             post variable     1 is post code   17 =                                                 
             post variable     2 is post code   48 =                                                 
             post variable     3 is post code  301 =                                                 
             post variable     9 is post code  411 at layer      1 =                                                 
             maximum record length on binary post file=           2116
             approximate no. of words per increment on file=          64528


             parameters                                                                                                                                                      
             ----------


             parameters set as follows 

             predictor used for stress-strain calculation    1.00000E+00
             penalty factor for boundary conditions          1.00000E+09
             penalty for incompressibility - r-p flow        1.00000E+02
             penalty for incompressibility - fluid flow      1.00000E+06
             beta parameter for Newmark operator             2.50000E-01
             gamma parameter for Newmark operator            5.00000E-01
             gamma1 parameter for Single-Step-Houbolt        1.50000E+00
             gamma parameter for Single-Step-Houbolt        -5.00000E-01
             sharp angle for sticking/separating - 2D        8.62500E+00
             sharp angle for sticking/separating - 3D        2.00000E+01
             initial strain rate for r-p flow                1.00000E-04
             lowest strain rate cut-off for r-p flow         1.00000E-06
             fraction of dilatational stress neglected       1.00000E+00
             factor for drilling d.o.f for shells            1.00000E-04
             factor for displacement after rezoning          1.00000E+00

             universal gas constant                          8.31400E+00
             absolute temperature offset                     2.73150E+02
             thermal properties evaluation weight            5.00000E-01
             surface projection factor in ssh dynamics       0.00000E+00
             Stefan Boltzmann constant                       5.67051E-08
             Planck's second radiation constant              1.43877E-02
             Speed of light in vacuum                        2.99790E+08
             Permeability of vacuum                          1.25664E-06
             Permittivity of vacuum                          8.85419E-12
             maximum iterative displacement component        1.00000E+30
             initial stiffness to simulate sticking          0.00000E+00
             minimum angle between the normal vectors of 
             contacting segments                             1.20000E+02
             radiation reflection cut-off                    1.00000E-03
             angle for averaging adjacent beams (s2s)        1.60000E+02
             stabilizer stiffness for model sections         0.00000E+00

             maximum change in temperature per iteration     1.00000E+02
             maximum rbe3 conditioning number                0.10000E+07
             gasket initial stress stiffness factor          4.00000E-01

             end option                                                                                                                                                      
             ----------

             wall time =          20.00

             wall time =          20.00


             direct symmetric multi-frontal sparse solver is invoked for region   1


             number of element groups used:         1

                group     # elements     element type     material                             formulation

                   1        1152            11                1                                    UM
 
               formulation:
                     U:   updated Lagrange
                     M:   multiplicative decomposition
 


             maximum connectivity in stiffness matrix is          8 at node        738



             maximum half-bandwidth is       1637  between nodes        256  and       2066

             number of profile entries excluding fill-in is            7201

             * * * * * * * * * * *

             default contact tolerance calculated by the program is           1.00000E-01

             contact tolerance used (it is not specified in input)            1.00000E-01

             the following contact tolerances are program suggested values if you want to specify the contact tolerance
             on a body pair basis (use value for self or rigid contact or minimum value for deformable-deformable contact)

              body_id suggested contact_tolerance     element_id  outside_nodes  outside_patches body_name
                    1                 1.00000E-01        18 edge            927              954 cbody1

             relative displacement below which sticking is simulated :  5.00000E-03

      
     ******************************
     Values used during contact : contact tolerance                       
          Default Value =   1.0000000E-01
     ******************************
      Body ID       1 Defor        
     ------------------------------
     1 Defor            default    
     ******************************
      

             * * * * * * * * * * *



             total workspace needed with in-core matrix storage =          217870
               part of solver workspace is allocated separately

             allocated      11040 words of memory due to kinematic boundary conditions







             load increments for each degree of freedom
             summed over the whole model

             from distributed loads
             dist. loads on deformed configuration - totals below for dist. loads
             increments for point loads
             0.000000E+00   0.000000E+00


             point loads
             0.000000E+00   0.000000E+00

     body        1: cbody1
         number of nodes in contact     =             0


             increment zero is a null step


             total strain energy         is    0.00000E+00
               within which:
               elastic strain energy     is    0.00000E+00
             total ext-force work        is    0.00000E+00
               within which:
               work by appl. force/disp. is    0.00000E+00
               work by  contact forces   is    0.00000E+00
               work by frictional forces is    0.00000E+00


             memory usage:                       MByte       words  % of total

              within general memory:           
               element stiffness matrices:           0       79432         0.2
               solver: first part                    1      132144         0.4
               overallocation initial allocation   106    27785998        75.0
               other:                                0        6290         0.0
              allocated separately:
               nodal vectors:                        1      371380         1.0
               defined sets:                         0        1434         0.0
               contact:                              1      220094         0.6
               transformations:                      0        8464         0.0
               kinematic boundary conditions:        0       12980         0.0
               tables:                               0         958         0.0
               points, curves and surfaces:          0         144         0.0
               mem_none:                             0       55040         0.1
               element storage:                      5     1373448         3.7
               material properties:                  0        4600         0.0
               executable and common blocks:        27     7000000        18.9
               miscellaneous                         0         212         0.0
               ---------------------------------------------------------------
               total:                              141    37052618

               general memory allocated:           107    28003864
               general memory used:                  1      217866

               peak memory usage:                  159    41557520

             e n d   o f   i n c r e m e n t       0

             binary post data at increment       0.  subincrement    0.  on file 16
             wall time =          20.00


             $...................                                                                                                                                            

             $....start of loadcase lcase1                                                                                                                                   

             title               lcase1                                                                                                                                      
             ----------


             loadcase            lcase1                                                                                                                                      
             ----------


             activate boundary condition bc_fd_yy1

             activate boundary condition bc_fd_yy2

             activate boundary condition bc_fd_xx1

             activate boundary condition bc_fd_xx2

             $....allowed contact remains unchanged                                                                                                                          

             contact table                                                                                                                                                   
             ----------


             contact table remains unchanged

             control             structural                                                                                                                                  
             ----------


             control information for region   1

             maximum number of increments      99999
             maximum number of recycles           10
             minimum number of recycles            0

             control of residual convergence:
               relative tolerance:              1.00000E-01
               cut-off value     :              0.00000E+00
               absolute tolerance:              0.00000E+00
               relative moment tolerance:       0.00000E+00
               moment cut-off value     :       0.00000E+00
               absolute moment tolerance:       0.00000E+00



             full newton-raphson technique chosen

             convergence testing is automatically switched between
             residual and displacement testing if reactions or displacements 
             become too small 

             control messages will be written to log file

             parameters                                                                                                                                                      
             ----------


             parameters set as follows 

             predictor used for stress-strain calculation    1.00000E+00
             penalty factor for boundary conditions          1.00000E+09
             penalty for incompressibility - r-p flow        1.00000E+02
             penalty for incompressibility - fluid flow      1.00000E+06
             beta parameter for Newmark operator             2.50000E-01
             gamma parameter for Newmark operator            5.00000E-01
             gamma1 parameter for Single-Step-Houbolt        1.50000E+00
             gamma parameter for Single-Step-Houbolt        -5.00000E-01
             sharp angle for sticking/separating - 2D        8.62500E+00
             sharp angle for sticking/separating - 3D        2.00000E+01
             initial strain rate for r-p flow                1.00000E-04
             lowest strain rate cut-off for r-p flow         1.00000E-06
             fraction of dilatational stress neglected       1.00000E+00
             factor for drilling d.o.f for shells            1.00000E-04
             factor for displacement after rezoning          1.00000E+00

             universal gas constant                          8.31400E+00
             absolute temperature offset                     2.73150E+02
             thermal properties evaluation weight            5.00000E-01
             surface projection factor in ssh dynamics       0.00000E+00
             Stefan Boltzmann constant                       5.67051E-08
             Planck's second radiation constant              1.43877E-02
             Speed of light in vacuum                        2.99790E+08
             Permeability of vacuum                          1.25664E-06
             Permittivity of vacuum                          8.85419E-12
             maximum iterative displacement component        1.00000E+30
             initial stiffness to simulate sticking          0.00000E+00
             minimum angle between the normal vectors of 
             contacting segments                             1.20000E+02
             radiation reflection cut-off                    1.00000E-03
             angle for averaging adjacent beams (s2s)        1.60000E+02
             stabilizer stiffness for model sections         0.00000E+00

             maximum change in temperature per iteration     1.00000E+02
             maximum rbe3 conditioning number                0.10000E+07
             gasket initial stress stiffness factor          4.00000E-01

             auto load                                                                                                                                                       
             ----------


             iotnum,incasm
                      5         0


             maximum number of time step cutback           10
             maximum number of forced remeshing             1
             cutback step for next forced remeshing         0

             time step                                                                                                                                                       
             ----------

             time increment =     2.00000E-01

             continue                                                                                                                                                        
             ----------



             equal load incs specified for       5 increments




             s t a r t   o f   i n c r e m e n t       1


          space needed for incremental backup:      546319



             maximum connectivity in stiffness matrix is          8 at node        738



             maximum half-bandwidth is       1637  between nodes        256  and       2066

             number of profile entries excluding fill-in is            7201



             total workspace needed with in-core matrix storage =          217870
               part of solver workspace is allocated separately






             load increments for each degree of freedom
             summed over the whole model

             from distributed loads
             dist. loads on deformed configuration - totals below for dist. loads
             increments for point loads
             0.000000E+00   0.000000E+00


             point loads
             0.000000E+00   0.000000E+00

             start of assembly     cycle number is     0
             wall time =          20.00




             solver workspace for phase1 (matrix input)    (64bit words) =           20764 (      0.16 MByte)
             Metis nested dissection ordering used
             solver workspace for phase2 (nodal ordering)  (64bit words) =           90443 (      0.69 MByte)
             solver workspace for phase3 (symbolic factor) (64bit words) =           92101 (      0.70 MByte)
             solver workspace for phase4 (factorization)   (64bit words) =           98704 (      0.75 MByte) (MINIMUM)
             solver workspace for phase4 (factorization)   (64bit words) =          160479 (      1.22 MByte) (MAXIMUM)
             solver workspace available and used           (64bit words) =         1000000 (      7.63 MByte)


             start of matrix solution
             wall time =          20.00



             singularity ratio    2.0292E-14


             end of matrix solution
             wall time =          20.00


     body        1: cbody1
         number of nodes in contact     =             0

             maximum residual force  at node       579 degree of freedom  1 is equal to    8.208E-03
             maximum reaction force  at node       272 degree of freedom  2 is equal to    9.047E-02
             residual convergence ratio    9.073E-02


             total transient time = 2.00000E-01



   WINDOWS version
   Marc 2019
   output for increment       1. "          lcase1"


             total strain energy         is    2.48136E+00
               within which:
               elastic strain energy     is    2.48136E+00
             total ext-force work        is    2.22046E+00
               within which:
               work by appl. force/disp. is    2.22046E+00
               work by  contact forces   is    0.00000E+00
               work by frictional forces is    0.00000E+00



                    g l o b a l  c o n t a c t  b o d y  d a t a

     body number        1 name: cbody1
     1st coord. of center of rotation                  0.000E+00
     2nd coord. of center of rotation                  0.000E+00
     total angle rotated                               0.000E+00
     1st component of velocity                         0.000E+00
     2nd component of velocity                         0.000E+00
     angular velocity                                  0.000E+00
     1st component of total load                       0.000E+00
     2nd component of total load                       0.000E+00
     moment w.r.t. center of rotation                  0.000E+00
     total strain energy                               0.248E+01
     total kinetic energy                              0.000E+00
     total damping energy                              0.000E+00



                    c o n t a c t  b o d y  i n t e r a c t i o n  r e s u l t s


             memory usage:                       MByte       words  % of total

              within general memory:           
               element stiffness matrices:           0       79432         0.2
               solver: first part                    1      132144         0.3
               overallocation initial allocation   106    27785998        69.2
               other:                                0        6290         0.0
              allocated separately:
               incremental backup:                   4     1092638         2.7
               solver 8                              7     1958472         4.9
               nodal vectors:                        1      371380         0.9
               defined sets:                         0        1434         0.0
               contact:                              1      220094         0.5
               transformations:                      0        8464         0.0
               kinematic boundary conditions:        0       12980         0.0
               tables:                               0         958         0.0
               points, curves and surfaces:          0         144         0.0
               mem_none:                             0      126432         0.3
               element storage:                      5     1373448         3.4
               material properties:                  0        4600         0.0
               executable and common blocks:        27     7000000        17.4
               miscellaneous                         0         212         0.0
               ---------------------------------------------------------------
               total:                              153    40175120

               general memory allocated:           107    28003864
               general memory used:                  1      217866

               peak memory usage:                  159    41557520

             e n d   o f   i n c r e m e n t       1

             binary post data at increment       1.  subincrement    0.  on file 16
             wall time =          21.00




             s t a r t   o f   i n c r e m e n t       2






             load increments for each degree of freedom
             summed over the whole model

             from distributed loads
             dist. loads on deformed configuration - totals below for dist. loads
             increments for point loads
             0.000000E+00   0.000000E+00


             point loads
             0.000000E+00   0.000000E+00

             start of assembly     cycle number is     0
             wall time =          21.00




             solver workspace for phase1 (matrix input)    (64bit words) =           20764 (      0.16 MByte)
             Metis nested dissection ordering used
             solver workspace for phase2 (nodal ordering)  (64bit words) =           55973 (      0.43 MByte)
             solver workspace for phase3 (symbolic factor) (64bit words) =           70586 (      0.54 MByte)
             solver workspace for phase4 (factorization)   (64bit words) =          101664 (      0.78 MByte) (MINIMUM)
             solver workspace for phase4 (factorization)   (64bit words) =          160130 (      1.22 MByte) (MAXIMUM)
             solver workspace available and used           (64bit words) =         1000000 (      7.63 MByte)


             start of matrix solution
             wall time =          21.00



             singularity ratio    6.7996E-09


             end of matrix solution
             wall time =          21.00


     body        1: cbody1
         number of nodes in contact     =             0

             maximum residual force  at node       850 degree of freedom  1 is equal to    5.574E-03
             maximum reaction force  at node       272 degree of freedom  2 is equal to    1.395E-01
             residual convergence ratio    3.995E-02


             total transient time = 4.00000E-01



   WINDOWS version
   Marc 2019
   output for increment       2. "          lcase1"


             total strain energy         is    8.39110E+00
               within which:
               elastic strain energy     is    8.39110E+00
             total ext-force work        is    8.15744E+00
               within which:
               work by appl. force/disp. is    8.15744E+00
               work by  contact forces   is    0.00000E+00
               work by frictional forces is    0.00000E+00



                    g l o b a l  c o n t a c t  b o d y  d a t a

     body number        1 name: cbody1
     1st coord. of center of rotation                  0.000E+00
     2nd coord. of center of rotation                  0.000E+00
     total angle rotated                               0.000E+00
     1st component of velocity                         0.000E+00
     2nd component of velocity                         0.000E+00
     angular velocity                                  0.000E+00
     1st component of total load                       0.000E+00
     2nd component of total load                       0.000E+00
     moment w.r.t. center of rotation                  0.000E+00
     total strain energy                               0.839E+01
     total kinetic energy                              0.000E+00
     total damping energy                              0.000E+00



                    c o n t a c t  b o d y  i n t e r a c t i o n  r e s u l t s


             memory usage:                       MByte       words  % of total

              within general memory:           
               element stiffness matrices:           0       79432         0.2
               solver: first part                    1      132144         0.3
               overallocation initial allocation   106    27785998        69.2
               other:                                0        6290         0.0
              allocated separately:
               incremental backup:                   4     1092638         2.7
               solver 8                              7     1958472         4.9
               nodal vectors:                        1      371380         0.9
               defined sets:                         0        1434         0.0
               contact:                              1      220094         0.5
               transformations:                      0        8464         0.0
               kinematic boundary conditions:        0       12980         0.0
               tables:                               0         958         0.0
               points, curves and surfaces:          0         144         0.0
               mem_none:                             0      126432         0.3
               element storage:                      5     1373448         3.4
               material properties:                  0        4600         0.0
               executable and common blocks:        27     7000000        17.4
               miscellaneous                         0         212         0.0
               ---------------------------------------------------------------
               total:                              153    40175120

               general memory allocated:           107    28003864
               general memory used:                  1      217866

               peak memory usage:                  159    41557520

             e n d   o f   i n c r e m e n t       2

             binary post data at increment       2.  subincrement    0.  on file 16
             wall time =          21.00




             s t a r t   o f   i n c r e m e n t       3






             load increments for each degree of freedom
             summed over the whole model

             from distributed loads
             dist. loads on deformed configuration - totals below for dist. loads
             increments for point loads
             0.000000E+00   0.000000E+00


             point loads
             0.000000E+00   0.000000E+00

             start of assembly     cycle number is     0
             wall time =          21.00




             solver workspace for phase1 (matrix input)    (64bit words) =           20764 (      0.16 MByte)
             Metis nested dissection ordering used
             solver workspace for phase2 (nodal ordering)  (64bit words) =           55973 (      0.43 MByte)
             solver workspace for phase3 (symbolic factor) (64bit words) =           70586 (      0.54 MByte)
             solver workspace for phase4 (factorization)   (64bit words) =          101664 (      0.78 MByte) (MINIMUM)
             solver workspace for phase4 (factorization)   (64bit words) =          160130 (      1.22 MByte) (MAXIMUM)
             solver workspace available and used           (64bit words) =         1000000 (      7.63 MByte)


             start of matrix solution
             wall time =          21.00



             singularity ratio    2.0257E-14


             end of matrix solution
             wall time =          21.00


     body        1: cbody1
         number of nodes in contact     =             0

             maximum residual force  at node       851 degree of freedom  1 is equal to    4.279E-02
             maximum reaction force  at node       272 degree of freedom  2 is equal to    1.788E-01
             residual convergence ratio    2.393E-01

             failure to converge to tolerance

             increment will be recycled






             load increments for each degree of freedom
             summed over the whole model

             from distributed loads
             dist. loads on deformed configuration - totals below for dist. loads
             increments for point loads
             0.000000E+00   0.000000E+00


             point loads
             0.000000E+00   0.000000E+00

             start of assembly     cycle number is     1
             wall time =          21.00




             solver workspace for phase1 (matrix input)    (64bit words) =           20764 (      0.16 MByte)
             Metis nested dissection ordering used
             solver workspace for phase2 (nodal ordering)  (64bit words) =           55973 (      0.43 MByte)
             solver workspace for phase3 (symbolic factor) (64bit words) =           70586 (      0.54 MByte)
             solver workspace for phase4 (factorization)   (64bit words) =          101664 (      0.78 MByte) (MINIMUM)
             solver workspace for phase4 (factorization)   (64bit words) =          160130 (      1.22 MByte) (MAXIMUM)
             solver workspace available and used           (64bit words) =         1000000 (      7.63 MByte)


             start of matrix solution
             wall time =          21.00



             singularity ratio    2.1011E-14


             end of matrix solution
             wall time =          21.00


             ddu multiplied by    4.46381E-02 due to large displacement value of    9.14486E+01 at node       362 dof    2


             ddu multiplied by    4.92955E-01 to avoid penetration of node       330 into body         1 segment       322
                  body         1 : cbody1
                  body         1 element       502 segment nodes       314       313

     body        1: cbody1
         number of nodes in contact     =             0

             maximum residual force  at node       851 degree of freedom  1 is equal to    4.185E-02
             maximum reaction force  at node       272 degree of freedom  2 is equal to    1.788E-01
             residual convergence ratio    2.341E-01

             failure to converge to tolerance

             increment will be recycled

             allocated       2040 words of memory due to shell, user or contact transformations


             allocated       1308 words of memory due to tyings



             maximum connectivity in stiffness matrix is          8 at node        738



             maximum half-bandwidth is       1637  between nodes        256  and       2066

             number of profile entries excluding fill-in is            7209



             total workspace needed with in-core matrix storage =          217998
               part of solver workspace is allocated separately






             load increments for each degree of freedom
             summed over the whole model

             from distributed loads
             dist. loads on deformed configuration - totals below for dist. loads
             increments for point loads
             0.000000E+00   0.000000E+00


             point loads
             0.000000E+00   0.000000E+00

             start of assembly     cycle number is     2
             wall time =          22.00




             solver workspace for phase1 (matrix input)    (64bit words) =           20780 (      0.16 MByte)
             Metis nested dissection ordering used
             solver workspace for phase2 (nodal ordering)  (64bit words) =           55979 (      0.43 MByte)
             solver workspace for phase3 (symbolic factor) (64bit words) =           70724 (      0.54 MByte)
             solver workspace for phase4 (factorization)   (64bit words) =          102906 (      0.79 MByte) (MINIMUM)
             solver workspace for phase4 (factorization)   (64bit words) =          161529 (      1.23 MByte) (MAXIMUM)
             solver workspace available and used           (64bit words) =         1000000 (      7.63 MByte)


             start of matrix solution
             wall time =          22.00



             singularity ratio    2.1011E-14


             end of matrix solution
             wall time =          22.00


     body        1: cbody1
         number of nodes in contact     =             0

             maximum residual force  at node       851 degree of freedom  1 is equal to    3.869E-03
             maximum reaction force  at node       272 degree of freedom  2 is equal to    1.775E-01
             residual convergence ratio    2.180E-02

             recycling increment due to body to body contact 

             increment will be recycled






             load increments for each degree of freedom
             summed over the whole model

             from distributed loads
             dist. loads on deformed configuration - totals below for dist. loads
             increments for point loads
             0.000000E+00   0.000000E+00


             point loads
             0.000000E+00   0.000000E+00

             start of assembly     cycle number is     3
             wall time =          22.00




             solver workspace for phase1 (matrix input)    (64bit words) =           20780 (      0.16 MByte)
             Metis nested dissection ordering used
             solver workspace for phase2 (nodal ordering)  (64bit words) =           55998 (      0.43 MByte)
             solver workspace for phase3 (symbolic factor) (64bit words) =           70730 (      0.54 MByte)
             solver workspace for phase4 (factorization)   (64bit words) =          102904 (      0.79 MByte) (MINIMUM)
             solver workspace for phase4 (factorization)   (64bit words) =          161527 (      1.23 MByte) (MAXIMUM)
             solver workspace available and used           (64bit words) =         1000000 (      7.63 MByte)


             start of matrix solution
             wall time =          22.00



             singularity ratio    1.9610E-14


             end of matrix solution
             wall time =          22.00


     body        1: cbody1
         number of nodes in contact     =             0

             maximum residual force  at node       346 degree of freedom  2 is equal to    9.727E-05
             maximum reaction force  at node       272 degree of freedom  2 is equal to    1.776E-01
             residual convergence ratio    5.477E-04


             total transient time = 6.00000E-01



   WINDOWS version
   Marc 2019
   output for increment       3. "          lcase1"


             total strain energy         is    1.66315E+01
               within which:
               elastic strain energy     is    1.66315E+01
             total ext-force work        is    1.68442E+01
               within which:
               work by appl. force/disp. is    1.68444E+01
               work by  contact forces   is   -1.67936E-04
               work by frictional forces is    0.00000E+00



                    g l o b a l  c o n t a c t  b o d y  d a t a

     body number        1 name: cbody1
     1st coord. of center of rotation                  0.000E+00
     2nd coord. of center of rotation                  0.000E+00
     total angle rotated                               0.000E+00
     1st component of velocity                         0.000E+00
     2nd component of velocity                         0.000E+00
     angular velocity                                  0.000E+00
     1st component of total load                       0.000E+00
     2nd component of total load                       0.000E+00
     moment w.r.t. center of rotation                 -0.190E-04
     total strain energy                               0.166E+02
     total kinetic energy                              0.000E+00
     total damping energy                              0.000E+00



                    c o n t a c t  b o d y  i n t e r a c t i o n  r e s u l t s


             memory usage:                       MByte       words  % of total

              within general memory:           
               element stiffness matrices:           0       79432         0.2
               solver: first part                    1      132272         0.3
               overallocation initial allocation   106    27785870        69.2
               other:                                0        6290         0.0
              allocated separately:
               incremental backup:                   4     1092638         2.7
               solver 8                              7     1958472         4.9
               nodal vectors:                        1      371380         0.9
               defined sets:                         0        1434         0.0
               contact:                              1      220094         0.5
               tyings:                               0        1392         0.0
               transformations:                      0       10504         0.0
               kinematic boundary conditions:        0       12980         0.0
               tables:                               0         958         0.0
               points, curves and surfaces:          0         144         0.0
               mem_none:                             0      126670         0.3
               element storage:                      5     1373448         3.4
               material properties:                  0        4600         0.0
               executable and common blocks:        27     7000000        17.4
               miscellaneous                         0         212         0.0
               ---------------------------------------------------------------
               total:                              153    40178790

               general memory allocated:           107    28003864
               general memory used:                  1      217994

               peak memory usage:                  159    41557520

             e n d   o f   i n c r e m e n t       3

             binary post data at increment       3.  subincrement    0.  on file 16
             wall time =          22.00




             s t a r t   o f   i n c r e m e n t       4


          space needed for incremental backup:      546742







             load increments for each degree of freedom
             summed over the whole model

             from distributed loads
             dist. loads on deformed configuration - totals below for dist. loads
             increments for point loads
             0.000000E+00   0.000000E+00


             point loads
             0.000000E+00   0.000000E+00

             start of assembly     cycle number is     0
             wall time =          22.00




             solver workspace for phase1 (matrix input)    (64bit words) =           20780 (      0.16 MByte)
             Metis nested dissection ordering used
             solver workspace for phase2 (nodal ordering)  (64bit words) =           56030 (      0.43 MByte)
             solver workspace for phase3 (symbolic factor) (64bit words) =           70739 (      0.54 MByte)
             solver workspace for phase4 (factorization)   (64bit words) =          102902 (      0.79 MByte) (MINIMUM)
             solver workspace for phase4 (factorization)   (64bit words) =          161525 (      1.23 MByte) (MAXIMUM)
             solver workspace available and used           (64bit words) =         1000000 (      7.63 MByte)


             start of matrix solution
             wall time =          22.00



             singularity ratio    1.8542E-14


             end of matrix solution
             wall time =          22.00


             ddu multiplied by    2.64267E-03 due to large displacement value of    1.55837E+03 at node      2165 dof    2


     body        1: cbody1
         number of nodes in contact     =             0

             maximum residual force  at node      2152 degree of freedom  1 is equal to    2.211E-02
             maximum reaction force  at node       272 degree of freedom  2 is equal to    1.777E-01
             residual convergence ratio    1.244E-01

             failure to converge to tolerance

             iterative penetration checking has reached   0.002643 of total increment

             increment will be recycled






             load increments for each degree of freedom
             summed over the whole model

             from distributed loads
             dist. loads on deformed configuration - totals below for dist. loads
             increments for point loads
             0.000000E+00   0.000000E+00


             point loads
             0.000000E+00   0.000000E+00

             start of assembly     cycle number is     1
             wall time =          22.00




             solver workspace for phase1 (matrix input)    (64bit words) =           20780 (      0.16 MByte)
             Metis nested dissection ordering used
             solver workspace for phase2 (nodal ordering)  (64bit words) =           55979 (      0.43 MByte)
             solver workspace for phase3 (symbolic factor) (64bit words) =           70724 (      0.54 MByte)
             solver workspace for phase4 (factorization)   (64bit words) =          102906 (      0.79 MByte) (MINIMUM)
             solver workspace for phase4 (factorization)   (64bit words) =          161529 (      1.23 MByte) (MAXIMUM)
             solver workspace available and used           (64bit words) =         1000000 (      7.63 MByte)


             start of matrix solution
             wall time =          22.00



             singularity ratio    3.4872E-11


             end of matrix solution
             wall time =          22.00


     body        1: cbody1
         number of nodes in contact     =             0

             maximum residual force  at node       851 degree of freedom  1 is equal to    1.655E-01
             maximum reaction force  at node         1 degree of freedom  2 is equal to    2.199E-01
             residual convergence ratio    7.527E-01

             failure to converge to tolerance

             increment will be recycled






             load increments for each degree of freedom
             summed over the whole model

             from distributed loads
             dist. loads on deformed configuration - totals below for dist. loads
             increments for point loads
             0.000000E+00   0.000000E+00


             point loads
             0.000000E+00   0.000000E+00

             start of assembly     cycle number is     2
             wall time =          22.00




             solver workspace for phase1 (matrix input)    (64bit words) =           20780 (      0.16 MByte)
             Metis nested dissection ordering used
             solver workspace for phase2 (nodal ordering)  (64bit words) =           55979 (      0.43 MByte)
             solver workspace for phase3 (symbolic factor) (64bit words) =           70724 (      0.54 MByte)
             solver workspace for phase4 (factorization)   (64bit words) =          102906 (      0.79 MByte) (MINIMUM)
             solver workspace for phase4 (factorization)   (64bit words) =          161529 (      1.23 MByte) (MAXIMUM)
             solver workspace available and used           (64bit words) =         1000000 (      7.63 MByte)


             start of matrix solution
             wall time =          22.00



             singularity ratio    1.8568E-14


             end of matrix solution
             wall time =          22.00


     body        1: cbody1
         number of nodes in contact     =             0

             maximum residual force  at node       851 degree of freedom  1 is equal to    2.193E-02
             maximum reaction force  at node         1 degree of freedom  2 is equal to    2.273E-01
             residual convergence ratio    9.649E-02


             total transient time = 8.00000E-01



   WINDOWS version
   Marc 2019
   output for increment       4. "          lcase1"


             total strain energy         is    2.80242E+01
               within which:
               elastic strain energy     is    2.80242E+01
             total ext-force work        is    2.83289E+01
               within which:
               work by appl. force/disp. is    2.83291E+01
               work by  contact forces   is   -1.67527E-04
               work by frictional forces is    0.00000E+00



                    g l o b a l  c o n t a c t  b o d y  d a t a

     body number        1 name: cbody1
     1st coord. of center of rotation                  0.000E+00
     2nd coord. of center of rotation                  0.000E+00
     total angle rotated                               0.000E+00
     1st component of velocity                         0.000E+00
     2nd component of velocity                         0.000E+00
     angular velocity                                  0.000E+00
     1st component of total load                       0.000E+00
     2nd component of total load                       0.000E+00
     moment w.r.t. center of rotation                  0.117E-08
     total strain energy                               0.280E+02
     total kinetic energy                              0.000E+00
     total damping energy                              0.000E+00



                    c o n t a c t  b o d y  i n t e r a c t i o n  r e s u l t s


             memory usage:                       MByte       words  % of total

              within general memory:           
               element stiffness matrices:           0       79432         0.2
               solver: first part                    1      132272         0.3
               overallocation initial allocation   106    27785870        69.2
               other:                                0        6290         0.0
              allocated separately:
               incremental backup:                   4     1093484         2.7
               solver 8                              7     1958472         4.9
               nodal vectors:                        1      371380         0.9
               defined sets:                         0        1434         0.0
               contact:                              1      220094         0.5
               tyings:                               0        1392         0.0
               transformations:                      0       10504         0.0
               kinematic boundary conditions:        0       12980         0.0
               tables:                               0         958         0.0
               points, curves and surfaces:          0         144         0.0
               mem_none:                             0      126670         0.3
               element storage:                      5     1373448         3.4
               material properties:                  0        4600         0.0
               executable and common blocks:        27     7000000        17.4
               miscellaneous                         0         212         0.0
               ---------------------------------------------------------------
               total:                              153    40179636

               general memory allocated:           107    28003864
               general memory used:                  1      217994

               peak memory usage:                  159    41557520

             e n d   o f   i n c r e m e n t       4

             binary post data at increment       4.  subincrement    0.  on file 16
             wall time =          23.00




             s t a r t   o f   i n c r e m e n t       5






             load increments for each degree of freedom
             summed over the whole model

             from distributed loads
             dist. loads on deformed configuration - totals below for dist. loads
             increments for point loads
             0.000000E+00   0.000000E+00


             point loads
             0.000000E+00   0.000000E+00

             start of assembly     cycle number is     0
             wall time =          23.00




             solver workspace for phase1 (matrix input)    (64bit words) =           20780 (      0.16 MByte)
             Metis nested dissection ordering used
             solver workspace for phase2 (nodal ordering)  (64bit words) =           55979 (      0.43 MByte)
             solver workspace for phase3 (symbolic factor) (64bit words) =           70724 (      0.54 MByte)
             solver workspace for phase4 (factorization)   (64bit words) =          102906 (      0.79 MByte) (MINIMUM)
             solver workspace for phase4 (factorization)   (64bit words) =          161529 (      1.23 MByte) (MAXIMUM)
             solver workspace available and used           (64bit words) =         1000000 (      7.63 MByte)


             start of matrix solution
             wall time =          23.00



             singularity ratio    1.8201E-14


             end of matrix solution
             wall time =          23.00


             ddu multiplied by    6.08064E-03 due to large displacement value of    6.81680E+02 at node       874 dof    2


             ddu multiplied by    7.56023E-01 to avoid penetration of node       873 into body         1 segment       518
                  body         1 : cbody1
                  body         1 element       718 segment nodes       872       888

     body        1: cbody1
         number of nodes in contact     =             0

             maximum residual force  at node       841 degree of freedom  2 is equal to    2.486E-02
             maximum reaction force  at node         1 degree of freedom  2 is equal to    2.276E-01
             residual convergence ratio    1.093E-01

             failure to converge to tolerance

             iterative penetration checking has reached   0.004597 of total increment

             increment will be recycled


             maximum connectivity in stiffness matrix is          8 at node        738



             maximum half-bandwidth is       1637  between nodes        256  and       2066

             number of profile entries excluding fill-in is            7217



             total workspace needed with in-core matrix storage =          218126
               part of solver workspace is allocated separately






             load increments for each degree of freedom
             summed over the whole model

             from distributed loads
             dist. loads on deformed configuration - totals below for dist. loads
             increments for point loads
             0.000000E+00   0.000000E+00


             point loads
             0.000000E+00   0.000000E+00

             start of assembly     cycle number is     1
             wall time =          23.00




             solver workspace for phase1 (matrix input)    (64bit words) =           20796 (      0.16 MByte)
             Metis nested dissection ordering used
             solver workspace for phase2 (nodal ordering)  (64bit words) =           55981 (      0.43 MByte)
             solver workspace for phase3 (symbolic factor) (64bit words) =           72012 (      0.55 MByte)
             solver workspace for phase4 (factorization)   (64bit words) =          105180 (      0.80 MByte) (MINIMUM)
             solver workspace for phase4 (factorization)   (64bit words) =          165842 (      1.27 MByte) (MAXIMUM)
             solver workspace available and used           (64bit words) =         1000000 (      7.63 MByte)


             start of matrix solution
             wall time =          23.00



             singularity ratio    1.9586E-14


             end of matrix solution
             wall time =          23.00


     body        1: cbody1
         number of nodes in contact     =             0

             maximum residual force  at node       590 degree of freedom  1 is equal to    2.357E-01
             maximum reaction force  at node         1 degree of freedom  2 is equal to    2.883E-01
             residual convergence ratio    8.173E-01

             failure to converge to tolerance

             increment will be recycled






             load increments for each degree of freedom
             summed over the whole model

             from distributed loads
             dist. loads on deformed configuration - totals below for dist. loads
             increments for point loads
             0.000000E+00   0.000000E+00


             point loads
             0.000000E+00   0.000000E+00

             start of assembly     cycle number is     2
             wall time =          23.00




             solver workspace for phase1 (matrix input)    (64bit words) =           20796 (      0.16 MByte)
             Metis nested dissection ordering used
             solver workspace for phase2 (nodal ordering)  (64bit words) =           55981 (      0.43 MByte)
             solver workspace for phase3 (symbolic factor) (64bit words) =           72012 (      0.55 MByte)
             solver workspace for phase4 (factorization)   (64bit words) =          105180 (      0.80 MByte) (MINIMUM)
             solver workspace for phase4 (factorization)   (64bit words) =          165842 (      1.27 MByte) (MAXIMUM)
             solver workspace available and used           (64bit words) =         1000000 (      7.63 MByte)


             start of matrix solution
             wall time =          23.00



             singularity ratio    1.5711E-14


             end of matrix solution
             wall time =          23.00


             ddu multiplied by    3.85642E-01 due to large displacement value of    1.07497E+01 at node       618 dof    2


             ddu multiplied by    4.65666E-01 to avoid penetration of node       586 into body         1 segment       408
                  body         1 : cbody1
                  body         1 element       577 segment nodes       570       569

     body        1: cbody1
         number of nodes in contact     =             0

             maximum residual force  at node       590 degree of freedom  1 is equal to    1.940E-01
             maximum reaction force  at node         1 degree of freedom  2 is equal to    2.921E-01
             residual convergence ratio    6.642E-01

             failure to converge to tolerance

             increment will be recycled


             maximum connectivity in stiffness matrix is          8 at node        738



             maximum half-bandwidth is       1637  between nodes        256  and       2066

             number of profile entries excluding fill-in is            7225



             total workspace needed with in-core matrix storage =          218254
               part of solver workspace is allocated separately






             load increments for each degree of freedom
             summed over the whole model

             from distributed loads
             dist. loads on deformed configuration - totals below for dist. loads
             increments for point loads
             0.000000E+00   0.000000E+00


             point loads
             0.000000E+00   0.000000E+00

             start of assembly     cycle number is     3
             wall time =          23.00




             solver workspace for phase1 (matrix input)    (64bit words) =           20812 (      0.16 MByte)
             Metis nested dissection ordering used
             solver workspace for phase2 (nodal ordering)  (64bit words) =           55987 (      0.43 MByte)
             solver workspace for phase3 (symbolic factor) (64bit words) =           71334 (      0.54 MByte)
             solver workspace for phase4 (factorization)   (64bit words) =          102274 (      0.78 MByte) (MINIMUM)
             solver workspace for phase4 (factorization)   (64bit words) =          162503 (      1.24 MByte) (MAXIMUM)
             solver workspace available and used           (64bit words) =         1000000 (      7.63 MByte)


             start of matrix solution
             wall time =          23.00



             singularity ratio    2.5463E-11


             end of matrix solution
             wall time =          23.00


     body        1: cbody1
         number of nodes in contact     =             0

             maximum residual force  at node       575 degree of freedom  1 is equal to    2.106E-02
             maximum reaction force  at node         1 degree of freedom  2 is equal to    3.096E-01
             residual convergence ratio    6.802E-02

             recycling increment due to body to body contact 

             increment will be recycled






             load increments for each degree of freedom
             summed over the whole model

             from distributed loads
             dist. loads on deformed configuration - totals below for dist. loads
             increments for point loads
             0.000000E+00   0.000000E+00


             point loads
             0.000000E+00   0.000000E+00

             start of assembly     cycle number is     4
             wall time =          23.00




             solver workspace for phase1 (matrix input)    (64bit words) =           20812 (      0.16 MByte)
             Metis nested dissection ordering used
             solver workspace for phase2 (nodal ordering)  (64bit words) =           55987 (      0.43 MByte)
             solver workspace for phase3 (symbolic factor) (64bit words) =           71334 (      0.54 MByte)
             solver workspace for phase4 (factorization)   (64bit words) =          102274 (      0.78 MByte) (MINIMUM)
             solver workspace for phase4 (factorization)   (64bit words) =          162503 (      1.24 MByte) (MAXIMUM)
             solver workspace available and used           (64bit words) =         1000000 (      7.63 MByte)


             start of matrix solution
             wall time =          24.00



             singularity ratio    1.8173E-14


             end of matrix solution
             wall time =          24.00


     body        1: cbody1
         number of nodes in contact     =             0

             maximum residual force  at node       319 degree of freedom  1 is equal to    3.721E-04
             maximum reaction force  at node         1 degree of freedom  2 is equal to    3.105E-01
             residual convergence ratio    1.199E-03


             total transient time = 1.00000E+00



   WINDOWS version
   Marc 2019
   output for increment       5. "          lcase1"


             total strain energy         is    4.32675E+01
               within which:
               elastic strain energy     is    4.32675E+01
             total ext-force work        is    4.37858E+01
               within which:
               work by appl. force/disp. is    4.37860E+01
               work by  contact forces   is   -2.38816E-04
               work by frictional forces is    0.00000E+00



                    g l o b a l  c o n t a c t  b o d y  d a t a

     body number        1 name: cbody1
     1st coord. of center of rotation                  0.000E+00
     2nd coord. of center of rotation                  0.000E+00
     total angle rotated                               0.000E+00
     1st component of velocity                         0.000E+00
     2nd component of velocity                         0.000E+00
     angular velocity                                  0.000E+00
     1st component of total load                       0.000E+00
     2nd component of total load                       0.000E+00
     moment w.r.t. center of rotation                 -0.503E-05
     total strain energy                               0.433E+02
     total kinetic energy                              0.000E+00
     total damping energy                              0.000E+00



                    c o n t a c t  b o d y  i n t e r a c t i o n  r e s u l t s


             memory usage:                       MByte       words  % of total

              within general memory:           
               element stiffness matrices:           0       79432         0.2
               solver: first part                    1      132528         0.3
               overallocation initial allocation   106    27785614        69.2
               other:                                0        6290         0.0
              allocated separately:
               incremental backup:                   4     1093484         2.7
               solver 8                              7     1958472         4.9
               nodal vectors:                        1      371380         0.9
               defined sets:                         0        1434         0.0
               contact:                              1      220294         0.5
               tyings:                               0        1560         0.0
               transformations:                      0       10504         0.0
               kinematic boundary conditions:        0       12980         0.0
               tables:                               0         958         0.0
               points, curves and surfaces:          0         144         0.0
               mem_none:                             0      126672         0.3
               element storage:                      5     1373448         3.4
               material properties:                  0        4600         0.0
               executable and common blocks:        27     7000000        17.4
               miscellaneous                         0         212         0.0
               ---------------------------------------------------------------
               total:                              153    40180006

               general memory allocated:           107    28003864
               general memory used:                  1      218250

               peak memory usage:                  159    41557520

             e n d   o f   i n c r e m e n t       5

             binary post data at increment       5.  subincrement    0.  on file 16
             wall time =          24.00


             $....end of loadcase lcase1                                                                                                                                     

             $...................                                                                                                                                            


                              *** end of input deck - job ends


             memory usage:                       MByte       words  % of total

              within general memory:           
               element stiffness matrices:           0       79432         0.2
               solver: first part                    1      132528         0.3
               overallocation initial allocation   106    27785614        69.2
               other:                                0        6290         0.0
              allocated separately:
               incremental backup:                   4     1093484         2.7
               solver 8                              7     1958472         4.9
               nodal vectors:                        1      371380         0.9
               defined sets:                         0        1434         0.0
               contact:                              1      220294         0.5
               tyings:                               0        1560         0.0
               transformations:                      0       10504         0.0
               kinematic boundary conditions:        0       12980         0.0
               tables:                               0         958         0.0
               points, curves and surfaces:          0         144         0.0
               mem_none:                             0      126672         0.3
               element storage:                      5     1373448         3.4
               material properties:                  0        4600         0.0
               executable and common blocks:        27     7000000        17.4
               miscellaneous                         0         212         0.0
               ---------------------------------------------------------------
               total:                              153    40180006

               general memory allocated:           107    28003864
               general memory used:                  1      218250

               peak memory usage:                  159    41557520


             timing information:                             wall time      cpu time

               total time for input:                              0.51          0.52
               total time for stiffness matrix assembly:          1.12          1.09
               total time for mass matrix assembly:               0.00          0.00
               total time for stress recovery:                    0.82          0.78
               total time for matrix solution:                    0.82          0.61
               total time for contact:                            0.05          0.03
               total time for output:                             1.00          0.80
               total time for miscellaneous:                     20.02          0.77
               ---------------------------------------------------------------------
               total time:                                       24.33          4.59


             **************************************************************************


             
             This is a successful completion to a Marc simulation,
             indicating that no additional incremental data was
             found and that the analysis is complete.
             




             **************************************************************************





                                        Marc 2019

                                        Exit number 3004

