                            M               M
                            W               W
                          MMMMM           MMMMM
                          WWWWW           WWWWW
                        MMMMMMMMM       MMMMMMMMM
                        WWWWWWWWW       WWWWWWWWW
                      MMMMMMMMMMMMM   MMMMMMMMMMMMM
                      WWWWWWWWWWWWW   WWWWWWWWWWWWW
                    MMMMMMMMMMMMMMMMMMMMMMMMMMMMMMMMM
                    WWWWWWWWWWWWWWWWWWWWWWWWWWWWWWWWW
                    MMMMMMMM MMMMMMMMMMMMMMM MMMMMMMM
                    WWWWWWWW WWWWWWWWWWWWWWW WWWWWWWW
                    MMMMMM     MMMMMMMMMMM     MMMMMM
                    WWWWWW     WWWWWWWWWWW     WWWWWW
                    MMMM         MMMMMMM         MMMM
                    WWWW         WWWWWWW         WWWW
                    MM             MMM             MM
                    WW             WWW             WW
                    M               M               M
                    W               W               W
                    MM             MMM             MM
                    WW             WWW             WW
                    MMMM         MMMMMMM         MMMM
                    WWWW         WWWWWWW         WWWW
                    MMMMMM     MMMMMMMMMMM     MMMMMM
                    WWWWWW     WWWWWWWWWWW     WWWWWW
                    MMMMMMMM MMMMMMMMMMMMMMM MMMMMMMM
                    WWWWWWWW WWWWWWWWWWWWWWW WWWWWWWW
                    MMMMMMMMMMMMMMMMMMMMMMMMMMMMMMMMM
                    WWWWWWWWWWWWWWWWWWWWWWWWWWWWWWWWW
                      MMMMMMMMMMMMM   MMMMMMMMMMMMM
                      WWWWWWWWWWWWW   WWWWWWWWWWWWW
                        MMMMMMMMM       MMMMMMMMM
                        WWWWWWWWW       WWWWWWWWW
                          MMMMM           MMMMM
                          WWWWW           WWWWW
                            M               M
                            W               W

             version: Marc 2019, build 664220 (2019/07/01)

             machine type: WINDOWS

             integer*8 version: integers are 64-bits

             date: Wed Apr 22 11:48:41 2020


             (c) COPYRIGHT 2019 MSC Software Corporation, all rights reserved

                    Marc - W i n d o w s       

                     i n p u t   d a t a


                p a g e          1

                             10        20        30        40        50        60        70        80        90       100       110       120       130       140       150       160
                     ----------------------------------------------------------------------------------------------------------------------------------------------------------------
                     title               job
                     $....MARC input file produced by Marc Mentat 2019 (64bit)
                     $...................................
                     $....input file using extended precision
    card         5   extended
                     $...................................
                     sizing                                 0        23        36         0
                     alloc                       25
                     elements                    11
    card        10   version                     14         2         0         0
                     table                        0         0         2         1         1         0         0         1
                     processor                    1         1         1         0
                     ----------------------------------------------------------------------------------------------------------------------------------------------------------------
                             10        20        30        40        50        60        70        80        90       100       110       120       130       140       150       160
                     ----------------------------------------------------------------------------------------------------------------------------------------------------------------
                     ----------------------------------------------------------------------------------------------------------------------------------------------------------------
1
             general memory increasing from      25 MByte to     106 MByte


             memory increased to        28003864 words during 
             pre-reading of sets



             allocated          2 words of memory due to tables


   MSC Customer Entitlement ID
        56B8415D-4C42G849



                    *************************************************
                    *************************************************

                     program sizing and options requested as follows



                     element type requested*************************        11
                     number of elements in mesh*********************        23
                     number of nodes in mesh************************        36
                     large displacement analysis flagged************
                     load correction flagged or set*****************
                     values stored at all integration points********
                     tape no.for input of coordinates + connectivity         5
                     boundary conditions applied on current geometry
                     no.of different materials    1 max.no of slopes         5
                     number of points on shell section *************        11
                     new style input format will be used************
                     requested number of element threads************         1
                     requested number of solver threads*************         1
                     number of tables used *************************         1
                     extended precision input is used ************** 
                     Marc input version ****************************        14
                     maximum number of boundary conditions *********         2
                     suppress echo of list items *******************
                     suppress echo of bc summary *******************
                     suppress echo of nurbs data *******************
                     additive formulation flagged for herrmann elements


                     end of parameters and sizing
                    *************************************************
                    *************************************************





                              key to stress, strain and displacement output



                                        element type        11


                              4-node isoparametric quadrilateral plane strain        

                              stresses and strains in global directions               
                                1=xx                                                  
                                2=yy                                                  
                                3=zz                                                  
                                4=xy                                                  
                                                                                      
                              displacements in global directions                      
                                1=u global x direction                                
                                2=v global y direction                                

             allocated       6132 words of memory due to nodal vectors


             allocated         74 words of memory due to tables


             allocated        882 words of memory due to tables


             allocated        972 words of memory due to boundary conditions


             allocated         16 words of memory due to geometric points


             allocated         46 words of memory due to geometric curves


             allocated         26 words of memory due to geometric surfaces


             allocated        144 words of memory due to shell, user or contact transformations



             workspace needed for input and stiffness assembly:            8952


             internal core allocation parameters
             degrees of freedom per node (ndeg)  2
             max. number of coordinates per node  2
             max. nodes per element (nnodmx)  4
             max. invariants per int. points (neqst)  1
             max.stress components per int. point (nstrmx)   4
             strains per integration point (ngens)  4


             flag for element storage (ielsto)  0
             element data in core

             memory usage per element group
                group   # elements     nelsto      MByte            words
                  1           23        1150           0             26450
                ----------------------------------------------------------
                total         23                       0             26450


                              internal element variables



                              internal element number         1  library code type   11
                              number of nodes=  4
                              stresses stored per integration point =  4
                              direct continuum components stored =  3
                              shear continuum components stored =  1
                              shell/beam flag = 0
                              curvilinear  coord. flag = 0
                              int.points for elem. stiffness  4
                              number of local inertia directions  2
                              int.point for print if all points not flagged  5
                              int. points for dist. surface loads (pressure)  2
                              library code type =    11
                              large disp. row counts     4    4    0    7



                              residual load correction is invoked



             $...................                                                                                                                                            

             solver                                                                                                                                                          
             ----------


             multifrontal direct sparse solver invoked

             optimize                    11                                                                                                                                  
             ----------



             metis nested dissection algorithm

             connectivity                                                                                                                                                    
             ----------

             geometry id =                   1
             material id =                   1
             contact body id =               1

                meshr1,  iprnt
                      5      1
                elem no., type,        nodes

             coordinates                                                                                                                                                     
             ----------

             ncrd1 ,meshr1,iprnt
                    2         5         1
                   node      coordinates

             define              node                set                 fix_y_nodes                                                                                         
             ----------

             from node          1 to node          6 by          1

             define              node                set                 displace_y_nodes                                                                                    
             ----------

             from node         31 to node         36 by          1

             mooney              structural                                                                                                                                  
             ----------

             Mooney material  material id              1

             material name is:       rubber                                                                                                                                                          


                 structural  property                         value       table id


             *** warning - no bulk modulus is defined. marc calculates it as 5000 times initial shear modulus
             c10                                         2.03000E+01              0
             c01                                         5.80000E+00              0
             c11                                         0.00000E+00              0
             c20                                         0.00000E+00              0
             c30                                         0.00000E+00              0
             bulk modulus                                2.61000E+05              0
             mass density                                0.00000E+00              0
             coefficient of thermal expansion            0.00000E+00              0



             mat color                                                                                                                                                       
             ----------


             material id is:                  1
                material type      =          1
                material RGB color =        230         0         0

             table               sin_input                                                                                                                                   
             ----------


             table identifier                  1
             table name is           sin_input                       
             unit number                       5
             number of independent var.        1
             an equation is used to describe function 
             abscissa                  
             time                       
             equation : sin(2*pi*v1)                                                                    
                                                                                                         

             geometry                                                                                                                                                        
             ----------


             geometry name is:       geom1


             geometry id =                 1
             geometry RGB color =        230         0         0

             geometric parameter       value
                       1             1.00000E+00
                       2             0.00000E+00
                       3             0.00000E+00
                       4             0.00000E+00
                       5             0.00000E+00
                       6             0.00000E+00
                       7             0.00000E+00
                       8             0.00000E+00

             fixed disp                                                                                                                                                      
             ----------


             read data from unit    5

             name of boundary condition fix_y

             Displacements are applied incrementally relative to current position

             Prescribed Displacement for dof  1 =      0.00000E+00  table id is        0

             Prescribed Displacement for dof  2 =      0.00000E+00  table id is        0

             applied to node ids       

             fix_y_nodes

             name of boundary condition displace_y

             Displacements are applied incrementally relative to current position

             Prescribed Displacement for dof  2 =      1.00000E+00  table id is        1

             applied to node ids       

             displace_y_nodes

             loadcase            job                                                                                                                                         
             ----------


             activate boundary condition fix_y

             activate boundary condition displace_y

             contact                      5         0                                                                                                                        
             ----------

             finite sliding node-to-segment contact algorithm will be used

             number of bodies                  =         1

             Coulomb friction with piecewise linear regularization selected (type 6)

             no increment splitting during analysis

             separation based upon nodal forces:
               separation threshold is treated as a force

             suppress contact surface print out

             relative displacement below which sticking is simulated
             will be automatically determined

             friction force tolerance          =  5.00000E-02
             distance below which a node is     
             considered touching a surface     =  default
             separation threshold              =  default
             contact bias factor               =  9.50000E-01



             $....contact body 1: cbody1                                                                                                                                     

             body number                       =    1
             body name                         = cbody1
             number of sets of data            =    0

                       body positioning data          
             1st coordinate of center of rotation       0.00000E+00
             2nd coordinate of center of rotation       0.00000E+00
             initial angle rotated around axis          0.00000E+00

             1st component of directional cosine        0.00000E+00
             2nd component of directional cosine        0.00000E+00
             3rd component of directional cosine        1.00000E+00

             1st component of approach velocity         0.00000E+00
             2nd component of approach velocity         0.00000E+00
             angular approach velocity                  0.00000E+00

             1st component of velocity                  0.00000E+00     table id           0
             2nd component of velocity                  0.00000E+00     table id           0
             angular velocity                           0.00000E+00     table id           0

             1st component of surface growth factor     0.00000E+00     table id           0
             2nd component of surface growth factor     0.00000E+00     table id           0

             friction coefficient                       0.00000E+00     table id           0


             $....full default contact is allowed                                                                                                                            

             contact table                                                                                                                                                   
             ----------


             contact table remains unchanged

             no print                                                                                                                                                        
             ----------


             post                                                                                                                                                            
             ----------

             number of element variables on post file:    4

             binary post file will be used

             initial output frequency of post file:       1

             Marc 2017 style post file (default)

             post variable     1 is post code   17 =                                                 
             post variable     2 is post code   48 =                                                 
             post variable     3 is post code  301 =                                                 
             post variable     9 is post code  411 at layer      1 =                                                 
             maximum record length on binary post file=             36
             approximate no. of words per increment on file=           1304


             parameters                                                                                                                                                      
             ----------


             parameters set as follows 

             predictor used for stress-strain calculation    1.00000E+00
             penalty factor for boundary conditions          1.00000E+09
             penalty for incompressibility - r-p flow        1.00000E+02
             penalty for incompressibility - fluid flow      1.00000E+06
             beta parameter for Newmark operator             2.50000E-01
             gamma parameter for Newmark operator            5.00000E-01
             gamma1 parameter for Single-Step-Houbolt        1.50000E+00
             gamma parameter for Single-Step-Houbolt        -5.00000E-01
             sharp angle for sticking/separating - 2D        8.62500E+00
             sharp angle for sticking/separating - 3D        2.00000E+01
             initial strain rate for r-p flow                1.00000E-04
             lowest strain rate cut-off for r-p flow         1.00000E-06
             fraction of dilatational stress neglected       1.00000E+00
             factor for drilling d.o.f for shells            1.00000E-04
             factor for displacement after rezoning          1.00000E+00

             universal gas constant                          8.31400E+00
             absolute temperature offset                     2.73150E+02
             thermal properties evaluation weight            5.00000E-01
             surface projection factor in ssh dynamics       0.00000E+00
             Stefan Boltzmann constant                       5.67051E-08
             Planck's second radiation constant              1.43877E-02
             Speed of light in vacuum                        2.99790E+08
             Permeability of vacuum                          1.25664E-06
             Permittivity of vacuum                          8.85419E-12
             maximum iterative displacement component        1.00000E+30
             initial stiffness to simulate sticking          0.00000E+00
             minimum angle between the normal vectors of 
             contacting segments                             1.20000E+02
             radiation reflection cut-off                    1.00000E-03
             angle for averaging adjacent beams (s2s)        1.60000E+02
             stabilizer stiffness for model sections         0.00000E+00

             maximum change in temperature per iteration     1.00000E+02
             maximum rbe3 conditioning number                0.10000E+07
             gasket initial stress stiffness factor          4.00000E-01

             end option                                                                                                                                                      
             ----------

             wall time =          26.00

             wall time =          26.00


             direct symmetric multi-frontal sparse solver is invoked for region   1


             number of element groups used:         1

                group     # elements     element type     material                             formulation

                   1          23            11                1                                    UM
 
               formulation:
                     U:   updated Lagrange
                     M:   multiplicative decomposition
 


             maximum connectivity in stiffness matrix is          5 at node          8



             maximum half-bandwidth is          8  between nodes          1  and          8

             number of profile entries excluding fill-in is             142

             * * * * * * * * * * *

             default contact tolerance calculated by the program is           5.00000E-02

             contact tolerance used (it is not specified in input)            5.00000E-02

             the following contact tolerances are program suggested values if you want to specify the contact tolerance
             on a body pair basis (use value for self or rigid contact or minimum value for deformable-deformable contact)

              body_id suggested contact_tolerance     element_id  outside_nodes  outside_patches body_name
                    1                 5.00000E-02         1 edge             27               28 cbody1

             relative displacement below which sticking is simulated :  2.50000E-03

      
     ******************************
     Values used during contact : contact tolerance                       
          Default Value =   5.0000000E-02
     ******************************
      Body ID       1 Defor        
     ------------------------------
     1 Defor            default    
     ******************************
      

             * * * * * * * * * * *



             total workspace needed with in-core matrix storage =           11512
               part of solver workspace is allocated separately

             allocated        360 words of memory due to kinematic boundary conditions







             load increments for each degree of freedom
             summed over the whole model

             from distributed loads
             dist. loads on deformed configuration - totals below for dist. loads
             increments for point loads
             0.000000E+00   0.000000E+00


             point loads
             0.000000E+00   0.000000E+00

     body        1: cbody1
         number of nodes in contact     =             0


             increment zero is a null step


             total strain energy         is    0.00000E+00
               within which:
               elastic strain energy     is    0.00000E+00
             total ext-force work        is    0.00000E+00
               within which:
               work by appl. force/disp. is    0.00000E+00
               work by  contact forces   is    0.00000E+00
               work by frictional forces is    0.00000E+00


             memory usage:                       MByte       words  % of total

              within general memory:           
               element stiffness matrices:           0        4916         0.0
               solver: first part                    0        2560         0.0
               overallocation initial allocation   107    27992356        79.8
               other:                                0        4032         0.0
              allocated separately:
               nodal vectors:                        0        6420         0.0
               defined sets:                         0         354         0.0
               contact:                              0        8454         0.0
               transformations:                      0         144         0.0
               kinematic boundary conditions:        0        1332         0.0
               tables:                               0         958         0.0
               points, curves and surfaces:          0         144         0.0
               mem_none:                             0       26768         0.1
               element storage:                      0       27680         0.1
               material properties:                  0        4598         0.0
               executable and common blocks:        27     7000000        20.0
               miscellaneous                         0         212         0.0
               ---------------------------------------------------------------
               total:                              134    35080928

               general memory allocated:           107    28003864
               general memory used:                  0       11508

               peak memory usage:                  159    41557520

             e n d   o f   i n c r e m e n t       0

             binary post data at increment       0.  subincrement    0.  on file 16
             wall time =          26.00


             $...................                                                                                                                                            

             $....start of loadcase lcase1                                                                                                                                   

             title               lcase1                                                                                                                                      
             ----------


             loadcase            lcase1                                                                                                                                      
             ----------


             activate boundary condition fix_y

             activate boundary condition displace_y

             $....allowed contact remains unchanged                                                                                                                          

             contact table                                                                                                                                                   
             ----------


             contact table remains unchanged

             control             structural                                                                                                                                  
             ----------


             control information for region   1

             maximum number of increments      99999
             maximum number of recycles           10
             minimum number of recycles            0

             control of residual convergence:
               relative tolerance:              1.00000E-01
               cut-off value     :              0.00000E+00
               absolute tolerance:              0.00000E+00
               relative moment tolerance:       0.00000E+00
               moment cut-off value     :       0.00000E+00
               absolute moment tolerance:       0.00000E+00



             full newton-raphson technique chosen

             convergence testing is automatically switched between
             residual and displacement testing if reactions or displacements 
             become too small 

             control messages will be written to log file

             parameters                                                                                                                                                      
             ----------


             parameters set as follows 

             predictor used for stress-strain calculation    1.00000E+00
             penalty factor for boundary conditions          1.00000E+09
             penalty for incompressibility - r-p flow        1.00000E+02
             penalty for incompressibility - fluid flow      1.00000E+06
             beta parameter for Newmark operator             2.50000E-01
             gamma parameter for Newmark operator            5.00000E-01
             gamma1 parameter for Single-Step-Houbolt        1.50000E+00
             gamma parameter for Single-Step-Houbolt        -5.00000E-01
             sharp angle for sticking/separating - 2D        8.62500E+00
             sharp angle for sticking/separating - 3D        2.00000E+01
             initial strain rate for r-p flow                1.00000E-04
             lowest strain rate cut-off for r-p flow         1.00000E-06
             fraction of dilatational stress neglected       1.00000E+00
             factor for drilling d.o.f for shells            1.00000E-04
             factor for displacement after rezoning          1.00000E+00

             universal gas constant                          8.31400E+00
             absolute temperature offset                     2.73150E+02
             thermal properties evaluation weight            5.00000E-01
             surface projection factor in ssh dynamics       0.00000E+00
             Stefan Boltzmann constant                       5.67051E-08
             Planck's second radiation constant              1.43877E-02
             Speed of light in vacuum                        2.99790E+08
             Permeability of vacuum                          1.25664E-06
             Permittivity of vacuum                          8.85419E-12
             maximum iterative displacement component        1.00000E+30
             initial stiffness to simulate sticking          0.00000E+00
             minimum angle between the normal vectors of 
             contacting segments                             1.20000E+02
             radiation reflection cut-off                    1.00000E-03
             angle for averaging adjacent beams (s2s)        1.60000E+02
             stabilizer stiffness for model sections         0.00000E+00

             maximum change in temperature per iteration     1.00000E+02
             maximum rbe3 conditioning number                0.10000E+07
             gasket initial stress stiffness factor          4.00000E-01

             auto load                                                                                                                                                       
             ----------


             iotnum,incasm
                      4         0


             maximum number of time step cutback           10
             maximum number of forced remeshing             1
             cutback step for next forced remeshing         0

             time step                                                                                                                                                       
             ----------

             time increment =     2.50000E-01

             continue                                                                                                                                                        
             ----------



             equal load incs specified for       4 increments




             s t a r t   o f   i n c r e m e n t       1


          space needed for incremental backup:       33790



             maximum connectivity in stiffness matrix is          5 at node          8



             maximum half-bandwidth is          8  between nodes          1  and          8

             number of profile entries excluding fill-in is             142



             total workspace needed with in-core matrix storage =           11512
               part of solver workspace is allocated separately






             load increments for each degree of freedom
             summed over the whole model

             from distributed loads
             dist. loads on deformed configuration - totals below for dist. loads
             increments for point loads
             0.000000E+00   0.000000E+00


             point loads
             0.000000E+00   0.000000E+00

             start of assembly     cycle number is     0
             wall time =          26.00




             solver workspace for phase1 (matrix input)    (64bit words) =             406 (      0.00 MByte)
             Metis nested dissection ordering used
             solver workspace for phase2 (nodal ordering)  (64bit words) =            2387 (      0.02 MByte)
             solver workspace for phase3 (symbolic factor) (64bit words) =            2152 (      0.02 MByte)
             solver workspace for phase4 (factorization)   (64bit words) =            4015 (      0.03 MByte) (MINIMUM)
             solver workspace for phase4 (factorization)   (64bit words) =            5101 (      0.04 MByte) (MAXIMUM)
             solver workspace available and used           (64bit words) =         1000000 (      7.63 MByte)


             start of matrix solution
             wall time =          26.00



             singularity ratio    3.8274E-04


             end of matrix solution
             wall time =          26.00


     body        1: cbody1
         number of nodes in contact     =             0

             maximum residual force  at node        25 degree of freedom  1 is equal to    4.511E+00
             maximum reaction force  at node        35 degree of freedom  2 is equal to    3.891E+01
             residual convergence ratio    1.159E-01

             failure to converge to tolerance

             increment will be recycled






             load increments for each degree of freedom
             summed over the whole model

             from distributed loads
             dist. loads on deformed configuration - totals below for dist. loads
             increments for point loads
             0.000000E+00   0.000000E+00


             point loads
             0.000000E+00   0.000000E+00

             start of assembly     cycle number is     1
             wall time =          26.00




             solver workspace for phase1 (matrix input)    (64bit words) =             406 (      0.00 MByte)
             Metis nested dissection ordering used
             solver workspace for phase2 (nodal ordering)  (64bit words) =            1598 (      0.01 MByte)
             solver workspace for phase3 (symbolic factor) (64bit words) =            1715 (      0.01 MByte)
             solver workspace for phase4 (factorization)   (64bit words) =            4070 (      0.03 MByte) (MINIMUM)
             solver workspace for phase4 (factorization)   (64bit words) =            5168 (      0.04 MByte) (MAXIMUM)
             solver workspace available and used           (64bit words) =         1000000 (      7.63 MByte)


             start of matrix solution
             wall time =          26.00



             singularity ratio    2.9290E-04


             end of matrix solution
             wall time =          26.00


     body        1: cbody1
         number of nodes in contact     =             0

             maximum residual force  at node        16 degree of freedom  1 is equal to    3.723E-01
             maximum reaction force  at node        35 degree of freedom  2 is equal to    3.569E+01
             residual convergence ratio    1.043E-02


             total transient time = 2.50000E-01



   WINDOWS version
   Marc 2019
   output for increment       1. "          lcase1"


             total strain energy         is    8.19587E+01
               within which:
               elastic strain energy     is    8.19587E+01
             total ext-force work        is    7.55146E+01
               within which:
               work by appl. force/disp. is    7.55146E+01
               work by  contact forces   is    0.00000E+00
               work by frictional forces is    0.00000E+00



                    g l o b a l  c o n t a c t  b o d y  d a t a

     body number        1 name: cbody1
     1st coord. of center of rotation                  0.000E+00
     2nd coord. of center of rotation                  0.000E+00
     total angle rotated                               0.000E+00
     1st component of velocity                         0.000E+00
     2nd component of velocity                         0.000E+00
     angular velocity                                  0.000E+00
     1st component of total load                       0.000E+00
     2nd component of total load                       0.000E+00
     moment w.r.t. center of rotation                  0.000E+00
     total strain energy                               0.820E+02
     total kinetic energy                              0.000E+00
     total damping energy                              0.000E+00



                    c o n t a c t  b o d y  i n t e r a c t i o n  r e s u l t s


             memory usage:                       MByte       words  % of total

              within general memory:           
               element stiffness matrices:           0        4916         0.0
               solver: first part                    0        2560         0.0
               overallocation initial allocation   107    27992356        75.4
               other:                                0        4032         0.0
              allocated separately:
               incremental backup:                   0       67580         0.2
               solver 8                              8     1999188         5.4
               nodal vectors:                        0        6420         0.0
               defined sets:                         0         354         0.0
               contact:                              0        8454         0.0
               transformations:                      0         144         0.0
               kinematic boundary conditions:        0        1332         0.0
               tables:                               0         958         0.0
               points, curves and surfaces:          0         144         0.0
               mem_none:                             0       28176         0.1
               element storage:                      0       27680         0.1
               material properties:                  0        4598         0.0
               executable and common blocks:        27     7000000        18.8
               miscellaneous                         0         212         0.0
               ---------------------------------------------------------------
               total:                              142    37149104

               general memory allocated:           107    28003864
               general memory used:                  0       11508

               peak memory usage:                  159    41557520

             e n d   o f   i n c r e m e n t       1

             binary post data at increment       1.  subincrement    0.  on file 16
             wall time =          26.00




             s t a r t   o f   i n c r e m e n t       2






             load increments for each degree of freedom
             summed over the whole model

             from distributed loads
             dist. loads on deformed configuration - totals below for dist. loads
             increments for point loads
             0.000000E+00   0.000000E+00


             point loads
             0.000000E+00   0.000000E+00

             start of assembly     cycle number is     0
             wall time =          26.00




             solver workspace for phase1 (matrix input)    (64bit words) =             406 (      0.00 MByte)
             Metis nested dissection ordering used
             solver workspace for phase2 (nodal ordering)  (64bit words) =            1598 (      0.01 MByte)
             solver workspace for phase3 (symbolic factor) (64bit words) =            1715 (      0.01 MByte)
             solver workspace for phase4 (factorization)   (64bit words) =            4070 (      0.03 MByte) (MINIMUM)
             solver workspace for phase4 (factorization)   (64bit words) =            5168 (      0.04 MByte) (MAXIMUM)
             solver workspace available and used           (64bit words) =         1000000 (      7.63 MByte)


             start of matrix solution
             wall time =          26.00



             singularity ratio    2.9376E-04


             end of matrix solution
             wall time =          26.00


     body        1: cbody1
         number of nodes in contact     =             0

             maximum residual force  at node        12 degree of freedom  2 is equal to    3.175E+00
             maximum reaction force  at node         5 degree of freedom  2 is equal to    4.660E+00
             residual convergence ratio    6.814E-01

             failure to converge to tolerance

             increment will be recycled






             load increments for each degree of freedom
             summed over the whole model

             from distributed loads
             dist. loads on deformed configuration - totals below for dist. loads
             increments for point loads
             0.000000E+00   0.000000E+00


             point loads
             0.000000E+00   0.000000E+00

             start of assembly     cycle number is     1
             wall time =          26.00




             solver workspace for phase1 (matrix input)    (64bit words) =             406 (      0.00 MByte)
             Metis nested dissection ordering used
             solver workspace for phase2 (nodal ordering)  (64bit words) =            1598 (      0.01 MByte)
             solver workspace for phase3 (symbolic factor) (64bit words) =            1715 (      0.01 MByte)
             solver workspace for phase4 (factorization)   (64bit words) =            4070 (      0.03 MByte) (MINIMUM)
             solver workspace for phase4 (factorization)   (64bit words) =            5168 (      0.04 MByte) (MAXIMUM)
             solver workspace available and used           (64bit words) =         1000000 (      7.63 MByte)


             start of matrix solution
             wall time =          26.00



             singularity ratio    3.9592E-04


             end of matrix solution
             wall time =          26.00


     body        1: cbody1
         number of nodes in contact     =             0

             maximum residual force  at node        11 degree of freedom  2 is equal to    1.469E-01
             maximum reaction force  at node         5 degree of freedom  2 is equal to    1.379E-01
             residual convergence ratio    1.065E+00

             failure to converge to tolerance

             increment will be recycled






             load increments for each degree of freedom
             summed over the whole model

             from distributed loads
             dist. loads on deformed configuration - totals below for dist. loads
             increments for point loads
             0.000000E+00   0.000000E+00


             point loads
             0.000000E+00   0.000000E+00

             start of assembly     cycle number is     2
             wall time =          26.00




             solver workspace for phase1 (matrix input)    (64bit words) =             406 (      0.00 MByte)
             Metis nested dissection ordering used
             solver workspace for phase2 (nodal ordering)  (64bit words) =            1598 (      0.01 MByte)
             solver workspace for phase3 (symbolic factor) (64bit words) =            1715 (      0.01 MByte)
             solver workspace for phase4 (factorization)   (64bit words) =            4070 (      0.03 MByte) (MINIMUM)
             solver workspace for phase4 (factorization)   (64bit words) =            5168 (      0.04 MByte) (MAXIMUM)
             solver workspace available and used           (64bit words) =         1000000 (      7.63 MByte)


             start of matrix solution
             wall time =          26.00



             singularity ratio    3.9663E-04


             end of matrix solution
             wall time =          26.00


     body        1: cbody1
         number of nodes in contact     =             0

             maximum residual force  at node        16 degree of freedom  1 is equal to    8.923E-05
             maximum reaction force  at node        34 degree of freedom  2 is equal to    2.971E-05
             residual convergence ratio    3.003E+00

             failure to converge to tolerance

             increment will be recycled






             load increments for each degree of freedom
             summed over the whole model

             from distributed loads
             dist. loads on deformed configuration - totals below for dist. loads
             increments for point loads
             0.000000E+00   0.000000E+00


             point loads
             0.000000E+00   0.000000E+00

             start of assembly     cycle number is     3
             wall time =          26.00




             solver workspace for phase1 (matrix input)    (64bit words) =             406 (      0.00 MByte)
             Metis nested dissection ordering used
             solver workspace for phase2 (nodal ordering)  (64bit words) =            1598 (      0.01 MByte)
             solver workspace for phase3 (symbolic factor) (64bit words) =            1715 (      0.01 MByte)
             solver workspace for phase4 (factorization)   (64bit words) =            4070 (      0.03 MByte) (MINIMUM)
             solver workspace for phase4 (factorization)   (64bit words) =            5168 (      0.04 MByte) (MAXIMUM)
             solver workspace available and used           (64bit words) =         1000000 (      7.63 MByte)


             start of matrix solution
             wall time =          26.00



             singularity ratio    3.9699E-04


             end of matrix solution
             wall time =          26.00


     body        1: cbody1
         number of nodes in contact     =             0

             maximum residual force  at node        16 degree of freedom  1 is equal to    2.208E-11
             maximum reaction force  at node        35 degree of freedom  2 is equal to    8.411E-12
             residual convergence ratio    2.625E+00

             failure to converge to tolerance

             increment will be recycled






             load increments for each degree of freedom
             summed over the whole model

             from distributed loads
             dist. loads on deformed configuration - totals below for dist. loads
             increments for point loads
             0.000000E+00   0.000000E+00


             point loads
             0.000000E+00   0.000000E+00

             start of assembly     cycle number is     4
             wall time =          26.00




             solver workspace for phase1 (matrix input)    (64bit words) =             406 (      0.00 MByte)
             Metis nested dissection ordering used
             solver workspace for phase2 (nodal ordering)  (64bit words) =            1598 (      0.01 MByte)
             solver workspace for phase3 (symbolic factor) (64bit words) =            1715 (      0.01 MByte)
             solver workspace for phase4 (factorization)   (64bit words) =            4070 (      0.03 MByte) (MINIMUM)
             solver workspace for phase4 (factorization)   (64bit words) =            5168 (      0.04 MByte) (MAXIMUM)
             solver workspace available and used           (64bit words) =         1000000 (      7.63 MByte)


             start of matrix solution
             wall time =          26.00



             singularity ratio    3.9699E-04


             end of matrix solution
             wall time =          26.00


     body        1: cbody1
         number of nodes in contact     =             0

             maximum residual force  at node        28 degree of freedom  2 is equal to    2.107E-14
             maximum reaction force  at node         4 degree of freedom  2 is equal to    2.680E-14
             residual convergence ratio    7.863E-01

             maximum displacement  change   at node        21 degree of freedom  1 is equal to    3.249E-13
             maximum displacement increment at node        31 degree of freedom  2 is equal to    1.000E+00
             displacement convergence ratio   3.249E-13


             total transient time = 5.00000E-01



   WINDOWS version
   Marc 2019
   output for increment       2. "          lcase1"


             total strain energy         is   -2.84217E-14
               within which:
               elastic strain energy     is   -2.84217E-14
             total ext-force work        is   -2.84217E-14
               within which:
               work by appl. force/disp. is   -2.84217E-14
               work by  contact forces   is    0.00000E+00
               work by frictional forces is    0.00000E+00



                    g l o b a l  c o n t a c t  b o d y  d a t a

     body number        1 name: cbody1
     1st coord. of center of rotation                  0.000E+00
     2nd coord. of center of rotation                  0.000E+00
     total angle rotated                               0.000E+00
     1st component of velocity                         0.000E+00
     2nd component of velocity                         0.000E+00
     angular velocity                                  0.000E+00
     1st component of total load                       0.000E+00
     2nd component of total load                       0.000E+00
     moment w.r.t. center of rotation                  0.000E+00
     total strain energy                              -0.284E-13
     total kinetic energy                              0.000E+00
     total damping energy                              0.000E+00



                    c o n t a c t  b o d y  i n t e r a c t i o n  r e s u l t s


             memory usage:                       MByte       words  % of total

              within general memory:           
               element stiffness matrices:           0        4916         0.0
               solver: first part                    0        2560         0.0
               overallocation initial allocation   107    27992356        75.4
               other:                                0        4032         0.0
              allocated separately:
               incremental backup:                   0       67580         0.2
               solver 8                              8     1999188         5.4
               nodal vectors:                        0        6420         0.0
               defined sets:                         0         354         0.0
               contact:                              0        8454         0.0
               transformations:                      0         144         0.0
               kinematic boundary conditions:        0        1332         0.0
               tables:                               0         958         0.0
               points, curves and surfaces:          0         144         0.0
               mem_none:                             0       28176         0.1
               element storage:                      0       27680         0.1
               material properties:                  0        4598         0.0
               executable and common blocks:        27     7000000        18.8
               miscellaneous                         0         212         0.0
               ---------------------------------------------------------------
               total:                              142    37149104

               general memory allocated:           107    28003864
               general memory used:                  0       11508

               peak memory usage:                  159    41557520

             e n d   o f   i n c r e m e n t       2

             binary post data at increment       2.  subincrement    0.  on file 16
             wall time =          26.00




             s t a r t   o f   i n c r e m e n t       3






             load increments for each degree of freedom
             summed over the whole model

             from distributed loads
             dist. loads on deformed configuration - totals below for dist. loads
             increments for point loads
             0.000000E+00   0.000000E+00


             point loads
             0.000000E+00   0.000000E+00

             start of assembly     cycle number is     0
             wall time =          26.00




             solver workspace for phase1 (matrix input)    (64bit words) =             406 (      0.00 MByte)
             Metis nested dissection ordering used
             solver workspace for phase2 (nodal ordering)  (64bit words) =            1947 (      0.01 MByte)
             solver workspace for phase3 (symbolic factor) (64bit words) =            1881 (      0.01 MByte)
             solver workspace for phase4 (factorization)   (64bit words) =            4077 (      0.03 MByte) (MINIMUM)
             solver workspace for phase4 (factorization)   (64bit words) =            5172 (      0.04 MByte) (MAXIMUM)
             solver workspace available and used           (64bit words) =         1000000 (      7.63 MByte)


             start of matrix solution
             wall time =          26.00



             singularity ratio    3.8274E-04


             end of matrix solution
             wall time =          26.00


     body        1: cbody1
         number of nodes in contact     =             0

             maximum residual force  at node        20 degree of freedom  2 is equal to    1.548E+01
             maximum reaction force  at node        35 degree of freedom  2 is equal to    5.963E+01
             residual convergence ratio    2.596E-01

             failure to converge to tolerance

             increment will be recycled






             load increments for each degree of freedom
             summed over the whole model

             from distributed loads
             dist. loads on deformed configuration - totals below for dist. loads
             increments for point loads
             0.000000E+00   0.000000E+00


             point loads
             0.000000E+00   0.000000E+00

             start of assembly     cycle number is     1
             wall time =          26.00




             solver workspace for phase1 (matrix input)    (64bit words) =             406 (      0.00 MByte)
             Metis nested dissection ordering used
             solver workspace for phase2 (nodal ordering)  (64bit words) =            1598 (      0.01 MByte)
             solver workspace for phase3 (symbolic factor) (64bit words) =            1715 (      0.01 MByte)
             solver workspace for phase4 (factorization)   (64bit words) =            4070 (      0.03 MByte) (MINIMUM)
             solver workspace for phase4 (factorization)   (64bit words) =            5168 (      0.04 MByte) (MAXIMUM)
             solver workspace available and used           (64bit words) =         1000000 (      7.63 MByte)


             start of matrix solution
             wall time =          26.00



             singularity ratio    2.7226E-04


             end of matrix solution
             wall time =          26.00


             ddu multiplied by    5.64755E-01 due to large displacement value of    3.54136E+00 at node        31 dof    1


             ddu multiplied by    5.09116E-01 to avoid penetration of node        26 into body         1 segment        23
                  body         1 : cbody1
                  body         1 element        22 segment nodes        21        20

     body        1: cbody1
         number of nodes in contact     =             0

             maximum residual force  at node        20 degree of freedom  2 is equal to    4.952E+01
             maximum reaction force  at node        34 degree of freedom  2 is equal to    6.858E+01
             residual convergence ratio    7.221E-01

             failure to converge to tolerance

             increment will be recycled

             allocated       2040 words of memory due to shell, user or contact transformations


             allocated       1308 words of memory due to tyings



             maximum connectivity in stiffness matrix is          7 at node         32



             maximum half-bandwidth is         14  between nodes         20  and         33

             number of profile entries excluding fill-in is             152



             total workspace needed with in-core matrix storage =           11672
               part of solver workspace is allocated separately






             load increments for each degree of freedom
             summed over the whole model

             from distributed loads
             dist. loads on deformed configuration - totals below for dist. loads
             increments for point loads
             0.000000E+00   0.000000E+00


             point loads
             0.000000E+00   0.000000E+00

             start of assembly     cycle number is     2
             wall time =          26.00




             solver workspace for phase1 (matrix input)    (64bit words) =             426 (      0.00 MByte)
             Metis nested dissection ordering used
             solver workspace for phase2 (nodal ordering)  (64bit words) =            1609 (      0.01 MByte)
             solver workspace for phase3 (symbolic factor) (64bit words) =            1727 (      0.01 MByte)
             solver workspace for phase4 (factorization)   (64bit words) =            4114 (      0.03 MByte) (MINIMUM)
             solver workspace for phase4 (factorization)   (64bit words) =            5203 (      0.04 MByte) (MAXIMUM)
             solver workspace available and used           (64bit words) =         1000000 (      7.63 MByte)


             start of matrix solution
             wall time =          26.00



             singularity ratio    3.4777E-04


             end of matrix solution
             wall time =          26.00


     body        1: cbody1
         number of nodes in contact     =             0

             maximum residual force  at node        25 degree of freedom  2 is equal to    5.716E+00
             maximum reaction force  at node         6 degree of freedom  2 is equal to    8.842E+01
             residual convergence ratio    6.464E-02

             recycling increment due to body to body contact 

             increment will be recycled






             load increments for each degree of freedom
             summed over the whole model

             from distributed loads
             dist. loads on deformed configuration - totals below for dist. loads
             increments for point loads
             0.000000E+00   0.000000E+00


             point loads
             0.000000E+00   0.000000E+00

             start of assembly     cycle number is     3
             wall time =          26.00




             solver workspace for phase1 (matrix input)    (64bit words) =             426 (      0.00 MByte)
             Metis nested dissection ordering used
             solver workspace for phase2 (nodal ordering)  (64bit words) =            1609 (      0.01 MByte)
             solver workspace for phase3 (symbolic factor) (64bit words) =            1727 (      0.01 MByte)
             solver workspace for phase4 (factorization)   (64bit words) =            4114 (      0.03 MByte) (MINIMUM)
             solver workspace for phase4 (factorization)   (64bit words) =            5203 (      0.04 MByte) (MAXIMUM)
             solver workspace available and used           (64bit words) =         1000000 (      7.63 MByte)


             start of matrix solution
             wall time =          26.00



             singularity ratio    4.0646E-04


             end of matrix solution
             wall time =          26.00


     body        1: cbody1
         number of nodes in contact     =             0

             maximum residual force  at node        25 degree of freedom  2 is equal to    3.271E-01
             maximum reaction force  at node         6 degree of freedom  2 is equal to    8.607E+01
             residual convergence ratio    3.800E-03

             recycling increment due to separation 


             maximum connectivity in stiffness matrix is          5 at node          8



             maximum half-bandwidth is          8  between nodes          1  and          8

             number of profile entries excluding fill-in is             142



             total workspace needed with in-core matrix storage =           11512
               part of solver workspace is allocated separately






             load increments for each degree of freedom
             summed over the whole model

             from distributed loads
             dist. loads on deformed configuration - totals below for dist. loads
             increments for point loads
             0.000000E+00   0.000000E+00


             point loads
             0.000000E+00   0.000000E+00

             start of assembly     cycle number is     1
             wall time =          26.00




             solver workspace for phase1 (matrix input)    (64bit words) =             406 (      0.00 MByte)
             Metis nested dissection ordering used
             solver workspace for phase2 (nodal ordering)  (64bit words) =            1598 (      0.01 MByte)
             solver workspace for phase3 (symbolic factor) (64bit words) =            1715 (      0.01 MByte)
             solver workspace for phase4 (factorization)   (64bit words) =            4070 (      0.03 MByte) (MINIMUM)
             solver workspace for phase4 (factorization)   (64bit words) =            5168 (      0.04 MByte) (MAXIMUM)
             solver workspace available and used           (64bit words) =         1000000 (      7.63 MByte)


             start of matrix solution
             wall time =          26.00



             singularity ratio    3.0489E-04


             end of matrix solution
             wall time =          26.00


     body        1: cbody1
         number of nodes in contact     =             0

             maximum residual force  at node        20 degree of freedom  2 is equal to    6.930E+00
             maximum reaction force  at node         6 degree of freedom  2 is equal to    7.996E+01
             residual convergence ratio    8.666E-02


             total transient time = 7.50000E-01



   WINDOWS version
   Marc 2019
   output for increment       3. "          lcase1"


             total strain energy         is    1.26527E+02
               within which:
               elastic strain energy     is    1.26527E+02
             total ext-force work        is    1.34060E+02
               within which:
               work by appl. force/disp. is    1.34060E+02
               work by  contact forces   is    0.00000E+00
               work by frictional forces is    0.00000E+00



                    g l o b a l  c o n t a c t  b o d y  d a t a

     body number        1 name: cbody1
     1st coord. of center of rotation                  0.000E+00
     2nd coord. of center of rotation                  0.000E+00
     total angle rotated                               0.000E+00
     1st component of velocity                         0.000E+00
     2nd component of velocity                         0.000E+00
     angular velocity                                  0.000E+00
     1st component of total load                       0.000E+00
     2nd component of total load                       0.000E+00
     moment w.r.t. center of rotation                  0.000E+00
     total strain energy                               0.127E+03
     total kinetic energy                              0.000E+00
     total damping energy                              0.000E+00



                    c o n t a c t  b o d y  i n t e r a c t i o n  r e s u l t s


             memory usage:                       MByte       words  % of total

              within general memory:           
               element stiffness matrices:           0        4916         0.0
               solver: first part                    0        2720         0.0
               overallocation initial allocation   107    27992196        75.3
               other:                                0        4032         0.0
              allocated separately:
               incremental backup:                   0       67580         0.2
               solver 8                              8     1999188         5.4
               nodal vectors:                        0        6420         0.0
               defined sets:                         0         354         0.0
               contact:                              0        8454         0.0
               tyings:                               0        1392         0.0
               transformations:                      0        2184         0.0
               kinematic boundary conditions:        0        1332         0.0
               tables:                               0         958         0.0
               points, curves and surfaces:          0         144         0.0
               mem_none:                             0       28418         0.1
               element storage:                      0       27680         0.1
               material properties:                  0        4598         0.0
               executable and common blocks:        27     7000000        18.8
               miscellaneous                         0         212         0.0
               ---------------------------------------------------------------
               total:                              142    37152778

               general memory allocated:           107    28003864
               general memory used:                  0       11668

               peak memory usage:                  159    41557520

             e n d   o f   i n c r e m e n t       3

             binary post data at increment       3.  subincrement    0.  on file 16
             wall time =          26.00




             s t a r t   o f   i n c r e m e n t       4


          space needed for incremental backup:       34213







             load increments for each degree of freedom
             summed over the whole model

             from distributed loads
             dist. loads on deformed configuration - totals below for dist. loads
             increments for point loads
             0.000000E+00   0.000000E+00


             point loads
             0.000000E+00   0.000000E+00

             start of assembly     cycle number is     0
             wall time =          26.00




             solver workspace for phase1 (matrix input)    (64bit words) =             406 (      0.00 MByte)
             Metis nested dissection ordering used
             solver workspace for phase2 (nodal ordering)  (64bit words) =            1598 (      0.01 MByte)
             solver workspace for phase3 (symbolic factor) (64bit words) =            1715 (      0.01 MByte)
             solver workspace for phase4 (factorization)   (64bit words) =            4070 (      0.03 MByte) (MINIMUM)
             solver workspace for phase4 (factorization)   (64bit words) =            5168 (      0.04 MByte) (MAXIMUM)
             solver workspace available and used           (64bit words) =         1000000 (      7.63 MByte)


             start of matrix solution
             wall time =          26.00



             singularity ratio    2.2899E-04


             end of matrix solution
             wall time =          26.00


             ddu multiplied by    2.23841E-01 due to large displacement value of    8.45393E+00 at node        31 dof    1


     body        1: cbody1
         number of nodes in contact     =             0

             maximum residual force  at node        26 degree of freedom  2 is equal to    3.299E+01
             maximum reaction force  at node         1 degree of freedom  2 is equal to    7.218E+01
             residual convergence ratio    4.570E-01

             failure to converge to tolerance

             iterative penetration checking has reached   0.223841 of total increment

             increment will be recycled






             load increments for each degree of freedom
             summed over the whole model

             from distributed loads
             dist. loads on deformed configuration - totals below for dist. loads
             increments for point loads
             0.000000E+00   0.000000E+00


             point loads
             0.000000E+00   0.000000E+00

             start of assembly     cycle number is     1
             wall time =          26.00




             solver workspace for phase1 (matrix input)    (64bit words) =             406 (      0.00 MByte)
             Metis nested dissection ordering used
             solver workspace for phase2 (nodal ordering)  (64bit words) =            1598 (      0.01 MByte)
             solver workspace for phase3 (symbolic factor) (64bit words) =            1715 (      0.01 MByte)
             solver workspace for phase4 (factorization)   (64bit words) =            4070 (      0.03 MByte) (MINIMUM)
             solver workspace for phase4 (factorization)   (64bit words) =            5168 (      0.04 MByte) (MAXIMUM)
             solver workspace available and used           (64bit words) =         1000000 (      7.63 MByte)


             start of matrix solution
             wall time =          26.00



             singularity ratio    4.6814E-04


             end of matrix solution
             wall time =          26.00


             ddu multiplied by    6.63334E-01 due to large displacement value of    2.85277E+00 at node        21 dof    1


     body        1: cbody1
         number of nodes in contact     =             0

             maximum residual force  at node        23 degree of freedom  2 is equal to    2.388E+01
             maximum reaction force  at node        34 degree of freedom  2 is equal to    3.762E+01
             residual convergence ratio    6.348E-01

             failure to converge to tolerance

             iterative penetration checking has reached   0.738693 of total increment

             increment will be recycled






             load increments for each degree of freedom
             summed over the whole model

             from distributed loads
             dist. loads on deformed configuration - totals below for dist. loads
             increments for point loads
             0.000000E+00   0.000000E+00


             point loads
             0.000000E+00   0.000000E+00

             start of assembly     cycle number is     2
             wall time =          26.00




             solver workspace for phase1 (matrix input)    (64bit words) =             406 (      0.00 MByte)
             Metis nested dissection ordering used
             solver workspace for phase2 (nodal ordering)  (64bit words) =            1598 (      0.01 MByte)
             solver workspace for phase3 (symbolic factor) (64bit words) =            1715 (      0.01 MByte)
             solver workspace for phase4 (factorization)   (64bit words) =            4070 (      0.03 MByte) (MINIMUM)
             solver workspace for phase4 (factorization)   (64bit words) =            5168 (      0.04 MByte) (MAXIMUM)
             solver workspace available and used           (64bit words) =         1000000 (      7.63 MByte)


             start of matrix solution
             wall time =          26.00



             singularity ratio    2.5673E-04


             end of matrix solution
             wall time =          26.00


     body        1: cbody1
         number of nodes in contact     =             0

             maximum residual force  at node        20 degree of freedom  1 is equal to    2.264E+01
             maximum reaction force  at node        33 degree of freedom  2 is equal to    2.139E+01
             residual convergence ratio    1.058E+00

             failure to converge to tolerance

             increment will be recycled






             load increments for each degree of freedom
             summed over the whole model

             from distributed loads
             dist. loads on deformed configuration - totals below for dist. loads
             increments for point loads
             0.000000E+00   0.000000E+00


             point loads
             0.000000E+00   0.000000E+00

             start of assembly     cycle number is     3
             wall time =          26.00




             solver workspace for phase1 (matrix input)    (64bit words) =             406 (      0.00 MByte)
             Metis nested dissection ordering used
             solver workspace for phase2 (nodal ordering)  (64bit words) =            1598 (      0.01 MByte)
             solver workspace for phase3 (symbolic factor) (64bit words) =            1715 (      0.01 MByte)
             solver workspace for phase4 (factorization)   (64bit words) =            4070 (      0.03 MByte) (MINIMUM)
             solver workspace for phase4 (factorization)   (64bit words) =            5168 (      0.04 MByte) (MAXIMUM)
             solver workspace available and used           (64bit words) =         1000000 (      7.63 MByte)


             start of matrix solution
             wall time =          26.00



             singularity ratio    3.4418E-04


             end of matrix solution
             wall time =          26.00


     body        1: cbody1
         number of nodes in contact     =             0

             maximum residual force  at node        20 degree of freedom  1 is equal to    6.718E+00
             maximum reaction force  at node        33 degree of freedom  2 is equal to    3.051E+00
             residual convergence ratio    2.202E+00

             failure to converge to tolerance

             increment will be recycled






             load increments for each degree of freedom
             summed over the whole model

             from distributed loads
             dist. loads on deformed configuration - totals below for dist. loads
             increments for point loads
             0.000000E+00   0.000000E+00


             point loads
             0.000000E+00   0.000000E+00

             start of assembly     cycle number is     4
             wall time =          26.00




             solver workspace for phase1 (matrix input)    (64bit words) =             406 (      0.00 MByte)
             Metis nested dissection ordering used
             solver workspace for phase2 (nodal ordering)  (64bit words) =            1598 (      0.01 MByte)
             solver workspace for phase3 (symbolic factor) (64bit words) =            1715 (      0.01 MByte)
             solver workspace for phase4 (factorization)   (64bit words) =            4070 (      0.03 MByte) (MINIMUM)
             solver workspace for phase4 (factorization)   (64bit words) =            5168 (      0.04 MByte) (MAXIMUM)
             solver workspace available and used           (64bit words) =         1000000 (      7.63 MByte)


             start of matrix solution
             wall time =          26.00



             singularity ratio    3.7664E-04


             end of matrix solution
             wall time =          26.00


     body        1: cbody1
         number of nodes in contact     =             0

             maximum residual force  at node        21 degree of freedom  1 is equal to    3.526E-01
             maximum reaction force  at node        33 degree of freedom  2 is equal to    1.407E-01
             residual convergence ratio    2.507E+00

             failure to converge to tolerance

             increment will be recycled






             load increments for each degree of freedom
             summed over the whole model

             from distributed loads
             dist. loads on deformed configuration - totals below for dist. loads
             increments for point loads
             0.000000E+00   0.000000E+00


             point loads
             0.000000E+00   0.000000E+00

             start of assembly     cycle number is     5
             wall time =          26.00




             solver workspace for phase1 (matrix input)    (64bit words) =             406 (      0.00 MByte)
             Metis nested dissection ordering used
             solver workspace for phase2 (nodal ordering)  (64bit words) =            1598 (      0.01 MByte)
             solver workspace for phase3 (symbolic factor) (64bit words) =            1715 (      0.01 MByte)
             solver workspace for phase4 (factorization)   (64bit words) =            4070 (      0.03 MByte) (MINIMUM)
             solver workspace for phase4 (factorization)   (64bit words) =            5168 (      0.04 MByte) (MAXIMUM)
             solver workspace available and used           (64bit words) =         1000000 (      7.63 MByte)


             start of matrix solution
             wall time =          26.00



             singularity ratio    3.9728E-04


             end of matrix solution
             wall time =          26.00


     body        1: cbody1
         number of nodes in contact     =             0

             maximum residual force  at node        20 degree of freedom  1 is equal to    1.288E-03
             maximum reaction force  at node        32 degree of freedom  2 is equal to    6.998E-04
             residual convergence ratio    1.840E+00

             failure to converge to tolerance

             increment will be recycled






             load increments for each degree of freedom
             summed over the whole model

             from distributed loads
             dist. loads on deformed configuration - totals below for dist. loads
             increments for point loads
             0.000000E+00   0.000000E+00


             point loads
             0.000000E+00   0.000000E+00

             start of assembly     cycle number is     6
             wall time =          26.00




             solver workspace for phase1 (matrix input)    (64bit words) =             406 (      0.00 MByte)
             Metis nested dissection ordering used
             solver workspace for phase2 (nodal ordering)  (64bit words) =            1598 (      0.01 MByte)
             solver workspace for phase3 (symbolic factor) (64bit words) =            1715 (      0.01 MByte)
             solver workspace for phase4 (factorization)   (64bit words) =            4070 (      0.03 MByte) (MINIMUM)
             solver workspace for phase4 (factorization)   (64bit words) =            5168 (      0.04 MByte) (MAXIMUM)
             solver workspace available and used           (64bit words) =         1000000 (      7.63 MByte)


             start of matrix solution
             wall time =          26.00



             singularity ratio    3.9699E-04


             end of matrix solution
             wall time =          26.00


     body        1: cbody1
         number of nodes in contact     =             0

             maximum residual force  at node        19 degree of freedom  1 is equal to    9.669E-09
             maximum reaction force  at node        32 degree of freedom  2 is equal to    5.689E-09
             residual convergence ratio    1.700E+00

             failure to converge to tolerance

             increment will be recycled






             load increments for each degree of freedom
             summed over the whole model

             from distributed loads
             dist. loads on deformed configuration - totals below for dist. loads
             increments for point loads
             0.000000E+00   0.000000E+00


             point loads
             0.000000E+00   0.000000E+00

             start of assembly     cycle number is     7
             wall time =          26.00




             solver workspace for phase1 (matrix input)    (64bit words) =             406 (      0.00 MByte)
             Metis nested dissection ordering used
             solver workspace for phase2 (nodal ordering)  (64bit words) =            1598 (      0.01 MByte)
             solver workspace for phase3 (symbolic factor) (64bit words) =            1715 (      0.01 MByte)
             solver workspace for phase4 (factorization)   (64bit words) =            4070 (      0.03 MByte) (MINIMUM)
             solver workspace for phase4 (factorization)   (64bit words) =            5168 (      0.04 MByte) (MAXIMUM)
             solver workspace available and used           (64bit words) =         1000000 (      7.63 MByte)


             start of matrix solution
             wall time =          26.00



             singularity ratio    3.9699E-04


             end of matrix solution
             wall time =          26.00


     body        1: cbody1
         number of nodes in contact     =             0

             maximum residual force  at node        17 degree of freedom  1 is equal to    1.768E-14
             maximum reaction force  at node         4 degree of freedom  1 is equal to    2.028E-14
             residual convergence ratio    8.718E-01

             maximum displacement  change   at node        31 degree of freedom  1 is equal to    1.147E-10
             maximum displacement increment at node        26 degree of freedom  2 is equal to    1.119E+00
             displacement convergence ratio   1.025E-10


             total transient time = 1.00000E+00



   WINDOWS version
   Marc 2019
   output for increment       4. "          lcase1"


             total strain energy         is   -5.68434E-14
               within which:
               elastic strain energy     is   -5.68434E-14
             total ext-force work        is    0.00000E+00
               within which:
               work by appl. force/disp. is    0.00000E+00
               work by  contact forces   is    0.00000E+00
               work by frictional forces is    0.00000E+00



                    g l o b a l  c o n t a c t  b o d y  d a t a

     body number        1 name: cbody1
     1st coord. of center of rotation                  0.000E+00
     2nd coord. of center of rotation                  0.000E+00
     total angle rotated                               0.000E+00
     1st component of velocity                         0.000E+00
     2nd component of velocity                         0.000E+00
     angular velocity                                  0.000E+00
     1st component of total load                       0.000E+00
     2nd component of total load                       0.000E+00
     moment w.r.t. center of rotation                  0.000E+00
     total strain energy                              -0.568E-13
     total kinetic energy                              0.000E+00
     total damping energy                              0.000E+00



                    c o n t a c t  b o d y  i n t e r a c t i o n  r e s u l t s


             memory usage:                       MByte       words  % of total

              within general memory:           
               element stiffness matrices:           0        4916         0.0
               solver: first part                    0        2720         0.0
               overallocation initial allocation   107    27992196        75.3
               other:                                0        4032         0.0
              allocated separately:
               incremental backup:                   0       68426         0.2
               solver 8                              8     1999188         5.4
               nodal vectors:                        0        6420         0.0
               defined sets:                         0         354         0.0
               contact:                              0        8454         0.0
               tyings:                               0        1392         0.0
               transformations:                      0        2184         0.0
               kinematic boundary conditions:        0        1332         0.0
               tables:                               0         958         0.0
               points, curves and surfaces:          0         144         0.0
               mem_none:                             0       28418         0.1
               element storage:                      0       27680         0.1
               material properties:                  0        4598         0.0
               executable and common blocks:        27     7000000        18.8
               miscellaneous                         0         212         0.0
               ---------------------------------------------------------------
               total:                              142    37153624

               general memory allocated:           107    28003864
               general memory used:                  0       11668

               peak memory usage:                  159    41557520

             e n d   o f   i n c r e m e n t       4

             binary post data at increment       4.  subincrement    0.  on file 16
             wall time =          26.00


             $....end of loadcase lcase1                                                                                                                                     

             $...................                                                                                                                                            


                              *** end of input deck - job ends


             memory usage:                       MByte       words  % of total

              within general memory:           
               element stiffness matrices:           0        4916         0.0
               solver: first part                    0        2720         0.0
               overallocation initial allocation   107    27992196        75.3
               other:                                0        4032         0.0
              allocated separately:
               incremental backup:                   0       68426         0.2
               solver 8                              8     1999188         5.4
               nodal vectors:                        0        6420         0.0
               defined sets:                         0         354         0.0
               contact:                              0        8454         0.0
               tyings:                               0        1392         0.0
               transformations:                      0        2184         0.0
               kinematic boundary conditions:        0        1332         0.0
               tables:                               0         958         0.0
               points, curves and surfaces:          0         144         0.0
               mem_none:                             0       28418         0.1
               element storage:                      0       27680         0.1
               material properties:                  0        4598         0.0
               executable and common blocks:        27     7000000        18.8
               miscellaneous                         0         212         0.0
               ---------------------------------------------------------------
               total:                              142    37153624

               general memory allocated:           107    28003864
               general memory used:                  0       11668

               peak memory usage:                  159    41557520


             timing information:                             wall time      cpu time

               total time for input:                              0.03          0.05
               total time for stiffness matrix assembly:          0.03          0.02
               total time for mass matrix assembly:               0.00          0.00
               total time for stress recovery:                    0.02          0.00
               total time for matrix solution:                    0.19          0.17
               total time for contact:                            0.00          0.00
               total time for output:                             0.04          0.06
               total time for miscellaneous:                     25.73          0.56
               ---------------------------------------------------------------------
               total time:                                       26.06          0.86


             **************************************************************************


             
             This is a successful completion to a Marc simulation,
             indicating that no additional incremental data was
             found and that the analysis is complete.
             




             **************************************************************************





                                        Marc 2019

                                        Exit number 3004

