Unit:              3_3fac81abc6f00f02fc19883ec800cc68
Removed elements:  [7, 8, 13]
Representative grid:
1 1 1 1 1
1 1 1 1 1
1 1 0 1 1
1 0 0 1 1
1 1 1 1 1
Run successful:    True
Constraint energy:
X        : -8.519753033922994e-06 J
Y        : 0.3734361987470766 J
Magnitude: 0.7320139466822329 J
Internal energy:
X        : -8.050015734042972 J
Y        : 7.4832216911017895 J
Magnitude: 6.251401299028657 J

Template details:
Case: 1
Parameters:
Origin:                (20,20)
Dimensions:            5x5 elements
Size:                  20x20 mm
Boundary thickness:    1 elements
Internal element IDs:  [7, 8, 9, 12, 13, 14, 17, 18, 19]
Applied displacement:  10.0 mm
Applied pressure:      1 MPa
Neighbours added:      True
Analysis steps:        20
Run successful:        True
Constraint energy:
X        : -3.44435528523861e-09 J
Y        : 43.55662015155832 J
Magnitude: 102.76386226192886 J
Internal energy:
X        : -1.9516731656040065 J
Y        : 12.245712399482727 J
Magnitude: 1032.4213371276855 J

Ogden material parameters:
Name:  Mold Star 15
Mu:    [-6.50266e-06, 0.216863, 0.00137158]
Alpha: [-21.322, 1.1797, 4.88396]

Time created:          Tue Jun 23 09:58:33 2020
