Unit:              5_20500cedacaeebae8412a1a26bf52472
Removed elements:  [7, 8, 12, 13, 19]
Representative grid:
1 1 1 1 1
1 1 1 0 1
1 0 0 1 1
1 0 0 1 1
1 1 1 1 1
Run successful:    True
Constraint energy:
X        : 7.322563601031694e-07 J
Y        : 0.10830594519604153 J
Magnitude: 0.19165219097180053 J
Internal energy:
X        : -7.079768132418394 J
Y        : 7.099702723324299 J
Magnitude: 2.445895138429478 J

Template details:
Case: 1
Parameters:
Origin:                (20,20)
Dimensions:            5x5 elements
Size:                  20x20 mm
Boundary thickness:    1 elements
Internal element IDs:  [7, 8, 9, 12, 13, 14, 17, 18, 19]
Applied displacement:  10.0 mm
Applied pressure:      0.1 MPa
Neighbours added:      True
Analysis steps:        10
Run successful:        True
Constraint energy:
X        : -1.139226475811653e-08 J
Y        : 43.58991791517828 J
Magnitude: 102.84268264174382 J
Internal energy:
X        : -1.9549584207416046 J
Y        : 12.24659287929535 J
Magnitude: 1034.0014190673828 J

Ogden material parameters:
Name:  Mold Star 15
Mu:    [-6.50266e-06, 0.216863, 0.00137158]
Alpha: [-21.322, 1.1797, 4.88396]

Time created:          Tue Jun 23 15:24:14 2020
