Unit:              5_46dcc2cb5d052518dd1488472be30cdb
Removed elements:  [7, 9, 13, 14, 19]
Representative grid:
1 1 1 1 1
1 1 1 0 1
1 1 0 0 1
1 0 1 0 1
1 1 1 1 1
Run successful:    True
Constraint energy: 1053.0754488825266
Internal energy:   342.3540040894295

Template details:
Case: 2
Parameters:
Origin:            (0,0)
Dimensions:        5x5 elements
Internal elements: [7, 8, 9, 12, 13, 14, 17, 18, 19]
Analysis steps:    4
Run successful:    False
Constraint energy: 0
Internal energy:   0
Ogden material parameters:
Name:  Mold Star 15
Mu:    [-6.50266e-06, 0.216863, 0.00137158]
Alpha: [-21.322, 1.1797, 4.88396]
Time created:      Fri May 22 12:21:04 2020
