Unit:              5_05ac375305cdf49d65335c72d52b5a3e
Removed elements:  [7, 9, 12, 14, 19]
Representative grid:
1 1 1 1 1
1 1 1 0 1
1 0 1 0 1
1 0 1 0 1
1 1 1 1 1
Run successful:    True
Constraint energy:
X        : -1.0532822402050011e-05 J
Y        : 0.19152025359394345 J
Magnitude: 0.32165621638050973 J
Internal energy:
X        : -9.298330637160689 J
Y        : 9.960194795858115 J
Magnitude: 3.9930142713710666 J

Template details:
Case: 1
Parameters:
Origin:                (0,0)
Dimensions:            5x5 elements
Size:                  20x20 mm
Boundary thickness:    1 elements
Internal element IDs:  [7, 8, 9, 12, 13, 14, 17, 18, 19]
Applied displacement:  10.0 mm
Applied pressure:      0.05 MPa
Neighbours added:      False
Analysis steps:        5
Run successful:        True
Constraint energy:
X        : -4.75794279549026e-08 J
Y        : 13.1525092530359 J
Magnitude: 27.87360684108652 J
Internal energy:
X        : -0.9825214605407382 J
Y        : 6.692293345928192 J
Magnitude: 354.37840938568115 J

Ogden material parameters:
Name:  Mold Star 15
Mu:    [-6.50266e-06, 0.216863, 0.00137158]
Alpha: [-21.322, 1.1797, 4.88396]

Time created:          Tue Jun 23 15:42:24 2020
