Case: 4
Parameters:
Origin:               (0,0)
Dimensions:           5x5 elements
Size:                 20x20 mm
Boundary thickness:   1 elements
Internal element IDs: [7, 8, 9, 12, 13, 14, 17, 18, 19]
Applied displacement: 10.0 mm
Applied pressure:     0.025 MPa
Neighbours added:     False
Analysis steps:       5
Run successful:       True
Constraint energy:
X        : 1992.0644957040008 J
Y        : 1992.064495704001 J
Magnitude: 3995.0784375 J
Internal energy:
X        : 46.06554460525513 J
Y        : 46.06554460525513 J
Magnitude: 16281.418334960938 J

Ogden material parameters:
Name:  Mold Star 15
Mu:    [-6.50266e-06, 0.216863, 0.00137158]
Alpha: [-21.322, 1.1797, 4.88396]

Time created: Mon Jul 20 09:58:20 2020
