Unit:              3_3fac81abc6f00f02fc19883ec800cc68
Removed elements:  [7, 8, 13]
Representative grid:
1 1 1 1 1
1 1 1 1 1
1 1 0 1 1
1 0 0 1 1
1 1 1 1 1
Run successful:    True
Constraint energy: 39810.804987546064
Internal energy:   6071.868245955557

Template details:
Case: 1
Parameters:
Origin:            (0,0)
Dimensions:        5x5 elements
Internal elements: [7, 8, 9, 12, 13, 14, 17, 18, 19]
Analysis steps:    4
Run successful:    False
Constraint energy: 0
Internal energy:   0
Ogden material parameters:
Name:  Mold Star 15
Mu:    [-6.50266e-06, 0.216863, 0.00137158]
Alpha: [-21.322, 1.1797, 4.88396]
Time created:      Fri May 22 18:10:59 2020
