Unit:              2_e07bf8a0581472d81388e912c80ca87e
Removed elements:  [9, 19]
Representative grid:
1 1 1 1 1
1 1 1 0 1
1 1 1 1 1
1 1 1 0 1
1 1 1 1 1
Run successful:    True
Constraint energy: 210906.9769590338
Internal energy:   20418.358460068703

Template details:
Case: 1
Parameters:
Origin:            (0,0)
Dimensions:        5x5 elements
Internal elements: [7, 8, 9, 12, 13, 14, 17, 18, 19]
Analysis steps:    4
Run successful:    False
Constraint energy: 0
Internal energy:   0
Ogden material parameters:
Name:  Mold Star 15
Mu:    [-6.50266e-06, 0.216863, 0.00137158]
Alpha: [-21.322, 1.1797, 4.88396]
Time created:      Fri May 22 18:01:10 2020
