Unit:             29_['F', 'FF+fF']_['f', '-[F+F']
Removed elements: [25, 27, 29, 30, 36, 37, 38, 39, 40, 42, 48, 49, 53, 60, 62, 64, 69, 70, 71, 73, 74, 75, 80, 81, 82, 94, 95, 96, 97]
Grammar:
F -> FF+fF
f -> -[F+F
Axiom:                [F]++++[F]
Number Of Iterations: 4
Resulting Word:       [FF+fFFF+fF+-[F+FFF+fFFF+fFFF+fF+-[F+FFF+fF+-[FF+fF+FF+fFFF+fFFF+fF+-[F+FFF+fFFF+fFFF+fF+-[F+FFF+fFFF+fFFF+fF+-[F+FFF+fF+-[FF+fF+FF+fFFF+fFFF+fF+-[F+FFF+fF+-[FF+fFFF+fF+-[F+FFF+fF+FF+fFFF+fF+-[F+FFF+fFFF+fFFF+fF+-[F+FFF+fFFF+fFFF+fF+-[F+FFF+fF+-[FF+fF+FF+fFFF+fFFF+fF+-[F+FFF+fF]++++[FF+fFFF+fF+-[F+FFF+fFFF+fFFF+fF+-[F+FFF+fF+-[FF+fF+FF+fFFF+fFFF+fF+-[F+FFF+fFFF+fFFF+fF+-[F+FFF+fFFF+fFFF+fF+-[F+FFF+fF+-[FF+fF+FF+fFFF+fFFF+fF+-[F+FFF+fF+-[FF+fFFF+fF+-[F+FFF+fF+FF+fFFF+fF+-[F+FFF+fFFF+fFFF+fF+-[F+FFF+fFFF+fFFF+fF+-[F+FFF+fF+-[FF+fF+FF+fFFF+fFFF+fF+-[F+FFF+fF]

L-System Vocabulary:
F: Create an element at the current position and increment the position
f: Increment the position
+: Rotate the current direction by 45 degrees counterclockwise
-: Rotate the current direction by 45 degrees clockwise
[: Push the current position
]: Pop to the previously pushed position
(: Push and reflect the current position
): Pop and unreflect to the previously pushed and reflected position

Representative grid:
1 1 1 1 1 1 1 1 1 1 1
1 1 1 1 1 1 1 1 1 1 1
1 1 1 1 1 0 0 0 0 1 1
1 1 0 0 0 1 1 1 1 1 1
1 1 0 0 0 1 0 0 0 1 1
1 1 1 1 0 1 0 1 0 1 1
1 1 1 0 0 1 1 1 0 1 1
1 1 0 0 0 0 0 1 0 1 1
1 1 0 1 0 1 0 0 1 1 1
1 1 1 1 1 1 1 1 1 1 1
1 1 1 1 1 1 1 1 1 1 1
Run successful:   True
Constraint energy:
X        : 0.17744659959158937 J
Y        : 2.4697887876646043e-05 J
Magnitude: 0.23542908149165084 J
Internal energy:
X        : 18.92276916350238 J
Y        : -17.983362607483286 J
Magnitude: 10.251476659279604 J

Template details:
Case: 3
Parameters:
Origin:               (0,0)
Dimensions:           11x11 elements
Size:                 22x22 mm
Boundary thickness:   2 elements
Internal element IDs: [25, 26, 27, 28, 29, 30, 31, 36, 37, 38, 39, 40, 41, 42, 47, 48, 49, 50, 51, 52, 53, 58, 59, 60, 61, 62, 63, 64, 69, 70, 71, 72, 73, 74, 75, 80, 81, 82, 83, 84, 85, 86, 91, 92, 93, 94, 95, 96, 97]
Applied displacement: 11.0 mm
Applied pressure:     0.025 MPa
Neighbours added:     False
Analysis steps:       5
Run successful:       True
Constraint energy:
X        : 0.2041167365219927 J
Y        : 0.00011168155232273611 J
Magnitude: 0.2499441630187669 J
Internal energy:
X        : 13.274768002331257 J
Y        : -11.503918820410036 J
Magnitude: 12.363612804212607 J

Ogden material parameters:
Name:  Mold Star 15
Mu:    [-6.50266e-06, 0.216863, 0.00137158]
Alpha: [-21.322, 1.1797, 4.88396]

Time created: Thu Jul 16 14:49:31 2020
