UG to IGES
! INFO-     NX V12.0 / IGES Specification 5.3
! INFO-      
! INFO-     Start of Translation: 13-FEB-2020  5:01:36 PM
! INFO-      
! STATUS-   Converting Part: C:\Users\19673418\Documents\Masters-Project\Models\NX12\WholeBasic_fem1_i.prt
! SUMMARY-   
! SUMMARY-  Summary of Unigraphics Input Entities
! SUMMARY-  For Part: C:\Users\19673418\Documents\Masters-Project\Models\NX12\WholeBasic_fem1_i.prt 
! SUMMARY-  Entities Processed             Count
! SUMMARY-  ------------------             -----
! SUMMARY-  Part Attribute ..............:     1
! SUMMARY-  Layer Category ..............:     6
! SUMMARY-  Font ........................:     1
! SUMMARY-  Color Table .................:     2
! SUMMARY-  Coordinate System ...........:     1
! SUMMARY-  Parameter ...................:     2
! SUMMARY-  Matrix ......................:     8
! SUMMARY-  View ........................:     8
! SUMMARY-  Layout ......................:     5
! SUMMARY-  Component ...................:     1
! SUMMARY-                                 -----
! SUMMARY-  Total                             35
! SUMMARY-   
! SUMMARY-  Summary of Unigraphics Input Entities
! SUMMARY-  For Part: WholeBasic.prt 
! SUMMARY-  Entities Processed             Count
! SUMMARY-  ------------------             -----
! SUMMARY-  Point .......................:     1
! SUMMARY-  Line ........................:    16
! SUMMARY-  B-Curve .....................:     8
! SUMMARY-  Part Attribute ..............:     1
! SUMMARY-  Layer Category ..............:     6
! SUMMARY-  Font ........................:     1
! SUMMARY-  Color Table .................:     2
! SUMMARY-  Coordinate System ...........:     2
! SUMMARY-  Parameter ...................:     2
! SUMMARY-  Matrix ......................:     8
! SUMMARY-  View ........................:    35
! SUMMARY-  Layout ......................:     6
! SUMMARY-  Reference Set ...............:     1
! SUMMARY-  Solid .......................:
! SUMMARY-     Face .....................:     1
! SUMMARY-  Trim Curve ..................:     2
! SUMMARY-                                 -----
! SUMMARY-  Total                             92
! STATUS-    
! STATUS-   Converting to Output Form (Phase 2 of 3): 13-FEB-2020 5:01:38 PM
! STATUS-    
! STATUS-   Creating the IGES file (Phase 3 of 3): 13-FEB-2020  5:01:38 PM
! SUMMARY-   
! SUMMARY-  Summary of IGES Output Entities
! SUMMARY-   
! SUMMARY-  Entities Processed             Count
! SUMMARY-  ------------------             -----
! SUMMARY-  Point ........................     1
! SUMMARY-  Line .........................    16
! SUMMARY-  BSpline Curve ................     8
! SUMMARY-  Composite Curve ..............     4
! SUMMARY-  Curve on Surface .............     2
! SUMMARY-  Plane ........................
! SUMMARY-      Unbounded ................    32
! SUMMARY-  Trimmed Surface ..............     1
! SUMMARY-  BSpline Surface ..............     1
! SUMMARY-  Color ........................     3
! SUMMARY-  Name .........................    17
! SUMMARY-  Transformation ...............     8
! SUMMARY-  Definition Levels ............     5
! SUMMARY-  Level Function ...............     5
! SUMMARY-  Instance .....................     1
! SUMMARY-  Subfigure Definition .........     1
! SUMMARY-  View .........................     8
! SUMMARY-                                 -----
! SUMMARY-  Total                            113
! INFO-      
! INFO-     End of Translation: 13-FEB-2020  5:01:38 PM
! INFO-      
