Unit:              b631a27aa1260102aee024158b5a6b16
Removed elements:  [7, 9, 13, 19]
Representative grid:
1 1 1 1 1
1 1 1 0 1
1 1 0 1 1
1 0 1 0 1
1 1 1 1 1
Run successful:    True
Constraint energy: 131866.87913043954

Template details:
Case: 1
Parameters:
Origin:            (0,0)
Dimensions:        5x5 elements
Internal elements: [7, 8, 9, 12, 13, 14, 17, 18, 19]
Analysis steps:    4
Run successful:    False
Constraint energy: 0
Ogden material parameters:
Name:  Mold Star 15
Mu:    [-6.50266e-06, 0.216863, 0.00137158]
Alpha: [-21.322, 1.1797, 4.88396]
Time created:      Tue May 19 17:40:49 2020
