"37_['F', 'fF[F]Fff']_['f', 'FfF[-F]F']"
"45_['F', 'Ff[-F]fF[+F]']_['f', 'f[-F][-fF]F']"
"45_['F', 'fFFfF++']_['f', 'Ff---[+fF]']"
"47_['F', '-fFf[+fF]']_['f', '+fF[-fF][f]']"
"45_['F', 'Ff[-F][-fF]f']_['f', '[-fF][+fF]fF[+fF]']"
"49_['F', '[-F]ff--']_['f', '[f][+fF][-F][f]']"
"44_['F', '+[F]Ff']_['f', '-[f][F]--']"
"40_['F', 'FFFf[f]']_['f', '++--F+']"
"43_['F', 'Ff[-fF][-F]F']_['f', 'fF[f][+F][-F]']"
"38_['F', 'FfFf-[+F]']_['f', 'f[-F][F][-fF]']"
"45_['F', 'fF--fF[F]']_['f', '++Ff[F][F]']"
"45_['F', '[f]fF[+F]-']_['f', '[+F][F]FfF']"
"41_['F', '[F]Ff[+F]--']_['f', '[f]-f++']"
"41_['F', 'Ff[-F]F[-fF]']_['f', '--[+fF]fFfF']"
"30_['F', 'FFf--+']_['f', 'fF[+F][f]+']"
"44_['F', '[+F][F]Ff[f]']_['f', 'Fff+-']"
"45_['F', '[F]Ff[+F]Ff']_['f', '[+F]FfFf[+fF]']"
"45_['F', 'Ff+---']_['f', '-[F]FfFf']"
"24_['F', '[f][-fF]f--']_['f', '[f][+F]f[F]']"
"33_['F', '--fFf++']_['f', '[+F]+[f]+']"
"41_['F', '+[-fF][-fF][-fF]']_['f', '[F]Ff[+fF][+F]']"
"43_['F', 'fFf--[+F]']_['f', '-+Ff[f]']"
"47_['F', '-fFfFf']_['f', '--+++--']"
"36_['F', '[f][f]F-']_['f', '+Ff-f']"
"36_['F', 'fF[f][F]f']_['f', '[-F]F[F][f]']"
"36_['F', '-Fff+']_['f', '+++f[F]']"
"32_['F', '--[+fF]+f']_['f', 'f----[F]']"
"35_['F', '--[+fF][F]F']_['f', 'fFf[+F][f]']"
"36_['F', '[f]fF-[-fF]']_['f', '++[+fF]FFf']"
"35_['F', '-f[+F]-']_['f', '[+F]-Ff--']"
"26_['F', '---Ff[-F]']_['f', '-[-F][f][-F]']"
"39_['F', '--[+F]Ff[+F]']_['f', '+fF-']"
"22_['F', '[F]++[+fF]-']_['f', '[F]f[F][+F]']"
"33_['F', '--[+fF][-fF]++']_['f', '[f]fFf[-F]']"
"37_['F', 'fF----']_['f', '-Ff[+F]--']"
"28_['F', '[+F]Ff[F]F']_['f', 'Ff[-F]--+']"
"20_['F', '-[-F]F[F]']"
"24_['F', '[F]++[-fF][-F]']_['f', '[-fF]FffF++']"
"24_['F', '[+fF][+fF][f]--']_['f', 'f+++F']"
"28_['F', 'f[+fF][+fF]F']_['f', 'F[+fF][-F]fF']"
"31_['F', 'F[f]fFf']_['f', '[+F][+fF]-[-fF]']"
"25_['F', 'fF[-fF]--F']_['f', 'F++Ff[F]']"
"26_['F', '[f][-F]--[+F]']_['f', '[+F]+fF[+fF]']"
"24_['F', '[-F][-fF]Ff-']_['f', 'ff+fF']"
"22_['F', 'FfF[F]fF']_['f', '[+fF]+Ff[F]']"
"21_['F', '[f]F+f']_['f', '[-fF]-[f][+F]']"
"24_['F', 'fFFfF++']_['f', '[F]-+[+F]']"
"28_['F', 'f[f]-[+F]']_['f', '[+F][F]f[f]']"
"27_['F', 'f-fF+']_['f', 'fFfF--[+fF]']"
"16_['F', '[+fF][+fF]+[+F]']_['f', '--+fF+']"
