32_['F', '-F-[f]']_['f', '-[+fF][-F]--']
26_['F', 'Ff++[+F]-']_['f', '[F][-F][f][F]']
0_['F', '[+F]Ff[+fF][-F]']_['f', '++-+[-F]']
49_['F', '--F+++']
28_['F', '+[-fF]--[+fF]']_['f', '++fF--[+fF]']
22_['F', 'FfFf[-F]Ff']_['f', 'f---[-F]']
27_['F', '[F]--[+fF]f']_['f', '[f]fFf[F]']
37_['F', 'Ff-fFf']_['f', 'fF+[+F][-F]']
16_['F', '[F][+fF][-F][f]']_['f', 'fFFfF-']
16_['F', '[+F][+fF]--+']_['f', 'FF--[F]']
33_['F', '-F[+fF]-']_['f', 'fF[F]fF+']
25_['F', '[f][+F][F][+F]']_['f', 'fF----[F]']
33_['F', 'Ff[F][+F]Ff']_['f', '[+fF]FfF+']
25_['F', '[+F]--fFf']_['f', '--fFf++']
4_['F', '+[-fF]-[+fF]']_['f', '[F]-[-F]f']
33_['F', '[F]--f[+F]']_['f', '+fF[f]Ff']
22_['F', '[-fF][f][-fF]+']_['f', '[+F]FfFf']
20_['F', '[-fF]--[f]f']_['f', 'FFfF[f]']
4_['F', 'F[+F]-[F]']
8_['F', '[F][-fF]++[-F]']_['f', '++[f][-F]Ff']
47_['F', 'fF[-fF]--f']_['f', 'fFf[+F]+']
2_['F', '[f]F[F][-F]']_['f', '[-F]+[+fF]f']
24_['F', '-fF[F][-fF]']_['f', 'FFF+']
24_['F', '[-F]++fFf']_['f', '[-fF][f]+++']
1_['F', '[-fF][+F]+[+F]']_['f', 'fF--Ff[f]']
32_['F', '--+++Ff']_['f', '[+F]F[+F]F']
38_['F', 'Ff[f][F]f']_['f', '[f][F]++[f]']
16_['F', '[-F]Ff[+F]F']_['f', '[-fF]fFfF--']
47_['F', 'Ff++[F]f']_['f', 'fFF[F]--']
20_['F', '++++[f]fF']_['f', '[+fF]--F-']
41_['F', 'ffFfF']_['f', '[+F]Ff[-F]f']
35_['F', 'ff++[-fF]']_['f', 'ffFfF[F]']
15_['F', '[+F][F][-F][+fF]']_['f', '[f]FfF[-F]']
18_['F', '[f]FfFfF']_['f', '[F]--[+fF]-']
3_['F', '[+fF][+fF][F]fF']_['f', '+f--++']
21_['F', '[F]Fff[-F]']_['f', '[+fF]+++f']
13_['F', '[f]F[-F]Ff']_['f', 'fF+[+F][F]']
29_['F', 'Ff[f][+F]-']_['f', '[+fF][f][+fF][f]']
8_['F', '[f][F]F[-fF]']_['f', '+++[+fF][-F]']
2_['F', '[-F][f][+fF]Ff']_['f', '[f][-F]F[+F]']
17_['F', '++[+fF][f][-F]']_['f', '[-fF]F[+F]F']
47_['F', '-FffFFf']_['f', '[+fF]f+[f]']
10_['F', '[-fF]fF[-F][f]']_['f', 'Ff[-F]++[F]']
25_['F', 'F[F][F]f']_['f', '----+']
7_['F', '--[-F]f[+fF]']_['f', 'fF++[-fF]fF']
26_['F', 'F[-F]fF-']_['f', '+fF[-fF][F]']
30_['F', '++-fF[f]']_['f', 'ffF--f']
8_['F', '[+fF]--[-F]--']_['f', '[F][-F][-fF]Ff']
23_['F', 'f[+fF][f]++']_['f', '+++-[+fF]']
10_['F', '+ff[+fF]']_['f', 'F+[+fF][+fF]']
32_['F', '[-F]Ff-[f]']_['f', '[f]F-+']
39_['F', 'f[-F]f[F]']_['f', 'f[-fF]F[+fF]']
47_['F', 'F++++fF']_['f', 'f[+F]Ff[F]']
12_['F', '[+F][f][+fF]Ff']_['f', '[-F]+++++']
24_['F', '[+F][F]fFF']_['f', '++++++[f]']
8_['F', '[+fF][+fF]-[-fF]']_['f', '--F[F][-F]']
29_['F', 'F[+fF]-f']_['f', 'Ff++Ff-']
28_['F', '[F]Ff[f][+fF]']_['f', '[F]Ff[+F]+']
20_['F', '[f]FfF-']_['f', 'f[-fF]fF-']
2_['F', 'Ff[f]--[F]']_['f', '++[-fF][+fF]-']
23_['F', '+[-fF]fFFf']_['f', '[+F][f]+F']
6_['F', '[+F]fF[f]++']_['f', '-F[+F][F]']
24_['F', '++[+fF][F][-fF]']_['f', 'ff[+fF][f]']
29_['F', '[F]fF[-F]-']_['f', '[f]++F[F]']
10_['F', '[f]F[+F][F]']_['f', '-fF[-F][+F]']
28_['F', '++[f][f][-fF]']_['f', '[F]FFf-']
39_['F', '-[+F]FfFf']_['f', '[+F][F]-[-fF]']
32_['F', '+fFF++']_['f', '[-fF]Ff++-']
37_['F', 'FfF[F][-fF]']_['f', '[+fF]-fF[+fF]']
18_['F', '[-F]++[+fF][+fF]']_['f', 'f[+F][F][+F]']
29_['F', '--[+F]++Ff']_['f', '[+F][f][+F][f]']
4_['F', 'FfFFf+']_['f', '[+fF]Ff[-F]']
34_['F', '[-F]F--f']_['f', '[f]+fFf']
3_['F', '[+F][-fF]Ff++']_['f', '[f]F-F']
24_['F', 'fF-F-']_['f', '[+F][-F]Ff[F]']
5_['F', '-Ff+[-fF]']_['f', 'f--[-fF][+fF]']
38_['F', 'FFf[f]--']_['f', '[+fF][f][+F][+F]']
2_['F', '[F][-fF]F++']_['f', '[+fF][-F][-F]F']
11_['F', 'f[+fF]Ff-']_['f', '++[+fF]f-']
14_['F', '[+F]F[-F]fF']_['f', 'fF+f[+F]']
8_['F', 'fFF++[-fF]']_['f', '[-F]F[+F][-F]']
35_['F', 'fF--fF[+fF]']_['f', '++f[-fF]']
44_['F', '[f]+FfF']_['f', '[f]f++f']
35_['F', 'fF++-[+fF]']_['f', 'Ff--++[-F]']
23_['F', '[+F][f][-fF]+']_['f', 'fF[F]-[+fF]']
27_['F', 'f-[f][F]']_['f', '-F[f][-F]']
31_['F', '[-F][-F]+[+fF]']_['f', 'Ff[-F]Ff[F]']
45_['F', 'fF[+fF][f][+fF]']_['f', '[F]Ff[-fF][F]']
31_['F', 'Ff[+F]f[-fF]']_['f', '[-fF]---fF']
8_['F', '[+fF][-F][F][-F]']_['f', 'fFfF[-F]--']
24_['F', '[f]--[+fF]+']_['f', 'Ff+f[-fF]']
25_['F', '[-fF]--+[+fF]']_['f', '---fF+']
28_['F', '[f][f][+F]++']_['f', 'F[-fF]----']
14_['F', '[F][-fF]+[-F]']_['f', '+f++[-F]']
2_['F', 'fF[-F][+F][f]']_['f', '[-fF]-[-F][f]']
12_['F', '[f][F][+F][+fF]']_['f', 'Fff++[f]']
12_['F', '[f]F[+F]--']_['f', '[F][+F][+fF][-F]']
6_['F', 'Ff[F][-fF]']_['f', '++[F]Ff[-fF]']
12_['F', '[-F][+F]fF[F]']_['f', '[f]fF[F][f]']
16_['F', '[+F][+F]--f']_['f', '[+F]fF[+fF]fF']
